[2018-10-26 13:01:01,116 INFO root] Taurus CLI Tool v1.13.0
[2018-10-26 13:01:01,116 DEBUG root] Command-line options: {'verbose': None, 'no_system_configs': None, 'quiet': None, 'log': '/var/folders/5f/vzk4zj_95sndkt7khp6l85jhnvgy8l/T/bzt_9gbThK.log', 'option': None, 'aliases': []}
[2018-10-26 13:01:01,117 DEBUG root] Python: CPython 2.7.15
[2018-10-26 13:01:01,117 DEBUG root] OS: ('Darwin', 'chefe02mac947', '17.7.0', 'Darwin Kernel Version 17.7.0: Thu Jun 21 22:53:14 PDT 2018; root:xnu-4570.71.2~1/RELEASE_X86_64', 'x86_64', 'i386')
[2018-10-26 13:01:01,117 DEBUG root] Adding JMX shorthand config for: ['NOP_SC2.jmx']
[2018-10-26 13:01:01,117 DEBUG root] Dumping JSON config into /var/folders/5f/vzk4zj_95sndkt7khp6l85jhnvgy8l/T/jmx_8ByidR.json
[2018-10-26 13:01:01,118 INFO root] Starting with configs: ['/var/folders/5f/vzk4zj_95sndkt7khp6l85jhnvgy8l/T/jmx_8ByidR.json']
[2018-10-26 13:01:01,118 DEBUG root] Using personal config: /Users/chefe02/.bzt-rc
[2018-10-26 13:01:01,118 INFO Engine] Configuring...
[2018-10-26 13:01:01,118 DEBUG Engine] No machine configs dir: /usr/local/Cellar/bzt/1.13.0/libexec/bin/../etc/bzt.d
[2018-10-26 13:01:01,118 DEBUG Engine] Base configs list: ['/usr/local/Cellar/bzt/1.13.0/libexec/lib/python2.7/site-packages/bzt/resources/base-config.yml']
[2018-10-26 13:01:01,118 DEBUG Engine.Configuration] Configs: ['/usr/local/Cellar/bzt/1.13.0/libexec/lib/python2.7/site-packages/bzt/resources/base-config.yml']
[2018-10-26 13:01:01,123 DEBUG Engine.Configuration] Reading /usr/local/Cellar/bzt/1.13.0/libexec/lib/python2.7/site-packages/bzt/resources/base-config.yml as YAML
[2018-10-26 13:01:01,149 DEBUG Engine] User configs list: ['/Users/chefe02/.bzt-rc', '/var/folders/5f/vzk4zj_95sndkt7khp6l85jhnvgy8l/T/jmx_8ByidR.json']
[2018-10-26 13:01:01,149 DEBUG Engine.Configuration] Configs: ['/Users/chefe02/.bzt-rc', '/var/folders/5f/vzk4zj_95sndkt7khp6l85jhnvgy8l/T/jmx_8ByidR.json']
[2018-10-26 13:01:01,150 DEBUG Engine.Configuration] Reading /Users/chefe02/.bzt-rc as YAML
[2018-10-26 13:01:01,349 DEBUG Engine.Configuration] Reading /var/folders/5f/vzk4zj_95sndkt7khp6l85jhnvgy8l/T/jmx_8ByidR.json as YAML
[2018-10-26 13:01:01,350 DEBUG Engine.Configuration] Configs: ['/Users/chefe02/.bzt-rc', '/var/folders/5f/vzk4zj_95sndkt7khp6l85jhnvgy8l/T/jmx_8ByidR.json']
[2018-10-26 13:01:01,350 DEBUG Engine.Configuration] Reading /Users/chefe02/.bzt-rc as YAML
[2018-10-26 13:01:01,354 DEBUG Engine.Configuration] Reading /var/folders/5f/vzk4zj_95sndkt7khp6l85jhnvgy8l/T/jmx_8ByidR.json as YAML
[2018-10-26 13:01:01,370 DEBUG Engine] Requesting updates info: http://gettaurus.org/updates/?version=1.13.0&installID=macos-8c85905fb9f6
[2018-10-26 13:01:01,370 DEBUG HTTPClient] Making HTTP request GET http://gettaurus.org/updates/?version=1.13.0&installID=macos-8c85905fb9f6
[2018-10-26 13:01:01,370 INFO Engine] Artifacts dir: /Users/chefe02/Desktop/presales_cert/2018-10-26_13-01-01.370714
[2018-10-26 13:01:01,376 DEBUG Engine] New artifact filename: /Users/chefe02/Desktop/presales_cert/2018-10-26_13-01-01.370714/effective
[2018-10-26 13:01:01,378 DEBUG urllib3.connectionpool] Starting new HTTP connection (1): gettaurus.org:80
[2018-10-26 13:01:01,378 DEBUG Engine.Configuration] Dumping YAML config into /Users/chefe02/Desktop/presales_cert/2018-10-26_13-01-01.370714/effective.yml
[2018-10-26 13:01:01,406 DEBUG Engine.Configuration] Dumping JSON config into /Users/chefe02/Desktop/presales_cert/2018-10-26_13-01-01.370714/effective.json
[2018-10-26 13:01:01,407 DEBUG Engine] New artifact filename: /Users/chefe02/Desktop/presales_cert/2018-10-26_13-01-01.370714/merged.yml
[2018-10-26 13:01:01,407 DEBUG Engine.Configuration] Dumping YAML config into /Users/chefe02/Desktop/presales_cert/2018-10-26_13-01-01.370714/merged.yml
[2018-10-26 13:01:01,409 DEBUG Engine] New artifact filename: /Users/chefe02/Desktop/presales_cert/2018-10-26_13-01-01.370714/merged.json
[2018-10-26 13:01:01,409 DEBUG Engine.Configuration] Dumping JSON config into /Users/chefe02/Desktop/presales_cert/2018-10-26_13-01-01.370714/merged.json
[2018-10-26 13:01:01,410 DEBUG Engine] Add existing artifact (move=False): /var/folders/5f/vzk4zj_95sndkt7khp6l85jhnvgy8l/T/jmx_8ByidR.json
[2018-10-26 13:01:01,410 DEBUG Engine] Copying /var/folders/5f/vzk4zj_95sndkt7khp6l85jhnvgy8l/T/jmx_8ByidR.json to /Users/chefe02/Desktop/presales_cert/2018-10-26_13-01-01.370714/jmx_8ByidR.json
[2018-10-26 13:01:01,410 DEBUG Engine.Environment] Replace 'TAURUS_ARTIFACTS_DIR' in environment
[2018-10-26 13:01:01,411 DEBUG root] Closing log handler: /var/folders/5f/vzk4zj_95sndkt7khp6l85jhnvgy8l/T/bzt_9gbThK.log
[2018-10-26 13:01:01,797 DEBUG root] Switched writing logs to /Users/chefe02/Desktop/presales_cert/2018-10-26_13-01-01.370714/bzt.log
[2018-10-26 13:01:01,797 DEBUG root] Linting config
[2018-10-26 13:01:01,800 INFO Engine] Preparing...
[2018-10-26 13:01:01,800 DEBUG Engine] Module config: consolidator {'class': u'bzt.modules.aggregator.ConsolidatingAggregator'}
[2018-10-26 13:01:01,801 DEBUG root] Importing module: bzt.modules.aggregator
[2018-10-26 13:01:01,973 DEBUG root] Loading class: 'ConsolidatingAggregator' from <module 'bzt.modules.aggregator' from '/usr/local/Cellar/bzt/1.13.0/libexec/lib/python2.7/site-packages/bzt/modules/aggregator.pyc'>
[2018-10-26 13:01:01,973 DEBUG Engine.consolidator] Buffer scaling setup: percentile 95.0 from [0.0, 50.0, 90.0, 95.0, 99.0, 99.9, 100.0] selected
[2018-10-26 13:01:01,973 DEBUG Engine] Module config: monitoring {'class': u'bzt.modules.monitoring.Monitoring'}
[2018-10-26 13:01:01,973 DEBUG root] Importing module: bzt.modules.monitoring
[2018-10-26 13:01:01,975 DEBUG root] Loading class: 'Monitoring' from <module 'bzt.modules.monitoring' from '/usr/local/Cellar/bzt/1.13.0/libexec/lib/python2.7/site-packages/bzt/modules/monitoring.pyc'>
[2018-10-26 13:01:01,975 DEBUG Engine] Module config: local {'class': u'bzt.modules.provisioning.Local'}
[2018-10-26 13:01:01,976 DEBUG root] Importing module: bzt.modules.provisioning
[2018-10-26 13:01:01,976 DEBUG root] Loading class: 'Local' from <module 'bzt.modules.provisioning' from '/usr/local/Cellar/bzt/1.13.0/libexec/lib/python2.7/site-packages/bzt/modules/provisioning.pyc'>
[2018-10-26 13:01:01,976 DEBUG Engine] Module config: jmeter {'properties': {'jmeter.save.saveservice.autoflush': u'true', 'jmeter.save.saveservice.connect_time': u'true', 'summariser.name': u'', 'jmeterengine.force.system.exit': u'true'}, 'plugins': [u'jpgc-casutg', u'jpgc-dummy', u'jpgc-ffw', u'jpgc-fifo', u'jpgc-functions', u'jpgc-json', u'jpgc-perfmon', u'jpgc-prmctl', u'jpgc-tst'], 'class': u'bzt.modules.jmeter.JMeterExecutor', 'protocol-handlers': {'http': u'bzt.jmx.http.HTTPProtocolHandler'}}
[2018-10-26 13:01:01,976 DEBUG root] Importing module: bzt.modules.jmeter
[2018-10-26 13:01:01,989 DEBUG root] Loading class: 'JMeterExecutor' from <module 'bzt.modules.jmeter' from '/usr/local/Cellar/bzt/1.13.0/libexec/lib/python2.7/site-packages/bzt/modules/jmeter.pyc'>
[2018-10-26 13:01:01,989 DEBUG Engine.local] Preparing executor: jmeter/4437738448
[2018-10-26 13:01:01,989 DEBUG Engine.jmeter] Extract {'script': u'NOP_SC2.jmx'} into scenarios
[2018-10-26 13:01:01,991 DEBUG Engine] New artifact filename: /Users/chefe02/Desktop/presales_cert/2018-10-26_13-01-01.370714/jmeter.log
[2018-10-26 13:01:01,991 DEBUG Engine.jmeter] Checking if port 4445 is free
[2018-10-26 13:01:01,992 DEBUG Engine.jmeter] Port 4445 is free
[2018-10-26 13:01:01,992 DEBUG Engine.jmeter] Using port 4445 for management
[2018-10-26 13:01:01,992 DEBUG Engine.jmeter.JavaVM] Trying JavaVM: ['java', '-version']
[2018-10-26 13:01:02,108 DEBUG urllib3.connectionpool] http://gettaurus.org:80 "GET /updates/?version=1.13.0&installID=macos-8c85905fb9f6 HTTP/1.1" 200 59
[2018-10-26 13:01:02,110 DEBUG Engine] Taurus updates info: {u'needsUpgrade': True, u'latest': u'1.13.1'}
[2018-10-26 13:01:02,111 WARNING Engine] There is newer version of Taurus 1.13.1 available, consider upgrading. What's new: http://gettaurus.org/docs/Changelog/
[2018-10-26 13:01:04,257 DEBUG Engine.jmeter.JavaVM] JavaVM output: java version "1.8.0_151"
Java(TM) SE Runtime Environment (build 1.8.0_151-b12)
Java HotSpot(TM) 64-Bit Server VM (build 25.151-b12, mixed mode)
[2018-10-26 13:01:04,257 DEBUG Engine.jmeter.TclLibrary] We don't need to check tcl library on this platform
[2018-10-26 13:01:04,257 DEBUG Engine.jmeter.JMeter] Trying jmeter: /Users/chefe02/.bzt/jmeter-taurus/4.0/bin/jmeter.sh
[2018-10-26 13:01:04,257 DEBUG bzt.utils] Executing shell: ['/Users/chefe02/.bzt/jmeter-taurus/4.0/bin/jmeter.sh', '-j', '/var/folders/5f/vzk4zj_95sndkt7khp6l85jhnvgy8l/T/jmeterNr6bHelog', '--version'] at .
[2018-10-26 13:01:09,563 DEBUG Engine.jmeter.JMeter] JMeter check:     _    ____   _    ____ _   _ _____       _ __  __ _____ _____ _____ ____     
   / \  |  _ \ / \  / ___| | | | ____|     | |  \/  | ____|_   _| ____|  _ \   
  / _ \ | |_) / _ \| |   | |_| |  _|    _  | | |\/| |  _|   | | |  _| | |_) | 
 / ___ \|  __/ ___ \ |___|  _  | |___  | |_| | |  | | |___  | | | |___|  _ <  
/_/   \_\_| /_/   \_\____|_| |_|_____|  \___/|_|  |_|_____| |_| |_____|_| \_\ 4.0 r1823414  

Copyright (c) 1999-2018 The Apache Software Foundation

 / None
[2018-10-26 13:01:09,564 DEBUG Engine.jmeter] Load: LoadSpec(concurrency=None, throughput=None, ramp_up=None, hold=0, iterations=None, duration=None, steps=None)
[2018-10-26 13:01:09,575 DEBUG Engine] New artifact filename: /Users/chefe02/Desktop/presales_cert/2018-10-26_13-01-01.370714/kpi.jtl
[2018-10-26 13:01:09,575 DEBUG Engine] New artifact filename: /Users/chefe02/Desktop/presales_cert/2018-10-26_13-01-01.370714/error.jtl
[2018-10-26 13:01:09,577 INFO Engine.jmeter] 1 obsolete CookieManagers are found and fixed
[2018-10-26 13:01:09,577 DEBUG Engine.jmeter.LoadSettingsProcessor] Thread group detection: duration not found, regular ThreadGroup will be used
[2018-10-26 13:01:09,577 DEBUG Engine.jmeter.LoadSettingsProcessor] No iterations/concurrency/duration found, thread group modification is skipped
[2018-10-26 13:01:09,578 DEBUG JMX] Saving JMX to: /Users/chefe02/Desktop/presales_cert/modified_NOP_SC2.jmx
[2018-10-26 13:01:09,580 DEBUG Engine.jmeter] Additional properties: {'jmeter.save.saveservice.autoflush': u'true', 'jmeter.save.saveservice.connect_time': u'true', 'user.classpath': u'/Users/chefe02/Desktop/presales_cert/2018-10-26_13-01-01.370714:/Users/chefe02/Desktop/presales_cert', 'sampleresult.default.encoding': 'UTF-8', 'summariser.name': u'', 'jmeterengine.force.system.exit': u'true', 'jmeter.save.saveservice.timestamp_format': 'ms', 'jmeterengine.nongui.maxport': 4445, 'jmeterengine.nongui.port': 4445}
[2018-10-26 13:01:09,580 DEBUG Engine] New artifact filename: /Users/chefe02/Desktop/presales_cert/2018-10-26_13-01-01.370714/jmeter-bzt.properties
[2018-10-26 13:01:09,581 DEBUG Engine.jmeter.JMeter] Passing JVM_ARGS: ''
[2018-10-26 13:01:09,581 DEBUG bzt.utils] Executing shell: ['/Users/chefe02/.bzt/jmeter-taurus/4.0/bin/PluginsManagerCMD.sh', 'install-for-jmx', u'/Users/chefe02/Desktop/presales_cert/modified_NOP_SC2.jmx'] at .
[2018-10-26 13:01:12,115 WARNING root] Keyboard interrupt
[2018-10-26 13:01:12,120 DEBUG root] KeyboardInterrupt: 
Traceback (most recent call last):
  File "/usr/local/Cellar/bzt/1.13.0/libexec/lib/python2.7/site-packages/bzt/cli.py", line 260, in perform
    self.engine.prepare()
  File "/usr/local/Cellar/bzt/1.13.0/libexec/lib/python2.7/site-packages/bzt/engine.py", line 171, in prepare
    self.__prepare_provisioning()
  File "/usr/local/Cellar/bzt/1.13.0/libexec/lib/python2.7/site-packages/bzt/engine.py", line 526, in __prepare_provisioning
    self.provisioning.prepare()
  File "/usr/local/Cellar/bzt/1.13.0/libexec/lib/python2.7/site-packages/bzt/modules/provisioning.py", line 72, in prepare
    executor.prepare()
  File "/usr/local/Cellar/bzt/1.13.0/libexec/lib/python2.7/site-packages/bzt/modules/jmeter.py", line 306, in prepare
    self.tool.install_for_jmx(self.modified_jmx)
  File "/usr/local/Cellar/bzt/1.13.0/libexec/lib/python2.7/site-packages/bzt/modules/jmeter.py", line 1542, in install_for_jmx
    out, err = self._pmgr_call(["install-for-jmx", jmx_file], env=env)
  File "/usr/local/Cellar/bzt/1.13.0/libexec/lib/python2.7/site-packages/bzt/modules/jmeter.py", line 1526, in _pmgr_call
    return communicate(proc)
  File "/usr/local/Cellar/bzt/1.13.0/libexec/lib/python2.7/site-packages/bzt/six/py2.py", line 104, in communicate
    return proc.communicate()
  File "/usr/local/opt/python@2/Frameworks/Python.framework/Versions/2.7/lib/python2.7/subprocess.py", line 483, in communicate
    return self._communicate(input)
  File "/usr/local/opt/python@2/Frameworks/Python.framework/Versions/2.7/lib/python2.7/subprocess.py", line 1124, in _communicate
    stdout, stderr = self._communicate_with_poll(input)
  File "/usr/local/opt/python@2/Frameworks/Python.framework/Versions/2.7/lib/python2.7/subprocess.py", line 1178, in _communicate_with_poll
    ready = poller.poll()
KeyboardInterrupt
[2018-10-26 13:01:12,120 INFO Engine] Post-processing...
[2018-10-26 13:01:12,121 DEBUG Engine.consolidator] Consolidator buffer[0]: []
[2018-10-26 13:01:12,123 DEBUG Engine.Configuration] Dumping YAML config into /Users/chefe02/Desktop/presales_cert/2018-10-26_13-01-01.370714/effective.yml
[2018-10-26 13:01:12,143 DEBUG Engine.Configuration] Dumping JSON config into /Users/chefe02/Desktop/presales_cert/2018-10-26_13-01-01.370714/effective.json
[2018-10-26 13:01:12,144 INFO root] Artifacts dir: /Users/chefe02/Desktop/presales_cert/2018-10-26_13-01-01.370714
[2018-10-26 13:01:12,145 WARNING root] Done performing with code: 1
[2018-10-26 13:01:12,145 DEBUG root] Closing log handler: /Users/chefe02/Desktop/presales_cert/2018-10-26_13-01-01.370714/bzt.log
