[2018-10-26 10:48:43,261 INFO root] Taurus CLI Tool v1.13.0
[2018-10-26 10:48:43,262 DEBUG root] Command-line options: {'verbose': None, 'no_system_configs': None, 'quiet': None, 'log': '/var/folders/5f/vzk4zj_95sndkt7khp6l85jhnvgy8l/T/bzt_MlZGqc.log', 'option': None, 'aliases': []}
[2018-10-26 10:48:43,262 DEBUG root] Python: CPython 2.7.15
[2018-10-26 10:48:43,262 DEBUG root] OS: ('Darwin', 'chefe02mac947', '17.7.0', 'Darwin Kernel Version 17.7.0: Thu Jun 21 22:53:14 PDT 2018; root:xnu-4570.71.2~1/RELEASE_X86_64', 'x86_64', 'i386')
[2018-10-26 10:48:43,262 INFO root] Starting with configs: ['NOP_SC3_SP.yaml']
[2018-10-26 10:48:43,262 DEBUG root] Using personal config: /Users/chefe02/.bzt-rc
[2018-10-26 10:48:43,262 INFO Engine] Configuring...
[2018-10-26 10:48:43,262 DEBUG Engine] No machine configs dir: /usr/local/Cellar/bzt/1.13.0/libexec/bin/../etc/bzt.d
[2018-10-26 10:48:43,263 DEBUG Engine] Base configs list: ['/usr/local/Cellar/bzt/1.13.0/libexec/lib/python2.7/site-packages/bzt/resources/base-config.yml']
[2018-10-26 10:48:43,263 DEBUG Engine.Configuration] Configs: ['/usr/local/Cellar/bzt/1.13.0/libexec/lib/python2.7/site-packages/bzt/resources/base-config.yml']
[2018-10-26 10:48:43,263 DEBUG Engine.Configuration] Reading /usr/local/Cellar/bzt/1.13.0/libexec/lib/python2.7/site-packages/bzt/resources/base-config.yml as YAML
[2018-10-26 10:48:43,286 DEBUG Engine] User configs list: ['/Users/chefe02/.bzt-rc', 'NOP_SC3_SP.yaml']
[2018-10-26 10:48:43,286 DEBUG Engine.Configuration] Configs: ['/Users/chefe02/.bzt-rc', 'NOP_SC3_SP.yaml']
[2018-10-26 10:48:43,287 DEBUG Engine.Configuration] Reading /Users/chefe02/.bzt-rc as YAML
[2018-10-26 10:48:43,290 DEBUG Engine.Configuration] Reading NOP_SC3_SP.yaml as YAML
[2018-10-26 10:48:43,293 DEBUG Engine.Configuration] Configs: ['/Users/chefe02/.bzt-rc', 'NOP_SC3_SP.yaml']
[2018-10-26 10:48:43,294 DEBUG Engine.Configuration] Reading /Users/chefe02/.bzt-rc as YAML
[2018-10-26 10:48:43,298 DEBUG Engine.Configuration] Reading NOP_SC3_SP.yaml as YAML
[2018-10-26 10:48:43,309 DEBUG Engine] Requesting updates info: http://gettaurus.org/updates/?version=1.13.0&installID=macos-8c85905fb9f6
[2018-10-26 10:48:43,309 INFO Engine] Artifacts dir: /Users/chefe02/Desktop/presales_cert/Artifacts/2018-10-26_10-48-43.309551bz
[2018-10-26 10:48:43,309 DEBUG HTTPClient] Making HTTP request GET http://gettaurus.org/updates/?version=1.13.0&installID=macos-8c85905fb9f6
[2018-10-26 10:48:43,314 DEBUG Engine] New artifact filename: /Users/chefe02/Desktop/presales_cert/Artifacts/2018-10-26_10-48-43.309551bz/effective
[2018-10-26 10:48:43,316 DEBUG urllib3.connectionpool] Starting new HTTP connection (1): gettaurus.org:80
[2018-10-26 10:48:43,316 DEBUG Engine.Configuration] Dumping YAML config into /Users/chefe02/Desktop/presales_cert/Artifacts/2018-10-26_10-48-43.309551bz/effective.yml
[2018-10-26 10:48:43,344 DEBUG Engine.Configuration] Dumping JSON config into /Users/chefe02/Desktop/presales_cert/Artifacts/2018-10-26_10-48-43.309551bz/effective.json
[2018-10-26 10:48:43,345 DEBUG Engine] New artifact filename: /Users/chefe02/Desktop/presales_cert/Artifacts/2018-10-26_10-48-43.309551bz/merged.yml
[2018-10-26 10:48:43,345 DEBUG Engine.Configuration] Dumping YAML config into /Users/chefe02/Desktop/presales_cert/Artifacts/2018-10-26_10-48-43.309551bz/merged.yml
[2018-10-26 10:48:43,347 DEBUG Engine] New artifact filename: /Users/chefe02/Desktop/presales_cert/Artifacts/2018-10-26_10-48-43.309551bz/merged.json
[2018-10-26 10:48:43,348 DEBUG Engine.Configuration] Dumping JSON config into /Users/chefe02/Desktop/presales_cert/Artifacts/2018-10-26_10-48-43.309551bz/merged.json
[2018-10-26 10:48:43,348 DEBUG Engine] Add existing artifact (move=False): NOP_SC3_SP.yaml
[2018-10-26 10:48:43,348 DEBUG Engine] Copying NOP_SC3_SP.yaml to /Users/chefe02/Desktop/presales_cert/Artifacts/2018-10-26_10-48-43.309551bz/NOP_SC3_SP.yaml
[2018-10-26 10:48:43,349 DEBUG Engine.Environment] Replace 'TAURUS_ARTIFACTS_DIR' in environment
[2018-10-26 10:48:43,350 DEBUG root] Closing log handler: /var/folders/5f/vzk4zj_95sndkt7khp6l85jhnvgy8l/T/bzt_MlZGqc.log
[2018-10-26 10:48:43,967 DEBUG root] Switched writing logs to /Users/chefe02/Desktop/presales_cert/Artifacts/2018-10-26_10-48-43.309551bz/bzt.log
[2018-10-26 10:48:43,967 DEBUG root] Linting config
[2018-10-26 10:48:43,971 INFO Engine] Preparing...
[2018-10-26 10:48:43,972 DEBUG Engine] Module config: consolidator {'class': u'bzt.modules.aggregator.ConsolidatingAggregator'}
[2018-10-26 10:48:43,972 DEBUG root] Importing module: bzt.modules.aggregator
[2018-10-26 10:48:44,062 DEBUG root] Loading class: 'ConsolidatingAggregator' from <module 'bzt.modules.aggregator' from '/usr/local/Cellar/bzt/1.13.0/libexec/lib/python2.7/site-packages/bzt/modules/aggregator.pyc'>
[2018-10-26 10:48:44,063 DEBUG Engine.consolidator] Buffer scaling setup: percentile 95.0 from [0.0, 50.0, 90.0, 95.0, 99.0, 99.9, 100.0] selected
[2018-10-26 10:48:44,063 DEBUG Engine] Module config: monitoring {'class': u'bzt.modules.monitoring.Monitoring'}
[2018-10-26 10:48:44,063 DEBUG root] Importing module: bzt.modules.monitoring
[2018-10-26 10:48:44,064 DEBUG root] Loading class: 'Monitoring' from <module 'bzt.modules.monitoring' from '/usr/local/Cellar/bzt/1.13.0/libexec/lib/python2.7/site-packages/bzt/modules/monitoring.pyc'>
[2018-10-26 10:48:44,064 DEBUG Engine] Module config: capturehar {'class': u'bzt.modules.blazemeter.ServiceStubCaptureHAR'}
[2018-10-26 10:48:44,064 DEBUG root] Importing module: bzt.modules.blazemeter
[2018-10-26 10:48:44,071 DEBUG easyprocess] version=0.2.3
[2018-10-26 10:48:44,071 DEBUG urllib3.connectionpool] http://gettaurus.org:80 "GET /updates/?version=1.13.0&installID=macos-8c85905fb9f6 HTTP/1.1" 200 59
[2018-10-26 10:48:44,072 DEBUG pyvirtualdisplay] version=0.2.1
[2018-10-26 10:48:44,073 DEBUG Engine] Taurus updates info: {u'needsUpgrade': True, u'latest': u'1.13.1'}
[2018-10-26 10:48:44,074 DEBUG root] Loading class: 'ServiceStubCaptureHAR' from <module 'bzt.modules.blazemeter' from '/usr/local/Cellar/bzt/1.13.0/libexec/lib/python2.7/site-packages/bzt/modules/blazemeter.pyc'>
[2018-10-26 10:48:44,074 DEBUG Engine] Module config: screenshoter {'class': u'bzt.modules.blazemeter.ServiceStubScreenshoter'}
[2018-10-26 10:48:44,074 WARNING Engine] There is newer version of Taurus 1.13.1 available, consider upgrading. What's new: http://gettaurus.org/docs/Changelog/
[2018-10-26 10:48:44,075 DEBUG root] Importing module: bzt.modules.blazemeter
[2018-10-26 10:48:44,075 DEBUG root] Loading class: 'ServiceStubScreenshoter' from <module 'bzt.modules.blazemeter' from '/usr/local/Cellar/bzt/1.13.0/libexec/lib/python2.7/site-packages/bzt/modules/blazemeter.pyc'>
[2018-10-26 10:48:44,075 DEBUG Engine] Module config: local {'class': u'bzt.modules.provisioning.Local'}
[2018-10-26 10:48:44,075 DEBUG root] Importing module: bzt.modules.provisioning
[2018-10-26 10:48:44,075 DEBUG root] Loading class: 'Local' from <module 'bzt.modules.provisioning' from '/usr/local/Cellar/bzt/1.13.0/libexec/lib/python2.7/site-packages/bzt/modules/provisioning.pyc'>
[2018-10-26 10:48:44,075 DEBUG Engine] Module config: selenium {'class': u'bzt.modules.selenium.SeleniumExecutor'}
[2018-10-26 10:48:44,075 DEBUG root] Importing module: bzt.modules.selenium
[2018-10-26 10:48:44,076 DEBUG root] Loading class: 'SeleniumExecutor' from <module 'bzt.modules.selenium' from '/usr/local/Cellar/bzt/1.13.0/libexec/lib/python2.7/site-packages/bzt/modules/selenium.pyc'>
[2018-10-26 10:48:44,076 DEBUG Engine.local] Preparing executor: selenium/4408460688
[2018-10-26 10:48:44,076 DEBUG Engine.selenium] Extract {'script': u'NOP_SC3.py'} into scenarios
[2018-10-26 10:48:44,077 DEBUG Engine.selenium] Detected script type: nose
[2018-10-26 10:48:44,077 DEBUG Engine] Module config: nose {'ignore-unknown-actions': True, 'class': u'bzt.modules.python.ApiritifNoseExecutor'}
[2018-10-26 10:48:44,077 DEBUG root] Importing module: bzt.modules.python
[2018-10-26 10:48:44,089 DEBUG root] Loading class: 'ApiritifNoseExecutor' from <module 'bzt.modules.python' from '/usr/local/Cellar/bzt/1.13.0/libexec/lib/python2.7/site-packages/bzt/modules/python/__init__.pyc'>
[2018-10-26 10:48:44,090 DEBUG Engine] Module config: final-stats {'class': u'bzt.modules.reporting.FinalStatus'}
[2018-10-26 10:48:44,090 DEBUG root] Importing module: bzt.modules.reporting
[2018-10-26 10:48:44,091 DEBUG root] Loading class: 'FinalStatus' from <module 'bzt.modules.reporting' from '/usr/local/Cellar/bzt/1.13.0/libexec/lib/python2.7/site-packages/bzt/modules/reporting.pyc'>
[2018-10-26 10:48:44,091 DEBUG Engine] Module config: console {'class': u'bzt.modules.console.ConsoleStatusReporter'}
[2018-10-26 10:48:44,091 DEBUG root] Importing module: bzt.modules.console
[2018-10-26 10:48:44,091 DEBUG root] Loading class: 'ConsoleStatusReporter' from <module 'bzt.modules.console' from '/usr/local/Cellar/bzt/1.13.0/libexec/lib/python2.7/site-packages/bzt/modules/console.pyc'>
[2018-10-26 10:48:44,097 DEBUG Engine.Configuration] Dumping YAML config into /Users/chefe02/Desktop/presales_cert/Artifacts/2018-10-26_10-48-43.309551bz/effective.yml
[2018-10-26 10:48:44,115 DEBUG Engine.Configuration] Dumping JSON config into /Users/chefe02/Desktop/presales_cert/Artifacts/2018-10-26_10-48-43.309551bz/effective.json
[2018-10-26 10:48:44,116 INFO Engine] Starting...
[2018-10-26 10:48:44,116 DEBUG Engine] Startup <bzt.modules.monitoring.Monitoring object at 0x1083daf90>
[2018-10-26 10:48:44,116 DEBUG Engine] Startup <bzt.modules.blazemeter.ServiceStubCaptureHAR object at 0x1084041d0>
[2018-10-26 10:48:44,116 WARNING Engine.capturehar] Stub for service 'capturehar', use cloud provisioning to have it working
[2018-10-26 10:48:44,116 DEBUG Engine] Startup <bzt.modules.blazemeter.ServiceStubScreenshoter object at 0x108486ad0>
[2018-10-26 10:48:44,116 WARNING Engine.screenshoter] Stub for service 'screenshoter', use cloud provisioning to have it working
[2018-10-26 10:48:44,117 DEBUG Engine] Startup <bzt.modules.aggregator.ConsolidatingAggregator object at 0x106c832d0>
[2018-10-26 10:48:44,117 DEBUG Engine] Startup <bzt.modules.reporting.FinalStatus object at 0x10858d0d0>
[2018-10-26 10:48:44,117 DEBUG Engine] Startup <bzt.modules.console.ConsoleStatusReporter object at 0x10858df10>
[2018-10-26 10:48:44,117 INFO Engine.console] Waiting for results...
[2018-10-26 10:48:44,117 DEBUG Engine] Startup <bzt.modules.provisioning.Local object at 0x108486950>
[2018-10-26 10:48:44,117 DEBUG Engine.local] Delay setup for selenium/NOP_SC3.py: 0(start-at) + 0(delay) = 0
[2018-10-26 10:48:44,119 DEBUG Engine.Configuration] Dumping YAML config into /Users/chefe02/Desktop/presales_cert/Artifacts/2018-10-26_10-48-43.309551bz/effective.yml
[2018-10-26 10:48:44,138 DEBUG Engine.Configuration] Dumping JSON config into /Users/chefe02/Desktop/presales_cert/Artifacts/2018-10-26_10-48-43.309551bz/effective.json
[2018-10-26 10:48:44,139 DEBUG root] Leveling down log file verbosity to INFO, use -v option to have DEBUG messages enabled
[2018-10-26 10:48:44,139 DEBUG root] Leveled up log file verbosity
[2018-10-26 10:48:44,139 DEBUG Engine] New artifact filename: /Users/chefe02/Desktop/presales_cert/Artifacts/2018-10-26_10-48-43.309551bz/apiritif-
[2018-10-26 10:48:44,139 DEBUG Engine] New artifact filename: /Users/chefe02/Desktop/presales_cert/Artifacts/2018-10-26_10-48-43.309551bz/nose.out
[2018-10-26 10:48:44,139 DEBUG Engine] New artifact filename: /Users/chefe02/Desktop/presales_cert/Artifacts/2018-10-26_10-48-43.309551bz/nose.err
[2018-10-26 10:48:44,140 DEBUG bzt.utils] Executing shell: ['/usr/local/Cellar/bzt/1.13.0/libexec/bin/python2.7', '-m', 'apiritif.loadgen', '--result-file-template', '/Users/chefe02/Desktop/presales_cert/Artifacts/2018-10-26_10-48-43.309551bz/apiritif-%s.csv', '--concurrency', '1', '--hold-for', '600.0', u'/Users/chefe02/Desktop/presales_cert/NOP_SC3.py'] at /Users/chefe02/Desktop/presales_cert
[2018-10-26 10:48:44,146 DEBUG root] Leveling down log file verbosity to INFO, use -v option to have DEBUG messages enabled
[2018-10-26 10:48:44,360 INFO Engine.console] Waiting for finish...
[2018-10-26 10:50:16,442 INFO Engine.nose.ApiritifLoadReader] Changed data analysis delay to 25s
[2018-10-26 10:51:05,597 INFO Engine.nose.ApiritifLoadReader] Changed data analysis delay to 35s
[2018-10-26 10:51:37,468 WARNING Engine] Please wait for graceful shutdown...
[2018-10-26 10:51:37,474 DEBUG root] Leveled up log file verbosity
[2018-10-26 10:51:37,474 INFO Engine] Shutting down...
[2018-10-26 10:51:37,479 DEBUG Engine] Current stop reason: 
[2018-10-26 10:51:37,479 DEBUG Engine.local] Shutdown selenium/NOP_SC3.py
[2018-10-26 10:51:38,480 INFO Engine.nose] Terminating process PID 44782 with signal 15 (59 tries left)
[2018-10-26 10:51:39,492 INFO Engine.nose] Terminating process PID 44782 with signal 15 (58 tries left)
[2018-10-26 10:51:39,498 DEBUG Engine.selenium] Selenium tests ran for 175.35892415 seconds
[2018-10-26 10:51:39,498 DEBUG Engine.console] Restoring logging streams, [<logging.StreamHandler object at 0x106c33c10>]/{<logging.StreamHandler object at 0x106c33c10>: <open file '<stdout>', mode 'w' at 0x1053cb150>}
[2018-10-26 10:51:39,503 DEBUG Engine.Configuration] Dumping YAML config into /Users/chefe02/Desktop/presales_cert/Artifacts/2018-10-26_10-48-43.309551bz/effective.yml
[2018-10-26 10:51:39,532 DEBUG Engine.Configuration] Dumping JSON config into /Users/chefe02/Desktop/presales_cert/Artifacts/2018-10-26_10-48-43.309551bz/effective.json
[2018-10-26 10:51:39,533 WARNING root] Keyboard interrupt
[2018-10-26 10:51:39,534 DEBUG root] KeyboardInterrupt: 
Traceback (most recent call last):
  File "/usr/local/Cellar/bzt/1.13.0/libexec/lib/python2.7/site-packages/bzt/cli.py", line 261, in perform
    self.engine.run()
  File "/usr/local/Cellar/bzt/1.13.0/libexec/lib/python2.7/site-packages/bzt/engine.py", line 226, in run
    reraise(exc_info, exc_value)
  File "/usr/local/Cellar/bzt/1.13.0/libexec/lib/python2.7/site-packages/bzt/engine.py", line 206, in run
    self._wait()
  File "/usr/local/Cellar/bzt/1.13.0/libexec/lib/python2.7/site-packages/bzt/engine.py", line 254, in _wait
    time.sleep(delay)
KeyboardInterrupt
[2018-10-26 10:51:39,534 INFO Engine] Post-processing...
[2018-10-26 10:51:39,534 DEBUG Engine.local] Post-process selenium/NOP_SC3.py
[2018-10-26 10:51:39,534 DEBUG Engine.nose.FileReader] Reading: /Users/chefe02/Desktop/presales_cert/Artifacts/2018-10-26_10-48-43.309551bz/nose.out
[2018-10-26 10:51:39,534 DEBUG Engine.nose.FileReader] Reading: /Users/chefe02/Desktop/presales_cert/Artifacts/2018-10-26_10-48-43.309551bz/nose.out
[2018-10-26 10:51:39,534 DEBUG Engine.nose.ApiritifLoadReader.JTLReader.IncrementalCSVReader.FileReader] Reading: /Users/chefe02/Desktop/presales_cert/Artifacts/2018-10-26_10-48-43.309551bz/apiritif-0.csv
[2018-10-26 10:51:39,535 DEBUG Engine.nose.ApiritifLoadReader] Buffer len: 9; Known errors count: 1
[2018-10-26 10:51:39,538 INFO Engine.nose.ApiritifLoadReader] Changed data analysis delay to 26s
[2018-10-26 10:51:39,538 DEBUG Engine.nose.ApiritifLoadReader] Aggregating: 1540576261
[2018-10-26 10:51:39,541 DEBUG Engine.nose.ApiritifLoadReader] Aggregating: 1540576264
[2018-10-26 10:51:39,544 DEBUG Engine.nose.ApiritifLoadReader] Aggregating: 1540576267
[2018-10-26 10:51:39,547 DEBUG Engine.nose.ApiritifLoadReader] Aggregating: 1540576268
[2018-10-26 10:51:39,550 DEBUG Engine.nose.ApiritifLoadReader] Aggregating: 1540576281
[2018-10-26 10:51:39,552 DEBUG Engine.nose.ApiritifLoadReader] Aggregating: 1540576286
[2018-10-26 10:51:39,555 DEBUG Engine.nose.ApiritifLoadReader] Aggregating: 1540576289
[2018-10-26 10:51:39,558 DEBUG Engine.nose.ApiritifLoadReader] Aggregating: 1540576292
[2018-10-26 10:51:39,560 DEBUG Engine.nose.ApiritifLoadReader] Aggregating: 1540576295
[2018-10-26 10:51:39,562 DEBUG Engine.consolidator] Consolidator buffer[10]: [1540576257, 1540576292, 1540576261, 1540576289, 1540576264, 1540576267, 1540576268, 1540576295, 1540576281, 1540576286]
[2018-10-26 10:51:39,562 DEBUG Engine.consolidator] Merging into 1540576257
[2018-10-26 10:51:39,562 DEBUG Engine.consolidator] Merging 1540576257
[2018-10-26 10:51:39,575 DEBUG Engine.consolidator] Processed datapoint: 1540576257/None
[2018-10-26 10:51:39,575 DEBUG Engine.consolidator] Merging into 1540576261
[2018-10-26 10:51:39,575 DEBUG Engine.consolidator] Merging 1540576261
[2018-10-26 10:51:39,587 DEBUG Engine.consolidator] Processed datapoint: 1540576261/None
[2018-10-26 10:51:39,587 DEBUG Engine.consolidator] Merging into 1540576264
[2018-10-26 10:51:39,587 DEBUG Engine.consolidator] Merging 1540576264
[2018-10-26 10:51:39,596 DEBUG Engine.consolidator] Processed datapoint: 1540576264/None
[2018-10-26 10:51:39,596 DEBUG Engine.consolidator] Merging into 1540576267
[2018-10-26 10:51:39,596 DEBUG Engine.consolidator] Merging 1540576267
[2018-10-26 10:51:39,604 DEBUG Engine.consolidator] Processed datapoint: 1540576267/None
[2018-10-26 10:51:39,605 DEBUG Engine.consolidator] Merging into 1540576268
[2018-10-26 10:51:39,605 DEBUG Engine.consolidator] Merging 1540576268
[2018-10-26 10:51:39,615 DEBUG Engine.consolidator] Processed datapoint: 1540576268/None
[2018-10-26 10:51:39,615 DEBUG Engine.consolidator] Merging into 1540576281
[2018-10-26 10:51:39,615 DEBUG Engine.consolidator] Merging 1540576281
[2018-10-26 10:51:39,628 DEBUG Engine.consolidator] Processed datapoint: 1540576281/None
[2018-10-26 10:51:39,628 DEBUG Engine.consolidator] Merging into 1540576286
[2018-10-26 10:51:39,628 DEBUG Engine.consolidator] Merging 1540576286
[2018-10-26 10:51:39,640 DEBUG Engine.consolidator] Processed datapoint: 1540576286/None
[2018-10-26 10:51:39,640 DEBUG Engine.consolidator] Merging into 1540576289
[2018-10-26 10:51:39,640 DEBUG Engine.consolidator] Merging 1540576289
[2018-10-26 10:51:39,655 DEBUG Engine.consolidator] Processed datapoint: 1540576289/None
[2018-10-26 10:51:39,655 DEBUG Engine.consolidator] Merging into 1540576292
[2018-10-26 10:51:39,656 DEBUG Engine.consolidator] Merging 1540576292
[2018-10-26 10:51:39,668 DEBUG Engine.consolidator] Processed datapoint: 1540576292/None
[2018-10-26 10:51:39,669 DEBUG Engine.consolidator] Merging into 1540576295
[2018-10-26 10:51:39,669 DEBUG Engine.consolidator] Merging 1540576295
[2018-10-26 10:51:39,677 DEBUG Engine.consolidator] Processed datapoint: 1540576295/None
[2018-10-26 10:51:39,677 INFO Engine.final-stats] Test duration: 0:02:55
[2018-10-26 10:51:39,677 INFO Engine.final-stats] Samples count: 21, 14.29% failures
[2018-10-26 10:51:39,678 INFO Engine.final-stats] Average times: total 4.884, latency 0.000, connect 0.000
[2018-10-26 10:51:39,678 INFO Engine.final-stats] Percentiles:
(0lqqqqqqqqqqqqqqqwqqqqqqqqqqqqqqqk(B
(0x(B Percentile, % (0x(B Resp. Time, s (0x(B
(0tqqqqqqqqqqqqqqqnqqqqqqqqqqqqqqqu(B
(0x(B           0.0 (0x(B           0.0 (0x(B
(0x(B          50.0 (0x(B         3.067 (0x(B
(0x(B          90.0 (0x(B        12.599 (0x(B
(0x(B          95.0 (0x(B        13.191 (0x(B
(0x(B          99.0 (0x(B        17.695 (0x(B
(0x(B          99.9 (0x(B        17.695 (0x(B
(0x(B         100.0 (0x(B        17.695 (0x(B
(0mqqqqqqqqqqqqqqqvqqqqqqqqqqqqqqqj(B
[2018-10-26 10:51:39,682 INFO Engine.final-stats] Request label stats:
(0lqqqqqqqqqqqqqqqqqqqqqqqqqqqqwqqqqqqqqwqqqqqqqqqwqqqqqqqqwqqqqqqqqqqqqqqqqqqqqqqqqqqqqqqqqqqqqqqqqqqqqqqk(B
(0x(B label                      (0x(B status (0x(B    succ (0x(B avg_rt (0x(B error                                        (0x(B
(0tqqqqqqqqqqqqqqqqqqqqqqqqqqqqnqqqqqqqqnqqqqqqqqqnqqqqqqqqnqqqqqqqqqqqqqqqqqqqqqqqqqqqqqqqqqqqqqqqqqqqqqqu(B
(0x(B add fahrenheit 451 to cart (0x(B   OK   (0x(B 100.00% (0x(B  3.061 (0x(B                                              (0x(B
(0x(B add macbook to cart        (0x(B   OK   (0x(B 100.00% (0x(B  3.059 (0x(B                                              (0x(B
(0x(B click "accessories"        (0x(B  FAIL  (0x(B   0.00% (0x(B  0.000 (0x(B NameError: global name 'wait' is not defined (0x(B
(0x(B click "books"              (0x(B   OK   (0x(B 100.00% (0x(B  3.613 (0x(B                                              (0x(B
(0x(B click macbook              (0x(B   OK   (0x(B 100.00% (0x(B  5.009 (0x(B                                              (0x(B
(0x(B go to home page            (0x(B   OK   (0x(B 100.00% (0x(B  6.676 (0x(B                                              (0x(B
(0x(B search "apple"             (0x(B   OK   (0x(B 100.00% (0x(B 12.769 (0x(B                                              (0x(B
(0mqqqqqqqqqqqqqqqqqqqqqqqqqqqqvqqqqqqqqvqqqqqqqqqvqqqqqqqqvqqqqqqqqqqqqqqqqqqqqqqqqqqqqqqqqqqqqqqqqqqqqqqj(B
[2018-10-26 10:51:39,682 DEBUG Engine.console] No logger_handler or orig_stream was detected
[2018-10-26 10:51:39,684 DEBUG Engine.Configuration] Dumping YAML config into /Users/chefe02/Desktop/presales_cert/Artifacts/2018-10-26_10-48-43.309551bz/effective.yml
[2018-10-26 10:51:39,705 DEBUG Engine.Configuration] Dumping JSON config into /Users/chefe02/Desktop/presales_cert/Artifacts/2018-10-26_10-48-43.309551bz/effective.json
[2018-10-26 10:51:39,706 INFO root] Artifacts dir: /Users/chefe02/Desktop/presales_cert/Artifacts/2018-10-26_10-48-43.309551bz
[2018-10-26 10:51:39,706 WARNING root] Done performing with code: 1
[2018-10-26 10:51:39,706 DEBUG root] Closing log handler: /Users/chefe02/Desktop/presales_cert/Artifacts/2018-10-26_10-48-43.309551bz/bzt.log
