[2018-10-26 01:38:51,293 INFO root] Taurus CLI Tool v1.13.0
[2018-10-26 01:38:51,294 DEBUG root] Command-line options: {'verbose': None, 'no_system_configs': None, 'quiet': None, 'log': '/var/folders/5f/vzk4zj_95sndkt7khp6l85jhnvgy8l/T/bzt_ZILbr4.log', 'option': None, 'aliases': ['cloud']}
[2018-10-26 01:38:51,294 DEBUG root] Python: CPython 2.7.15
[2018-10-26 01:38:51,294 DEBUG root] OS: ('Darwin', 'chefe02mac947', '17.7.0', 'Darwin Kernel Version 17.7.0: Thu Jun 21 22:53:14 PDT 2018; root:xnu-4570.71.2~1/RELEASE_X86_64', 'x86_64', 'i386')
[2018-10-26 01:38:51,294 INFO root] Starting with configs: ['NOP_SC2_Jenkins.yaml']
[2018-10-26 01:38:51,295 DEBUG root] Using personal config: /Users/chefe02/.bzt-rc
[2018-10-26 01:38:51,295 INFO Engine] Configuring...
[2018-10-26 01:38:51,295 DEBUG Engine] No machine configs dir: /usr/local/Cellar/bzt/1.13.0/libexec/bin/../etc/bzt.d
[2018-10-26 01:38:51,295 DEBUG Engine] Base configs list: ['/usr/local/Cellar/bzt/1.13.0/libexec/lib/python2.7/site-packages/bzt/resources/base-config.yml']
[2018-10-26 01:38:51,295 DEBUG Engine.Configuration] Configs: ['/usr/local/Cellar/bzt/1.13.0/libexec/lib/python2.7/site-packages/bzt/resources/base-config.yml']
[2018-10-26 01:38:51,296 DEBUG Engine.Configuration] Reading /usr/local/Cellar/bzt/1.13.0/libexec/lib/python2.7/site-packages/bzt/resources/base-config.yml as YAML
[2018-10-26 01:38:51,322 DEBUG Engine] User configs list: ['/Users/chefe02/.bzt-rc', 'NOP_SC2_Jenkins.yaml']
[2018-10-26 01:38:51,322 DEBUG Engine.Configuration] Configs: ['/Users/chefe02/.bzt-rc', 'NOP_SC2_Jenkins.yaml']
[2018-10-26 01:38:51,323 DEBUG Engine.Configuration] Reading /Users/chefe02/.bzt-rc as YAML
[2018-10-26 01:38:51,327 DEBUG Engine.Configuration] Reading NOP_SC2_Jenkins.yaml as YAML
[2018-10-26 01:38:51,330 DEBUG Engine.Configuration] Configs: ['/Users/chefe02/.bzt-rc', 'NOP_SC2_Jenkins.yaml']
[2018-10-26 01:38:51,330 DEBUG Engine.Configuration] Reading /Users/chefe02/.bzt-rc as YAML
[2018-10-26 01:38:51,334 DEBUG Engine.Configuration] Reading NOP_SC2_Jenkins.yaml as YAML
[2018-10-26 01:38:51,347 DEBUG Engine] Requesting updates info: http://gettaurus.org/updates/?version=1.13.0&installID=jenkins-8c85905fb9f6
[2018-10-26 01:38:51,348 DEBUG HTTPClient] Making HTTP request GET http://gettaurus.org/updates/?version=1.13.0&installID=jenkins-8c85905fb9f6
[2018-10-26 01:38:51,349 INFO Engine] Artifacts dir: /Users/chefe02/Desktop/presales_cert/Artifacts/2018-10-26_01-38-51.349511bz
[2018-10-26 01:38:51,355 DEBUG Engine] New artifact filename: /Users/chefe02/Desktop/presales_cert/Artifacts/2018-10-26_01-38-51.349511bz/effective
[2018-10-26 01:38:51,357 DEBUG urllib3.connectionpool] Starting new HTTP connection (1): gettaurus.org:80
[2018-10-26 01:38:51,358 DEBUG Engine.Configuration] Dumping YAML config into /Users/chefe02/Desktop/presales_cert/Artifacts/2018-10-26_01-38-51.349511bz/effective.yml
[2018-10-26 01:38:51,386 DEBUG Engine.Configuration] Dumping JSON config into /Users/chefe02/Desktop/presales_cert/Artifacts/2018-10-26_01-38-51.349511bz/effective.json
[2018-10-26 01:38:51,387 DEBUG Engine] New artifact filename: /Users/chefe02/Desktop/presales_cert/Artifacts/2018-10-26_01-38-51.349511bz/merged.yml
[2018-10-26 01:38:51,387 DEBUG Engine.Configuration] Dumping YAML config into /Users/chefe02/Desktop/presales_cert/Artifacts/2018-10-26_01-38-51.349511bz/merged.yml
[2018-10-26 01:38:51,389 DEBUG Engine] New artifact filename: /Users/chefe02/Desktop/presales_cert/Artifacts/2018-10-26_01-38-51.349511bz/merged.json
[2018-10-26 01:38:51,390 DEBUG Engine.Configuration] Dumping JSON config into /Users/chefe02/Desktop/presales_cert/Artifacts/2018-10-26_01-38-51.349511bz/merged.json
[2018-10-26 01:38:51,390 DEBUG Engine] Add existing artifact (move=False): NOP_SC2_Jenkins.yaml
[2018-10-26 01:38:51,390 DEBUG Engine] Copying NOP_SC2_Jenkins.yaml to /Users/chefe02/Desktop/presales_cert/Artifacts/2018-10-26_01-38-51.349511bz/NOP_SC2_Jenkins.yaml
[2018-10-26 01:38:51,391 DEBUG Engine.Environment] Replace 'TAURUS_ARTIFACTS_DIR' in environment
[2018-10-26 01:38:51,391 DEBUG root] Closing log handler: /var/folders/5f/vzk4zj_95sndkt7khp6l85jhnvgy8l/T/bzt_ZILbr4.log
[2018-10-26 01:38:51,777 DEBUG root] Switched writing logs to /Users/chefe02/Desktop/presales_cert/Artifacts/2018-10-26_01-38-51.349511bz/bzt.log
[2018-10-26 01:38:51,777 DEBUG root] Linting config
[2018-10-26 01:38:51,779 INFO Engine] Preparing...
[2018-10-26 01:38:51,780 DEBUG Engine] Module config: consolidator {'class': u'bzt.modules.aggregator.ConsolidatingAggregator'}
[2018-10-26 01:38:51,780 DEBUG root] Importing module: bzt.modules.aggregator
[2018-10-26 01:38:52,006 DEBUG root] Loading class: 'ConsolidatingAggregator' from <module 'bzt.modules.aggregator' from '/usr/local/Cellar/bzt/1.13.0/libexec/lib/python2.7/site-packages/bzt/modules/aggregator.pyc'>
[2018-10-26 01:38:52,006 DEBUG Engine.consolidator] Buffer scaling setup: percentile 95.0 from [0.0, 50.0, 90.0, 95.0, 99.0, 99.9, 100.0] selected
[2018-10-26 01:38:52,006 DEBUG Engine] Module config: monitoring {'class': u'bzt.modules.monitoring.Monitoring'}
[2018-10-26 01:38:52,006 DEBUG root] Importing module: bzt.modules.monitoring
[2018-10-26 01:38:52,009 DEBUG root] Loading class: 'Monitoring' from <module 'bzt.modules.monitoring' from '/usr/local/Cellar/bzt/1.13.0/libexec/lib/python2.7/site-packages/bzt/modules/monitoring.pyc'>
[2018-10-26 01:38:52,010 DEBUG Engine] Module config: cloud {'class': u'bzt.modules.blazemeter.CloudProvisioning', 'default-location': u'us-central1-a'}
[2018-10-26 01:38:52,010 DEBUG root] Importing module: bzt.modules.blazemeter
[2018-10-26 01:38:52,029 DEBUG easyprocess] version=0.2.3
[2018-10-26 01:38:52,033 DEBUG pyvirtualdisplay] version=0.2.1
[2018-10-26 01:38:52,035 DEBUG root] Loading class: 'CloudProvisioning' from <module 'bzt.modules.blazemeter' from '/usr/local/Cellar/bzt/1.13.0/libexec/lib/python2.7/site-packages/bzt/modules/blazemeter.pyc'>
[2018-10-26 01:38:52,036 DEBUG Engine] Module config: blazemeter {'project': u'BlazeDemo', 'token': '********', 'workspace': u'litterbox', 'test': u'NOP_SC2 Taurus/Jenkins', 'report-name': u'NOP_SC2_Jenkins', 'class': u'bzt.modules.blazemeter.BlazeMeterUploader'}
[2018-10-26 01:38:52,036 DEBUG root] Importing module: bzt.modules.blazemeter
[2018-10-26 01:38:52,036 DEBUG root] Loading class: 'BlazeMeterUploader' from <module 'bzt.modules.blazemeter' from '/usr/local/Cellar/bzt/1.13.0/libexec/lib/python2.7/site-packages/bzt/modules/blazemeter.pyc'>
[2018-10-26 01:38:52,037 DEBUG Engine.cloud] Installing http client
[2018-10-26 01:38:52,037 DEBUG Engine.cloud] Request: GET https://a.blazemeter.com/api/v4/accounts None
[2018-10-26 01:38:52,037 DEBUG HTTPClient] Making HTTP request GET https://a.blazemeter.com/api/v4/accounts
[2018-10-26 01:38:52,045 DEBUG urllib3.connectionpool] http://gettaurus.org:80 "GET /updates/?version=1.13.0&installID=jenkins-8c85905fb9f6 HTTP/1.1" 200 60
[2018-10-26 01:38:52,046 DEBUG Engine] Taurus updates info: {u'needsUpgrade': False, u'latest': u'1.13.0'}
[2018-10-26 01:38:52,046 DEBUG Engine] Installation is up-to-date
[2018-10-26 01:38:52,068 DEBUG urllib3.connectionpool] Starting new HTTPS connection (1): a.blazemeter.com:443
[2018-10-26 01:38:52,606 DEBUG urllib3.connectionpool] https://a.blazemeter.com:443 "GET /api/v4/accounts HTTP/1.1" 200 2183
[2018-10-26 01:38:52,607 DEBUG Engine.cloud] Response [200]: {
    "limit": 10,
    "skip": 0,
    "total": 2,
    "hidden": 0,
    "api_version": 4,
    "error": null,
    "result": [
        {
            "id": 153221,
            "name": "BlazeMeter Demo",
            "thumbnailUrl": "https://www.blazemeter.com/s
[2018-10-26 01:38:52,608 DEBUG Engine.cloud] Request: GET https://a.blazemeter.com/api/v4/workspaces?accountId=153221&enabled=true&limit=100 None
[2018-10-26 01:38:52,608 DEBUG HTTPClient] Making HTTP request GET https://a.blazemeter.com/api/v4/workspaces?accountId=153221&enabled=true&limit=100
[2018-10-26 01:38:52,859 DEBUG urllib3.connectionpool] https://a.blazemeter.com:443 "GET /api/v4/workspaces?accountId=153221&enabled=true&limit=100 HTTP/1.1" 200 2196
[2018-10-26 01:38:52,860 DEBUG Engine.cloud] Response [200]: {
    "limit": 100,
    "skip": 0,
    "total": 3,
    "hidden": 0,
    "api_version": 4,
    "error": null,
    "result": [
        {
            "id": 215524,
            "name": "CD Presales WorkSpace",
            "userId": 358935,
            "created
[2018-10-26 01:38:52,860 DEBUG Engine.cloud] Request: GET https://a.blazemeter.com/api/v4/workspaces?accountId=190324&enabled=true&limit=100 None
[2018-10-26 01:38:52,861 DEBUG HTTPClient] Making HTTP request GET https://a.blazemeter.com/api/v4/workspaces?accountId=190324&enabled=true&limit=100
[2018-10-26 01:38:53,079 DEBUG urllib3.connectionpool] https://a.blazemeter.com:443 "GET /api/v4/workspaces?accountId=190324&enabled=true&limit=100 HTTP/1.1" 200 2190
[2018-10-26 01:38:53,080 DEBUG Engine.cloud] Response [200]: {
    "limit": 100,
    "skip": 0,
    "total": 3,
    "hidden": 0,
    "api_version": 4,
    "error": null,
    "result": [
        {
            "id": 184063,
            "name": "demo workspace",
            "userId": 407077,
            "created": 1513
[2018-10-26 01:38:53,082 DEBUG Engine] Module config: jmeter {'properties': {'jmeter.save.saveservice.autoflush': u'true', 'jmeter.save.saveservice.connect_time': u'true', 'summariser.name': u'', 'jmeterengine.force.system.exit': u'true'}, 'plugins': [u'jpgc-casutg', u'jpgc-dummy', u'jpgc-ffw', u'jpgc-fifo', u'jpgc-functions', u'jpgc-json', u'jpgc-perfmon', u'jpgc-prmctl', u'jpgc-tst'], 'class': u'bzt.modules.jmeter.JMeterExecutor', 'protocol-handlers': {'http': u'bzt.jmx.http.HTTPProtocolHandler'}}
[2018-10-26 01:38:53,082 DEBUG root] Importing module: bzt.modules.jmeter
[2018-10-26 01:38:53,097 DEBUG root] Loading class: 'JMeterExecutor' from <module 'bzt.modules.jmeter' from '/usr/local/Cellar/bzt/1.13.0/libexec/lib/python2.7/site-packages/bzt/modules/jmeter.pyc'>
[2018-10-26 01:38:53,098 DEBUG Engine.cloud.ProjectFinder] Parsed test link: None
[2018-10-26 01:38:53,098 DEBUG Engine.cloud] Request: GET https://a.blazemeter.com/api/v4/user None
[2018-10-26 01:38:53,098 DEBUG HTTPClient] Making HTTP request GET https://a.blazemeter.com/api/v4/user
[2018-10-26 01:38:53,322 DEBUG urllib3.connectionpool] https://a.blazemeter.com:443 "GET /api/v4/user HTTP/1.1" 200 2102
[2018-10-26 01:38:53,330 DEBUG Engine.cloud] Response [200]: {
    "api_version": 4,
    "error": null,
    "result": {
        "id": 407077,
        "email": "felicia.chen@blazemeter.com",
        "access": 1540543131,
        "login": 1538602495,
        "firstName": "felicia",
        "lastName": "chen",
        
[2018-10-26 01:38:53,330 DEBUG Engine.cloud] Request: GET https://a.blazemeter.com/api/v4/accounts None
[2018-10-26 01:38:53,330 DEBUG HTTPClient] Making HTTP request GET https://a.blazemeter.com/api/v4/accounts
[2018-10-26 01:38:53,575 DEBUG urllib3.connectionpool] https://a.blazemeter.com:443 "GET /api/v4/accounts HTTP/1.1" 200 2183
[2018-10-26 01:38:53,576 DEBUG Engine.cloud] Response [200]: {
    "limit": 10,
    "skip": 0,
    "total": 2,
    "hidden": 0,
    "api_version": 4,
    "error": null,
    "result": [
        {
            "id": 153221,
            "name": "BlazeMeter Demo",
            "thumbnailUrl": "https://www.blazemeter.com/s
[2018-10-26 01:38:53,577 DEBUG Engine.cloud.ProjectFinder] Using default account: {u'taurusCloudUrl': None, u'updated': 1535533318, u'migratedToV4': None, u'disclaimerMessage': None, u'appUrl': u'https://a.blazemeter.com', u'owner': {u'displayName': u'felicia chen', u'id': 407077, u'email': u'felicia.chen@blazemeter.com'}, u'membersCount': 2, u'thumbnailUrl': None, u'inviteContactEmail': None, u'apiKeyExpiration': 3650, u'workspacesCount': 3, u'name': u'Default Account', u'created': 1513707945, u'legacyApiKeysDisabled': False, u'totangoId': None, u'id': 190324, u'inviteContactName': None, u'jetLagUrl': u'https://s3.amazonaws.com/blazemeter-jetlag/snapshots/jetlag-1.6.6-2018-08-12-14-47-jar-with-dependencies.jar', u'salesforceId': None, u'sessionDelayedStart': 180}
[2018-10-26 01:38:53,577 DEBUG Engine.cloud] Request: GET https://a.blazemeter.com/api/v4/workspaces?accountId=190324&enabled=true&limit=100 None
[2018-10-26 01:38:53,577 DEBUG HTTPClient] Making HTTP request GET https://a.blazemeter.com/api/v4/workspaces?accountId=190324&enabled=true&limit=100
[2018-10-26 01:38:53,810 DEBUG urllib3.connectionpool] https://a.blazemeter.com:443 "GET /api/v4/workspaces?accountId=190324&enabled=true&limit=100 HTTP/1.1" 200 2190
[2018-10-26 01:38:53,811 DEBUG Engine.cloud] Response [200]: {
    "limit": 100,
    "skip": 0,
    "total": 3,
    "hidden": 0,
    "api_version": 4,
    "error": null,
    "result": [
        {
            "id": 184063,
            "name": "demo workspace",
            "userId": 407077,
            "created": 1513
[2018-10-26 01:38:53,811 DEBUG Engine.cloud] Request: GET https://a.blazemeter.com/api/v4/projects?workspaceId=188407&name=BlazeDemo None
[2018-10-26 01:38:53,812 DEBUG HTTPClient] Making HTTP request GET https://a.blazemeter.com/api/v4/projects?workspaceId=188407&name=BlazeDemo
[2018-10-26 01:38:54,015 DEBUG urllib3.connectionpool] https://a.blazemeter.com:443 "GET /api/v4/projects?workspaceId=188407&name=BlazeDemo HTTP/1.1" 200 407
[2018-10-26 01:38:54,016 DEBUG Engine.cloud] Response [200]: {
    "limit": 10,
    "skip": 0,
    "total": 1,
    "hidden": 0,
    "api_version": 4,
    "error": null,
    "result": [
        {
            "id": 285643,
            "name": "BlazeDemo",
            "userId": 407077,
            "description": null,

[2018-10-26 01:38:54,017 DEBUG Engine.cloud] Request: GET https://a.blazemeter.com/api/v4/multi-tests?projectId=285643&name=NOP_SC2+Taurus%2FJenkins None
[2018-10-26 01:38:54,017 DEBUG HTTPClient] Making HTTP request GET https://a.blazemeter.com/api/v4/multi-tests?projectId=285643&name=NOP_SC2+Taurus%2FJenkins
[2018-10-26 01:38:54,220 DEBUG urllib3.connectionpool] https://a.blazemeter.com:443 "GET /api/v4/multi-tests?projectId=285643&name=NOP_SC2+Taurus%2FJenkins HTTP/1.1" 200 126
[2018-10-26 01:38:54,221 DEBUG Engine.cloud] Response [200]: {
    "limit": 10,
    "skip": 0,
    "total": 0,
    "hidden": 0,
    "api_version": 4,
    "error": null,
    "result": []
}
[2018-10-26 01:38:54,221 DEBUG Engine.cloud] Request: GET https://a.blazemeter.com/api/v4/tests?projectId=285643&name=NOP_SC2+Taurus%2FJenkins None
[2018-10-26 01:38:54,221 DEBUG HTTPClient] Making HTTP request GET https://a.blazemeter.com/api/v4/tests?projectId=285643&name=NOP_SC2+Taurus%2FJenkins
[2018-10-26 01:38:54,436 DEBUG urllib3.connectionpool] https://a.blazemeter.com:443 "GET /api/v4/tests?projectId=285643&name=NOP_SC2+Taurus%2FJenkins HTTP/1.1" 200 1461
[2018-10-26 01:38:54,437 DEBUG Engine.cloud] Response [200]: {
    "limit": 10,
    "skip": 0,
    "total": 1,
    "hidden": 0,
    "api_version": 4,
    "error": null,
    "result": [
        {
            "id": 6382642,
            "name": "NOP_SC2 Taurus/Jenkins",
            "isNewTest": true,
            "userI
[2018-10-26 01:38:54,437 DEBUG Engine.cloud.ProjectFinder] Detected test type: standard
[2018-10-26 01:38:54,438 DEBUG Engine.cloud] Request: GET https://a.blazemeter.com/api/v4/workspaces/188407 None
[2018-10-26 01:38:54,438 DEBUG HTTPClient] Making HTTP request GET https://a.blazemeter.com/api/v4/workspaces/188407
[2018-10-26 01:38:54,776 DEBUG urllib3.connectionpool] https://a.blazemeter.com:443 "GET /api/v4/workspaces/188407 HTTP/1.1" 200 None
[2018-10-26 01:38:54,877 DEBUG Engine.cloud] Response [200]: {
    "api_version": 4,
    "error": null,
    "result": {
        "id": 188407,
        "name": "litterbox",
        "userId": 407077,
        "created": 1515721294,
        "updated": 1522438252,
        "enabled": true,
        "dedicatedIpsEnabled": tr
[2018-10-26 01:38:54,892 DEBUG Engine.jmeter] Extract {'script': u'./NOP_SC2.jmx'} into scenarios
[2018-10-26 01:38:54,897 DEBUG Engine.cloud] All resource files are: [u'/Users/chefe02/.jenkins/workspace/presales_cert/NopComm BZM Taurus/NOP_SC2.jmx']
[2018-10-26 01:38:54,897 DEBUG Engine.cloud] Replace file names in config: [u'/Users/chefe02/.jenkins/workspace/presales_cert/NopComm BZM Taurus/NOP_SC2.jmx'] with [u'NOP_SC2.jmx']
[2018-10-26 01:38:54,897 DEBUG Engine.cloud] Replaced /Users/chefe02/.jenkins/workspace/presales_cert/NopComm BZM Taurus/NOP_SC2.jmx with NOP_SC2.jmx
[2018-10-26 01:38:54,898 DEBUG Engine] New artifact filename: /Users/chefe02/Desktop/presales_cert/Artifacts/2018-10-26_01-38-51.349511bz/cloud
[2018-10-26 01:38:54,899 DEBUG root] Dumping YAML config into /Users/chefe02/Desktop/presales_cert/Artifacts/2018-10-26_01-38-51.349511bz/cloud.yml
[2018-10-26 01:38:54,903 DEBUG root] Dumping JSON config into /Users/chefe02/Desktop/presales_cert/Artifacts/2018-10-26_01-38-51.349511bz/cloud.json
[2018-10-26 01:38:54,903 DEBUG Engine.cloud] Request: GET https://a.blazemeter.com/api/v4/web/elfinder/6382642?cmd=open&target=s1_Lw None
[2018-10-26 01:38:54,903 DEBUG HTTPClient] Making HTTP request GET https://a.blazemeter.com/api/v4/web/elfinder/6382642?cmd=open&target=s1_Lw
[2018-10-26 01:38:55,561 DEBUG urllib3.connectionpool] https://a.blazemeter.com:443 "GET /api/v4/web/elfinder/6382642?cmd=open&target=s1_Lw HTTP/1.1" 200 1634
[2018-10-26 01:38:55,563 DEBUG Engine.cloud] Response [200]: {"cwd":{"name":"data","size":0,"mime":"directory","read":1,"write":1,"parent_id":"users","hash":"s1_Lw","rootRev":"","options":{"path":"","url":"","tmbUrl":"","disabled":["mkdir","archive","zipdl","extract","chmod"],"separator":"\/","copyOverwrite":1,"uplo
[2018-10-26 01:38:55,563 DEBUG Engine.cloud] Test files: [u'NOP_SC2.jmx', u'taurus.yml']
[2018-10-26 01:38:55,563 DEBUG Engine.cloud] Request: GET https://a.blazemeter.com/api/v4/web/elfinder/6382642?cmd=rm&targets[]=s1_Tk9QX1NDMi5qbXg&targets[]=s1_dGF1cnVzLnltbA None
[2018-10-26 01:38:55,563 DEBUG HTTPClient] Making HTTP request GET https://a.blazemeter.com/api/v4/web/elfinder/6382642?cmd=rm&targets[]=s1_Tk9QX1NDMi5qbXg&targets[]=s1_dGF1cnVzLnltbA
[2018-10-26 01:38:56,036 DEBUG urllib3.connectionpool] https://a.blazemeter.com:443 "GET /api/v4/web/elfinder/6382642?cmd=rm&targets[]=s1_Tk9QX1NDMi5qbXg&targets[]=s1_dGF1cnVzLnltbA HTTP/1.1" 200 795
[2018-10-26 01:38:56,037 DEBUG Engine.cloud] Response [200]: {"removed":["s1_Tk9QX1NDMi5qbXg","s1_dGF1cnVzLnltbA"],"changed":[{"name":"data","size":0,"mime":"directory","read":1,"write":1,"parent_id":"users","hash":"s1_Lw","rootRev":"","options":{"path":"","url":"","tmbUrl":"","disabled":["mkdir","archive","zipdl","
[2018-10-26 01:38:56,038 DEBUG Engine.cloud] Successfully deleted 2 test files
[2018-10-26 01:38:56,042 DEBUG Engine.cloud] Uploading files into the test: [u'/Users/chefe02/.jenkins/workspace/presales_cert/NopComm BZM Taurus/NOP_SC2.jmx']
[2018-10-26 01:38:56,049 DEBUG Engine.cloud] Request: POST https://a.blazemeter.com/api/v4/tests/6382642/files --===============5845603010173449548==
Content-Disposition: file; name="script"; filename="taurus.yml"
Content-Type: application/octet-stream

---
execution:
- concurrency: 20
  executor: jmeter
  hold-for: 2m
  locations:
    us-west-1: 1
  ramp-up: 3
[2018-10-26 01:38:56,049 DEBUG HTTPClient] Making HTTP request POST https://a.blazemeter.com/api/v4/tests/6382642/files
[2018-10-26 01:38:56,720 DEBUG urllib3.connectionpool] https://a.blazemeter.com:443 "POST /api/v4/tests/6382642/files HTTP/1.1" 201 1124
[2018-10-26 01:38:56,721 DEBUG Engine.cloud] Response [201]: {
    "api_version": 4,
    "error": null,
    "result": {
        "id": 6382642,
        "isNewTest": true,
        "lastRunTime": 1540539403,
        "name": "NOP_SC2 Taurus/Jenkins",
        "userId": 407077,
        "creatorClientId": "Taurus",
       
[2018-10-26 01:38:56,721 DEBUG Engine.cloud] Request: PATCH https://a.blazemeter.com/api/v4/tests/6382642 {
 "configuration": {
  "executionType": null
 }
}
[2018-10-26 01:38:56,721 DEBUG HTTPClient] Making HTTP request PATCH https://a.blazemeter.com/api/v4/tests/6382642
[2018-10-26 01:38:57,199 DEBUG urllib3.connectionpool] https://a.blazemeter.com:443 "PATCH /api/v4/tests/6382642 HTTP/1.1" 200 1645
[2018-10-26 01:38:57,200 DEBUG Engine.cloud] Response [200]: {
    "api_version": 4,
    "error": null,
    "result": {
        "id": 6382642,
        "isNewTest": true,
        "lastRunTime": 1540539403,
        "name": "NOP_SC2 Taurus/Jenkins",
        "userId": 407077,
        "creatorClientId": "Taurus",
       
[2018-10-26 01:38:57,201 DEBUG Engine.cloud] Request: PATCH https://a.blazemeter.com/api/v4/tests/6382642 {
 "configuration": {
  "plugins": {
   "reportEmail": {
    "enabled": false
   }
  }
 }
}
[2018-10-26 01:38:57,201 DEBUG HTTPClient] Making HTTP request PATCH https://a.blazemeter.com/api/v4/tests/6382642
[2018-10-26 01:38:57,609 DEBUG urllib3.connectionpool] https://a.blazemeter.com:443 "PATCH /api/v4/tests/6382642 HTTP/1.1" 200 1645
[2018-10-26 01:38:57,609 DEBUG Engine.cloud] Response [200]: {
    "api_version": 4,
    "error": null,
    "result": {
        "id": 6382642,
        "isNewTest": true,
        "lastRunTime": 1540539403,
        "name": "NOP_SC2 Taurus/Jenkins",
        "userId": 407077,
        "creatorClientId": "Taurus",
       
[2018-10-26 01:38:57,610 DEBUG Engine] Module config: final-stats {'class': u'bzt.modules.reporting.FinalStatus'}
[2018-10-26 01:38:57,610 DEBUG root] Importing module: bzt.modules.reporting
[2018-10-26 01:38:57,617 DEBUG root] Loading class: 'FinalStatus' from <module 'bzt.modules.reporting' from '/usr/local/Cellar/bzt/1.13.0/libexec/lib/python2.7/site-packages/bzt/modules/reporting.pyc'>
[2018-10-26 01:38:57,617 DEBUG Engine] Module config: console {'class': u'bzt.modules.console.ConsoleStatusReporter'}
[2018-10-26 01:38:57,618 DEBUG root] Importing module: bzt.modules.console
[2018-10-26 01:38:57,618 DEBUG root] Loading class: 'ConsoleStatusReporter' from <module 'bzt.modules.console' from '/usr/local/Cellar/bzt/1.13.0/libexec/lib/python2.7/site-packages/bzt/modules/console.pyc'>
[2018-10-26 01:38:57,620 DEBUG Engine.Configuration] Dumping YAML config into /Users/chefe02/Desktop/presales_cert/Artifacts/2018-10-26_01-38-51.349511bz/effective.yml
[2018-10-26 01:38:57,641 DEBUG Engine.Configuration] Dumping JSON config into /Users/chefe02/Desktop/presales_cert/Artifacts/2018-10-26_01-38-51.349511bz/effective.json
[2018-10-26 01:38:57,642 INFO Engine] Starting...
[2018-10-26 01:38:57,642 DEBUG Engine] Startup <bzt.modules.monitoring.Monitoring object at 0x10bb08a50>
[2018-10-26 01:38:57,642 DEBUG Engine] Startup <bzt.modules.aggregator.ConsolidatingAggregator object at 0x10bb08c90>
[2018-10-26 01:38:57,643 DEBUG Engine] Startup <bzt.modules.reporting.FinalStatus object at 0x10d40ce90>
[2018-10-26 01:38:57,643 DEBUG Engine] Startup <bzt.modules.console.ConsoleStatusReporter object at 0x10d3e7b90>
[2018-10-26 01:38:57,643 INFO Engine.console] Waiting for results...
[2018-10-26 01:38:57,643 DEBUG Engine] Startup <bzt.modules.reporting.FinalStatus object at 0x10d3e7d90>
[2018-10-26 01:38:57,643 DEBUG Engine] Startup <bzt.modules.blazemeter.CloudProvisioning object at 0x10babe950>
[2018-10-26 01:38:57,643 INFO Engine.cloud.ProjectFinder.CloudTaurusTest] Initiating cloud test with https://a.blazemeter.com ...
[2018-10-26 01:38:57,643 DEBUG Engine.cloud] Request: POST https://a.blazemeter.com/api/v4/tests/6382642/start None
[2018-10-26 01:38:57,643 DEBUG HTTPClient] Making HTTP request POST https://a.blazemeter.com/api/v4/tests/6382642/start
[2018-10-26 01:39:01,499 DEBUG urllib3.connectionpool] https://a.blazemeter.com:443 "POST /api/v4/tests/6382642/start HTTP/1.1" 202 1217
[2018-10-26 01:39:01,500 DEBUG Engine.cloud] Response [202]: {
    "api_version": 4,
    "error": null,
    "result": {
        "id": 18438691,
        "name": "NOP_SC2 Taurus/Jenkins",
        "userId": 407077,
        "runnerUserId": 407077,
        "parallelTestsInWorkspace": 2,
        "parallelTestsInAccount": 
[2018-10-26 01:39:01,500 INFO Engine.cloud] Started cloud test: https://a.blazemeter.com/app/#/masters/18438691
[2018-10-26 01:39:01,630 DEBUG Engine.cloud] Request: PATCH https://a.blazemeter.com/api/v4/masters/18438691 {
 "name": "NOP_SC2_Jenkins"
}
[2018-10-26 01:39:01,630 DEBUG HTTPClient] Making HTTP request PATCH https://a.blazemeter.com/api/v4/masters/18438691
[2018-10-26 01:39:01,858 DEBUG urllib3.connectionpool] https://a.blazemeter.com:443 "PATCH /api/v4/masters/18438691 HTTP/1.1" 200 1086
[2018-10-26 01:39:01,859 DEBUG Engine.cloud] Response [200]: {
    "api_version": 4,
    "error": null,
    "result": {
        "id": 18438691,
        "name": "NOP_SC2_Jenkins",
        "userId": 407077,
        "runnerUserId": 407077,
        "parallelTestsInWorkspace": 2,
        "parallelTestsInAccount": 2,
    
[2018-10-26 01:39:01,861 DEBUG Engine.Configuration] Dumping YAML config into /Users/chefe02/Desktop/presales_cert/Artifacts/2018-10-26_01-38-51.349511bz/effective.yml
[2018-10-26 01:39:01,890 DEBUG Engine.Configuration] Dumping JSON config into /Users/chefe02/Desktop/presales_cert/Artifacts/2018-10-26_01-38-51.349511bz/effective.json
[2018-10-26 01:39:01,892 DEBUG root] Leveling down log file verbosity to INFO, use -v option to have DEBUG messages enabled
[2018-10-26 01:39:02,115 INFO Engine.cloud] Cloud test status: CREATE
[2018-10-26 01:39:07,145 INFO Engine.cloud] Cloud test status: BOOT_STARTING
[2018-10-26 01:40:12,396 INFO Engine.cloud] Cloud test status: TAURUS_ENGINE_READY
[2018-10-26 01:40:57,509 INFO Engine.cloud] Cloud test status: DATA_RECEIVED
[2018-10-26 01:40:58,481 INFO Engine.console] Current: 2 vu	1 succ	0 fail	4.195 avg rt	/	Cumulative: 4.179 avg rt, 0% failures
[2018-10-26 01:41:18,774 WARNING Engine.cloud] Skipping inconsistent data from API for label: search sunglasses
[2018-10-26 01:41:18,778 WARNING Engine.cloud] Skipping inconsistent data from API for label: click on sunglasses
[2018-10-26 01:41:18,810 INFO Engine.console] Current: 4 vu	1 succ	0 fail	3.277 avg rt	/	Cumulative: 3.883 avg rt, 0% failures
[2018-10-26 01:41:39,009 WARNING Engine.cloud] Skipping inconsistent data from API for label: add book to cart
[2018-10-26 01:41:39,068 INFO Engine.console] Current: 7 vu	2 succ	0 fail	3.928 avg rt	/	Cumulative: 3.900 avg rt, 0% failures
[2018-10-26 01:41:58,347 WARNING Engine.cloud] Skipping inconsistent data from API for label: add book to cart
[2018-10-26 01:41:58,366 WARNING Engine.cloud] Skipping inconsistent data from API for label: add book to cart
[2018-10-26 01:41:58,413 INFO Engine.console] Current: 9 vu	3 succ	0 fail	4.883 avg rt	/	Cumulative: 4.075 avg rt, 0% failures
[2018-10-26 01:42:19,696 INFO Engine.console] Current: 12 vu	2 succ	0 fail	4.747 avg rt	/	Cumulative: 4.102 avg rt, 0% failures
[2018-10-26 01:42:40,709 INFO Engine.console] Current: 14 vu	2 succ	0 fail	4.251 avg rt	/	Cumulative: 4.314 avg rt, 0% failures
[2018-10-26 01:43:01,795 INFO Engine.console] Current: 16 vu	2 succ	0 fail	4.761 avg rt	/	Cumulative: 4.354 avg rt, 0% failures
[2018-10-26 01:43:23,919 INFO Engine.console] Current: 19 vu	3 succ	0 fail	4.335 avg rt	/	Cumulative: 4.405 avg rt, 0% failures
[2018-10-26 01:43:44,030 INFO Engine.console] Current: 20 vu	2 succ	0 fail	5.165 avg rt	/	Cumulative: 4.463 avg rt, 0% failures
[2018-10-26 01:44:04,344 INFO Engine.console] Current: 20 vu	4 succ	0 fail	4.654 avg rt	/	Cumulative: 4.521 avg rt, 0% failures
[2018-10-26 01:44:25,674 INFO Engine.console] Current: 20 vu	1 succ	0 fail	5.383 avg rt	/	Cumulative: 4.555 avg rt, 0% failures
[2018-10-26 01:44:45,973 INFO Engine.console] Current: 20 vu	2 succ	0 fail	4.741 avg rt	/	Cumulative: 4.573 avg rt, 0% failures
[2018-10-26 01:45:07,075 INFO Engine.console] Current: 20 vu	4 succ	0 fail	4.910 avg rt	/	Cumulative: 4.608 avg rt, 0% failures
[2018-10-26 01:45:20,338 INFO Engine.cloud] Cloud test status: FINALIZING
[2018-10-26 01:45:20,339 INFO Engine.cloud] Test was stopped in the cloud: FINALIZING
[2018-10-26 01:45:21,066 WARNING Engine] Please wait for graceful shutdown...
[2018-10-26 01:45:21,066 DEBUG root] Leveled up log file verbosity
[2018-10-26 01:45:21,067 INFO Engine] Shutting down...
[2018-10-26 01:45:21,067 DEBUG Engine] Current stop reason: None
[2018-10-26 01:45:21,068 DEBUG Engine.Configuration] Dumping YAML config into /Users/chefe02/Desktop/presales_cert/Artifacts/2018-10-26_01-38-51.349511bz/effective.yml
[2018-10-26 01:45:21,087 DEBUG Engine.Configuration] Dumping JSON config into /Users/chefe02/Desktop/presales_cert/Artifacts/2018-10-26_01-38-51.349511bz/effective.json
[2018-10-26 01:45:21,088 INFO Engine] Post-processing...
[2018-10-26 01:45:21,088 DEBUG Engine.cloud] Request: GET https://a.blazemeter.com/api/v4/masters/18438691/full None
[2018-10-26 01:45:21,088 DEBUG HTTPClient] Making HTTP request GET https://a.blazemeter.com/api/v4/masters/18438691/full
[2018-10-26 01:45:21,354 DEBUG urllib3.connectionpool] https://a.blazemeter.com:443 "GET /api/v4/masters/18438691/full HTTP/1.1" 200 7370
[2018-10-26 01:45:21,355 DEBUG Engine.cloud] Response [200]: {
    "api_version": 4,
    "error": null,
    "result": {
        "id": 18438691,
        "name": "NOP_SC2_Jenkins",
        "userId": 407077,
        "runnerUserId": 407077,
        "created": 1540543140,
        "updated": 1540543141,
        "parallelT
[2018-10-26 01:45:21,355 DEBUG Engine.cloud] Request: GET https://a.blazemeter.com/api/v4/data/labels?master_id=18438691 None
[2018-10-26 01:45:21,355 DEBUG HTTPClient] Making HTTP request GET https://a.blazemeter.com/api/v4/data/labels?master_id=18438691
[2018-10-26 01:45:21,581 DEBUG urllib3.connectionpool] https://a.blazemeter.com:443 "GET /api/v4/data/labels?master_id=18438691 HTTP/1.1" 200 1760
[2018-10-26 01:45:21,581 DEBUG Engine.cloud] Response [200]: {
    "api_version": 4,
    "error": null,
    "result": [
        {
            "id": "ALL",
            "name": "ALL",
            "sessions": [
                "r-v4-5bd2d2a53442e"
            ]
        },
        {
            "id": "5e509f7866b3691a4e
[2018-10-26 01:45:21,582 DEBUG Engine.cloud] Request: GET https://a.blazemeter.com/api/v4/data/kpis?interval=1&from=1540543486&master_ids%5B%5D=18438691&kpis%5B%5D=t&kpis%5B%5D=lt&kpis%5B%5D=by&kpis%5B%5D=n&kpis%5B%5D=ec&kpis%5B%5D=ts&kpis%5B%5D=na&labels%5B%5D=ALL&labels%5B%5D=5e509f7866b3691a4ec375003d0715b8&labels%5B%5D=d1047c744d8b89eb2dabb8c39b3d6ea8&labels%5B%5D=4fd62466f8c8377aef26de62f16cec20&labels%5B%5D=4d64ad9b371dad0c476df83f4feb5f36&labels%5B%5D=404ba6f509e3758f4253d729e137c255&labels%5B%5D=b56a291c70c5441594f6afddb5f335b9&labels%5B%5D=99dbd8f418fc8fbaebee44eef520cba2&labels%5B%5D=b23b9bd61f90a07c37a1b60e8e954eae None
[2018-10-26 01:45:21,582 DEBUG HTTPClient] Making HTTP request GET https://a.blazemeter.com/api/v4/data/kpis?interval=1&from=1540543486&master_ids%5B%5D=18438691&kpis%5B%5D=t&kpis%5B%5D=lt&kpis%5B%5D=by&kpis%5B%5D=n&kpis%5B%5D=ec&kpis%5B%5D=ts&kpis%5B%5D=na&labels%5B%5D=ALL&labels%5B%5D=5e509f7866b3691a4ec375003d0715b8&labels%5B%5D=d1047c744d8b89eb2dabb8c39b3d6ea8&labels%5B%5D=4fd62466f8c8377aef26de62f16cec20&labels%5B%5D=4d64ad9b371dad0c476df83f4feb5f36&labels%5B%5D=404ba6f509e3758f4253d729e137c255&labels%5B%5D=b56a291c70c5441594f6afddb5f335b9&labels%5B%5D=99dbd8f418fc8fbaebee44eef520cba2&labels%5B%5D=b23b9bd61f90a07c37a1b60e8e954eae
[2018-10-26 01:45:21,811 DEBUG urllib3.connectionpool] https://a.blazemeter.com:443 "GET /api/v4/data/kpis?interval=1&from=1540543486&master_ids%5B%5D=18438691&kpis%5B%5D=t&kpis%5B%5D=lt&kpis%5B%5D=by&kpis%5B%5D=n&kpis%5B%5D=ec&kpis%5B%5D=ts&kpis%5B%5D=na&labels%5B%5D=ALL&labels%5B%5D=5e509f7866b3691a4ec375003d0715b8&labels%5B%5D=d1047c744d8b89eb2dabb8c39b3d6ea8&labels%5B%5D=4fd62466f8c8377aef26de62f16cec20&labels%5B%5D=4d64ad9b371dad0c476df83f4feb5f36&labels%5B%5D=404ba6f509e3758f4253d729e137c255&labels%5B%5D=b56a291c70c5441594f6afddb5f335b9&labels%5B%5D=99dbd8f418fc8fbaebee44eef520cba2&labels%5B%5D=b23b9bd61f90a07c37a1b60e8e954eae HTTP/1.1" 200 2695
[2018-10-26 01:45:21,812 DEBUG Engine.cloud] Response [200]: {
    "api_version": 4,
    "error": null,
    "result": [
        {
            "labelId": "404ba6f509e3758f4253d729e137c255",
            "labelName": "click on sunglasses",
            "label": "click on sunglasses",
            "kpis": [
              
[2018-10-26 01:45:21,812 DEBUG Engine.cloud] Request: GET https://a.blazemeter.com/api/v4/masters/18438691/reports/aggregatereport/data None
[2018-10-26 01:45:21,812 DEBUG HTTPClient] Making HTTP request GET https://a.blazemeter.com/api/v4/masters/18438691/reports/aggregatereport/data
[2018-10-26 01:45:22,048 DEBUG urllib3.connectionpool] https://a.blazemeter.com:443 "GET /api/v4/masters/18438691/reports/aggregatereport/data HTTP/1.1" 200 6363
[2018-10-26 01:45:22,049 DEBUG Engine.cloud] Response [200]: {
    "api_version": 4,
    "error": null,
    "result": [
        {
            "labelId": "ALL",
            "labelName": "ALL",
            "samples": 496,
            "avgResponseTime": 4581.97,
            "90line": 5123,
            "95line": 5243,
 
[2018-10-26 01:45:22,050 DEBUG Engine.cloud] Request: GET https://a.blazemeter.com/api/v4/masters/18438691/reports/errorsreport/data?noDataError=false None
[2018-10-26 01:45:22,050 DEBUG HTTPClient] Making HTTP request GET https://a.blazemeter.com/api/v4/masters/18438691/reports/errorsreport/data?noDataError=false
[2018-10-26 01:45:22,270 DEBUG urllib3.connectionpool] https://a.blazemeter.com:443 "GET /api/v4/masters/18438691/reports/errorsreport/data?noDataError=false HTTP/1.1" 200 61
[2018-10-26 01:45:22,270 DEBUG Engine.cloud] Response [200]: {
    "api_version": 4,
    "error": null,
    "result": []
}
[2018-10-26 01:45:22,273 DEBUG Engine.consolidator] Consolidator buffer[3]: [1540543484, 1540543485, 1540543486]
[2018-10-26 01:45:22,274 DEBUG Engine.consolidator] Merging into 1540543484
[2018-10-26 01:45:22,274 DEBUG Engine.consolidator] Merging 1540543484
[2018-10-26 01:45:22,278 DEBUG Engine.consolidator] Processed datapoint: 1540543484/None
[2018-10-26 01:45:22,278 DEBUG Engine.consolidator] Merging into 1540543485
[2018-10-26 01:45:22,278 DEBUG Engine.consolidator] Merging 1540543485
[2018-10-26 01:45:22,282 DEBUG Engine.consolidator] Processed datapoint: 1540543485/None
[2018-10-26 01:45:22,282 DEBUG Engine.consolidator] Merging into 1540543486
[2018-10-26 01:45:22,282 DEBUG Engine.consolidator] Merging 1540543486
[2018-10-26 01:45:22,285 DEBUG Engine.consolidator] Processed datapoint: 1540543486/None
[2018-10-26 01:45:22,285 INFO Engine.final-stats] Test duration: 0:06:24
[2018-10-26 01:45:22,286 INFO Engine.final-stats] Samples count: 556, 0.00% failures
[2018-10-26 01:45:22,286 INFO Engine.final-stats] Average times: total 4.614, latency 4.243, connect 0.000
[2018-10-26 01:45:22,293 INFO Engine.final-stats] Percentiles:
+---------------+---------------+
| Percentile, % | Resp. Time, s |
+---------------+---------------+
|          90.0 |         4.671 |
|          95.0 |         4.671 |
|          99.0 |         4.671 |
+---------------+---------------+
[2018-10-26 01:45:22,298 INFO Engine.final-stats] Request label stats:
+------------------------+--------+---------+--------+-------+
| label                  | status |    succ | avg_rt | error |
+------------------------+--------+---------+--------+-------+
| add book to cart       |   OK   | 100.00% |  4.362 |       |
| add macbook to cart    |   OK   | 100.00% |  4.283 |       |
| add sunglasses to cart |   OK   | 100.00% |  4.318 |       |
| click macbook          |   OK   | 100.00% |  4.792 |       |
| click on sunglasses    |   OK   | 100.00% |  4.820 |       |
| search "apple"         |   OK   | 100.00% |  4.873 |       |
| search "fahr"          |   OK   | 100.00% |  4.886 |       |
| search sunglasses      |   OK   | 100.00% |  4.804 |       |
+------------------------+--------+---------+--------+-------+
[2018-10-26 01:45:22,299 DEBUG Engine.console] No logger_handler or orig_stream was detected
[2018-10-26 01:45:22,299 INFO Engine.final-stats] Test duration: 0:06:24
[2018-10-26 01:45:22,299 INFO Engine.final-stats] Samples count: 556, 0.00% failures
[2018-10-26 01:45:22,299 INFO Engine.final-stats] Average times: total 4.614, latency 4.243, connect 0.000
[2018-10-26 01:45:22,299 INFO Engine.final-stats] Percentiles:
+---------------+---------------+
| Percentile, % | Resp. Time, s |
+---------------+---------------+
|          90.0 |         4.671 |
|          95.0 |         4.671 |
|          99.0 |         4.671 |
+---------------+---------------+
[2018-10-26 01:45:22,301 INFO Engine.final-stats] Request label stats:
+------------------------+--------+---------+--------+-------+
| label                  | status |    succ | avg_rt | error |
+------------------------+--------+---------+--------+-------+
| add book to cart       |   OK   | 100.00% |  4.362 |       |
| add macbook to cart    |   OK   | 100.00% |  4.283 |       |
| add sunglasses to cart |   OK   | 100.00% |  4.318 |       |
| click macbook          |   OK   | 100.00% |  4.792 |       |
| click on sunglasses    |   OK   | 100.00% |  4.820 |       |
| search "apple"         |   OK   | 100.00% |  4.873 |       |
| search "fahr"          |   OK   | 100.00% |  4.886 |       |
| search sunglasses      |   OK   | 100.00% |  4.804 |       |
+------------------------+--------+---------+--------+-------+
[2018-10-26 01:45:22,301 INFO Engine.final-stats] Dumping final status as XML: ./final_stats.xml
[2018-10-26 01:45:22,311 DEBUG Engine.Configuration] Dumping YAML config into /Users/chefe02/Desktop/presales_cert/Artifacts/2018-10-26_01-38-51.349511bz/effective.yml
[2018-10-26 01:45:22,330 DEBUG Engine.Configuration] Dumping JSON config into /Users/chefe02/Desktop/presales_cert/Artifacts/2018-10-26_01-38-51.349511bz/effective.json
[2018-10-26 01:45:22,331 INFO root] Artifacts dir: /Users/chefe02/Desktop/presales_cert/Artifacts/2018-10-26_01-38-51.349511bz
[2018-10-26 01:45:22,331 INFO root] Done performing with code: 0
[2018-10-26 01:45:22,331 DEBUG root] Closing log handler: /Users/chefe02/Desktop/presales_cert/Artifacts/2018-10-26_01-38-51.349511bz/bzt.log
