2018-10-25 21:45:21.1541: updating taurus
Name: bzt
Version: 1.12.1
Summary: Taurus Tool for Continuous Testing
Home-page: http://gettaurus.org/
Author: Andrey Pokhilko
Author-email: andrey@blazemeter.com
License: Apache 2.0
Location: /usr/local/lib/python2.7/dist-packages
Requires: apiritif, progressbar33, cssselect, pytest, terminaltables, colorlog, hdrpy, urwid, astunparse, Appium-Python-Client, pyvirtualdisplay, lxml, selenium, pyyaml, nose, requests, psutil, ipaddress, colorama
---
Name: bztcloud
Version: 0.3.6
Summary: Taurus Cloud Modules
Home-page: https://github.com/Blazemeter/taurus-cloud/
Author: Andrey Pokhilko
Author-email: andrey@blazemeter.com
License: UNKNOWN
Location: /usr/local/lib/python2.7/dist-packages
Requires: boto3, bzt, pyscreenshot, browsermob-proxy, pillow, cssselect, requests, yq, python-dateutil, pyvirtualdisplay
---
Name: apiritif
Version: 0.6.5
Summary: Python framework for API testing
Home-page: https://github.com/Blazemeter/apiritif
Author: Dmitri Pribysh
Author-email: pribysh@blazemeter.com
License: Apache 2.0
Location: /usr/local/lib/python2.7/dist-packages
Requires: requests, jsonpath-rw, lxml
2018-10-25 21:45:23.2892: getting base configuration from https://a.blazemeter.com/api/v4/taurus/r-v4-5bd2394873618/original-config and additional configuration from https://a.blazemeter.com/api/v4/taurus/r-v4-5bd2394873618/custom-config
2018-10-25 21:45:24.7350: generating cloud shutdown script
2018-10-25 21:45:25.4667: cloud shutdown script generated
2018-10-25 21:45:25.4676: running bzt
2018-10-25 21:51:05.8230: cloud shutdown
