log_event command: curl 'https://a.blazemeter.com/api/v4/taurus/r-v4-5bd2394873618/events' -H 'Content-Type: application/json' -d '{"message": "Jetlag - Starting update.", "token": "ci12NC01YmQyMzk0ODczNjE4OjE1NDE3MTM0ODM6MWQ4MmFkZTBmN2RhMzZjYmUwMjQ4ZjE5NmUxY2ViMDg1OGY2YWQ0OTNlZWI1N2ZhOGQyMGM0ODQwNDU4ZGQ4NThkMDAwNmM5NWNhOWNkNmFlYTVjZmI5MTBhNmZiYzcyODIxOGFiYzA4YjIyMjEzMmVlODk3OTZmYzM2YmRkODU="}'
  % Total    % Received % Xferd  Average Speed   Time    Time     Time  Current
                                 Dload  Upload   Total   Spent    Left  Speed
  0     0    0     0    0     0      0      0 --:--:-- --:--:-- --:--:--     0100   378  100   113  100   265    584   1371 --:--:-- --:--:-- --:--:--  1373
log event response: {
    "api_version": 4,
    "error": null,
    "result": {
        "message": "Jetlag - Starting update."
    }
}
log_event command: curl 'https://a.blazemeter.com/api/v4/taurus/r-v4-5bd2394873618/events' -H 'Content-Type: application/json' -d '{"message": "Jetlag - Timeout set to 180.", "token": "ci12NC01YmQyMzk0ODczNjE4OjE1NDE3MTM0ODM6MWQ4MmFkZTBmN2RhMzZjYmUwMjQ4ZjE5NmUxY2ViMDg1OGY2YWQ0OTNlZWI1N2ZhOGQyMGM0ODQwNDU4ZGQ4NThkMDAwNmM5NWNhOWNkNmFlYTVjZmI5MTBhNmZiYzcyODIxOGFiYzA4YjIyMjEzMmVlODk3OTZmYzM2YmRkODU="}'
  % Total    % Received % Xferd  Average Speed   Time    Time     Time  Current
                                 Dload  Upload   Total   Spent    Left  Speed
  0     0    0     0    0     0      0      0 --:--:-- --:--:-- --:--:--     0100   384  100   116  100   268    607   1404 --:--:-- --:--:-- --:--:--  1410
log event response: {
    "api_version": 4,
    "error": null,
    "result": {
        "message": "Jetlag - Timeout set to 180."
    }
}
log_event command: curl 'https://a.blazemeter.com/api/v4/taurus/r-v4-5bd2394873618/events' -H 'Content-Type: application/json' -d '{"message": "Downloading Jetlag from https://s3.amazonaws.com/blazemeter-jetlag/snapshots/jetlag-1.6.6-2018-08-12-14-47-jar-with-dependencies.jar", "token": "ci12NC01YmQyMzk0ODczNjE4OjE1NDE3MTM0ODM6MWQ4MmFkZTBmN2RhMzZjYmUwMjQ4ZjE5NmUxY2ViMDg1OGY2YWQ0OTNlZWI1N2ZhOGQyMGM0ODQwNDU4ZGQ4NThkMDAwNmM5NWNhOWNkNmFlYTVjZmI5MTBhNmZiYzcyODIxOGFiYzA4YjIyMjEzMmVlODk3OTZmYzM2YmRkODU="}'
  % Total    % Received % Xferd  Average Speed   Time    Time     Time  Current
                                 Dload  Upload   Total   Spent    Left  Speed
  0     0    0     0    0     0      0      0 --:--:-- --:--:-- --:--:--     0100   592  100   220  100   372   1139   1926 --:--:-- --:--:-- --:--:--  1927
log event response: {
    "api_version": 4,
    "error": null,
    "result": {
        "message": "Downloading Jetlag from https://s3.amazonaws.com/blazemeter-jetlag/snapshots/jetlag-1.6.6-2018-08-12-14-47-jar-with-dependencies.jar"
    }
}
+ download_jetlag
+ wget --no-check-certificate --retry-connrefused --timeout=30 --tries=50 --wait=1 --random-wait -O /root/blazemeter_jetlag.jar https://s3.amazonaws.com/blazemeter-jetlag/snapshots/jetlag-1.6.6-2018-08-12-14-47-jar-with-dependencies.jar
--2018-10-25 21:45:30--  https://s3.amazonaws.com/blazemeter-jetlag/snapshots/jetlag-1.6.6-2018-08-12-14-47-jar-with-dependencies.jar
Resolving s3.amazonaws.com (s3.amazonaws.com)... 54.231.40.186
Connecting to s3.amazonaws.com (s3.amazonaws.com)|54.231.40.186|:443... connected.
HTTP request sent, awaiting response... 200 OK
Length: 8201346 (7.8M) [application/octet-stream]
Saving to: ‘/root/blazemeter_jetlag.jar’

     0K .......... .......... .......... .......... ..........  0% 26.7M 0s
    50K .......... .......... .......... .......... ..........  1% 29.3M 0s
   100K .......... .......... .......... .......... ..........  1% 17.8M 0s
   150K .......... .......... .......... .......... ..........  2% 18.7M 0s
   200K .......... .......... .......... .......... ..........  3% 55.1M 0s
   250K .......... .......... .......... .......... ..........  3% 63.9M 0s
   300K .......... .......... .......... .......... ..........  4% 70.1M 0s
   350K .......... .......... .......... .......... ..........  4% 56.7M 0s
   400K .......... .......... .......... .......... ..........  5% 45.5M 0s
   450K .......... .......... .......... .......... ..........  6% 59.8M 0s
   500K .......... .......... .......... .......... ..........  6% 99.1M 0s
   550K .......... .......... .......... .......... ..........  7%  109M 0s
   600K .......... .......... .......... .......... ..........  8%  112M 0s
   650K .......... .......... .......... .......... ..........  8%  109M 0s
   700K .......... .......... .......... .......... ..........  9% 63.5M 0s
   750K .......... .......... .......... .......... ..........  9%  121M 0s
   800K .......... .......... .......... .......... .......... 10%  150M 0s
   850K .......... .......... .......... .......... .......... 11%  143M 0s
   900K .......... .......... .......... .......... .......... 11% 99.0M 0s
   950K .......... .......... .......... .......... .......... 12% 59.9M 0s
  1000K .......... .......... .......... .......... .......... 13%  157M 0s
  1050K .......... .......... .......... .......... .......... 13% 90.5M 0s
  1100K .......... .......... .......... .......... .......... 14%  106M 0s
  1150K .......... .......... .......... .......... .......... 14% 48.6M 0s
  1200K .......... .......... .......... .......... .......... 15% 37.0M 0s
  1250K .......... .......... .......... .......... .......... 16% 74.4M 0s
  1300K .......... .......... .......... .......... .......... 16% 72.8M 0s
  1350K .......... .......... .......... .......... .......... 17% 72.7M 0s
  1400K .......... .......... .......... .......... .......... 18%  143M 0s
  1450K .......... .......... .......... .......... .......... 18%  128M 0s
  1500K .......... .......... .......... .......... .......... 19%  135M 0s
  1550K .......... .......... .......... .......... .......... 19% 35.5M 0s
  1600K .......... .......... .......... .......... .......... 20%  154M 0s
  1650K .......... .......... .......... .......... .......... 21%  155M 0s
  1700K .......... .......... .......... .......... .......... 21%  140M 0s
  1750K .......... .......... .......... .......... .......... 22%  163M 0s
  1800K .......... .......... .......... .......... .......... 23%  133M 0s
  1850K .......... .......... .......... .......... .......... 23%  139M 0s
  1900K .......... .......... .......... .......... .......... 24%  125M 0s
  1950K .......... .......... .......... .......... .......... 24%  136M 0s
  2000K .......... .......... .......... .......... .......... 25%  141M 0s
  2050K .......... .......... .......... .......... .......... 26%  155M 0s
  2100K .......... .......... .......... .......... .......... 26% 81.3M 0s
  2150K .......... .......... .......... .......... .......... 27% 75.9M 0s
  2200K .......... .......... .......... .......... .......... 28% 29.0M 0s
  2250K .......... .......... .......... .......... .......... 28%  139M 0s
  2300K .......... .......... .......... .......... .......... 29% 45.1M 0s
  2350K .......... .......... .......... .......... .......... 29%  139M 0s
  2400K .......... .......... .......... .......... .......... 30% 56.2M 0s
  2450K .......... .......... .......... .......... .......... 31% 56.3M 0s
  2500K .......... .......... .......... .......... .......... 31% 47.5M 0s
  2550K .......... .......... .......... .......... .......... 32%  142M 0s
  2600K .......... .......... .......... .......... .......... 33%  161M 0s
  2650K .......... .......... .......... .......... .......... 33%  130M 0s
  2700K .......... .......... .......... .......... .......... 34% 73.6M 0s
  2750K .......... .......... .......... .......... .......... 34%  136M 0s
  2800K .......... .......... .......... .......... .......... 35%  138M 0s
  2850K .......... .......... .......... .......... .......... 36%  134M 0s
  2900K .......... .......... .......... .......... .......... 36%  141M 0s
  2950K .......... .......... .......... .......... .......... 37%  123M 0s
  3000K .......... .......... .......... .......... .......... 38%  136M 0s
  3050K .......... .......... .......... .......... .......... 38% 88.2M 0s
  3100K .......... .......... .......... .......... .......... 39% 66.3M 0s
  3150K .......... .......... .......... .......... .......... 39% 66.2M 0s
  3200K .......... .......... .......... .......... .......... 40% 66.8M 0s
  3250K .......... .......... .......... .......... .......... 41% 66.2M 0s
  3300K .......... .......... .......... .......... .......... 41% 66.3M 0s
  3350K .......... .......... .......... .......... .......... 42% 66.2M 0s
  3400K .......... .......... .......... .......... .......... 43% 84.7M 0s
  3450K .......... .......... .......... .......... .......... 43% 71.5M 0s
  3500K .......... .......... .......... .......... .......... 44% 66.3M 0s
  3550K .......... .......... .......... .......... .......... 44% 66.0M 0s
  3600K .......... .......... .......... .......... .......... 45% 66.3M 0s
  3650K .......... .......... .......... .......... .......... 46% 66.2M 0s
  3700K .......... .......... .......... .......... .......... 46% 66.1M 0s
  3750K .......... .......... .......... .......... .......... 47% 71.3M 0s
  3800K .......... .......... .......... .......... .......... 48% 59.9M 0s
  3850K .......... .......... .......... .......... .......... 48% 79.7M 0s
  3900K .......... .......... .......... .......... .......... 49% 66.3M 0s
  3950K .......... .......... .......... .......... .......... 49% 66.4M 0s
  4000K .......... .......... .......... .......... .......... 50% 58.9M 0s
  4050K .......... .......... .......... .......... .......... 51% 67.3M 0s
  4100K .......... .......... .......... .......... .......... 51% 66.3M 0s
  4150K .......... .......... .......... .......... .......... 52% 66.1M 0s
  4200K .......... .......... .......... .......... .......... 53% 74.1M 0s
  4250K .......... .......... .......... .......... .......... 53% 71.1M 0s
  4300K .......... .......... .......... .......... .......... 54% 83.4M 0s
  4350K .......... .......... .......... .......... .......... 54% 66.0M 0s
  4400K .......... .......... .......... .......... .......... 55% 67.0M 0s
  4450K .......... .......... .......... .......... .......... 56% 13.9M 0s
  4500K .......... .......... .......... .......... .......... 56%  111M 0s
  4550K .......... .......... .......... .......... .......... 57%  138M 0s
  4600K .......... .......... .......... .......... .......... 58%  150M 0s
  4650K .......... .......... .......... .......... .......... 58%  149M 0s
  4700K .......... .......... .......... .......... .......... 59%  144M 0s
  4750K .......... .......... .......... .......... .......... 59%  141M 0s
  4800K .......... .......... .......... .......... .......... 60%  118M 0s
  4850K .......... .......... .......... .......... .......... 61% 90.3M 0s
  4900K .......... .......... .......... .......... .......... 61% 66.3M 0s
  4950K .......... .......... .......... .......... .......... 62% 66.3M 0s
  5000K .......... .......... .......... .......... .......... 63% 66.3M 0s
  5050K .......... .......... .......... .......... .......... 63% 66.1M 0s
  5100K .......... .......... .......... .......... .......... 64% 84.3M 0s
  5150K .......... .......... .......... .......... .......... 64% 70.8M 0s
  5200K .......... .......... .......... .......... .......... 65% 66.2M 0s
  5250K .......... .......... .......... .......... .......... 66% 73.8M 0s
  5300K .......... .......... .......... .......... .......... 66% 59.9M 0s
  5350K .......... .......... .......... .......... .......... 67% 66.3M 0s
  5400K .......... .......... .......... .......... .......... 68% 74.8M 0s
  5450K .......... .......... .......... .......... .......... 68% 65.9M 0s
  5500K .......... .......... .......... .......... .......... 69% 66.5M 0s
  5550K .......... .......... .......... .......... .......... 69% 70.1M 0s
  5600K .......... .......... .......... .......... .......... 70% 66.9M 0s
  5650K .......... .......... .......... .......... .......... 71% 64.9M 0s
  5700K .......... .......... .......... .......... .......... 71% 67.0M 0s
  5750K .......... .......... .......... .......... .......... 72% 66.1M 0s
  5800K .......... .......... .......... .......... .......... 73% 66.1M 0s
  5850K .......... .......... .......... .......... .......... 73% 66.2M 0s
  5900K .......... .......... .......... .......... .......... 74% 66.4M 0s
  5950K .......... .......... .......... .......... .......... 74% 83.3M 0s
  6000K .......... .......... .......... .......... .......... 75% 71.3M 0s
  6050K .......... .......... .......... .......... .......... 76% 66.4M 0s
  6100K .......... .......... .......... .......... .......... 76% 73.4M 0s
  6150K .......... .......... .......... .......... .......... 77% 66.2M 0s
  6200K .......... .......... .......... .......... .......... 78% 59.9M 0s
  6250K .......... .......... .......... .......... .......... 78% 73.9M 0s
  6300K .......... .......... .......... .......... .......... 79% 66.9M 0s
  6350K .......... .......... .......... .......... .......... 79% 66.4M 0s
  6400K .......... .......... .......... .......... .......... 80% 70.8M 0s
  6450K .......... .......... .......... .......... .......... 81% 65.6M 0s
  6500K .......... .......... .......... .......... .......... 81% 66.4M 0s
  6550K .......... .......... .......... .......... .......... 82% 65.5M 0s
  6600K .......... .......... .......... .......... .......... 83% 67.4M 0s
  6650K .......... .......... .......... .......... .......... 83% 66.2M 0s
  6700K .......... .......... .......... .......... .......... 84% 65.9M 0s
  6750K .......... .......... .......... .......... .......... 84% 66.3M 0s
  6800K .......... .......... .......... .......... .......... 85% 85.4M 0s
  6850K .......... .......... .......... .......... .......... 86% 70.3M 0s
  6900K .......... .......... .......... .......... .......... 86% 66.3M 0s
  6950K .......... .......... .......... .......... .......... 87% 74.4M 0s
  7000K .......... .......... .......... .......... .......... 88% 66.2M 0s
  7050K .......... .......... .......... .......... .......... 88% 65.7M 0s
  7100K .......... .......... .......... .......... .......... 89% 66.5M 0s
  7150K .......... .......... .......... .......... .......... 89% 66.4M 0s
  7200K .......... .......... .......... .......... .......... 90% 66.4M 0s
  7250K .......... .......... .......... .......... .......... 91% 69.9M 0s
  7300K .......... .......... .......... .......... .......... 91% 66.3M 0s
  7350K .......... .......... .......... .......... .......... 92% 66.2M 0s
  7400K .......... .......... .......... .......... .......... 93% 66.0M 0s
  7450K .......... .......... .......... .......... .......... 93% 66.3M 0s
  7500K .......... .......... .......... .......... .......... 94% 66.1M 0s
  7550K .......... .......... .......... .......... .......... 94% 66.4M 0s
  7600K .......... .......... .......... .......... .......... 95% 66.4M 0s
  7650K .......... .......... .......... .......... .......... 96% 98.2M 0s
  7700K .......... .......... .......... .......... .......... 96% 40.6M 0s
  7750K .......... .......... .......... .......... .......... 97%  116M 0s
  7800K .......... .......... .......... .......... .......... 98% 89.9M 0s
  7850K .......... .......... .......... .......... .......... 98% 65.8M 0s
  7900K .......... .......... .......... .......... .......... 99% 66.5M 0s
  7950K .......... .......... .......... .......... .......... 99% 66.1M 0s
  8000K .........                                             100% 99.2M=0.1s

2018-10-25 21:45:30 (69.3 MB/s) - ‘/root/blazemeter_jetlag.jar’ saved [8201346/8201346]

