start
user data: {"command":"\/usr\/local\/bztcloud\/cloud-launcher.sh https:\/\/a.blazemeter.com\/api\/v4\/taurus\/r-v4-5bd2394873618\/original-config https:\/\/a.blazemeter.com\/api\/v4\/taurus\/r-v4-5bd2394873618\/custom-config","environmentVars":["EVENTS_URL=https:\/\/a.blazemeter.com\/api\/v4\/taurus\/r-v4-5bd2394873618\/events","SESSION_TOKEN=ci12NC01YmQyMzk0ODczNjE4OjE1NDE3MTM0ODM6MWQ4MmFkZTBmN2RhMzZjYmUwMjQ4ZjE5NmUxY2ViMDg1OGY2YWQ0OTNlZWI1N2ZhOGQyMGM0ODQwNDU4ZGQ4NThkMDAwNmM5NWNhOWNkNmFlYTVjZmI5MTBhNmZiYzcyODIxOGFiYzA4YjIyMjEzMmVlODk3OTZmYzM2YmRkODU=","FILE_NAME=NOP_SC2.jmx","SCRIPT_TYPE=jmeter","LC_ALL=en_US.UTF-8","TAURUS_BZTREMOTE_URL="]}
command: /usr/local/bztcloud/cloud-launcher.sh https://a.blazemeter.com/api/v4/taurus/r-v4-5bd2394873618/original-config https://a.blazemeter.com/api/v4/taurus/r-v4-5bd2394873618/custom-config
env vars:  -e EVENTS_URL=https://a.blazemeter.com/api/v4/taurus/r-v4-5bd2394873618/events -e SESSION_TOKEN=ci12NC01YmQyMzk0ODczNjE4OjE1NDE3MTM0ODM6MWQ4MmFkZTBmN2RhMzZjYmUwMjQ4ZjE5NmUxY2ViMDg1OGY2YWQ0OTNlZWI1N2ZhOGQyMGM0ODQwNDU4ZGQ4NThkMDAwNmM5NWNhOWNkNmFlYTVjZmI5MTBhNmZiYzcyODIxOGFiYzA4YjIyMjEzMmVlODk3OTZmYzM2YmRkODU= -e FILE_NAME=NOP_SC2.jmx -e SCRIPT_TYPE=jmeter -e LC_ALL=en_US.UTF-8 -e TAURUS_BZTREMOTE_URL=
Name: bzt
Version: 1.12.1
Summary: Taurus Tool for Continuous Testing
Home-page: http://gettaurus.org/
Author: Andrey Pokhilko
Author-email: andrey@blazemeter.com
License: Apache 2.0
Location: /usr/local/lib/python2.7/dist-packages
Requires: apiritif, progressbar33, cssselect, pytest, terminaltables, colorlog, hdrpy, urwid, astunparse, Appium-Python-Client, pyvirtualdisplay, lxml, selenium, pyyaml, nose, requests, psutil, ipaddress, colorama
---
Name: bztcloud
Version: 0.3.6
Summary: Taurus Cloud Modules
Home-page: https://github.com/Blazemeter/taurus-cloud/
Author: Andrey Pokhilko
Author-email: andrey@blazemeter.com
License: UNKNOWN
Location: /usr/local/lib/python2.7/dist-packages
Requires: boto3, bzt, pyscreenshot, browsermob-proxy, pillow, cssselect, requests, yq, python-dateutil, pyvirtualdisplay
---
Name: apiritif
Version: 0.6.5
Summary: Python framework for API testing
Home-page: https://github.com/Blazemeter/apiritif
Author: Dmitri Pribysh
Author-email: pribysh@blazemeter.com
License: Apache 2.0
Location: /usr/local/lib/python2.7/dist-packages
Requires: requests, jsonpath-rw, lxml
21:45:26 INFO: Taurus CLI Tool v1.12.1
21:45:26 INFO: Starting with configs: ['./taurus-custom-config.yml', './taurus-original-config.yml', '/usr/local/bztcloud/final-overrides.yml']
21:45:26 INFO: Configuring...
21:45:26 INFO: Artifacts dir: /tmp/artifacts
21:45:26 INFO: Preparing...
21:45:28 WARNING: Path not exists: /root/.bzt/jmeter-taurus/auto
21:45:28 WARNING: Could not find location at path: artifacts-dir
21:45:28 WARNING: Could not find location at path: artifacts-dir
21:45:28 WARNING: Could not find location at path: artifacts-dir
21:45:28 WARNING: Could not find location at path: artifacts-dir
21:45:28 INFO: Starting shell command: atop -a -w atop.binlog 15
21:45:29 INFO: Starting shell command: /usr/local/bztcloud/jetlag-download.sh
21:45:30 INFO: Starting shell command: /usr/local/bztcloud/jetlag-run.sh
21:45:30 INFO: Starting shell command: /usr/local/bztcloud/jetpack-download.sh
21:45:31 INFO: Starting shell command: /usr/local/bztcloud/jetpack-run.sh
21:45:31 INFO: Starting new HTTPS connection (1): s3.amazonaws.com
21:45:38 INFO: 1 obsolete CookieManagers are found and fixed
21:45:43 WARNING: No BlazeMeter API key provided, will upload anonymously
21:45:44 INFO: Starting...
21:45:44 INFO: Starting virtual display[(1024, 768)]: :1001
21:45:44 INFO: Setting bsh port for jmeter/default-scenario-6382363 to 9000
21:45:44 INFO: Got start command
21:45:44 INFO: Allowed to proceed with start
21:45:44 INFO: Waiting for results...
21:46:06 INFO: Current: 1 vu	1 succ	0 fail	1.064 avg rt	/	Cumulative: 1.064 avg rt, 0% failures
21:46:08 INFO: Current: 1 vu	1 succ	0 fail	0.515 avg rt	/	Cumulative: 0.790 avg rt, 0% failures
21:46:11 INFO: Current: 2 vu	2 succ	0 fail	0.209 avg rt	/	Cumulative: 0.499 avg rt, 0% failures
21:46:13 INFO: Current: 2 vu	1 succ	0 fail	0.286 avg rt	/	Cumulative: 0.435 avg rt, 0% failures
21:46:16 INFO: Current: 2 vu	2 succ	0 fail	0.202 avg rt	/	Cumulative: 0.377 avg rt, 0% failures
21:46:17 INFO: Current: 3 vu	1 succ	0 fail	0.268 avg rt	/	Cumulative: 0.365 avg rt, 0% failures
21:46:18 INFO: Current: 3 vu	1 succ	0 fail	0.094 avg rt	/	Cumulative: 0.338 avg rt, 0% failures
21:46:19 INFO: Current: 3 vu	2 succ	0 fail	0.272 avg rt	/	Cumulative: 0.327 avg rt, 0% failures
21:46:20 INFO: Current: 3 vu	1 succ	0 fail	0.251 avg rt	/	Cumulative: 0.321 avg rt, 0% failures
21:46:21 INFO: Current: 3 vu	1 succ	0 fail	0.082 avg rt	/	Cumulative: 0.304 avg rt, 0% failures
21:46:22 INFO: Current: 3 vu	2 succ	0 fail	0.285 avg rt	/	Cumulative: 0.302 avg rt, 0% failures
21:46:23 INFO: Current: 3 vu	1 succ	0 fail	0.258 avg rt	/	Cumulative: 0.299 avg rt, 0% failures
21:46:25 INFO: Current: 3 vu	2 succ	0 fail	0.173 avg rt	/	Cumulative: 0.276 avg rt, 0% failures
21:46:26 INFO: Current: 4 vu	1 succ	0 fail	0.247 avg rt	/	Cumulative: 0.275 avg rt, 0% failures
21:46:27 INFO: Current: 4 vu	3 succ	0 fail	0.237 avg rt	/	Cumulative: 0.270 avg rt, 0% failures
21:46:28 INFO: Current: 4 vu	1 succ	0 fail	0.258 avg rt	/	Cumulative: 0.269 avg rt, 0% failures
21:46:29 INFO: Current: 4 vu	1 succ	0 fail	0.465 avg rt	/	Cumulative: 0.277 avg rt, 0% failures
21:46:30 INFO: Current: 4 vu	3 succ	0 fail	0.158 avg rt	/	Cumulative: 0.265 avg rt, 0% failures
21:46:31 INFO: Current: 4 vu	1 succ	0 fail	0.218 avg rt	/	Cumulative: 0.263 avg rt, 0% failures
21:46:32 INFO: Current: 4 vu	3 succ	0 fail	0.142 avg rt	/	Cumulative: 0.252 avg rt, 0% failures
21:46:33 INFO: Current: 4 vu	2 succ	0 fail	0.236 avg rt	/	Cumulative: 0.251 avg rt, 0% failures
21:46:34 INFO: Current: 4 vu	1 succ	0 fail	0.243 avg rt	/	Cumulative: 0.251 avg rt, 0% failures
21:46:35 INFO: Current: 5 vu	2 succ	0 fail	0.171 avg rt	/	Cumulative: 0.247 avg rt, 0% failures
21:46:36 INFO: Current: 5 vu	2 succ	0 fail	0.444 avg rt	/	Cumulative: 0.257 avg rt, 0% failures
21:46:37 INFO: Current: 5 vu	3 succ	0 fail	0.216 avg rt	/	Cumulative: 0.254 avg rt, 0% failures
21:46:38 INFO: Current: 5 vu	2 succ	0 fail	0.154 avg rt	/	Cumulative: 0.249 avg rt, 0% failures
21:46:39 INFO: Current: 5 vu	3 succ	0 fail	0.153 avg rt	/	Cumulative: 0.243 avg rt, 0% failures
21:46:40 INFO: Current: 5 vu	1 succ	0 fail	0.078 avg rt	/	Cumulative: 0.240 avg rt, 0% failures
21:46:41 INFO: Current: 5 vu	4 succ	0 fail	0.203 avg rt	/	Cumulative: 0.237 avg rt, 0% failures
21:46:42 INFO: Current: 5 vu	1 succ	0 fail	0.222 avg rt	/	Cumulative: 0.237 avg rt, 0% failures
21:46:43 INFO: Current: 5 vu	2 succ	0 fail	0.211 avg rt	/	Cumulative: 0.236 avg rt, 0% failures
21:46:44 INFO: Current: 5 vu	2 succ	0 fail	0.166 avg rt	/	Cumulative: 0.233 avg rt, 0% failures
21:46:45 INFO: Current: 6 vu	3 succ	0 fail	0.129 avg rt	/	Cumulative: 0.228 avg rt, 0% failures
21:46:46 INFO: Current: 6 vu	4 succ	0 fail	0.205 avg rt	/	Cumulative: 0.227 avg rt, 0% failures
21:46:47 INFO: Current: 6 vu	2 succ	0 fail	0.160 avg rt	/	Cumulative: 0.225 avg rt, 0% failures
21:46:48 INFO: Current: 6 vu	3 succ	0 fail	0.243 avg rt	/	Cumulative: 0.226 avg rt, 0% failures
21:46:49 INFO: Current: 6 vu	3 succ	0 fail	0.197 avg rt	/	Cumulative: 0.224 avg rt, 0% failures
21:46:50 INFO: Current: 6 vu	1 succ	0 fail	0.237 avg rt	/	Cumulative: 0.225 avg rt, 0% failures
21:46:51 INFO: Current: 6 vu	4 succ	0 fail	0.085 avg rt	/	Cumulative: 0.217 avg rt, 0% failures
21:46:52 INFO: Current: 6 vu	2 succ	0 fail	0.170 avg rt	/	Cumulative: 0.216 avg rt, 0% failures
21:46:53 INFO: Current: 7 vu	6 succ	0 fail	0.241 avg rt	/	Cumulative: 0.218 avg rt, 0% failures
21:46:54 INFO: Current: 7 vu	2 succ	0 fail	0.220 avg rt	/	Cumulative: 0.218 avg rt, 0% failures
21:46:55 INFO: Current: 7 vu	4 succ	0 fail	0.182 avg rt	/	Cumulative: 0.216 avg rt, 0% failures
21:46:56 INFO: Current: 7 vu	3 succ	0 fail	0.128 avg rt	/	Cumulative: 0.214 avg rt, 0% failures
21:46:57 INFO: Current: 7 vu	4 succ	0 fail	0.152 avg rt	/	Cumulative: 0.211 avg rt, 0% failures
21:46:58 INFO: Current: 7 vu	3 succ	0 fail	0.120 avg rt	/	Cumulative: 0.209 avg rt, 0% failures
21:46:59 INFO: Current: 7 vu	4 succ	0 fail	0.198 avg rt	/	Cumulative: 0.208 avg rt, 0% failures
21:47:00 INFO: Current: 7 vu	2 succ	0 fail	0.218 avg rt	/	Cumulative: 0.208 avg rt, 0% failures
21:47:01 INFO: Current: 7 vu	3 succ	0 fail	0.142 avg rt	/	Cumulative: 0.207 avg rt, 0% failures
21:47:02 INFO: Current: 8 vu	4 succ	0 fail	0.174 avg rt	/	Cumulative: 0.205 avg rt, 0% failures
21:47:03 INFO: Current: 8 vu	1 succ	0 fail	0.260 avg rt	/	Cumulative: 0.206 avg rt, 0% failures
21:47:04 INFO: Current: 8 vu	7 succ	0 fail	0.194 avg rt	/	Cumulative: 0.205 avg rt, 0% failures
21:47:05 INFO: Current: 8 vu	1 succ	0 fail	0.190 avg rt	/	Cumulative: 0.205 avg rt, 0% failures
21:47:06 INFO: Current: 8 vu	4 succ	0 fail	0.230 avg rt	/	Cumulative: 0.206 avg rt, 0% failures
21:47:07 INFO: Current: 8 vu	4 succ	0 fail	0.165 avg rt	/	Cumulative: 0.205 avg rt, 0% failures
21:47:08 INFO: Current: 8 vu	3 succ	0 fail	0.130 avg rt	/	Cumulative: 0.203 avg rt, 0% failures
21:47:09 INFO: Current: 8 vu	5 succ	0 fail	0.118 avg rt	/	Cumulative: 0.200 avg rt, 0% failures
21:47:10 INFO: Current: 8 vu	2 succ	0 fail	0.233 avg rt	/	Cumulative: 0.200 avg rt, 0% failures
21:47:11 INFO: Current: 9 vu	4 succ	0 fail	0.231 avg rt	/	Cumulative: 0.201 avg rt, 0% failures
21:47:12 INFO: Current: 9 vu	5 succ	0 fail	0.244 avg rt	/	Cumulative: 0.203 avg rt, 0% failures
21:47:13 INFO: Current: 9 vu	3 succ	0 fail	0.131 avg rt	/	Cumulative: 0.201 avg rt, 0% failures
21:47:14 INFO: Current: 9 vu	6 succ	0 fail	0.170 avg rt	/	Cumulative: 0.200 avg rt, 0% failures
21:47:15 INFO: Current: 9 vu	1 succ	0 fail	0.091 avg rt	/	Cumulative: 0.199 avg rt, 0% failures
21:47:16 INFO: Current: 9 vu	6 succ	0 fail	0.190 avg rt	/	Cumulative: 0.199 avg rt, 0% failures
21:47:17 INFO: Current: 9 vu	3 succ	0 fail	0.180 avg rt	/	Cumulative: 0.199 avg rt, 0% failures
21:47:18 INFO: Current: 9 vu	4 succ	0 fail	0.155 avg rt	/	Cumulative: 0.198 avg rt, 0% failures
21:47:19 INFO: Current: 9 vu	5 succ	0 fail	0.174 avg rt	/	Cumulative: 0.197 avg rt, 0% failures
21:47:20 INFO: Current: 9 vu	4 succ	0 fail	0.163 avg rt	/	Cumulative: 0.196 avg rt, 0% failures
21:47:21 INFO: Current: 10 vu	5 succ	0 fail	0.218 avg rt	/	Cumulative: 0.197 avg rt, 0% failures
21:47:22 INFO: Current: 10 vu	2 succ	0 fail	0.221 avg rt	/	Cumulative: 0.197 avg rt, 0% failures
21:47:23 INFO: Current: 10 vu	6 succ	0 fail	0.165 avg rt	/	Cumulative: 0.196 avg rt, 0% failures
21:47:24 INFO: Current: 10 vu	3 succ	0 fail	0.218 avg rt	/	Cumulative: 0.196 avg rt, 0% failures
21:47:25 INFO: Current: 10 vu	7 succ	0 fail	0.170 avg rt	/	Cumulative: 0.196 avg rt, 0% failures
21:47:26 INFO: Current: 10 vu	4 succ	0 fail	0.157 avg rt	/	Cumulative: 0.195 avg rt, 0% failures
21:47:27 INFO: Current: 10 vu	5 succ	0 fail	0.177 avg rt	/	Cumulative: 0.194 avg rt, 0% failures
21:47:28 INFO: Current: 10 vu	5 succ	0 fail	0.142 avg rt	/	Cumulative: 0.193 avg rt, 0% failures
21:47:29 INFO: Current: 11 vu	5 succ	0 fail	0.195 avg rt	/	Cumulative: 0.193 avg rt, 0% failures
21:47:30 INFO: Current: 11 vu	4 succ	0 fail	0.189 avg rt	/	Cumulative: 0.193 avg rt, 0% failures
21:47:31 INFO: Current: 11 vu	4 succ	0 fail	0.228 avg rt	/	Cumulative: 0.194 avg rt, 0% failures
21:47:32 INFO: Current: 11 vu	6 succ	0 fail	0.130 avg rt	/	Cumulative: 0.192 avg rt, 0% failures
21:47:33 INFO: Current: 11 vu	6 succ	0 fail	0.239 avg rt	/	Cumulative: 0.193 avg rt, 0% failures
21:47:35 INFO: Current: 11 vu	7 succ	0 fail	0.165 avg rt	/	Cumulative: 0.192 avg rt, 0% failures
21:47:36 INFO: Current: 11 vu	3 succ	0 fail	0.138 avg rt	/	Cumulative: 0.192 avg rt, 0% failures
21:47:37 INFO: Current: 11 vu	4 succ	0 fail	0.229 avg rt	/	Cumulative: 0.192 avg rt, 0% failures
21:47:38 INFO: Current: 11 vu	4 succ	0 fail	0.153 avg rt	/	Cumulative: 0.192 avg rt, 0% failures
21:47:39 INFO: Current: 12 vu	3 succ	0 fail	0.246 avg rt	/	Cumulative: 0.192 avg rt, 0% failures
21:47:40 INFO: Current: 12 vu	8 succ	0 fail	0.279 avg rt	/	Cumulative: 0.195 avg rt, 0% failures
21:47:41 INFO: Current: 12 vu	3 succ	0 fail	0.312 avg rt	/	Cumulative: 0.196 avg rt, 0% failures
21:47:42 INFO: Current: 12 vu	8 succ	0 fail	0.266 avg rt	/	Cumulative: 0.198 avg rt, 0% failures
21:47:43 INFO: Current: 12 vu	3 succ	0 fail	0.177 avg rt	/	Cumulative: 0.198 avg rt, 0% failures
21:47:44 INFO: Current: 12 vu	8 succ	0 fail	0.154 avg rt	/	Cumulative: 0.197 avg rt, 0% failures
21:47:45 INFO: Current: 12 vu	4 succ	0 fail	0.163 avg rt	/	Cumulative: 0.196 avg rt, 0% failures
21:47:46 INFO: Current: 12 vu	6 succ	0 fail	0.156 avg rt	/	Cumulative: 0.195 avg rt, 0% failures
21:47:47 INFO: Current: 13 vu	6 succ	0 fail	0.259 avg rt	/	Cumulative: 0.197 avg rt, 0% failures
21:47:48 INFO: Current: 13 vu	4 succ	0 fail	0.183 avg rt	/	Cumulative: 0.196 avg rt, 0% failures
21:47:49 INFO: Current: 13 vu	8 succ	0 fail	0.173 avg rt	/	Cumulative: 0.196 avg rt, 0% failures
21:47:50 INFO: Current: 13 vu	4 succ	0 fail	0.164 avg rt	/	Cumulative: 0.195 avg rt, 0% failures
21:47:51 INFO: Current: 13 vu	5 succ	0 fail	0.208 avg rt	/	Cumulative: 0.196 avg rt, 0% failures
21:47:52 INFO: Current: 13 vu	8 succ	0 fail	0.156 avg rt	/	Cumulative: 0.195 avg rt, 0% failures
21:47:53 INFO: Current: 13 vu	5 succ	0 fail	0.190 avg rt	/	Cumulative: 0.195 avg rt, 0% failures
21:47:54 INFO: Current: 13 vu	6 succ	0 fail	0.203 avg rt	/	Cumulative: 0.195 avg rt, 0% failures
21:47:55 INFO: Current: 13 vu	8 succ	0 fail	0.159 avg rt	/	Cumulative: 0.194 avg rt, 0% failures
21:47:56 INFO: Current: 14 vu	5 succ	0 fail	0.155 avg rt	/	Cumulative: 0.194 avg rt, 0% failures
21:47:57 INFO: Current: 14 vu	7 succ	0 fail	0.192 avg rt	/	Cumulative: 0.194 avg rt, 0% failures
21:47:58 INFO: Current: 14 vu	5 succ	0 fail	0.198 avg rt	/	Cumulative: 0.194 avg rt, 0% failures
21:47:59 INFO: Current: 14 vu	6 succ	0 fail	0.197 avg rt	/	Cumulative: 0.193 avg rt, 0% failures
21:48:01 INFO: Current: 14 vu	8 succ	0 fail	0.186 avg rt	/	Cumulative: 0.193 avg rt, 0% failures
21:48:02 INFO: Current: 14 vu	5 succ	0 fail	0.188 avg rt	/	Cumulative: 0.193 avg rt, 0% failures
21:48:03 INFO: Current: 14 vu	6 succ	0 fail	0.142 avg rt	/	Cumulative: 0.191 avg rt, 0% failures
21:48:04 INFO: Current: 15 vu	8 succ	0 fail	0.277 avg rt	/	Cumulative: 0.193 avg rt, 0% failures
21:48:06 INFO: Current: 15 vu	5 succ	0 fail	0.212 avg rt	/	Cumulative: 0.193 avg rt, 0% failures
21:48:07 INFO: Current: 15 vu	9 succ	0 fail	0.180 avg rt	/	Cumulative: 0.193 avg rt, 0% failures
21:48:09 INFO: Current: 15 vu	9 succ	0 fail	0.171 avg rt	/	Cumulative: 0.192 avg rt, 0% failures
21:48:11 INFO: Current: 15 vu	5 succ	0 fail	0.172 avg rt	/	Cumulative: 0.192 avg rt, 0% failures
21:48:12 INFO: Current: 15 vu	7 succ	0 fail	0.184 avg rt	/	Cumulative: 0.192 avg rt, 0% failures
21:48:13 INFO: Current: 15 vu	6 succ	0 fail	0.207 avg rt	/	Cumulative: 0.192 avg rt, 0% failures
21:48:14 INFO: Current: 15 vu	8 succ	0 fail	0.160 avg rt	/	Cumulative: 0.191 avg rt, 0% failures
21:48:15 INFO: Current: 16 vu	7 succ	0 fail	0.261 avg rt	/	Cumulative: 0.193 avg rt, 0% failures
21:48:17 INFO: Current: 16 vu	5 succ	0 fail	0.201 avg rt	/	Cumulative: 0.193 avg rt, 0% failures
21:48:18 INFO: Current: 16 vu	8 succ	0 fail	0.167 avg rt	/	Cumulative: 0.192 avg rt, 0% failures
21:48:19 INFO: Current: 16 vu	7 succ	0 fail	0.175 avg rt	/	Cumulative: 0.192 avg rt, 0% failures
21:48:20 INFO: Current: 16 vu	5 succ	0 fail	0.137 avg rt	/	Cumulative: 0.191 avg rt, 0% failures
21:48:22 INFO: Current: 16 vu	9 succ	0 fail	0.199 avg rt	/	Cumulative: 0.192 avg rt, 0% failures
21:48:23 INFO: Current: 17 vu	5 succ	0 fail	0.201 avg rt	/	Cumulative: 0.192 avg rt, 0% failures
21:48:24 INFO: Current: 17 vu	8 succ	0 fail	0.207 avg rt	/	Cumulative: 0.192 avg rt, 0% failures
21:48:25 INFO: Current: 17 vu	6 succ	0 fail	0.229 avg rt	/	Cumulative: 0.193 avg rt, 0% failures
21:48:27 INFO: Current: 17 vu	8 succ	0 fail	0.255 avg rt	/	Cumulative: 0.194 avg rt, 0% failures
21:48:28 INFO: Current: 17 vu	8 succ	0 fail	0.194 avg rt	/	Cumulative: 0.194 avg rt, 0% failures
21:48:29 INFO: Current: 17 vu	9 succ	0 fail	0.116 avg rt	/	Cumulative: 0.192 avg rt, 0% failures
21:48:30 INFO: Current: 17 vu	6 succ	0 fail	0.160 avg rt	/	Cumulative: 0.192 avg rt, 0% failures
21:48:31 INFO: Current: 17 vu	11 succ	0 fail	0.241 avg rt	/	Cumulative: 0.193 avg rt, 0% failures
21:48:32 INFO: Current: 18 vu	7 succ	0 fail	0.229 avg rt	/	Cumulative: 0.193 avg rt, 0% failures
21:48:33 INFO: Current: 18 vu	7 succ	0 fail	0.183 avg rt	/	Cumulative: 0.193 avg rt, 0% failures
21:48:34 INFO: Current: 18 vu	7 succ	0 fail	0.207 avg rt	/	Cumulative: 0.193 avg rt, 0% failures
21:48:35 INFO: Current: 18 vu	12 succ	0 fail	0.210 avg rt	/	Cumulative: 0.194 avg rt, 0% failures
21:48:36 INFO: Current: 18 vu	8 succ	0 fail	0.175 avg rt	/	Cumulative: 0.193 avg rt, 0% failures
21:48:37 INFO: Current: 18 vu	7 succ	0 fail	0.228 avg rt	/	Cumulative: 0.194 avg rt, 0% failures
21:48:38 INFO: Current: 18 vu	9 succ	0 fail	0.180 avg rt	/	Cumulative: 0.194 avg rt, 0% failures
21:48:39 INFO: Current: 18 vu	6 succ	0 fail	0.207 avg rt	/	Cumulative: 0.194 avg rt, 0% failures
21:48:40 INFO: Current: 19 vu	11 succ	0 fail	0.189 avg rt	/	Cumulative: 0.194 avg rt, 0% failures
21:48:42 INFO: Current: 19 vu	13 succ	0 fail	0.284 avg rt	/	Cumulative: 0.195 avg rt, 0% failures
21:48:44 INFO: Current: 19 vu	8 succ	0 fail	0.291 avg rt	/	Cumulative: 0.196 avg rt, 0% failures
21:48:45 INFO: Current: 19 vu	6 succ	0 fail	0.167 avg rt	/	Cumulative: 0.196 avg rt, 0% failures
21:48:46 INFO: Current: 19 vu	10 succ	0 fail	0.178 avg rt	/	Cumulative: 0.196 avg rt, 0% failures
21:48:47 INFO: Current: 19 vu	7 succ	0 fail	0.161 avg rt	/	Cumulative: 0.195 avg rt, 0% failures
21:48:48 INFO: Current: 19 vu	8 succ	0 fail	0.203 avg rt	/	Cumulative: 0.195 avg rt, 0% failures
21:48:49 INFO: Current: 19 vu	10 succ	0 fail	0.229 avg rt	/	Cumulative: 0.196 avg rt, 0% failures
21:48:51 INFO: Current: 20 vu	6 succ	0 fail	0.183 avg rt	/	Cumulative: 0.196 avg rt, 0% failures
21:48:52 INFO: Current: 20 vu	7 succ	0 fail	0.242 avg rt	/	Cumulative: 0.196 avg rt, 0% failures
21:48:53 INFO: Current: 20 vu	10 succ	0 fail	0.253 avg rt	/	Cumulative: 0.197 avg rt, 0% failures
21:48:54 INFO: Current: 20 vu	9 succ	0 fail	0.211 avg rt	/	Cumulative: 0.197 avg rt, 0% failures
21:48:55 INFO: Current: 20 vu	9 succ	0 fail	0.192 avg rt	/	Cumulative: 0.197 avg rt, 0% failures
21:48:57 INFO: Current: 20 vu	10 succ	0 fail	0.198 avg rt	/	Cumulative: 0.197 avg rt, 0% failures
21:48:59 INFO: Current: 20 vu	10 succ	0 fail	0.385 avg rt	/	Cumulative: 0.199 avg rt, 0% failures
21:49:01 INFO: Current: 20 vu	11 succ	0 fail	0.183 avg rt	/	Cumulative: 0.199 avg rt, 0% failures
21:49:03 INFO: Current: 20 vu	13 succ	0 fail	0.317 avg rt	/	Cumulative: 0.200 avg rt, 0% failures
21:49:04 INFO: Current: 20 vu	6 succ	0 fail	0.240 avg rt	/	Cumulative: 0.200 avg rt, 0% failures
21:49:06 INFO: Current: 20 vu	10 succ	0 fail	0.252 avg rt	/	Cumulative: 0.201 avg rt, 0% failures
21:49:08 INFO: Current: 20 vu	6 succ	0 fail	0.162 avg rt	/	Cumulative: 0.201 avg rt, 0% failures
21:49:09 INFO: Current: 20 vu	14 succ	0 fail	0.226 avg rt	/	Cumulative: 0.201 avg rt, 0% failures
21:49:10 INFO: Current: 20 vu	10 succ	0 fail	0.255 avg rt	/	Cumulative: 0.202 avg rt, 0% failures
21:49:11 INFO: Current: 20 vu	7 succ	0 fail	0.320 avg rt	/	Cumulative: 0.203 avg rt, 0% failures
21:49:13 INFO: Current: 20 vu	10 succ	0 fail	0.214 avg rt	/	Cumulative: 0.203 avg rt, 0% failures
21:49:14 INFO: Current: 20 vu	8 succ	0 fail	0.197 avg rt	/	Cumulative: 0.203 avg rt, 0% failures
21:49:15 INFO: Current: 20 vu	10 succ	0 fail	0.175 avg rt	/	Cumulative: 0.203 avg rt, 0% failures
21:49:16 INFO: Current: 20 vu	7 succ	0 fail	0.223 avg rt	/	Cumulative: 0.203 avg rt, 0% failures
21:49:17 INFO: Current: 20 vu	12 succ	0 fail	0.208 avg rt	/	Cumulative: 0.203 avg rt, 0% failures
21:49:19 INFO: Current: 20 vu	4 succ	0 fail	0.179 avg rt	/	Cumulative: 0.203 avg rt, 0% failures
21:49:20 INFO: Current: 20 vu	7 succ	0 fail	0.211 avg rt	/	Cumulative: 0.204 avg rt, 0% failures
21:49:21 INFO: Current: 20 vu	11 succ	0 fail	0.199 avg rt	/	Cumulative: 0.203 avg rt, 0% failures
21:49:22 INFO: Current: 20 vu	9 succ	0 fail	0.157 avg rt	/	Cumulative: 0.203 avg rt, 0% failures
21:49:23 INFO: Current: 20 vu	9 succ	0 fail	0.201 avg rt	/	Cumulative: 0.203 avg rt, 0% failures
21:49:24 INFO: Current: 20 vu	9 succ	0 fail	0.200 avg rt	/	Cumulative: 0.203 avg rt, 0% failures
21:49:25 INFO: Current: 20 vu	8 succ	0 fail	0.215 avg rt	/	Cumulative: 0.203 avg rt, 0% failures
21:49:26 INFO: Current: 20 vu	10 succ	0 fail	0.239 avg rt	/	Cumulative: 0.203 avg rt, 0% failures
21:49:28 INFO: Current: 20 vu	9 succ	0 fail	0.274 avg rt	/	Cumulative: 0.205 avg rt, 0% failures
21:49:29 INFO: Current: 20 vu	9 succ	0 fail	0.150 avg rt	/	Cumulative: 0.205 avg rt, 0% failures
21:49:30 INFO: Current: 20 vu	10 succ	0 fail	0.293 avg rt	/	Cumulative: 0.206 avg rt, 0% failures
21:49:32 INFO: Current: 20 vu	7 succ	0 fail	0.220 avg rt	/	Cumulative: 0.206 avg rt, 0% failures
21:49:34 INFO: Current: 20 vu	10 succ	0 fail	0.177 avg rt	/	Cumulative: 0.206 avg rt, 0% failures
21:49:35 INFO: Current: 20 vu	7 succ	0 fail	0.197 avg rt	/	Cumulative: 0.205 avg rt, 0% failures
21:49:36 INFO: Current: 20 vu	11 succ	0 fail	0.224 avg rt	/	Cumulative: 0.205 avg rt, 0% failures
21:49:37 INFO: Current: 20 vu	5 succ	0 fail	0.338 avg rt	/	Cumulative: 0.206 avg rt, 0% failures
21:49:39 INFO: Current: 20 vu	8 succ	0 fail	0.168 avg rt	/	Cumulative: 0.206 avg rt, 0% failures
21:49:41 INFO: Current: 20 vu	10 succ	0 fail	0.143 avg rt	/	Cumulative: 0.206 avg rt, 0% failures
21:49:43 INFO: Current: 20 vu	6 succ	0 fail	0.189 avg rt	/	Cumulative: 0.206 avg rt, 0% failures
21:49:44 INFO: Current: 20 vu	13 succ	0 fail	0.215 avg rt	/	Cumulative: 0.206 avg rt, 0% failures
21:49:45 INFO: Current: 20 vu	11 succ	0 fail	0.206 avg rt	/	Cumulative: 0.206 avg rt, 0% failures
21:49:46 INFO: Current: 20 vu	8 succ	0 fail	0.187 avg rt	/	Cumulative: 0.206 avg rt, 0% failures
21:49:47 INFO: Current: 20 vu	12 succ	0 fail	0.227 avg rt	/	Cumulative: 0.206 avg rt, 0% failures
21:49:48 INFO: Current: 20 vu	7 succ	0 fail	0.189 avg rt	/	Cumulative: 0.206 avg rt, 0% failures
21:49:49 INFO: Current: 20 vu	10 succ	0 fail	0.242 avg rt	/	Cumulative: 0.206 avg rt, 0% failures
21:49:50 INFO: Current: 20 vu	7 succ	0 fail	0.251 avg rt	/	Cumulative: 0.206 avg rt, 0% failures
21:49:51 INFO: Current: 20 vu	11 succ	0 fail	0.182 avg rt	/	Cumulative: 0.206 avg rt, 0% failures
21:49:52 INFO: Current: 20 vu	9 succ	0 fail	0.189 avg rt	/	Cumulative: 0.206 avg rt, 0% failures
21:49:53 INFO: Current: 20 vu	9 succ	0 fail	0.154 avg rt	/	Cumulative: 0.206 avg rt, 0% failures
21:49:54 INFO: Current: 20 vu	8 succ	0 fail	0.245 avg rt	/	Cumulative: 0.206 avg rt, 0% failures
21:49:55 INFO: Current: 20 vu	13 succ	0 fail	0.244 avg rt	/	Cumulative: 0.206 avg rt, 0% failures
21:49:56 INFO: Current: 20 vu	6 succ	0 fail	0.198 avg rt	/	Cumulative: 0.206 avg rt, 0% failures
21:49:58 INFO: Current: 20 vu	8 succ	0 fail	0.161 avg rt	/	Cumulative: 0.206 avg rt, 0% failures
21:49:59 INFO: Current: 20 vu	9 succ	0 fail	0.240 avg rt	/	Cumulative: 0.206 avg rt, 0% failures
21:50:01 INFO: Current: 20 vu	8 succ	0 fail	0.258 avg rt	/	Cumulative: 0.207 avg rt, 0% failures
21:50:02 INFO: Current: 20 vu	7 succ	0 fail	0.224 avg rt	/	Cumulative: 0.207 avg rt, 0% failures
21:50:04 INFO: Current: 20 vu	7 succ	0 fail	0.160 avg rt	/	Cumulative: 0.207 avg rt, 0% failures
21:50:05 INFO: Current: 20 vu	9 succ	0 fail	0.231 avg rt	/	Cumulative: 0.207 avg rt, 0% failures
21:50:07 INFO: Current: 20 vu	7 succ	0 fail	0.277 avg rt	/	Cumulative: 0.208 avg rt, 0% failures
21:50:09 INFO: Current: 20 vu	9 succ	0 fail	0.250 avg rt	/	Cumulative: 0.208 avg rt, 0% failures
21:50:10 INFO: Current: 20 vu	10 succ	0 fail	0.249 avg rt	/	Cumulative: 0.208 avg rt, 0% failures
21:50:11 INFO: Current: 20 vu	7 succ	0 fail	0.301 avg rt	/	Cumulative: 0.208 avg rt, 0% failures
21:50:12 INFO: Current: 20 vu	11 succ	0 fail	0.250 avg rt	/	Cumulative: 0.209 avg rt, 0% failures
21:50:13 INFO: Current: 20 vu	9 succ	0 fail	0.307 avg rt	/	Cumulative: 0.209 avg rt, 0% failures
21:50:15 INFO: Current: 20 vu	9 succ	0 fail	0.151 avg rt	/	Cumulative: 0.209 avg rt, 0% failures
21:50:17 INFO: Current: 20 vu	13 succ	0 fail	0.247 avg rt	/	Cumulative: 0.210 avg rt, 0% failures
21:50:18 INFO: Current: 20 vu	7 succ	0 fail	0.290 avg rt	/	Cumulative: 0.210 avg rt, 0% failures
21:50:19 INFO: Current: 20 vu	11 succ	0 fail	0.240 avg rt	/	Cumulative: 0.210 avg rt, 0% failures
21:50:20 INFO: Current: 20 vu	6 succ	0 fail	0.240 avg rt	/	Cumulative: 0.210 avg rt, 0% failures
21:50:22 INFO: Current: 20 vu	9 succ	0 fail	0.261 avg rt	/	Cumulative: 0.210 avg rt, 0% failures
21:50:24 INFO: Current: 20 vu	12 succ	0 fail	0.259 avg rt	/	Cumulative: 0.211 avg rt, 0% failures
21:50:25 INFO: Current: 20 vu	7 succ	0 fail	0.161 avg rt	/	Cumulative: 0.211 avg rt, 0% failures
21:50:27 INFO: Current: 20 vu	7 succ	0 fail	0.219 avg rt	/	Cumulative: 0.211 avg rt, 0% failures
21:50:28 INFO: Current: 20 vu	8 succ	0 fail	0.193 avg rt	/	Cumulative: 0.210 avg rt, 0% failures
21:50:29 INFO: Current: 20 vu	9 succ	0 fail	0.203 avg rt	/	Cumulative: 0.210 avg rt, 0% failures
21:50:31 INFO: Current: 20 vu	8 succ	0 fail	0.232 avg rt	/	Cumulative: 0.212 avg rt, 0% failures
21:50:32 INFO: Current: 20 vu	9 succ	0 fail	0.193 avg rt	/	Cumulative: 0.212 avg rt, 0% failures
21:50:34 INFO: Current: 20 vu	11 succ	0 fail	0.202 avg rt	/	Cumulative: 0.212 avg rt, 0% failures
21:50:36 INFO: Current: 20 vu	8 succ	0 fail	0.187 avg rt	/	Cumulative: 0.212 avg rt, 0% failures
21:50:37 INFO: Current: 20 vu	11 succ	0 fail	0.229 avg rt	/	Cumulative: 0.212 avg rt, 0% failures
21:50:38 INFO: Current: 20 vu	10 succ	0 fail	0.197 avg rt	/	Cumulative: 0.212 avg rt, 0% failures
21:50:39 INFO: Current: 20 vu	11 succ	0 fail	0.205 avg rt	/	Cumulative: 0.212 avg rt, 0% failures
21:50:40 INFO: Current: 20 vu	9 succ	0 fail	0.260 avg rt	/	Cumulative: 0.212 avg rt, 0% failures
21:50:42 INFO: Current: 20 vu	11 succ	0 fail	0.221 avg rt	/	Cumulative: 0.212 avg rt, 0% failures
21:50:43 INFO: Current: 20 vu	6 succ	0 fail	0.267 avg rt	/	Cumulative: 0.212 avg rt, 0% failures
21:50:44 INFO: Current: 20 vu	15 succ	0 fail	0.231 avg rt	/	Cumulative: 0.212 avg rt, 0% failures
21:50:45 INFO: Current: 20 vu	5 succ	0 fail	0.121 avg rt	/	Cumulative: 0.212 avg rt, 0% failures
21:50:47 INFO: Current: 20 vu	7 succ	0 fail	0.216 avg rt	/	Cumulative: 0.212 avg rt, 0% failures
21:50:48 INFO: Current: 20 vu	10 succ	0 fail	0.230 avg rt	/	Cumulative: 0.212 avg rt, 0% failures
21:50:50 INFO: Current: 20 vu	8 succ	0 fail	0.177 avg rt	/	Cumulative: 0.212 avg rt, 0% failures
21:50:51 INFO: Current: 20 vu	10 succ	0 fail	0.245 avg rt	/	Cumulative: 0.213 avg rt, 0% failures
21:50:53 INFO: Current: 20 vu	10 succ	0 fail	0.145 avg rt	/	Cumulative: 0.212 avg rt, 0% failures
21:50:53 WARNING: Please wait for graceful shutdown...
21:50:53 INFO: Shutting down...
21:50:54 INFO: Terminating process PID 90 with signal 15 (59 tries left)
21:50:55 INFO: Terminating process PID 90 with signal 15 (58 tries left)
21:50:55 INFO: Post-processing...
21:50:55 INFO: Test duration: 0:05:09
21:50:55 INFO: Samples count: 1921, 0.00% failures
21:50:55 INFO: Average times: total 0.212, latency 0.133, connect 0.008
21:50:55 INFO: Percentiles:
+---------------+---------------+
| Percentile, % | Resp. Time, s |
+---------------+---------------+
|           0.0 |         0.076 |
|          50.0 |         0.224 |
|          90.0 |         0.316 |
|          95.0 |         0.385 |
|          99.0 |         0.638 |
|          99.9 |         0.975 |
|         100.0 |         1.178 |
+---------------+---------------+
21:50:55 INFO: Request label stats:
+------------------------+--------+---------+--------+-------+
| label                  | status |    succ | avg_rt | error |
+------------------------+--------+---------+--------+-------+
| add book to cart       |   OK   | 100.00% |  0.112 |       |
| add macbook to cart    |   OK   | 100.00% |  0.111 |       |
| add sunglasses to cart |   OK   | 100.00% |  0.112 |       |
| click macbook          |   OK   | 100.00% |  0.322 |       |
| click on sunglasses    |   OK   | 100.00% |  0.252 |       |
| search "apple"         |   OK   | 100.00% |  0.273 |       |
| search "fahr"          |   OK   | 100.00% |  0.254 |       |
| search sunglasses      |   OK   | 100.00% |  0.254 |       |
+------------------------+--------+---------+--------+-------+
21:50:55 INFO: Sending remaining KPI data to server...
21:50:56 INFO: Background task was not completed, shutting it down: atop -a -w atop.binlog 15
21:50:57 INFO: Terminating process PID 160 with signal 15 (59 tries left)
21:50:58 INFO: Terminating process PID 160 with signal 15 (58 tries left)
21:50:58 INFO: Background task was not completed, shutting it down: /usr/local/bztcloud/jetlag-run.sh
21:50:59 INFO: Terminating process PID 193 with signal 15 (59 tries left)
21:51:00 INFO: Terminating process PID 193 with signal 15 (58 tries left)
21:51:00 INFO: Starting shell command: /usr/local/bztcloud/process-cleanup.sh
21:51:05 INFO: Artifacts dir: /tmp/artifacts
21:51:05 INFO: Done performing with code: 0
+ '[' -f /tmp/cloud-shutdown.lock ']'
+ touch /tmp/cloud-shutdown.lock
+ LOG=/tmp/artifacts/admin/cloud-shutdown.log
+ SSE=AES256
++ dirname /usr/local/bztcloud/cloud-shutdown.sh
+ current_dir=/usr/local/bztcloud
+ . /usr/local/bztcloud/consts.sh
++ TAURUS_ORIGINAL_CONFIG=taurus-original-config.yml
++ TAURUS_TEMP_ORIGINAL_CONFIG=tmp-taurus-base-config.yml
++ TAURUS_CUSTOM_CONFIG=taurus-custom-config.yml
++ CLOUD_SHUTDOWN_SCRIPT=/usr/local/bztcloud/cloud-shutdown.sh
++ ADMIN_ARTIFACTS_DIR=/tmp/artifacts/admin
++ JETPACK_JAR_FILENAME=/root/blazemeter-jetpack.jar
++ JAVA_OPTIONS=-Dfile.encoding=UTF-8
+ . /usr/local/bztcloud/utils.sh
+ echo_log /tmp/artifacts/admin/cloud-shutdown.log 'starting cloud shutdown'
+ log_path=/tmp/artifacts/admin/cloud-shutdown.log
+ shift
++ date '+%Y-%m-%d %H:%M:%S.%4N:'
+ echo 2018-10-25 21:51:05.8302: 'starting cloud shutdown'
+ export AWS_ACCESS_KEY_ID=ASIA27ZZ6HCKWQVR45EH
+ AWS_ACCESS_KEY_ID=ASIA27ZZ6HCKWQVR45EH
+ export AWS_SECRET_ACCESS_KEY=dTiOxelsuPGV/YwlfpZga8bGn2a8Vq3MFcrMR/ES
+ AWS_SECRET_ACCESS_KEY=dTiOxelsuPGV/YwlfpZga8bGn2a8Vq3MFcrMR/ES
+ '[' -z FQoGZXIvYXdzEB8aDI3C4vUsSz+JMqJUWCLkAwFnwoBICBleL2flZ1sVW9YCEO6ZpVGLBXH9YoGpGiUsycqB8VXe7WVHqmUUvNp/pOGrZF9123erSgAQf8pPDL67sAxycu0ROSoxfDbamnQ5Kv8FSMjFcLQ7ZcZb+QmQPYSqA/6DZV12eQkA+aq7low/K4aKSUsO0c5D9W8Ts0+l6SOD6pXdbkP1ThqbcqyVzKaqmnwVhZFPZtl9/P35GB58TZjq1DHkV+GvGhAbkQtNdijvF8s0qa8x6D/kZDRLbwUSPiASeyuqbpIkT08GmtFSgZCJ5sTAw3yOXPOy4o0baf0z2pMoGqcjkwikCCzDWoMt+ik+CT9IGa1eAx5opU8trjJ6uocs2b580mBTaZlX2NE93fUx3Rvm5+pn1JkRQS5qGyFbaZqHoFJb5GZb9wVfWq+m8w4YrXxyq3z9GFG/m+Kwu9OzlQcPdSWvAyvuvQnkK3Uq5b5IpNr6ajOeytgqLJGDvNZdTqgdcKXP9QAqKCH1N3i+kaY0kZEcotIMW4XXyV++uN3n3DrmbF51GkkXlm8s9azxdH6P/ufrqJ8M60i+8n9GiqwGQmGRRuSdMD/hnBYNLg5HvRXIlcQSnSbdZS1/8uA9XWQpASXToYdxxx1yLIGFV6J1lyWNZ0Axz3QrDjYo9PLI3gU= ']'
+ export AWS_SECURITY_TOKEN=FQoGZXIvYXdzEB8aDI3C4vUsSz+JMqJUWCLkAwFnwoBICBleL2flZ1sVW9YCEO6ZpVGLBXH9YoGpGiUsycqB8VXe7WVHqmUUvNp/pOGrZF9123erSgAQf8pPDL67sAxycu0ROSoxfDbamnQ5Kv8FSMjFcLQ7ZcZb+QmQPYSqA/6DZV12eQkA+aq7low/K4aKSUsO0c5D9W8Ts0+l6SOD6pXdbkP1ThqbcqyVzKaqmnwVhZFPZtl9/P35GB58TZjq1DHkV+GvGhAbkQtNdijvF8s0qa8x6D/kZDRLbwUSPiASeyuqbpIkT08GmtFSgZCJ5sTAw3yOXPOy4o0baf0z2pMoGqcjkwikCCzDWoMt+ik+CT9IGa1eAx5opU8trjJ6uocs2b580mBTaZlX2NE93fUx3Rvm5+pn1JkRQS5qGyFbaZqHoFJb5GZb9wVfWq+m8w4YrXxyq3z9GFG/m+Kwu9OzlQcPdSWvAyvuvQnkK3Uq5b5IpNr6ajOeytgqLJGDvNZdTqgdcKXP9QAqKCH1N3i+kaY0kZEcotIMW4XXyV++uN3n3DrmbF51GkkXlm8s9azxdH6P/ufrqJ8M60i+8n9GiqwGQmGRRuSdMD/hnBYNLg5HvRXIlcQSnSbdZS1/8uA9XWQpASXToYdxxx1yLIGFV6J1lyWNZ0Axz3QrDjYo9PLI3gU=
+ AWS_SECURITY_TOKEN=FQoGZXIvYXdzEB8aDI3C4vUsSz+JMqJUWCLkAwFnwoBICBleL2flZ1sVW9YCEO6ZpVGLBXH9YoGpGiUsycqB8VXe7WVHqmUUvNp/pOGrZF9123erSgAQf8pPDL67sAxycu0ROSoxfDbamnQ5Kv8FSMjFcLQ7ZcZb+QmQPYSqA/6DZV12eQkA+aq7low/K4aKSUsO0c5D9W8Ts0+l6SOD6pXdbkP1ThqbcqyVzKaqmnwVhZFPZtl9/P35GB58TZjq1DHkV+GvGhAbkQtNdijvF8s0qa8x6D/kZDRLbwUSPiASeyuqbpIkT08GmtFSgZCJ5sTAw3yOXPOy4o0baf0z2pMoGqcjkwikCCzDWoMt+ik+CT9IGa1eAx5opU8trjJ6uocs2b580mBTaZlX2NE93fUx3Rvm5+pn1JkRQS5qGyFbaZqHoFJb5GZb9wVfWq+m8w4YrXxyq3z9GFG/m+Kwu9OzlQcPdSWvAyvuvQnkK3Uq5b5IpNr6ajOeytgqLJGDvNZdTqgdcKXP9QAqKCH1N3i+kaY0kZEcotIMW4XXyV++uN3n3DrmbF51GkkXlm8s9azxdH6P/ufrqJ8M60i+8n9GiqwGQmGRRuSdMD/hnBYNLg5HvRXIlcQSnSbdZS1/8uA9XWQpASXToYdxxx1yLIGFV6J1lyWNZ0Axz3QrDjYo9PLI3gU=
+ echo_log /tmp/artifacts/admin/cloud-shutdown.log 'generating artifacts.zip'
+ log_path=/tmp/artifacts/admin/cloud-shutdown.log
+ shift
++ date '+%Y-%m-%d %H:%M:%S.%4N:'
+ echo 2018-10-25 21:51:05.8322: 'generating artifacts.zip'
+ cd /tmp/artifacts
+ admin_files=("__blazemeter_to_taurus.yaml" "__taurus_config.yml" "effective.yml" "effective.json" "merged.yml" "merged.json" "exported.jetlag.ldjson" "final-overrides.yml" "taurus-base-config.yml" "tmp-taurus-base-config.yml" "taurus-custom-config.yml" "taurus_start.log" "jetlag-download.log" "jetlag.log" "jetpack-download.log" "jetpack.log" "jetpack.properties" "cloud-config.log")
+ declare -a admin_files
+ for f in '"${admin_files[@]}"'
+ '[' -f __blazemeter_to_taurus.yaml ']'
+ for f in '"${admin_files[@]}"'
+ '[' -f __taurus_config.yml ']'
+ for f in '"${admin_files[@]}"'
+ '[' -f effective.yml ']'
+ mv effective.yml /tmp/artifacts/admin/
+ for f in '"${admin_files[@]}"'
+ '[' -f effective.json ']'
+ mv effective.json /tmp/artifacts/admin/
+ for f in '"${admin_files[@]}"'
+ '[' -f merged.yml ']'
+ mv merged.yml /tmp/artifacts/admin/
+ for f in '"${admin_files[@]}"'
+ '[' -f merged.json ']'
+ mv merged.json /tmp/artifacts/admin/
+ for f in '"${admin_files[@]}"'
+ '[' -f exported.jetlag.ldjson ']'
+ mv exported.jetlag.ldjson /tmp/artifacts/admin/
+ for f in '"${admin_files[@]}"'
+ '[' -f final-overrides.yml ']'
+ mv final-overrides.yml /tmp/artifacts/admin/
+ for f in '"${admin_files[@]}"'
+ '[' -f taurus-base-config.yml ']'
+ for f in '"${admin_files[@]}"'
+ '[' -f tmp-taurus-base-config.yml ']'
+ mv tmp-taurus-base-config.yml /tmp/artifacts/admin/
+ for f in '"${admin_files[@]}"'
+ '[' -f taurus-custom-config.yml ']'
+ mv taurus-custom-config.yml /tmp/artifacts/admin/
+ for f in '"${admin_files[@]}"'
+ '[' -f taurus_start.log ']'
+ mv taurus_start.log /tmp/artifacts/admin/
+ for f in '"${admin_files[@]}"'
+ '[' -f jetlag-download.log ']'
+ mv jetlag-download.log /tmp/artifacts/admin/
+ for f in '"${admin_files[@]}"'
+ '[' -f jetlag.log ']'
+ mv jetlag.log /tmp/artifacts/admin/
+ for f in '"${admin_files[@]}"'
+ '[' -f jetpack-download.log ']'
+ mv jetpack-download.log /tmp/artifacts/admin/
+ for f in '"${admin_files[@]}"'
+ '[' -f jetpack.log ']'
+ mv jetpack.log /tmp/artifacts/admin/
+ for f in '"${admin_files[@]}"'
+ '[' -f jetpack.properties ']'
+ for f in '"${admin_files[@]}"'
+ '[' -f cloud-config.log ']'
+ rm -f /tmp/artifacts/process-cleanup.log
+ zip -r /tmp/artifacts/artifacts.zip . -x admin/atop.binlog admin/cloud-config.log admin/cloud-launcher.log admin/cloud-shutdown.log admin/effective.json admin/effective.yml admin/exported.jetlag.ldjson admin/final-overrides.yml admin/jetlag-download.log admin/jetlag.log admin/jetpack-download.log admin/jetpack.log admin/merged.json admin/merged.yml admin/taurus-custom-config.yml admin/taurus_start.log admin/tmp-taurus-base-config.yml admin/update_bzt.log -x admin/
  adding: jmeter-bzt.properties (deflated 47%)
  adding: jmeter.err (stored 0%)
  adding: jmeter.out (deflated 32%)
  adding: bzt.log (deflated 83%)
  adding: lost+found/ (stored 0%)
  adding: taurus-original-config.yml (stored 0%)
  adding: jmeter.log (deflated 82%)
  adding: NOP_SC2.jmx (deflated 92%)
  adding: kpi.jtl (deflated 87%)
  adding: error.jtl (deflated 20%)
  adding: modified_NOP_SC2.jmx (deflated 91%)
+ echo_log /tmp/artifacts/admin/cloud-shutdown.log 'uploading artifacts.zip'
+ log_path=/tmp/artifacts/admin/cloud-shutdown.log
+ shift
++ date '+%Y-%m-%d %H:%M:%S.%4N:'
+ echo 2018-10-25 21:51:05.8698: 'uploading artifacts.zip'
+ unzip -l /tmp/artifacts/artifacts.zip
+ yq -r '.modules["cloud-utils"]["aws-params"]' /tmp/artifacts/admin/taurus-custom-config.yml
+ python -m bztcloud.helpers.S3 /tmp/artifacts/artifacts.zip /tmp/artifacts/artifacts.zip.tail.bz
+ echo_log /tmp/artifacts/admin/cloud-shutdown.log 'uploading bzt.log'
+ log_path=/tmp/artifacts/admin/cloud-shutdown.log
+ shift
++ date '+%Y-%m-%d %H:%M:%S.%4N:'
+ echo 2018-10-25 21:51:06.5770: 'uploading bzt.log'
+ yq -r '.modules["cloud-utils"]["aws-params"]' /tmp/artifacts/admin/taurus-custom-config.yml
+ python -m bztcloud.helpers.S3 /tmp/artifacts/bzt.log
+ echo_log /tmp/artifacts/admin/cloud-shutdown.log 'generating admin-artifacts.zip'
+ log_path=/tmp/artifacts/admin/cloud-shutdown.log
+ shift
++ date '+%Y-%m-%d %H:%M:%S.%4N:'
+ echo 2018-10-25 21:51:07.1093: 'generating admin-artifacts.zip'
+ cd /tmp/artifacts/admin
+ '[' -f atop.binlog ']'
+ atop -r atop.binlog -L160
+ zip -r /tmp/artifacts/admin-artifacts.zip .
  adding: jetpack.log (stored 0%)
  adding: jetlag-download.log (deflated 86%)
  adding: atop.binlog (deflated 22%)
  adding: jetlag.log (deflated 95%)
  adding: taurus-custom-config.yml (deflated 65%)
  adding: cloud-config.log (deflated 51%)
  adding: jetpack-download.log (stored 0%)
  adding: effective.yml (deflated 69%)
  adding: effective.json (deflated 73%)
  adding: merged.yml (deflated 60%)
  adding: merged.json (deflated 65%)
  adding: update_bzt.log (deflated 29%)
  adding: atop.log (deflated 92%)
  adding: exported.jetlag.ldjson (deflated 90%)
  adding: cloud-launcher.log (deflated 58%)
  adding: taurus_start.log