[2018-10-26 10:53:42,741 INFO root] Taurus CLI Tool v1.13.0
[2018-10-26 10:53:42,742 DEBUG root] Command-line options: {'verbose': None, 'no_system_configs': None, 'quiet': None, 'log': '/var/folders/5f/vzk4zj_95sndkt7khp6l85jhnvgy8l/T/bzt_VOfrfN.log', 'option': None, 'aliases': []}
[2018-10-26 10:53:42,742 DEBUG root] Python: CPython 2.7.15
[2018-10-26 10:53:42,742 DEBUG root] OS: ('Darwin', 'chefe02mac947', '17.7.0', 'Darwin Kernel Version 17.7.0: Thu Jun 21 22:53:14 PDT 2018; root:xnu-4570.71.2~1/RELEASE_X86_64', 'x86_64', 'i386')
[2018-10-26 10:53:42,743 INFO root] Starting with configs: ['NOP_SC3_SP.yaml']
[2018-10-26 10:53:42,743 DEBUG root] Using personal config: /Users/chefe02/.bzt-rc
[2018-10-26 10:53:42,743 INFO Engine] Configuring...
[2018-10-26 10:53:42,743 DEBUG Engine] No machine configs dir: /usr/local/Cellar/bzt/1.13.0/libexec/bin/../etc/bzt.d
[2018-10-26 10:53:42,743 DEBUG Engine] Base configs list: ['/usr/local/Cellar/bzt/1.13.0/libexec/lib/python2.7/site-packages/bzt/resources/base-config.yml']
[2018-10-26 10:53:42,743 DEBUG Engine.Configuration] Configs: ['/usr/local/Cellar/bzt/1.13.0/libexec/lib/python2.7/site-packages/bzt/resources/base-config.yml']
[2018-10-26 10:53:42,750 DEBUG Engine.Configuration] Reading /usr/local/Cellar/bzt/1.13.0/libexec/lib/python2.7/site-packages/bzt/resources/base-config.yml as YAML
[2018-10-26 10:53:42,778 DEBUG Engine] User configs list: ['/Users/chefe02/.bzt-rc', 'NOP_SC3_SP.yaml']
[2018-10-26 10:53:42,778 DEBUG Engine.Configuration] Configs: ['/Users/chefe02/.bzt-rc', 'NOP_SC3_SP.yaml']
[2018-10-26 10:53:42,779 DEBUG Engine.Configuration] Reading /Users/chefe02/.bzt-rc as YAML
[2018-10-26 10:53:42,783 DEBUG Engine.Configuration] Reading NOP_SC3_SP.yaml as YAML
[2018-10-26 10:53:42,786 DEBUG Engine.Configuration] Configs: ['/Users/chefe02/.bzt-rc', 'NOP_SC3_SP.yaml']
[2018-10-26 10:53:42,787 DEBUG Engine.Configuration] Reading /Users/chefe02/.bzt-rc as YAML
[2018-10-26 10:53:42,790 DEBUG Engine.Configuration] Reading NOP_SC3_SP.yaml as YAML
[2018-10-26 10:53:42,803 DEBUG Engine] Requesting updates info: http://gettaurus.org/updates/?version=1.13.0&installID=macos-8c85905fb9f6
[2018-10-26 10:53:42,803 DEBUG HTTPClient] Making HTTP request GET http://gettaurus.org/updates/?version=1.13.0&installID=macos-8c85905fb9f6
[2018-10-26 10:53:42,803 INFO Engine] Artifacts dir: /Users/chefe02/Desktop/presales_cert/Artifacts/2018-10-26_10-53-42.803705bz
[2018-10-26 10:53:42,808 DEBUG Engine] New artifact filename: /Users/chefe02/Desktop/presales_cert/Artifacts/2018-10-26_10-53-42.803705bz/effective
[2018-10-26 10:53:42,810 DEBUG urllib3.connectionpool] Starting new HTTP connection (1): gettaurus.org:80
[2018-10-26 10:53:42,811 DEBUG Engine.Configuration] Dumping YAML config into /Users/chefe02/Desktop/presales_cert/Artifacts/2018-10-26_10-53-42.803705bz/effective.yml
[2018-10-26 10:53:42,834 DEBUG Engine.Configuration] Dumping JSON config into /Users/chefe02/Desktop/presales_cert/Artifacts/2018-10-26_10-53-42.803705bz/effective.json
[2018-10-26 10:53:42,834 DEBUG Engine] New artifact filename: /Users/chefe02/Desktop/presales_cert/Artifacts/2018-10-26_10-53-42.803705bz/merged.yml
[2018-10-26 10:53:42,835 DEBUG Engine.Configuration] Dumping YAML config into /Users/chefe02/Desktop/presales_cert/Artifacts/2018-10-26_10-53-42.803705bz/merged.yml
[2018-10-26 10:53:42,837 DEBUG Engine] New artifact filename: /Users/chefe02/Desktop/presales_cert/Artifacts/2018-10-26_10-53-42.803705bz/merged.json
[2018-10-26 10:53:42,837 DEBUG Engine.Configuration] Dumping JSON config into /Users/chefe02/Desktop/presales_cert/Artifacts/2018-10-26_10-53-42.803705bz/merged.json
[2018-10-26 10:53:42,837 DEBUG Engine] Add existing artifact (move=False): NOP_SC3_SP.yaml
[2018-10-26 10:53:42,838 DEBUG Engine] Copying NOP_SC3_SP.yaml to /Users/chefe02/Desktop/presales_cert/Artifacts/2018-10-26_10-53-42.803705bz/NOP_SC3_SP.yaml
[2018-10-26 10:53:42,838 DEBUG Engine.Environment] Replace 'TAURUS_ARTIFACTS_DIR' in environment
[2018-10-26 10:53:42,838 DEBUG root] Closing log handler: /var/folders/5f/vzk4zj_95sndkt7khp6l85jhnvgy8l/T/bzt_VOfrfN.log
[2018-10-26 10:53:43,435 DEBUG root] Switched writing logs to /Users/chefe02/Desktop/presales_cert/Artifacts/2018-10-26_10-53-42.803705bz/bzt.log
[2018-10-26 10:53:43,435 DEBUG root] Linting config
[2018-10-26 10:53:43,439 INFO Engine] Preparing...
[2018-10-26 10:53:43,439 DEBUG Engine] Module config: consolidator {'class': u'bzt.modules.aggregator.ConsolidatingAggregator'}
[2018-10-26 10:53:43,439 DEBUG root] Importing module: bzt.modules.aggregator
[2018-10-26 10:53:43,635 DEBUG root] Loading class: 'ConsolidatingAggregator' from <module 'bzt.modules.aggregator' from '/usr/local/Cellar/bzt/1.13.0/libexec/lib/python2.7/site-packages/bzt/modules/aggregator.pyc'>
[2018-10-26 10:53:43,635 DEBUG Engine.consolidator] Buffer scaling setup: percentile 95.0 from [0.0, 50.0, 90.0, 95.0, 99.0, 99.9, 100.0] selected
[2018-10-26 10:53:43,636 DEBUG Engine] Module config: monitoring {'class': u'bzt.modules.monitoring.Monitoring'}
[2018-10-26 10:53:43,636 DEBUG root] Importing module: bzt.modules.monitoring
[2018-10-26 10:53:43,638 DEBUG root] Loading class: 'Monitoring' from <module 'bzt.modules.monitoring' from '/usr/local/Cellar/bzt/1.13.0/libexec/lib/python2.7/site-packages/bzt/modules/monitoring.pyc'>
[2018-10-26 10:53:43,639 DEBUG Engine] Module config: capturehar {'class': u'bzt.modules.blazemeter.ServiceStubCaptureHAR'}
[2018-10-26 10:53:43,639 DEBUG root] Importing module: bzt.modules.blazemeter
[2018-10-26 10:53:43,656 DEBUG easyprocess] version=0.2.3
[2018-10-26 10:53:43,661 DEBUG pyvirtualdisplay] version=0.2.1
[2018-10-26 10:53:43,663 DEBUG root] Loading class: 'ServiceStubCaptureHAR' from <module 'bzt.modules.blazemeter' from '/usr/local/Cellar/bzt/1.13.0/libexec/lib/python2.7/site-packages/bzt/modules/blazemeter.pyc'>
[2018-10-26 10:53:43,664 DEBUG Engine] Module config: screenshoter {'class': u'bzt.modules.blazemeter.ServiceStubScreenshoter'}
[2018-10-26 10:53:43,664 DEBUG root] Importing module: bzt.modules.blazemeter
[2018-10-26 10:53:43,664 DEBUG root] Loading class: 'ServiceStubScreenshoter' from <module 'bzt.modules.blazemeter' from '/usr/local/Cellar/bzt/1.13.0/libexec/lib/python2.7/site-packages/bzt/modules/blazemeter.pyc'>
[2018-10-26 10:53:43,664 DEBUG Engine] Module config: local {'class': u'bzt.modules.provisioning.Local'}
[2018-10-26 10:53:43,664 DEBUG root] Importing module: bzt.modules.provisioning
[2018-10-26 10:53:43,665 DEBUG root] Loading class: 'Local' from <module 'bzt.modules.provisioning' from '/usr/local/Cellar/bzt/1.13.0/libexec/lib/python2.7/site-packages/bzt/modules/provisioning.pyc'>
[2018-10-26 10:53:43,665 DEBUG urllib3.connectionpool] http://gettaurus.org:80 "GET /updates/?version=1.13.0&installID=macos-8c85905fb9f6 HTTP/1.1" 200 59
[2018-10-26 10:53:43,665 DEBUG Engine] Module config: selenium {'class': u'bzt.modules.selenium.SeleniumExecutor'}
[2018-10-26 10:53:43,666 DEBUG root] Importing module: bzt.modules.selenium
[2018-10-26 10:53:43,667 DEBUG root] Loading class: 'SeleniumExecutor' from <module 'bzt.modules.selenium' from '/usr/local/Cellar/bzt/1.13.0/libexec/lib/python2.7/site-packages/bzt/modules/selenium.pyc'>
[2018-10-26 10:53:43,668 DEBUG Engine] Taurus updates info: {u'needsUpgrade': True, u'latest': u'1.13.1'}
[2018-10-26 10:53:43,668 DEBUG Engine.local] Preparing executor: selenium/4347463056
[2018-10-26 10:53:43,668 WARNING Engine] There is newer version of Taurus 1.13.1 available, consider upgrading. What's new: http://gettaurus.org/docs/Changelog/
[2018-10-26 10:53:43,669 DEBUG Engine.selenium] Extract {'script': u'NOP_SC3.py'} into scenarios
[2018-10-26 10:53:43,670 DEBUG Engine.selenium] Detected script type: nose
[2018-10-26 10:53:43,670 DEBUG Engine] Module config: nose {'ignore-unknown-actions': True, 'class': u'bzt.modules.python.ApiritifNoseExecutor'}
[2018-10-26 10:53:43,670 DEBUG root] Importing module: bzt.modules.python
[2018-10-26 10:53:43,699 DEBUG root] Loading class: 'ApiritifNoseExecutor' from <module 'bzt.modules.python' from '/usr/local/Cellar/bzt/1.13.0/libexec/lib/python2.7/site-packages/bzt/modules/python/__init__.pyc'>
[2018-10-26 10:53:43,700 DEBUG Engine] Module config: final-stats {'class': u'bzt.modules.reporting.FinalStatus'}
[2018-10-26 10:53:43,700 DEBUG root] Importing module: bzt.modules.reporting
[2018-10-26 10:53:43,702 DEBUG root] Loading class: 'FinalStatus' from <module 'bzt.modules.reporting' from '/usr/local/Cellar/bzt/1.13.0/libexec/lib/python2.7/site-packages/bzt/modules/reporting.pyc'>
[2018-10-26 10:53:43,702 DEBUG Engine] Module config: console {'class': u'bzt.modules.console.ConsoleStatusReporter'}
[2018-10-26 10:53:43,702 DEBUG root] Importing module: bzt.modules.console
[2018-10-26 10:53:43,702 DEBUG root] Loading class: 'ConsoleStatusReporter' from <module 'bzt.modules.console' from '/usr/local/Cellar/bzt/1.13.0/libexec/lib/python2.7/site-packages/bzt/modules/console.pyc'>
[2018-10-26 10:53:43,709 DEBUG Engine.Configuration] Dumping YAML config into /Users/chefe02/Desktop/presales_cert/Artifacts/2018-10-26_10-53-42.803705bz/effective.yml
[2018-10-26 10:53:43,728 DEBUG Engine.Configuration] Dumping JSON config into /Users/chefe02/Desktop/presales_cert/Artifacts/2018-10-26_10-53-42.803705bz/effective.json
[2018-10-26 10:53:43,729 INFO Engine] Starting...
[2018-10-26 10:53:43,729 DEBUG Engine] Startup <bzt.modules.monitoring.Monitoring object at 0x104a69f90>
[2018-10-26 10:53:43,730 DEBUG Engine] Startup <bzt.modules.blazemeter.ServiceStubCaptureHAR object at 0x104a851d0>
[2018-10-26 10:53:43,730 WARNING Engine.capturehar] Stub for service 'capturehar', use cloud provisioning to have it working
[2018-10-26 10:53:43,730 DEBUG Engine] Startup <bzt.modules.blazemeter.ServiceStubScreenshoter object at 0x104acaa10>
[2018-10-26 10:53:43,730 WARNING Engine.screenshoter] Stub for service 'screenshoter', use cloud provisioning to have it working
[2018-10-26 10:53:43,730 DEBUG Engine] Startup <bzt.modules.aggregator.ConsolidatingAggregator object at 0x1032572d0>
[2018-10-26 10:53:43,730 DEBUG Engine] Startup <bzt.modules.reporting.FinalStatus object at 0x104c0f090>
[2018-10-26 10:53:43,730 DEBUG Engine] Startup <bzt.modules.console.ConsoleStatusReporter object at 0x104c0fed0>
[2018-10-26 10:53:43,731 INFO Engine.console] Waiting for results...
[2018-10-26 10:53:43,731 DEBUG Engine] Startup <bzt.modules.provisioning.Local object at 0x1032105d0>
[2018-10-26 10:53:43,731 DEBUG Engine.local] Delay setup for selenium/NOP_SC3.py: 0(start-at) + 0(delay) = 0
[2018-10-26 10:53:43,732 DEBUG Engine.Configuration] Dumping YAML config into /Users/chefe02/Desktop/presales_cert/Artifacts/2018-10-26_10-53-42.803705bz/effective.yml
[2018-10-26 10:53:43,751 DEBUG Engine.Configuration] Dumping JSON config into /Users/chefe02/Desktop/presales_cert/Artifacts/2018-10-26_10-53-42.803705bz/effective.json
[2018-10-26 10:53:43,752 DEBUG root] Leveling down log file verbosity to INFO, use -v option to have DEBUG messages enabled
[2018-10-26 10:53:43,752 DEBUG root] Leveled up log file verbosity
[2018-10-26 10:53:43,752 DEBUG Engine] New artifact filename: /Users/chefe02/Desktop/presales_cert/Artifacts/2018-10-26_10-53-42.803705bz/apiritif-
[2018-10-26 10:53:43,752 DEBUG Engine] New artifact filename: /Users/chefe02/Desktop/presales_cert/Artifacts/2018-10-26_10-53-42.803705bz/nose.out
[2018-10-26 10:53:43,752 DEBUG Engine] New artifact filename: /Users/chefe02/Desktop/presales_cert/Artifacts/2018-10-26_10-53-42.803705bz/nose.err
[2018-10-26 10:53:43,753 DEBUG bzt.utils] Executing shell: ['/usr/local/Cellar/bzt/1.13.0/libexec/bin/python2.7', '-m', 'apiritif.loadgen', '--result-file-template', '/Users/chefe02/Desktop/presales_cert/Artifacts/2018-10-26_10-53-42.803705bz/apiritif-%s.csv', '--concurrency', '1', '--hold-for', '600.0', u'/Users/chefe02/Desktop/presales_cert/NOP_SC3.py'] at /Users/chefe02/Desktop/presales_cert
[2018-10-26 10:53:43,760 DEBUG root] Leveling down log file verbosity to INFO, use -v option to have DEBUG messages enabled
[2018-10-26 10:53:43,977 INFO Engine.console] Waiting for finish...
[2018-10-26 10:54:17,869 INFO Engine.nose.ApiritifLoadReader] Changed data analysis delay to 25s
[2018-10-26 10:55:42,103 INFO Engine.nose.ApiritifLoadReader] Changed data analysis delay to 26s
[2018-10-26 10:55:59,935 WARNING Engine] Please wait for graceful shutdown...
[2018-10-26 10:55:59,943 DEBUG root] Leveled up log file verbosity
[2018-10-26 10:55:59,943 INFO Engine] Shutting down...
[2018-10-26 10:55:59,949 DEBUG Engine] Current stop reason: 
[2018-10-26 10:55:59,950 DEBUG Engine.local] Shutdown selenium/NOP_SC3.py
[2018-10-26 10:56:00,950 INFO Engine.nose] Terminating process PID 45131 with signal 15 (59 tries left)
[2018-10-26 10:56:01,963 INFO Engine.nose] Terminating process PID 45131 with signal 15 (58 tries left)
[2018-10-26 10:56:01,970 DEBUG Engine.selenium] Selenium tests ran for 138.218393087 seconds
[2018-10-26 10:56:01,971 DEBUG Engine.console] Restoring logging streams, [<logging.StreamHandler object at 0x103207c10>]/{<logging.StreamHandler object at 0x103207c10>: <open file '<stdout>', mode 'w' at 0x10199f150>}
[2018-10-26 10:56:01,975 DEBUG Engine.Configuration] Dumping YAML config into /Users/chefe02/Desktop/presales_cert/Artifacts/2018-10-26_10-53-42.803705bz/effective.yml
[2018-10-26 10:56:01,998 DEBUG Engine.Configuration] Dumping JSON config into /Users/chefe02/Desktop/presales_cert/Artifacts/2018-10-26_10-53-42.803705bz/effective.json
[2018-10-26 10:56:01,999 WARNING root] Keyboard interrupt
[2018-10-26 10:56:01,999 DEBUG root] KeyboardInterrupt: 
Traceback (most recent call last):
  File "/usr/local/Cellar/bzt/1.13.0/libexec/lib/python2.7/site-packages/bzt/cli.py", line 261, in perform
    self.engine.run()
  File "/usr/local/Cellar/bzt/1.13.0/libexec/lib/python2.7/site-packages/bzt/engine.py", line 226, in run
    reraise(exc_info, exc_value)
  File "/usr/local/Cellar/bzt/1.13.0/libexec/lib/python2.7/site-packages/bzt/engine.py", line 206, in run
    self._wait()
  File "/usr/local/Cellar/bzt/1.13.0/libexec/lib/python2.7/site-packages/bzt/engine.py", line 254, in _wait
    time.sleep(delay)
KeyboardInterrupt
[2018-10-26 10:56:01,999 INFO Engine] Post-processing...
[2018-10-26 10:56:01,999 DEBUG Engine.local] Post-process selenium/NOP_SC3.py
[2018-10-26 10:56:02,000 DEBUG Engine.nose.FileReader] Reading: /Users/chefe02/Desktop/presales_cert/Artifacts/2018-10-26_10-53-42.803705bz/nose.out
[2018-10-26 10:56:02,000 DEBUG Engine.nose.FileReader] Reading: /Users/chefe02/Desktop/presales_cert/Artifacts/2018-10-26_10-53-42.803705bz/nose.out
[2018-10-26 10:56:02,000 DEBUG Engine.nose.ApiritifLoadReader.JTLReader.IncrementalCSVReader.FileReader] Reading: /Users/chefe02/Desktop/presales_cert/Artifacts/2018-10-26_10-53-42.803705bz/apiritif-0.csv
[2018-10-26 10:56:02,000 DEBUG Engine.nose.ApiritifLoadReader] Buffer len: 8; Known errors count: 2
[2018-10-26 10:56:02,000 DEBUG Engine.nose.ApiritifLoadReader] Aggregating: 1540576530
[2018-10-26 10:56:02,003 DEBUG Engine.nose.ApiritifLoadReader] Aggregating: 1540576533
[2018-10-26 10:56:02,005 DEBUG Engine.nose.ApiritifLoadReader] Aggregating: 1540576537
[2018-10-26 10:56:02,007 DEBUG Engine.nose.ApiritifLoadReader] Aggregating: 1540576540
[2018-10-26 10:56:02,009 DEBUG Engine.nose.ApiritifLoadReader] Aggregating: 1540576544
[2018-10-26 10:56:02,011 DEBUG Engine.nose.ApiritifLoadReader] Aggregating: 1540576545
[2018-10-26 10:56:02,014 DEBUG Engine.nose.ApiritifLoadReader] Aggregating: 1540576551
[2018-10-26 10:56:02,017 DEBUG Engine.nose.ApiritifLoadReader] Aggregating: 1540576553
[2018-10-26 10:56:02,020 DEBUG Engine.consolidator] Consolidator buffer[9]: [1540576544, 1540576545, 1540576551, 1540576553, 1540576525, 1540576530, 1540576533, 1540576537, 1540576540]
[2018-10-26 10:56:02,020 DEBUG Engine.consolidator] Merging into 1540576525
[2018-10-26 10:56:02,020 DEBUG Engine.consolidator] Merging 1540576525
[2018-10-26 10:56:02,031 DEBUG Engine.consolidator] Processed datapoint: 1540576525/None
[2018-10-26 10:56:02,031 DEBUG Engine.consolidator] Merging into 1540576530
[2018-10-26 10:56:02,031 DEBUG Engine.consolidator] Merging 1540576530
[2018-10-26 10:56:02,043 DEBUG Engine.consolidator] Processed datapoint: 1540576530/None
[2018-10-26 10:56:02,043 DEBUG Engine.consolidator] Merging into 1540576533
[2018-10-26 10:56:02,043 DEBUG Engine.consolidator] Merging 1540576533
[2018-10-26 10:56:02,056 DEBUG Engine.consolidator] Processed datapoint: 1540576533/None
[2018-10-26 10:56:02,056 DEBUG Engine.consolidator] Merging into 1540576537
[2018-10-26 10:56:02,056 DEBUG Engine.consolidator] Merging 1540576537
[2018-10-26 10:56:02,067 DEBUG Engine.consolidator] Processed datapoint: 1540576537/None
[2018-10-26 10:56:02,067 DEBUG Engine.consolidator] Merging into 1540576540
[2018-10-26 10:56:02,067 DEBUG Engine.consolidator] Merging 1540576540
[2018-10-26 10:56:02,075 DEBUG Engine.consolidator] Processed datapoint: 1540576540/None
[2018-10-26 10:56:02,075 DEBUG Engine.consolidator] Merging into 1540576544
[2018-10-26 10:56:02,075 DEBUG Engine.consolidator] Merging 1540576544
[2018-10-26 10:56:02,083 DEBUG Engine.consolidator] Processed datapoint: 1540576544/None
[2018-10-26 10:56:02,083 DEBUG Engine.consolidator] Merging into 1540576545
[2018-10-26 10:56:02,083 DEBUG Engine.consolidator] Merging 1540576545
[2018-10-26 10:56:02,093 DEBUG Engine.consolidator] Processed datapoint: 1540576545/None
[2018-10-26 10:56:02,093 DEBUG Engine.consolidator] Merging into 1540576551
[2018-10-26 10:56:02,093 DEBUG Engine.consolidator] Merging 1540576551
[2018-10-26 10:56:02,102 DEBUG Engine.consolidator] Processed datapoint: 1540576551/None
[2018-10-26 10:56:02,102 DEBUG Engine.consolidator] Merging into 1540576553
[2018-10-26 10:56:02,102 DEBUG Engine.consolidator] Merging 1540576553
[2018-10-26 10:56:02,112 DEBUG Engine.consolidator] Processed datapoint: 1540576553/None
[2018-10-26 10:56:02,113 INFO Engine.final-stats] Test duration: 0:02:18
[2018-10-26 10:56:02,113 INFO Engine.final-stats] Samples count: 25, 20.00% failures
[2018-10-26 10:56:02,113 INFO Engine.final-stats] Average times: total 4.582, latency 0.000, connect 0.000
[2018-10-26 10:56:02,114 INFO Engine.final-stats] Percentiles:
(0lqqqqqqqqqqqqqqqwqqqqqqqqqqqqqqqk(B
(0x(B Percentile, % (0x(B Resp. Time, s (0x(B
(0tqqqqqqqqqqqqqqqnqqqqqqqqqqqqqqqu(B
(0x(B           0.0 (0x(B           0.0 (0x(B
(0x(B          50.0 (0x(B         3.063 (0x(B
(0x(B          90.0 (0x(B        12.631 (0x(B
(0x(B          95.0 (0x(B        13.111 (0x(B
(0x(B          99.0 (0x(B        20.847 (0x(B
(0x(B          99.9 (0x(B        20.847 (0x(B
(0x(B         100.0 (0x(B        20.847 (0x(B
(0mqqqqqqqqqqqqqqqvqqqqqqqqqqqqqqqj(B
[2018-10-26 10:56:02,120 INFO Engine.final-stats] Request label stats:
(0lqqqqqqqqqqqqqqqqqqqqqqqqqqqqwqqqqqqqqwqqqqqqqqqwqqqqqqqqwqqqqqqqqqqqqqqqqqqqqqqqqqqqqqqqqqqqqqqqqqqqqqqqqqqqqqqqqqqqqqqqqqqqqqqqqqqqqqqqqqqqqqqqqqqqqqqqqqqqqqqqqqqqqqqqqqqqqqqqk(B
(0x(B label                      (0x(B status (0x(B    succ (0x(B avg_rt (0x(B error                                                                                                                 (0x(B
(0tqqqqqqqqqqqqqqqqqqqqqqqqqqqqnqqqqqqqqnqqqqqqqqqnqqqqqqqqnqqqqqqqqqqqqqqqqqqqqqqqqqqqqqqqqqqqqqqqqqqqqqqqqqqqqqqqqqqqqqqqqqqqqqqqqqqqqqqqqqqqqqqqqqqqqqqqqqqqqqqqqqqqqqqqqqqqqqqqu(B
(0x(B add fahrenheit 451 to cart (0x(B   OK   (0x(B 100.00% (0x(B  3.061 (0x(B                                                                                                                       (0x(B
(0x(B add macbook to cart        (0x(B   OK   (0x(B 100.00% (0x(B  3.066 (0x(B                                                                                                                       (0x(B
(0x(B click "accessories"        (0x(B  FAIL  (0x(B   0.00% (0x(B  0.000 (0x(B NameError: global name 'selff' is not defined                                                                         (0x(B
(0x(B click "books"              (0x(B   OK   (0x(B 100.00% (0x(B  3.632 (0x(B                                                                                                                       (0x(B
(0x(B click macbook              (0x(B   OK   (0x(B 100.00% (0x(B  4.986 (0x(B                                                                                                                       (0x(B
(0x(B go to home page            (0x(B   OK   (0x(B 100.00% (0x(B  5.201 (0x(B                                                                                                                       (0x(B
(0x(B search "apple"             (0x(B  FAIL  (0x(B  60.00% (0x(B  8.860 (0x(B NoSuchWindowException: Message: no such window: window was already closed                                             (0x(B
(0x(B                            (0x(B        (0x(B         (0x(B        (0x(B   (Session info: chrome=70.0.3538.77)                                                                                 (0x(B
(0x(B                            (0x(B        (0x(B         (0x(B        (0x(B   (Driver info: chromedriver=2.40.565386 (45a059dc425e08165f9a10324bd1380cc13ca363),platform=Mac OS X 10.13.6 x86_64) (0x(B
(0x(B                            (0x(B        (0x(B         (0x(B        (0x(B                                                                                                                       (0x(B
(0mqqqqqqqqqqqqqqqqqqqqqqqqqqqqvqqqqqqqqvqqqqqqqqqvqqqqqqqqvqqqqqqqqqqqqqqqqqqqqqqqqqqqqqqqqqqqqqqqqqqqqqqqqqqqqqqqqqqqqqqqqqqqqqqqqqqqqqqqqqqqqqqqqqqqqqqqqqqqqqqqqqqqqqqqqqqqqqqqj(B
[2018-10-26 10:56:02,120 DEBUG Engine.console] No logger_handler or orig_stream was detected
[2018-10-26 10:56:02,122 DEBUG Engine.Configuration] Dumping YAML config into /Users/chefe02/Desktop/presales_cert/Artifacts/2018-10-26_10-53-42.803705bz/effective.yml
[2018-10-26 10:56:02,141 DEBUG Engine.Configuration] Dumping JSON config into /Users/chefe02/Desktop/presales_cert/Artifacts/2018-10-26_10-53-42.803705bz/effective.json
[2018-10-26 10:56:02,143 INFO root] Artifacts dir: /Users/chefe02/Desktop/presales_cert/Artifacts/2018-10-26_10-53-42.803705bz
[2018-10-26 10:56:02,143 WARNING root] Done performing with code: 1
[2018-10-26 10:56:02,143 DEBUG root] Closing log handler: /Users/chefe02/Desktop/presales_cert/Artifacts/2018-10-26_10-53-42.803705bz/bzt.log
