2018-12-31 13:42:09,228 INFO o.a.j.u.JMeterUtils: Setting Locale to en_US
2018-12-31 13:42:09,245 INFO o.a.j.JMeter: Loading user properties from: /Users/chefe02/.bzt/jmeter-taurus/4.0/bin/user.properties
2018-12-31 13:42:09,245 INFO o.a.j.JMeter: Loading system properties from: /Users/chefe02/.bzt/jmeter-taurus/4.0/bin/system.properties
2018-12-31 13:42:09,250 INFO o.a.j.JMeter: Copyright (c) 1998-2018 The Apache Software Foundation
2018-12-31 13:42:09,250 INFO o.a.j.JMeter: Version 4.0 r1823414
2018-12-31 13:42:09,250 INFO o.a.j.JMeter: java.version=1.8.0_151
2018-12-31 13:42:09,250 INFO o.a.j.JMeter: java.vm.name=Java HotSpot(TM) 64-Bit Server VM
2018-12-31 13:42:09,250 INFO o.a.j.JMeter: os.name=Mac OS X
2018-12-31 13:42:09,250 INFO o.a.j.JMeter: os.arch=x86_64
2018-12-31 13:42:09,250 INFO o.a.j.JMeter: os.version=10.13.6
2018-12-31 13:42:09,250 INFO o.a.j.JMeter: file.encoding=UTF-8
2018-12-31 13:42:09,250 INFO o.a.j.JMeter: Max memory     =3817865216
2018-12-31 13:42:09,251 INFO o.a.j.JMeter: Available Processors =8
2018-12-31 13:42:09,254 INFO o.a.j.JMeter: Default Locale=English (United States)
2018-12-31 13:42:09,254 INFO o.a.j.JMeter: JMeter  Locale=English (United States)
2018-12-31 13:42:09,254 INFO o.a.j.JMeter: JMeterHome=/Users/chefe02/.bzt/jmeter-taurus/4.0
2018-12-31 13:42:09,254 INFO o.a.j.JMeter: user.dir  =/Users/chefe02/Desktop/presales_cert
2018-12-31 13:42:09,254 INFO o.a.j.JMeter: PWD       =/Users/chefe02/Desktop/presales_cert
2018-12-31 13:42:09,256 INFO o.a.j.JMeter: IP: 192.168.1.111 Name: C02VK1ZAHTDF FullName: c02vk1zahtdf.hsd1.ca.comcast.net
2018-12-31 13:42:09,256 INFO o.a.j.JMeter: user.classpath=/Users/chefe02/Desktop/presales_cert/Artifacts/2018-12-31_13-42-03.866596bz:/Users/chefe02/Desktop/presales_cert
2018-12-31 13:42:09,256 INFO o.a.j.JMeter: Adding to classpath and loader: /Users/chefe02/Desktop/presales_cert/Artifacts/2018-12-31_13-42-03.866596bz
2018-12-31 13:42:09,257 INFO o.a.j.JMeter: Adding to classpath and loader: /Users/chefe02/Desktop/presales_cert
2018-12-31 13:42:09,260 INFO o.a.j.s.FileServer: Default base='/Users/chefe02/Desktop/presales_cert'
2018-12-31 13:42:09,264 INFO o.a.j.s.FileServer: Set new base='/Users/chefe02/Desktop/presales_cert'
2018-12-31 13:42:09,375 INFO o.a.j.s.SaveService: Testplan (JMX) version: 2.2. Testlog (JTL) version: 2.2
2018-12-31 13:42:09,390 INFO o.a.j.s.SaveService: Using SaveService properties file encoding UTF-8
2018-12-31 13:42:09,394 INFO o.a.j.s.SaveService: Using SaveService properties version 4.0
2018-12-31 13:42:09,399 INFO o.a.j.s.SaveService: Loading file: /Users/chefe02/Desktop/presales_cert/modified_NOP_SC2-1.jmx
2018-12-31 13:42:09,458 INFO o.a.j.p.h.c.CookieManager: Settings: Delete null: true Check: true Allow variable: true Save: false Prefix: COOKIE_
2018-12-31 13:42:09,461 INFO o.a.j.p.h.c.CacheManager: Will only cache the following methods: [GET]
2018-12-31 13:42:09,484 INFO o.a.j.p.h.s.HTTPSamplerBase: Parser for text/html is org.apache.jmeter.protocol.http.parser.LagartoBasedHtmlParser
2018-12-31 13:42:09,484 INFO o.a.j.p.h.s.HTTPSamplerBase: Parser for application/xhtml+xml is org.apache.jmeter.protocol.http.parser.LagartoBasedHtmlParser
2018-12-31 13:42:09,484 INFO o.a.j.p.h.s.HTTPSamplerBase: Parser for application/xml is org.apache.jmeter.protocol.http.parser.LagartoBasedHtmlParser
2018-12-31 13:42:09,484 INFO o.a.j.p.h.s.HTTPSamplerBase: Parser for text/xml is org.apache.jmeter.protocol.http.parser.LagartoBasedHtmlParser
2018-12-31 13:42:09,484 INFO o.a.j.p.h.s.HTTPSamplerBase: Parser for text/vnd.wap.wml is org.apache.jmeter.protocol.http.parser.RegexpHTMLParser
2018-12-31 13:42:09,484 INFO o.a.j.p.h.s.HTTPSamplerBase: Parser for text/css is org.apache.jmeter.protocol.http.parser.CssParser
2018-12-31 13:42:09,511 INFO o.a.j.e.StandardJMeterEngine: Running the test!
2018-12-31 13:42:09,511 INFO o.a.j.s.SampleEvent: List of sample_variables: []
2018-12-31 13:42:09,511 INFO o.a.j.s.SampleEvent: List of sample_variables: []
2018-12-31 13:42:09,514 INFO o.a.j.e.u.CompoundVariable: Note: Function class names must contain the string: '.functions.'
2018-12-31 13:42:09,514 INFO o.a.j.e.u.CompoundVariable: Note: Function class names must not contain the string: '.gui.'
2018-12-31 13:42:09,819 INFO o.a.j.JMeter: Running test (1546292529819)
2018-12-31 13:42:09,866 INFO o.a.j.e.StandardJMeterEngine: Starting ThreadGroup: 1 : Thread Group
2018-12-31 13:42:09,866 INFO o.a.j.e.StandardJMeterEngine: Starting 20 threads for group Thread Group.
2018-12-31 13:42:09,866 INFO o.a.j.e.StandardJMeterEngine: Thread will continue on error
2018-12-31 13:42:09,871 INFO o.a.j.e.StandardJMeterEngine: All thread groups have been started
2018-12-31 13:42:09,871 INFO c.b.j.t.c.ConcurrencyThreadStarter: Start supplying threads
2018-12-31 13:42:14,376 INFO o.a.j.s.SampleResult: Note: Sample TimeStamps are START times
2018-12-31 13:42:14,376 INFO o.a.j.s.SampleResult: sampleresult.default.encoding is set to UTF-8
2018-12-31 13:42:14,377 INFO o.a.j.s.SampleResult: sampleresult.useNanoTime=true
2018-12-31 13:42:14,377 INFO o.a.j.s.SampleResult: sampleresult.nanoThreadSleep=5000
2018-12-31 13:42:14,377 INFO o.a.j.t.JMeterThread: Thread started: Thread Group 1-1
2018-12-31 13:42:16,758 INFO o.a.j.p.h.s.HTTPHCAbstractImpl: Local host = C02VK1ZAHTDF
2018-12-31 13:42:16,762 INFO o.a.j.p.h.s.HTTPHC4Impl: HTTP request retry count = 0
2018-12-31 13:42:16,960 INFO o.a.j.p.h.p.BaseParser: Created org.apache.jmeter.protocol.http.parser.LagartoBasedHtmlParser
2018-12-31 13:42:17,645 INFO o.a.j.p.h.s.ResourcesDownloader: Creating ResourcesDownloader with keepalive_inseconds : 60
2018-12-31 13:42:17,683 INFO o.a.j.p.h.s.LazySchemeSocketFactory: Setting up HTTPS TrustAll Socket Factory
2018-12-31 13:42:17,690 INFO o.a.j.u.JsseSSLManager: Using default SSL protocol: TLS
2018-12-31 13:42:17,690 INFO o.a.j.u.JsseSSLManager: SSL session context: per-thread
2018-12-31 13:42:17,799 INFO o.a.j.u.SSLManager: JmeterKeyStore Location:  type JKS
2018-12-31 13:42:17,800 INFO o.a.j.u.SSLManager: KeyStore created OK
2018-12-31 13:42:17,800 WARN o.a.j.u.SSLManager: Keystore file not found, loading empty keystore
2018-12-31 13:42:17,943 INFO o.a.j.p.h.p.BaseParser: Created org.apache.jmeter.protocol.http.parser.CssParser
2018-12-31 13:42:17,943 INFO o.a.j.p.h.p.BaseParser: Created org.apache.jmeter.protocol.http.parser.CssParser
2018-12-31 13:42:23,400 INFO o.a.j.t.JMeterThread: Thread started: Thread Group 1-2
2018-12-31 13:42:32,422 INFO o.a.j.t.JMeterThread: Thread started: Thread Group 1-3
2018-12-31 13:42:41,452 INFO o.a.j.t.JMeterThread: Thread started: Thread Group 1-4
2018-12-31 13:42:50,477 INFO o.a.j.t.JMeterThread: Thread started: Thread Group 1-5
2018-12-31 13:42:59,493 INFO o.a.j.t.JMeterThread: Thread started: Thread Group 1-6
2018-12-31 13:43:08,522 INFO o.a.j.t.JMeterThread: Thread started: Thread Group 1-7
2018-12-31 13:43:17,552 INFO o.a.j.t.JMeterThread: Thread started: Thread Group 1-8
2018-12-31 13:43:26,575 INFO o.a.j.t.JMeterThread: Thread started: Thread Group 1-9
2018-12-31 13:43:35,597 INFO o.a.j.t.JMeterThread: Thread started: Thread Group 1-10
2018-12-31 13:43:44,617 INFO o.a.j.t.JMeterThread: Thread started: Thread Group 1-11
2018-12-31 13:43:53,643 INFO o.a.j.t.JMeterThread: Thread started: Thread Group 1-12
2018-12-31 13:44:02,669 INFO o.a.j.t.JMeterThread: Thread started: Thread Group 1-13
2018-12-31 13:44:11,698 INFO o.a.j.t.JMeterThread: Thread started: Thread Group 1-14
2018-12-31 13:44:20,718 INFO o.a.j.t.JMeterThread: Thread started: Thread Group 1-15
2018-12-31 13:44:29,739 INFO o.a.j.t.JMeterThread: Thread started: Thread Group 1-16
2018-12-31 13:44:38,758 INFO o.a.j.t.JMeterThread: Thread started: Thread Group 1-17
2018-12-31 13:44:47,785 INFO o.a.j.t.JMeterThread: Thread started: Thread Group 1-18
2018-12-31 13:44:56,805 INFO o.a.j.t.JMeterThread: Thread started: Thread Group 1-19
2018-12-31 13:45:05,831 INFO o.a.j.t.JMeterThread: Thread started: Thread Group 1-20
2018-12-31 13:50:10,656 INFO c.b.j.t.c.ConcurrencyThreadStarter: Done supplying threads
2018-12-31 13:50:10,683 INFO o.a.j.t.JMeterThread: Thread is done: Thread Group 1-2
2018-12-31 13:50:10,683 INFO o.a.j.t.JMeterThread: Thread finished: Thread Group 1-2
2018-12-31 13:50:10,908 INFO o.a.j.t.JMeterThread: Thread is done: Thread Group 1-19
2018-12-31 13:50:10,908 INFO o.a.j.t.JMeterThread: Thread finished: Thread Group 1-19
2018-12-31 13:50:11,052 INFO o.a.j.t.JMeterThread: Thread is done: Thread Group 1-5
2018-12-31 13:50:11,053 INFO o.a.j.t.JMeterThread: Thread finished: Thread Group 1-5
2018-12-31 13:50:11,170 INFO o.a.j.t.JMeterThread: Thread is done: Thread Group 1-9
2018-12-31 13:50:11,170 INFO o.a.j.t.JMeterThread: Thread finished: Thread Group 1-9
2018-12-31 13:50:11,264 INFO o.a.j.t.JMeterThread: Thread is done: Thread Group 1-6
2018-12-31 13:50:11,264 INFO o.a.j.t.JMeterThread: Thread finished: Thread Group 1-6
2018-12-31 13:50:11,354 INFO o.a.j.t.JMeterThread: Thread is done: Thread Group 1-14
2018-12-31 13:50:11,354 INFO o.a.j.t.JMeterThread: Thread finished: Thread Group 1-14
2018-12-31 13:50:11,389 INFO o.a.j.t.JMeterThread: Thread is done: Thread Group 1-3
2018-12-31 13:50:11,390 INFO o.a.j.t.JMeterThread: Thread finished: Thread Group 1-3
2018-12-31 13:50:11,965 INFO o.a.j.t.JMeterThread: Thread is done: Thread Group 1-12
2018-12-31 13:50:11,965 INFO o.a.j.t.JMeterThread: Thread finished: Thread Group 1-12
2018-12-31 13:50:12,041 INFO o.a.j.t.JMeterThread: Thread is done: Thread Group 1-18
2018-12-31 13:50:12,041 INFO o.a.j.t.JMeterThread: Thread finished: Thread Group 1-18
2018-12-31 13:50:12,329 INFO o.a.j.t.JMeterThread: Thread is done: Thread Group 1-10
2018-12-31 13:50:12,330 INFO o.a.j.t.JMeterThread: Thread finished: Thread Group 1-10
2018-12-31 13:50:12,357 INFO o.a.j.t.JMeterThread: Thread is done: Thread Group 1-13
2018-12-31 13:50:12,357 INFO o.a.j.t.JMeterThread: Thread finished: Thread Group 1-13
2018-12-31 13:50:12,542 INFO o.a.j.t.JMeterThread: Thread is done: Thread Group 1-20
2018-12-31 13:50:12,542 INFO o.a.j.t.JMeterThread: Thread finished: Thread Group 1-20
2018-12-31 13:50:12,728 INFO o.a.j.t.JMeterThread: Thread is done: Thread Group 1-11
2018-12-31 13:50:12,728 INFO o.a.j.t.JMeterThread: Thread finished: Thread Group 1-11
2018-12-31 13:50:12,808 INFO o.a.j.t.JMeterThread: Thread is done: Thread Group 1-7
2018-12-31 13:50:12,808 INFO o.a.j.t.JMeterThread: Thread finished: Thread Group 1-7
2018-12-31 13:50:12,828 INFO o.a.j.t.JMeterThread: Thread is done: Thread Group 1-8
2018-12-31 13:50:12,829 INFO o.a.j.t.JMeterThread: Thread finished: Thread Group 1-8
2018-12-31 13:50:13,120 INFO o.a.j.t.JMeterThread: Thread is done: Thread Group 1-4
2018-12-31 13:50:13,120 INFO o.a.j.t.JMeterThread: Thread finished: Thread Group 1-4
2018-12-31 13:50:13,125 INFO o.a.j.t.JMeterThread: Thread is done: Thread Group 1-1
2018-12-31 13:50:13,125 INFO o.a.j.t.JMeterThread: Thread finished: Thread Group 1-1
2018-12-31 13:50:13,316 INFO o.a.j.t.JMeterThread: Thread is done: Thread Group 1-17
2018-12-31 13:50:13,316 INFO o.a.j.t.JMeterThread: Thread finished: Thread Group 1-17
2018-12-31 13:50:13,320 INFO o.a.j.t.JMeterThread: Thread is done: Thread Group 1-16
2018-12-31 13:50:13,320 INFO o.a.j.t.JMeterThread: Thread finished: Thread Group 1-16
2018-12-31 13:50:13,591 INFO o.a.j.t.JMeterThread: Thread is done: Thread Group 1-15
2018-12-31 13:50:13,591 INFO o.a.j.t.JMeterThread: Thread finished: Thread Group 1-15
2018-12-31 13:50:13,592 INFO o.a.j.e.StandardJMeterEngine: Notifying test listeners of end of test
2018-12-31 13:50:13,593 INFO o.a.j.e.StandardJMeterEngine: Forced JVM shutdown requested at end of test
