[2018-12-31 13:26:22,663 INFO root] Taurus CLI Tool v1.13.0
[2018-12-31 13:26:22,663 DEBUG root] Command-line options: {'verbose': None, 'no_system_configs': None, 'quiet': None, 'log': '/var/folders/5f/vzk4zj_95sndkt7khp6l85jhnvgy8l/T/bzt_hD_ea0.log', 'option': None, 'aliases': ['cloud']}
[2018-12-31 13:26:22,663 DEBUG root] Python: CPython 2.7.15
[2018-12-31 13:26:22,664 DEBUG root] OS: ('Darwin', 'C02VK1ZAHTDF', '17.7.0', 'Darwin Kernel Version 17.7.0: Thu Jun 21 22:53:14 PDT 2018; root:xnu-4570.71.2~1/RELEASE_X86_64', 'x86_64', 'i386')
[2018-12-31 13:26:22,664 INFO root] Starting with configs: ['NOP_SC2_Jenkins.yaml']
[2018-12-31 13:26:22,664 DEBUG root] Using personal config: /Users/chefe02/.bzt-rc
[2018-12-31 13:26:22,664 INFO Engine] Configuring...
[2018-12-31 13:26:22,664 DEBUG Engine] No machine configs dir: /usr/local/Cellar/bzt/1.13.0/libexec/bin/../etc/bzt.d
[2018-12-31 13:26:22,664 DEBUG Engine] Base configs list: ['/usr/local/Cellar/bzt/1.13.0/libexec/lib/python2.7/site-packages/bzt/resources/base-config.yml']
[2018-12-31 13:26:22,664 DEBUG Engine.Configuration] Configs: ['/usr/local/Cellar/bzt/1.13.0/libexec/lib/python2.7/site-packages/bzt/resources/base-config.yml']
[2018-12-31 13:26:22,665 DEBUG Engine.Configuration] Reading /usr/local/Cellar/bzt/1.13.0/libexec/lib/python2.7/site-packages/bzt/resources/base-config.yml as YAML
[2018-12-31 13:26:22,688 DEBUG Engine] User configs list: ['/Users/chefe02/.bzt-rc', 'NOP_SC2_Jenkins.yaml']
[2018-12-31 13:26:22,688 DEBUG Engine.Configuration] Configs: ['/Users/chefe02/.bzt-rc', 'NOP_SC2_Jenkins.yaml']
[2018-12-31 13:26:22,690 DEBUG Engine.Configuration] Reading /Users/chefe02/.bzt-rc as YAML
[2018-12-31 13:26:22,693 DEBUG Engine.Configuration] Reading NOP_SC2_Jenkins.yaml as YAML
[2018-12-31 13:26:22,696 DEBUG Engine.Configuration] Configs: ['/Users/chefe02/.bzt-rc', 'NOP_SC2_Jenkins.yaml']
[2018-12-31 13:26:22,697 DEBUG Engine.Configuration] Reading /Users/chefe02/.bzt-rc as YAML
[2018-12-31 13:26:22,700 DEBUG Engine.Configuration] Reading NOP_SC2_Jenkins.yaml as YAML
[2018-12-31 13:26:22,713 DEBUG Engine] Requesting updates info: http://gettaurus.org/updates/?version=1.13.0&installID=jenkins-8c85905fb9f6
[2018-12-31 13:26:22,713 DEBUG HTTPClient] Making HTTP request GET http://gettaurus.org/updates/?version=1.13.0&installID=jenkins-8c85905fb9f6
[2018-12-31 13:26:22,719 INFO Engine] Artifacts dir: /Users/chefe02/Desktop/presales_cert/Artifacts/2018-12-31_13-26-22.719790bz
[2018-12-31 13:26:22,720 DEBUG urllib3.connectionpool] Starting new HTTP connection (1): gettaurus.org:80
[2018-12-31 13:26:22,721 DEBUG Engine] New artifact filename: /Users/chefe02/Desktop/presales_cert/Artifacts/2018-12-31_13-26-22.719790bz/effective
[2018-12-31 13:26:22,723 DEBUG Engine.Configuration] Dumping YAML config into /Users/chefe02/Desktop/presales_cert/Artifacts/2018-12-31_13-26-22.719790bz/effective.yml
[2018-12-31 13:26:22,744 DEBUG Engine.Configuration] Dumping JSON config into /Users/chefe02/Desktop/presales_cert/Artifacts/2018-12-31_13-26-22.719790bz/effective.json
[2018-12-31 13:26:22,745 DEBUG Engine] New artifact filename: /Users/chefe02/Desktop/presales_cert/Artifacts/2018-12-31_13-26-22.719790bz/merged.yml
[2018-12-31 13:26:22,745 DEBUG Engine.Configuration] Dumping YAML config into /Users/chefe02/Desktop/presales_cert/Artifacts/2018-12-31_13-26-22.719790bz/merged.yml
[2018-12-31 13:26:22,748 DEBUG Engine] New artifact filename: /Users/chefe02/Desktop/presales_cert/Artifacts/2018-12-31_13-26-22.719790bz/merged.json
[2018-12-31 13:26:22,748 DEBUG Engine.Configuration] Dumping JSON config into /Users/chefe02/Desktop/presales_cert/Artifacts/2018-12-31_13-26-22.719790bz/merged.json
[2018-12-31 13:26:22,748 DEBUG Engine] Add existing artifact (move=False): NOP_SC2_Jenkins.yaml
[2018-12-31 13:26:22,748 DEBUG Engine] Copying NOP_SC2_Jenkins.yaml to /Users/chefe02/Desktop/presales_cert/Artifacts/2018-12-31_13-26-22.719790bz/NOP_SC2_Jenkins.yaml
[2018-12-31 13:26:22,749 DEBUG Engine.Environment] Replace 'TAURUS_ARTIFACTS_DIR' in environment
[2018-12-31 13:26:22,749 DEBUG root] Closing log handler: /var/folders/5f/vzk4zj_95sndkt7khp6l85jhnvgy8l/T/bzt_hD_ea0.log
[2018-12-31 13:26:22,750 DEBUG root] Switched writing logs to /Users/chefe02/Desktop/presales_cert/Artifacts/2018-12-31_13-26-22.719790bz/bzt.log
[2018-12-31 13:26:22,750 DEBUG root] Linting config
[2018-12-31 13:26:22,752 INFO Engine] Preparing...
[2018-12-31 13:26:22,753 DEBUG Engine] Module config: consolidator {'class': u'bzt.modules.aggregator.ConsolidatingAggregator'}
[2018-12-31 13:26:22,753 DEBUG root] Importing module: bzt.modules.aggregator
[2018-12-31 13:26:22,972 DEBUG root] Loading class: 'ConsolidatingAggregator' from <module 'bzt.modules.aggregator' from '/usr/local/Cellar/bzt/1.13.0/libexec/lib/python2.7/site-packages/bzt/modules/aggregator.pyc'>
[2018-12-31 13:26:22,977 DEBUG Engine.consolidator] Buffer scaling setup: percentile 95.0 from [0.0, 50.0, 90.0, 95.0, 99.0, 99.9, 100.0] selected
[2018-12-31 13:26:22,977 DEBUG Engine] Module config: monitoring {'class': u'bzt.modules.monitoring.Monitoring'}
[2018-12-31 13:26:22,977 DEBUG root] Importing module: bzt.modules.monitoring
[2018-12-31 13:26:22,988 DEBUG root] Loading class: 'Monitoring' from <module 'bzt.modules.monitoring' from '/usr/local/Cellar/bzt/1.13.0/libexec/lib/python2.7/site-packages/bzt/modules/monitoring.pyc'>
[2018-12-31 13:26:22,994 DEBUG Engine] Module config: cloud {'class': u'bzt.modules.blazemeter.CloudProvisioning', 'default-location': u'us-central1-a'}
[2018-12-31 13:26:23,002 DEBUG root] Importing module: bzt.modules.blazemeter
[2018-12-31 13:26:23,040 DEBUG easyprocess] version=0.2.3
[2018-12-31 13:26:23,048 DEBUG pyvirtualdisplay] version=0.2.1
[2018-12-31 13:26:23,053 DEBUG root] Loading class: 'CloudProvisioning' from <module 'bzt.modules.blazemeter' from '/usr/local/Cellar/bzt/1.13.0/libexec/lib/python2.7/site-packages/bzt/modules/blazemeter.pyc'>
[2018-12-31 13:26:23,057 DEBUG Engine] Module config: blazemeter {'project': u'BlazeDemo', 'token': '********', 'workspace': u'litterbox', 'test': u'NOP_SC2 Taurus/Jenkins', 'report-name': u'NOP_SC2_Jenkins', 'class': u'bzt.modules.blazemeter.BlazeMeterUploader'}
[2018-12-31 13:26:23,063 DEBUG root] Importing module: bzt.modules.blazemeter
[2018-12-31 13:26:23,063 DEBUG root] Loading class: 'BlazeMeterUploader' from <module 'bzt.modules.blazemeter' from '/usr/local/Cellar/bzt/1.13.0/libexec/lib/python2.7/site-packages/bzt/modules/blazemeter.pyc'>
[2018-12-31 13:26:23,074 DEBUG Engine.cloud] Installing http client
[2018-12-31 13:26:23,080 DEBUG Engine.cloud] Request: GET https://a.blazemeter.com/api/v4/accounts None
[2018-12-31 13:26:23,080 DEBUG HTTPClient] Making HTTP request GET https://a.blazemeter.com/api/v4/accounts
[2018-12-31 13:26:23,115 DEBUG urllib3.connectionpool] Starting new HTTPS connection (1): a.blazemeter.com:443
[2018-12-31 13:26:23,202 DEBUG urllib3.connectionpool] http://gettaurus.org:80 "GET /updates/?version=1.13.0&installID=jenkins-8c85905fb9f6 HTTP/1.1" 200 59
[2018-12-31 13:26:23,203 DEBUG Engine] Taurus updates info: {u'needsUpgrade': True, u'latest': u'1.13.2'}
[2018-12-31 13:26:23,203 WARNING Engine] There is newer version of Taurus 1.13.2 available, consider upgrading. What's new: http://gettaurus.org/docs/Changelog/
[2018-12-31 13:26:23,632 DEBUG urllib3.connectionpool] https://a.blazemeter.com:443 "GET /api/v4/accounts HTTP/1.1" 200 2215
[2018-12-31 13:26:23,633 DEBUG Engine.cloud] Response [200]: {
    "limit": 10,
    "skip": 0,
    "total": 2,
    "hidden": 0,
    "api_version": 4,
    "error": null,
    "result": [
        {
            "id": 153221,
            "name": "BlazeMeter Demo",
            "thumbnailUrl": "https://www.blazemeter.com/s
[2018-12-31 13:26:23,634 DEBUG Engine.cloud] Request: GET https://a.blazemeter.com/api/v4/workspaces?accountId=153221&enabled=true&limit=100 None
[2018-12-31 13:26:23,634 DEBUG HTTPClient] Making HTTP request GET https://a.blazemeter.com/api/v4/workspaces?accountId=153221&enabled=true&limit=100
[2018-12-31 13:26:23,863 DEBUG urllib3.connectionpool] https://a.blazemeter.com:443 "GET /api/v4/workspaces?accountId=153221&enabled=true&limit=100 HTTP/1.1" 200 2196
[2018-12-31 13:26:23,864 DEBUG Engine.cloud] Response [200]: {
    "limit": 100,
    "skip": 0,
    "total": 3,
    "hidden": 0,
    "api_version": 4,
    "error": null,
    "result": [
        {
            "id": 215524,
            "name": "CD Presales WorkSpace",
            "userId": 358935,
            "created
[2018-12-31 13:26:23,866 DEBUG Engine.cloud] Request: GET https://a.blazemeter.com/api/v4/workspaces?accountId=190324&enabled=true&limit=100 None
[2018-12-31 13:26:23,866 DEBUG HTTPClient] Making HTTP request GET https://a.blazemeter.com/api/v4/workspaces?accountId=190324&enabled=true&limit=100
[2018-12-31 13:26:24,070 DEBUG urllib3.connectionpool] https://a.blazemeter.com:443 "GET /api/v4/workspaces?accountId=190324&enabled=true&limit=100 HTTP/1.1" 200 2190
[2018-12-31 13:26:24,071 DEBUG Engine.cloud] Response [200]: {
    "limit": 100,
    "skip": 0,
    "total": 3,
    "hidden": 0,
    "api_version": 4,
    "error": null,
    "result": [
        {
            "id": 184063,
            "name": "demo workspace",
            "userId": 407077,
            "created": 1513
[2018-12-31 13:26:24,073 DEBUG Engine] Module config: jmeter {'properties': {'jmeter.save.saveservice.autoflush': u'true', 'jmeter.save.saveservice.connect_time': u'true', 'summariser.name': u'', 'jmeterengine.force.system.exit': u'true'}, 'plugins': [u'jpgc-casutg', u'jpgc-dummy', u'jpgc-ffw', u'jpgc-fifo', u'jpgc-functions', u'jpgc-json', u'jpgc-perfmon', u'jpgc-prmctl', u'jpgc-tst'], 'class': u'bzt.modules.jmeter.JMeterExecutor', 'protocol-handlers': {'http': u'bzt.jmx.http.HTTPProtocolHandler'}}
[2018-12-31 13:26:24,073 DEBUG root] Importing module: bzt.modules.jmeter
[2018-12-31 13:26:24,096 DEBUG root] Loading class: 'JMeterExecutor' from <module 'bzt.modules.jmeter' from '/usr/local/Cellar/bzt/1.13.0/libexec/lib/python2.7/site-packages/bzt/modules/jmeter.pyc'>
[2018-12-31 13:26:24,096 DEBUG Engine.cloud.ProjectFinder] Parsed test link: None
[2018-12-31 13:26:24,097 DEBUG Engine.cloud] Request: GET https://a.blazemeter.com/api/v4/user None
[2018-12-31 13:26:24,097 DEBUG HTTPClient] Making HTTP request GET https://a.blazemeter.com/api/v4/user
[2018-12-31 13:26:24,299 DEBUG urllib3.connectionpool] https://a.blazemeter.com:443 "GET /api/v4/user HTTP/1.1" 200 2138
[2018-12-31 13:26:24,299 DEBUG Engine.cloud] Response [200]: {
    "api_version": 4,
    "error": null,
    "result": {
        "id": 407077,
        "email": "felicia.chen@blazemeter.com",
        "access": 1546291573,
        "login": 1538602495,
        "firstName": "felicia",
        "lastName": "chen",
        
[2018-12-31 13:26:24,300 DEBUG Engine.cloud] Request: GET https://a.blazemeter.com/api/v4/accounts None
[2018-12-31 13:26:24,300 DEBUG HTTPClient] Making HTTP request GET https://a.blazemeter.com/api/v4/accounts
[2018-12-31 13:26:24,517 DEBUG urllib3.connectionpool] https://a.blazemeter.com:443 "GET /api/v4/accounts HTTP/1.1" 200 2215
[2018-12-31 13:26:24,518 DEBUG Engine.cloud] Response [200]: {
    "limit": 10,
    "skip": 0,
    "total": 2,
    "hidden": 0,
    "api_version": 4,
    "error": null,
    "result": [
        {
            "id": 153221,
            "name": "BlazeMeter Demo",
            "thumbnailUrl": "https://www.blazemeter.com/s
[2018-12-31 13:26:24,519 DEBUG Engine.cloud.ProjectFinder] Using default account: {u'taurusCloudUrl': None, u'updated': 1543849580, u'migratedToV4': None, u'disclaimerMessage': None, u'apiKeyExpiration': 3650, u'owner': {u'displayName': u'felicia chen', u'id': 407077, u'email': u'felicia.chen@blazemeter.com'}, u'jetlagJavaPath': None, u'membersCount': 2, u'thumbnailUrl': None, u'underMigration': None, u'id': 190324, u'appUrl': u'https://a.blazemeter.com', u'workspacesCount': 3, u'name': u'Default Account', u'created': 1513707945, u'legacyApiKeysDisabled': False, u'totangoId': None, u'inviteContactEmail': None, u'jmeterPluginsUrl': None, u'inviteContactName': None, u'jetLagUrl': u'default-jetlag', u'salesforceId': None, u'sessionDelayedStart': 180}
[2018-12-31 13:26:24,519 DEBUG Engine.cloud] Request: GET https://a.blazemeter.com/api/v4/workspaces?accountId=190324&enabled=true&limit=100 None
[2018-12-31 13:26:24,519 DEBUG HTTPClient] Making HTTP request GET https://a.blazemeter.com/api/v4/workspaces?accountId=190324&enabled=true&limit=100
[2018-12-31 13:26:24,737 DEBUG urllib3.connectionpool] https://a.blazemeter.com:443 "GET /api/v4/workspaces?accountId=190324&enabled=true&limit=100 HTTP/1.1" 200 2190
[2018-12-31 13:26:24,738 DEBUG Engine.cloud] Response [200]: {
    "limit": 100,
    "skip": 0,
    "total": 3,
    "hidden": 0,
    "api_version": 4,
    "error": null,
    "result": [
        {
            "id": 184063,
            "name": "demo workspace",
            "userId": 407077,
            "created": 1513
[2018-12-31 13:26:24,739 DEBUG Engine.cloud] Request: GET https://a.blazemeter.com/api/v4/projects?workspaceId=188407&name=BlazeDemo None
[2018-12-31 13:26:24,739 DEBUG HTTPClient] Making HTTP request GET https://a.blazemeter.com/api/v4/projects?workspaceId=188407&name=BlazeDemo
[2018-12-31 13:26:24,933 DEBUG urllib3.connectionpool] https://a.blazemeter.com:443 "GET /api/v4/projects?workspaceId=188407&name=BlazeDemo HTTP/1.1" 200 407
[2018-12-31 13:26:24,934 DEBUG Engine.cloud] Response [200]: {
    "limit": 10,
    "skip": 0,
    "total": 1,
    "hidden": 0,
    "api_version": 4,
    "error": null,
    "result": [
        {
            "id": 285643,
            "name": "BlazeDemo",
            "userId": 407077,
            "description": null,

[2018-12-31 13:26:24,935 DEBUG Engine.cloud] Request: GET https://a.blazemeter.com/api/v4/multi-tests?projectId=285643&name=NOP_SC2+Taurus%2FJenkins None
[2018-12-31 13:26:24,935 DEBUG HTTPClient] Making HTTP request GET https://a.blazemeter.com/api/v4/multi-tests?projectId=285643&name=NOP_SC2+Taurus%2FJenkins
[2018-12-31 13:26:25,126 DEBUG urllib3.connectionpool] https://a.blazemeter.com:443 "GET /api/v4/multi-tests?projectId=285643&name=NOP_SC2+Taurus%2FJenkins HTTP/1.1" 200 126
[2018-12-31 13:26:25,127 DEBUG Engine.cloud] Response [200]: {
    "limit": 10,
    "skip": 0,
    "total": 0,
    "hidden": 0,
    "api_version": 4,
    "error": null,
    "result": []
}
[2018-12-31 13:26:25,127 DEBUG Engine.cloud] Request: GET https://a.blazemeter.com/api/v4/tests?projectId=285643&name=NOP_SC2+Taurus%2FJenkins None
[2018-12-31 13:26:25,127 DEBUG HTTPClient] Making HTTP request GET https://a.blazemeter.com/api/v4/tests?projectId=285643&name=NOP_SC2+Taurus%2FJenkins
[2018-12-31 13:26:25,343 DEBUG urllib3.connectionpool] https://a.blazemeter.com:443 "GET /api/v4/tests?projectId=285643&name=NOP_SC2+Taurus%2FJenkins HTTP/1.1" 200 1461
[2018-12-31 13:26:25,344 DEBUG Engine.cloud] Response [200]: {
    "limit": 10,
    "skip": 0,
    "total": 1,
    "hidden": 0,
    "api_version": 4,
    "error": null,
    "result": [
        {
            "id": 6382642,
            "name": "NOP_SC2 Taurus/Jenkins",
            "isNewTest": true,
            "userI
[2018-12-31 13:26:25,344 DEBUG Engine.cloud.ProjectFinder] Detected test type: standard
[2018-12-31 13:26:25,345 DEBUG Engine.cloud] Request: GET https://a.blazemeter.com/api/v4/workspaces/188407 None
[2018-12-31 13:26:25,345 DEBUG HTTPClient] Making HTTP request GET https://a.blazemeter.com/api/v4/workspaces/188407
[2018-12-31 13:26:25,662 DEBUG urllib3.connectionpool] https://a.blazemeter.com:443 "GET /api/v4/workspaces/188407 HTTP/1.1" 200 None
[2018-12-31 13:26:25,741 DEBUG Engine.cloud] Response [200]: {
    "api_version": 4,
    "error": null,
    "result": {
        "id": 188407,
        "name": "litterbox",
        "userId": 407077,
        "created": 1515721294,
        "updated": 1522438252,
        "enabled": true,
        "dedicatedIpsEnabled": tr
[2018-12-31 13:26:25,762 DEBUG Engine.jmeter] Extract {'script': u'./NOP_SC2.jmx'} into scenarios
[2018-12-31 13:26:25,773 DEBUG Engine.cloud] All resource files are: [u'/Users/chefe02/.jenkins/workspace/presales_cert/NopComm BZM Taurus/NOP_SC2.jmx']
[2018-12-31 13:26:25,774 DEBUG Engine.cloud] Replace file names in config: [u'/Users/chefe02/.jenkins/workspace/presales_cert/NopComm BZM Taurus/NOP_SC2.jmx'] with [u'NOP_SC2.jmx']
[2018-12-31 13:26:25,774 DEBUG Engine.cloud] Replaced /Users/chefe02/.jenkins/workspace/presales_cert/NopComm BZM Taurus/NOP_SC2.jmx with NOP_SC2.jmx
[2018-12-31 13:26:25,776 DEBUG Engine] New artifact filename: /Users/chefe02/Desktop/presales_cert/Artifacts/2018-12-31_13-26-22.719790bz/cloud
[2018-12-31 13:26:25,776 DEBUG root] Dumping YAML config into /Users/chefe02/Desktop/presales_cert/Artifacts/2018-12-31_13-26-22.719790bz/cloud.yml
[2018-12-31 13:26:25,781 DEBUG root] Dumping JSON config into /Users/chefe02/Desktop/presales_cert/Artifacts/2018-12-31_13-26-22.719790bz/cloud.json
[2018-12-31 13:26:25,781 DEBUG Engine.cloud] Request: GET https://a.blazemeter.com/api/v4/web/elfinder/6382642?cmd=open&target=s1_Lw None
[2018-12-31 13:26:25,781 DEBUG HTTPClient] Making HTTP request GET https://a.blazemeter.com/api/v4/web/elfinder/6382642?cmd=open&target=s1_Lw
[2018-12-31 13:26:26,251 DEBUG urllib3.connectionpool] https://a.blazemeter.com:443 "GET /api/v4/web/elfinder/6382642?cmd=open&target=s1_Lw HTTP/1.1" 200 1654
[2018-12-31 13:26:26,252 DEBUG Engine.cloud] Response [200]: {"cwd":{"name":"data","size":0,"mime":"directory","read":1,"write":1,"parent_id":"users","hash":"s1_Lw","rootRev":"","options":{"path":"","url":"","tmbUrl":"","disabled":["mkdir","archive","zipdl","extract","chmod"],"separator":"\/","copyOverwrite":1,"uplo
[2018-12-31 13:26:26,253 DEBUG Engine.cloud] Test files: [u'NOP_SC2.jmx', u'taurus.yml']
[2018-12-31 13:26:26,253 DEBUG Engine.cloud] Request: GET https://a.blazemeter.com/api/v4/web/elfinder/6382642?cmd=rm&targets[]=s1_Tk9QX1NDMi5qbXg&targets[]=s1_dGF1cnVzLnltbA None
[2018-12-31 13:26:26,253 DEBUG HTTPClient] Making HTTP request GET https://a.blazemeter.com/api/v4/web/elfinder/6382642?cmd=rm&targets[]=s1_Tk9QX1NDMi5qbXg&targets[]=s1_dGF1cnVzLnltbA
[2018-12-31 13:26:27,172 DEBUG urllib3.connectionpool] https://a.blazemeter.com:443 "GET /api/v4/web/elfinder/6382642?cmd=rm&targets[]=s1_Tk9QX1NDMi5qbXg&targets[]=s1_dGF1cnVzLnltbA HTTP/1.1" 200 801
[2018-12-31 13:26:27,174 DEBUG Engine.cloud] Response [200]: {"removed":["s1_Tk9QX1NDMi5qbXg","s1_dGF1cnVzLnltbA"],"changed":[{"name":"data","size":0,"mime":"directory","read":1,"write":1,"parent_id":"users","hash":"s1_Lw","rootRev":"","options":{"path":"","url":"","tmbUrl":"","disabled":["mkdir","archive","zipdl","
[2018-12-31 13:26:27,174 DEBUG Engine.cloud] Successfully deleted 2 test files
[2018-12-31 13:26:27,179 DEBUG Engine.cloud] Uploading files into the test: [u'/Users/chefe02/.jenkins/workspace/presales_cert/NopComm BZM Taurus/NOP_SC2.jmx']
[2018-12-31 13:26:27,192 DEBUG Engine.cloud] Request: POST https://a.blazemeter.com/api/v4/tests/6382642/files --===============3051680372598628262==
Content-Disposition: file; name="script"; filename="taurus.yml"
Content-Type: application/octet-stream

---
execution:
- concurrency: 20
  executor: jmeter
  hold-for: 5m
  locations:
    us-west-1: 1
  ramp-up: 3
[2018-12-31 13:26:27,192 DEBUG HTTPClient] Making HTTP request POST https://a.blazemeter.com/api/v4/tests/6382642/files
[2018-12-31 13:26:28,197 DEBUG urllib3.connectionpool] https://a.blazemeter.com:443 "POST /api/v4/tests/6382642/files HTTP/1.1" 201 1124
[2018-12-31 13:26:28,198 DEBUG Engine.cloud] Response [201]: {
    "api_version": 4,
    "error": null,
    "result": {
        "id": 6382642,
        "isNewTest": true,
        "lastRunTime": 1546290095,
        "name": "NOP_SC2 Taurus/Jenkins",
        "userId": 407077,
        "creatorClientId": "Taurus",
       
[2018-12-31 13:26:28,199 DEBUG Engine.cloud] Request: PATCH https://a.blazemeter.com/api/v4/tests/6382642 {
 "configuration": {
  "executionType": null
 }
}
[2018-12-31 13:26:28,199 DEBUG HTTPClient] Making HTTP request PATCH https://a.blazemeter.com/api/v4/tests/6382642
[2018-12-31 13:26:28,606 DEBUG urllib3.connectionpool] https://a.blazemeter.com:443 "PATCH /api/v4/tests/6382642 HTTP/1.1" 200 1645
[2018-12-31 13:26:28,606 DEBUG Engine.cloud] Response [200]: {
    "api_version": 4,
    "error": null,
    "result": {
        "id": 6382642,
        "isNewTest": true,
        "lastRunTime": 1546290095,
        "name": "NOP_SC2 Taurus/Jenkins",
        "userId": 407077,
        "creatorClientId": "Taurus",
       
[2018-12-31 13:26:28,607 DEBUG Engine.cloud] Request: PATCH https://a.blazemeter.com/api/v4/tests/6382642 {
 "configuration": {
  "plugins": {
   "reportEmail": {
    "enabled": false
   }
  }
 }
}
[2018-12-31 13:26:28,607 DEBUG HTTPClient] Making HTTP request PATCH https://a.blazemeter.com/api/v4/tests/6382642
[2018-12-31 13:26:28,884 DEBUG urllib3.connectionpool] https://a.blazemeter.com:443 "PATCH /api/v4/tests/6382642 HTTP/1.1" 200 1645
[2018-12-31 13:26:28,885 DEBUG Engine.cloud] Response [200]: {
    "api_version": 4,
    "error": null,
    "result": {
        "id": 6382642,
        "isNewTest": true,
        "lastRunTime": 1546290095,
        "name": "NOP_SC2 Taurus/Jenkins",
        "userId": 407077,
        "creatorClientId": "Taurus",
       
[2018-12-31 13:26:28,886 DEBUG Engine] Module config: final-stats {'class': u'bzt.modules.reporting.FinalStatus'}
[2018-12-31 13:26:28,886 DEBUG root] Importing module: bzt.modules.reporting
[2018-12-31 13:26:28,894 DEBUG root] Loading class: 'FinalStatus' from <module 'bzt.modules.reporting' from '/usr/local/Cellar/bzt/1.13.0/libexec/lib/python2.7/site-packages/bzt/modules/reporting.pyc'>
[2018-12-31 13:26:28,894 DEBUG Engine] Module config: console {'class': u'bzt.modules.console.ConsoleStatusReporter'}
[2018-12-31 13:26:28,894 DEBUG root] Importing module: bzt.modules.console
[2018-12-31 13:26:28,894 DEBUG root] Loading class: 'ConsoleStatusReporter' from <module 'bzt.modules.console' from '/usr/local/Cellar/bzt/1.13.0/libexec/lib/python2.7/site-packages/bzt/modules/console.pyc'>
[2018-12-31 13:26:28,897 DEBUG Engine.Configuration] Dumping YAML config into /Users/chefe02/Desktop/presales_cert/Artifacts/2018-12-31_13-26-22.719790bz/effective.yml
[2018-12-31 13:26:28,920 DEBUG Engine.Configuration] Dumping JSON config into /Users/chefe02/Desktop/presales_cert/Artifacts/2018-12-31_13-26-22.719790bz/effective.json
[2018-12-31 13:26:28,921 INFO Engine] Starting...
[2018-12-31 13:26:28,922 DEBUG Engine] Startup <bzt.modules.monitoring.Monitoring object at 0x105f34390>
[2018-12-31 13:26:28,922 DEBUG Engine] Startup <bzt.modules.aggregator.ConsolidatingAggregator object at 0x105f346d0>
[2018-12-31 13:26:28,922 DEBUG Engine] Startup <bzt.modules.reporting.FinalStatus object at 0x1078dae90>
[2018-12-31 13:26:28,922 DEBUG Engine] Startup <bzt.modules.console.ConsoleStatusReporter object at 0x1078bdbd0>
[2018-12-31 13:26:28,922 INFO Engine.console] Waiting for results...
[2018-12-31 13:26:28,922 DEBUG Engine] Startup <bzt.modules.reporting.FinalStatus object at 0x1078bdd90>
[2018-12-31 13:26:28,922 DEBUG Engine] Startup <bzt.modules.blazemeter.CloudProvisioning object at 0x105ee9950>
[2018-12-31 13:26:28,922 INFO Engine.cloud.ProjectFinder.CloudTaurusTest] Initiating cloud test with https://a.blazemeter.com ...
[2018-12-31 13:26:28,922 DEBUG Engine.cloud] Request: POST https://a.blazemeter.com/api/v4/tests/6382642/start None
[2018-12-31 13:26:28,922 DEBUG HTTPClient] Making HTTP request POST https://a.blazemeter.com/api/v4/tests/6382642/start
[2018-12-31 13:26:37,721 DEBUG urllib3.connectionpool] https://a.blazemeter.com:443 "POST /api/v4/tests/6382642/start HTTP/1.1" 202 1638
[2018-12-31 13:26:37,721 DEBUG Engine.cloud] Response [202]: {
    "api_version": 4,
    "error": null,
    "result": {
        "id": 18765846,
        "name": "NOP_SC2 Taurus/Jenkins",
        "userId": 407077,
        "runnerUserId": 407077,
        "parallelTestsInWorkspace": 1,
        "parallelTestsInAccount": 
[2018-12-31 13:26:37,722 INFO Engine.cloud] Started cloud test: https://a.blazemeter.com/app/#/masters/18765846
[2018-12-31 13:26:37,851 DEBUG Engine.cloud] Request: PATCH https://a.blazemeter.com/api/v4/masters/18765846 {
 "name": "NOP_SC2_Jenkins"
}
[2018-12-31 13:26:37,851 DEBUG HTTPClient] Making HTTP request PATCH https://a.blazemeter.com/api/v4/masters/18765846
[2018-12-31 13:26:38,063 DEBUG urllib3.connectionpool] https://a.blazemeter.com:443 "PATCH /api/v4/masters/18765846 HTTP/1.1" 200 1507
[2018-12-31 13:26:38,064 DEBUG Engine.cloud] Response [200]: {
    "api_version": 4,
    "error": null,
    "result": {
        "id": 18765846,
        "name": "NOP_SC2_Jenkins",
        "userId": 407077,
        "runnerUserId": 407077,
        "parallelTestsInWorkspace": 1,
        "parallelTestsInAccount": 1,
    
[2018-12-31 13:26:38,066 DEBUG Engine.Configuration] Dumping YAML config into /Users/chefe02/Desktop/presales_cert/Artifacts/2018-12-31_13-26-22.719790bz/effective.yml
[2018-12-31 13:26:38,090 DEBUG Engine.Configuration] Dumping JSON config into /Users/chefe02/Desktop/presales_cert/Artifacts/2018-12-31_13-26-22.719790bz/effective.json
[2018-12-31 13:26:38,091 DEBUG root] Leveling down log file verbosity to INFO, use -v option to have DEBUG messages enabled
[2018-12-31 13:26:38,302 INFO Engine.cloud] Cloud test status: CREATE
[2018-12-31 13:26:43,319 INFO Engine.cloud] Cloud test status: BOOT_STARTING
[2018-12-31 13:27:58,521 INFO Engine.cloud] Cloud test status: INIT_SCRIPT
[2018-12-31 13:28:33,616 INFO Engine.cloud] Cloud test status: TAURUS_ENGINE_READY
[2018-12-31 13:28:58,694 INFO Engine.cloud] Cloud test status: DATA_RECEIVED
[2018-12-31 13:29:21,492 WARNING Engine] Please wait for graceful shutdown...
[2018-12-31 13:29:21,493 DEBUG root] Leveled up log file verbosity
[2018-12-31 13:29:21,493 INFO Engine] Shutting down...
[2018-12-31 13:29:21,493 DEBUG Engine] Current stop reason: 'ec'
[2018-12-31 13:29:21,497 DEBUG Engine.Configuration] Dumping YAML config into /Users/chefe02/Desktop/presales_cert/Artifacts/2018-12-31_13-26-22.719790bz/effective.yml
[2018-12-31 13:29:21,538 DEBUG Engine.Configuration] Dumping JSON config into /Users/chefe02/Desktop/presales_cert/Artifacts/2018-12-31_13-26-22.719790bz/effective.json
[2018-12-31 13:29:21,540 ERROR root] KeyError: 'ec'
Traceback (most recent call last):
  File "/usr/local/Cellar/bzt/1.13.0/libexec/lib/python2.7/site-packages/bzt/cli.py", line 261, in perform
    self.engine.run()
  File "/usr/local/Cellar/bzt/1.13.0/libexec/lib/python2.7/site-packages/bzt/engine.py", line 226, in run
    reraise(exc_info, exc_value)
  File "/usr/local/Cellar/bzt/1.13.0/libexec/lib/python2.7/site-packages/bzt/engine.py", line 206, in run
    self._wait()
  File "/usr/local/Cellar/bzt/1.13.0/libexec/lib/python2.7/site-packages/bzt/engine.py", line 247, in _wait
    while not self._check_modules_list():
  File "/usr/local/Cellar/bzt/1.13.0/libexec/lib/python2.7/site-packages/bzt/engine.py", line 234, in _check_modules_list
    finished = bool(module.check())
  File "/usr/local/Cellar/bzt/1.13.0/libexec/lib/python2.7/site-packages/bzt/modules/aggregator.py", line 730, in check
    for point in self.datapoints():
  File "/usr/local/Cellar/bzt/1.13.0/libexec/lib/python2.7/site-packages/bzt/modules/aggregator.py", line 488, in datapoints
    for datapoint in self._calculate_datapoints(final_pass):
  File "/usr/local/Cellar/bzt/1.13.0/libexec/lib/python2.7/site-packages/bzt/modules/aggregator.py", line 759, in _calculate_datapoints
    self._process_underlings(final_pass)
  File "/usr/local/Cellar/bzt/1.13.0/libexec/lib/python2.7/site-packages/bzt/modules/aggregator.py", line 744, in _process_underlings
    for data in underling.datapoints(final_pass):
  File "/usr/local/Cellar/bzt/1.13.0/libexec/lib/python2.7/site-packages/bzt/modules/aggregator.py", line 488, in datapoints
    for datapoint in self._calculate_datapoints(final_pass):
  File "/usr/local/Cellar/bzt/1.13.0/libexec/lib/python2.7/site-packages/bzt/modules/blazemeter.py", line 1826, in _calculate_datapoints
    kpiset = self.__get_kpiset(aggr, kpi, label_str)
  File "/usr/local/Cellar/bzt/1.13.0/libexec/lib/python2.7/site-packages/bzt/modules/blazemeter.py", line 1890, in __get_kpiset
    kpiset[KPISet.FAILURES] = kpi['ec']
KeyError: 'ec'
[2018-12-31 13:29:21,540 INFO Engine] Post-processing...
[2018-12-31 13:29:21,540 INFO Engine.cloud.ProjectFinder.CloudTaurusTest] Ending cloud test...
[2018-12-31 13:29:21,540 DEBUG Engine.cloud] Request: POST https://a.blazemeter.com/api/v4/masters/18765846/stop None
[2018-12-31 13:29:21,540 DEBUG HTTPClient] Making HTTP request POST https://a.blazemeter.com/api/v4/masters/18765846/stop
[2018-12-31 13:29:21,745 DEBUG urllib3.connectionpool] https://a.blazemeter.com:443 "POST /api/v4/masters/18765846/stop HTTP/1.1" 202 167
[2018-12-31 13:29:21,746 DEBUG Engine.cloud] Response [202]: {
    "api_version": 4,
    "error": null,
    "result": [
        {
            "session_id": "r-v4-5c2a898d7f33c",
            "result": "Stopping"
        }
    ]
}
[2018-12-31 13:29:21,746 DEBUG Engine.cloud] Request: GET https://a.blazemeter.com/api/v4/masters/18765846/full None
[2018-12-31 13:29:21,746 DEBUG HTTPClient] Making HTTP request GET https://a.blazemeter.com/api/v4/masters/18765846/full
[2018-12-31 13:29:21,960 DEBUG urllib3.connectionpool] https://a.blazemeter.com:443 "GET /api/v4/masters/18765846/full HTTP/1.1" 200 6244
[2018-12-31 13:29:21,961 DEBUG Engine.cloud] Response [200]: {
    "api_version": 4,
    "error": null,
    "result": {
        "id": 18765846,
        "name": "NOP_SC2_Jenkins",
        "userId": 407077,
        "runnerUserId": 407077,
        "created": 1546291597,
        "updated": 1546291761,
        "parallelT
[2018-12-31 13:29:21,962 DEBUG Engine.cloud] Request: GET https://a.blazemeter.com/api/v4/data/labels?master_id=18765846 None
[2018-12-31 13:29:21,962 DEBUG HTTPClient] Making HTTP request GET https://a.blazemeter.com/api/v4/data/labels?master_id=18765846
[2018-12-31 13:29:22,160 DEBUG urllib3.connectionpool] https://a.blazemeter.com:443 "GET /api/v4/data/labels?master_id=18765846 HTTP/1.1" 200 1179
[2018-12-31 13:29:22,161 DEBUG Engine.cloud] Response [200]: {
    "api_version": 4,
    "error": null,
    "result": [
        {
            "id": "ALL",
            "name": "ALL",
            "sessions": [
                "r-v4-5c2a898d7f33c"
            ]
        },
        {
            "id": "d1047c744d8b89eb2d
[2018-12-31 13:29:22,161 DEBUG Engine.cloud] Request: GET https://a.blazemeter.com/api/v4/data/kpis?interval=1&from=0&master_ids%5B%5D=18765846&kpis%5B%5D=t&kpis%5B%5D=lt&kpis%5B%5D=by&kpis%5B%5D=n&kpis%5B%5D=ec&kpis%5B%5D=ts&kpis%5B%5D=na&labels%5B%5D=ALL&labels%5B%5D=d1047c744d8b89eb2dabb8c39b3d6ea8&labels%5B%5D=4d64ad9b371dad0c476df83f4feb5f36&labels%5B%5D=404ba6f509e3758f4253d729e137c255&labels%5B%5D=b56a291c70c5441594f6afddb5f335b9&labels%5B%5D=b23b9bd61f90a07c37a1b60e8e954eae None
[2018-12-31 13:29:22,161 DEBUG HTTPClient] Making HTTP request GET https://a.blazemeter.com/api/v4/data/kpis?interval=1&from=0&master_ids%5B%5D=18765846&kpis%5B%5D=t&kpis%5B%5D=lt&kpis%5B%5D=by&kpis%5B%5D=n&kpis%5B%5D=ec&kpis%5B%5D=ts&kpis%5B%5D=na&labels%5B%5D=ALL&labels%5B%5D=d1047c744d8b89eb2dabb8c39b3d6ea8&labels%5B%5D=4d64ad9b371dad0c476df83f4feb5f36&labels%5B%5D=404ba6f509e3758f4253d729e137c255&labels%5B%5D=b56a291c70c5441594f6afddb5f335b9&labels%5B%5D=b23b9bd61f90a07c37a1b60e8e954eae
[2018-12-31 13:29:22,587 DEBUG urllib3.connectionpool] https://a.blazemeter.com:443 "GET /api/v4/data/kpis?interval=1&from=0&master_ids%5B%5D=18765846&kpis%5B%5D=t&kpis%5B%5D=lt&kpis%5B%5D=by&kpis%5B%5D=n&kpis%5B%5D=ec&kpis%5B%5D=ts&kpis%5B%5D=na&labels%5B%5D=ALL&labels%5B%5D=d1047c744d8b89eb2dabb8c39b3d6ea8&labels%5B%5D=4d64ad9b371dad0c476df83f4feb5f36&labels%5B%5D=404ba6f509e3758f4253d729e137c255&labels%5B%5D=b56a291c70c5441594f6afddb5f335b9&labels%5B%5D=b23b9bd61f90a07c37a1b60e8e954eae HTTP/1.1" 200 2483
[2018-12-31 13:29:22,588 DEBUG Engine.cloud] Response [200]: {
    "api_version": 4,
    "error": null,
    "result": [
        {
            "labelId": "b5c7aed7cd2a308523e7d2847b7815909e864b2fd9c4ea88b00d35adb2ecdfd7",
            "labelName": "ALL",
            "label": "ALL",
            "kpis": [
              
[2018-12-31 13:29:22,588 DEBUG Engine.cloud] Request: GET https://a.blazemeter.com/api/v4/masters/18765846/reports/aggregatereport/data None
[2018-12-31 13:29:22,588 DEBUG HTTPClient] Making HTTP request GET https://a.blazemeter.com/api/v4/masters/18765846/reports/aggregatereport/data
[2018-12-31 13:29:22,782 DEBUG urllib3.connectionpool] https://a.blazemeter.com:443 "GET /api/v4/masters/18765846/reports/aggregatereport/data HTTP/1.1" 200 1525
[2018-12-31 13:29:22,782 DEBUG Engine.cloud] Response [200]: {
    "api_version": 4,
    "error": null,
    "result": [
        {
            "labelId": "8df89a0d796dd597588f119b49fa616a7c879b92d108a9fdb4edae0d16e4f0b6",
            "labelName": "search \"apple\"",
            "samples": 2,
            "avgResponseT
[2018-12-31 13:29:22,783 DEBUG Engine] post_process: 'ec'
Traceback (most recent call last):
  File "/usr/local/Cellar/bzt/1.13.0/libexec/lib/python2.7/site-packages/bzt/engine.py", line 296, in post_process
    module.post_process()
  File "/usr/local/Cellar/bzt/1.13.0/libexec/lib/python2.7/site-packages/bzt/modules/aggregator.py", line 739, in post_process
    for point in self.datapoints(True):
  File "/usr/local/Cellar/bzt/1.13.0/libexec/lib/python2.7/site-packages/bzt/modules/aggregator.py", line 488, in datapoints
    for datapoint in self._calculate_datapoints(final_pass):
  File "/usr/local/Cellar/bzt/1.13.0/libexec/lib/python2.7/site-packages/bzt/modules/aggregator.py", line 759, in _calculate_datapoints
    self._process_underlings(final_pass)
  File "/usr/local/Cellar/bzt/1.13.0/libexec/lib/python2.7/site-packages/bzt/modules/aggregator.py", line 744, in _process_underlings
    for data in underling.datapoints(final_pass):
  File "/usr/local/Cellar/bzt/1.13.0/libexec/lib/python2.7/site-packages/bzt/modules/aggregator.py", line 488, in datapoints
    for datapoint in self._calculate_datapoints(final_pass):
  File "/usr/local/Cellar/bzt/1.13.0/libexec/lib/python2.7/site-packages/bzt/modules/blazemeter.py", line 1826, in _calculate_datapoints
    kpiset = self.__get_kpiset(aggr, kpi, label_str)
  File "/usr/local/Cellar/bzt/1.13.0/libexec/lib/python2.7/site-packages/bzt/modules/blazemeter.py", line 1890, in __get_kpiset
    kpiset[KPISet.FAILURES] = kpi['ec']
KeyError: 'ec'

[2018-12-31 13:29:22,783 INFO Engine.final-stats] Test duration: 0:02:53
[2018-12-31 13:29:22,783 DEBUG Engine.console] No logger_handler or orig_stream was detected
[2018-12-31 13:29:22,783 INFO Engine.final-stats] Test duration: 0:02:53
[2018-12-31 13:29:22,786 DEBUG Engine.Configuration] Dumping YAML config into /Users/chefe02/Desktop/presales_cert/Artifacts/2018-12-31_13-26-22.719790bz/effective.yml
[2018-12-31 13:29:22,805 DEBUG Engine.Configuration] Dumping JSON config into /Users/chefe02/Desktop/presales_cert/Artifacts/2018-12-31_13-26-22.719790bz/effective.json
[2018-12-31 13:29:22,806 DEBUG root] KeyError: 'ec'
Traceback (most recent call last):
  File "/usr/local/Cellar/bzt/1.13.0/libexec/lib/python2.7/site-packages/bzt/cli.py", line 268, in perform
    self.engine.post_process()
  File "/usr/local/Cellar/bzt/1.13.0/libexec/lib/python2.7/site-packages/bzt/engine.py", line 311, in post_process
    reraise(exc_info, exc_value)
  File "/usr/local/Cellar/bzt/1.13.0/libexec/lib/python2.7/site-packages/bzt/engine.py", line 296, in post_process
    module.post_process()
  File "/usr/local/Cellar/bzt/1.13.0/libexec/lib/python2.7/site-packages/bzt/modules/aggregator.py", line 739, in post_process
    for point in self.datapoints(True):
  File "/usr/local/Cellar/bzt/1.13.0/libexec/lib/python2.7/site-packages/bzt/modules/aggregator.py", line 488, in datapoints
    for datapoint in self._calculate_datapoints(final_pass):
  File "/usr/local/Cellar/bzt/1.13.0/libexec/lib/python2.7/site-packages/bzt/modules/aggregator.py", line 759, in _calculate_datapoints
    self._process_underlings(final_pass)
  File "/usr/local/Cellar/bzt/1.13.0/libexec/lib/python2.7/site-packages/bzt/modules/aggregator.py", line 744, in _process_underlings
    for data in underling.datapoints(final_pass):
  File "/usr/local/Cellar/bzt/1.13.0/libexec/lib/python2.7/site-packages/bzt/modules/aggregator.py", line 488, in datapoints
    for datapoint in self._calculate_datapoints(final_pass):
  File "/usr/local/Cellar/bzt/1.13.0/libexec/lib/python2.7/site-packages/bzt/modules/blazemeter.py", line 1826, in _calculate_datapoints
    kpiset = self.__get_kpiset(aggr, kpi, label_str)
  File "/usr/local/Cellar/bzt/1.13.0/libexec/lib/python2.7/site-packages/bzt/modules/blazemeter.py", line 1890, in __get_kpiset
    kpiset[KPISet.FAILURES] = kpi['ec']
KeyError: 'ec'
[2018-12-31 13:29:22,806 INFO root] Artifacts dir: /Users/chefe02/Desktop/presales_cert/Artifacts/2018-12-31_13-26-22.719790bz
[2018-12-31 13:29:22,806 WARNING root] Done performing with code: 1
[2018-12-31 13:29:22,806 DEBUG root] Closing log handler: /Users/chefe02/Desktop/presales_cert/Artifacts/2018-12-31_13-26-22.719790bz/bzt.log
