[2018-10-26 11:20:27,827 INFO root] Taurus CLI Tool v1.13.0
[2018-10-26 11:20:27,828 DEBUG root] Command-line options: {'verbose': None, 'no_system_configs': None, 'quiet': None, 'log': '/var/folders/5f/vzk4zj_95sndkt7khp6l85jhnvgy8l/T/bzt_L7LW5T.log', 'option': None, 'aliases': []}
[2018-10-26 11:20:27,828 DEBUG root] Python: CPython 2.7.15
[2018-10-26 11:20:27,828 DEBUG root] OS: ('Darwin', 'chefe02mac947', '17.7.0', 'Darwin Kernel Version 17.7.0: Thu Jun 21 22:53:14 PDT 2018; root:xnu-4570.71.2~1/RELEASE_X86_64', 'x86_64', 'i386')
[2018-10-26 11:20:27,828 INFO root] Starting with configs: ['NOP_SC3_SP.yaml', 'NOP_SC3-SY.yaml']
[2018-10-26 11:20:27,828 DEBUG root] Using personal config: /Users/chefe02/.bzt-rc
[2018-10-26 11:20:27,828 INFO Engine] Configuring...
[2018-10-26 11:20:27,828 DEBUG Engine] No machine configs dir: /usr/local/Cellar/bzt/1.13.0/libexec/bin/../etc/bzt.d
[2018-10-26 11:20:27,828 DEBUG Engine] Base configs list: ['/usr/local/Cellar/bzt/1.13.0/libexec/lib/python2.7/site-packages/bzt/resources/base-config.yml']
[2018-10-26 11:20:27,829 DEBUG Engine.Configuration] Configs: ['/usr/local/Cellar/bzt/1.13.0/libexec/lib/python2.7/site-packages/bzt/resources/base-config.yml']
[2018-10-26 11:20:27,829 DEBUG Engine.Configuration] Reading /usr/local/Cellar/bzt/1.13.0/libexec/lib/python2.7/site-packages/bzt/resources/base-config.yml as YAML
[2018-10-26 11:20:27,855 DEBUG Engine] User configs list: ['/Users/chefe02/.bzt-rc', 'NOP_SC3_SP.yaml', 'NOP_SC3-SY.yaml']
[2018-10-26 11:20:27,855 DEBUG Engine.Configuration] Configs: ['/Users/chefe02/.bzt-rc', 'NOP_SC3_SP.yaml', 'NOP_SC3-SY.yaml']
[2018-10-26 11:20:27,856 DEBUG Engine.Configuration] Reading /Users/chefe02/.bzt-rc as YAML
[2018-10-26 11:20:27,860 DEBUG Engine.Configuration] Reading NOP_SC3_SP.yaml as YAML
[2018-10-26 11:20:27,870 DEBUG Engine.Configuration] Reading NOP_SC3-SY.yaml as YAML
[2018-10-26 11:20:27,881 DEBUG Engine.Configuration] Configs: ['/Users/chefe02/.bzt-rc', 'NOP_SC3_SP.yaml', 'NOP_SC3-SY.yaml']
[2018-10-26 11:20:27,882 DEBUG Engine.Configuration] Reading /Users/chefe02/.bzt-rc as YAML
[2018-10-26 11:20:27,886 DEBUG Engine.Configuration] Reading NOP_SC3_SP.yaml as YAML
[2018-10-26 11:20:27,889 DEBUG Engine.Configuration] Reading NOP_SC3-SY.yaml as YAML
[2018-10-26 11:20:27,910 DEBUG Engine] Requesting updates info: http://gettaurus.org/updates/?version=1.13.0&installID=macos-8c85905fb9f6
[2018-10-26 11:20:27,910 DEBUG HTTPClient] Making HTTP request GET http://gettaurus.org/updates/?version=1.13.0&installID=macos-8c85905fb9f6
[2018-10-26 11:20:27,910 INFO Engine] Artifacts dir: /Users/chefe02/Desktop/presales_cert/Artifacts/2018-10-26_11-20-27.910373bz
[2018-10-26 11:20:27,915 DEBUG Engine] New artifact filename: /Users/chefe02/Desktop/presales_cert/Artifacts/2018-10-26_11-20-27.910373bz/effective
[2018-10-26 11:20:27,919 DEBUG urllib3.connectionpool] Starting new HTTP connection (1): gettaurus.org:80
[2018-10-26 11:20:27,919 DEBUG Engine.Configuration] Dumping YAML config into /Users/chefe02/Desktop/presales_cert/Artifacts/2018-10-26_11-20-27.910373bz/effective.yml
[2018-10-26 11:20:27,957 DEBUG Engine.Configuration] Dumping JSON config into /Users/chefe02/Desktop/presales_cert/Artifacts/2018-10-26_11-20-27.910373bz/effective.json
[2018-10-26 11:20:27,958 DEBUG Engine] New artifact filename: /Users/chefe02/Desktop/presales_cert/Artifacts/2018-10-26_11-20-27.910373bz/merged.yml
[2018-10-26 11:20:27,959 DEBUG Engine.Configuration] Dumping YAML config into /Users/chefe02/Desktop/presales_cert/Artifacts/2018-10-26_11-20-27.910373bz/merged.yml
[2018-10-26 11:20:27,968 DEBUG Engine] New artifact filename: /Users/chefe02/Desktop/presales_cert/Artifacts/2018-10-26_11-20-27.910373bz/merged.json
[2018-10-26 11:20:27,969 DEBUG Engine.Configuration] Dumping JSON config into /Users/chefe02/Desktop/presales_cert/Artifacts/2018-10-26_11-20-27.910373bz/merged.json
[2018-10-26 11:20:27,970 DEBUG Engine] Add existing artifact (move=False): NOP_SC3_SP.yaml
[2018-10-26 11:20:27,970 DEBUG Engine] Copying NOP_SC3_SP.yaml to /Users/chefe02/Desktop/presales_cert/Artifacts/2018-10-26_11-20-27.910373bz/NOP_SC3_SP.yaml
[2018-10-26 11:20:27,970 DEBUG Engine] Add existing artifact (move=False): NOP_SC3-SY.yaml
[2018-10-26 11:20:27,970 DEBUG Engine] Copying NOP_SC3-SY.yaml to /Users/chefe02/Desktop/presales_cert/Artifacts/2018-10-26_11-20-27.910373bz/NOP_SC3-SY.yaml
[2018-10-26 11:20:27,971 DEBUG Engine.Environment] Replace 'TAURUS_ARTIFACTS_DIR' in environment
[2018-10-26 11:20:27,972 DEBUG root] Closing log handler: /var/folders/5f/vzk4zj_95sndkt7khp6l85jhnvgy8l/T/bzt_L7LW5T.log
[2018-10-26 11:20:28,506 DEBUG root] Switched writing logs to /Users/chefe02/Desktop/presales_cert/Artifacts/2018-10-26_11-20-27.910373bz/bzt.log
[2018-10-26 11:20:28,507 DEBUG root] Linting config
[2018-10-26 11:20:28,513 INFO Engine] Preparing...
[2018-10-26 11:20:28,513 DEBUG Engine] Module config: consolidator {'class': u'bzt.modules.aggregator.ConsolidatingAggregator'}
[2018-10-26 11:20:28,513 DEBUG root] Importing module: bzt.modules.aggregator
[2018-10-26 11:20:28,627 DEBUG root] Loading class: 'ConsolidatingAggregator' from <module 'bzt.modules.aggregator' from '/usr/local/Cellar/bzt/1.13.0/libexec/lib/python2.7/site-packages/bzt/modules/aggregator.pyc'>
[2018-10-26 11:20:28,628 DEBUG Engine.consolidator] Buffer scaling setup: percentile 95.0 from [0.0, 50.0, 90.0, 95.0, 99.0, 99.9, 100.0] selected
[2018-10-26 11:20:28,628 DEBUG Engine] Module config: monitoring {'class': u'bzt.modules.monitoring.Monitoring'}
[2018-10-26 11:20:28,628 DEBUG root] Importing module: bzt.modules.monitoring
[2018-10-26 11:20:28,629 DEBUG root] Loading class: 'Monitoring' from <module 'bzt.modules.monitoring' from '/usr/local/Cellar/bzt/1.13.0/libexec/lib/python2.7/site-packages/bzt/modules/monitoring.pyc'>
[2018-10-26 11:20:28,629 DEBUG Engine] Module config: capturehar {'class': u'bzt.modules.blazemeter.ServiceStubCaptureHAR'}
[2018-10-26 11:20:28,629 DEBUG root] Importing module: bzt.modules.blazemeter
[2018-10-26 11:20:28,636 DEBUG easyprocess] version=0.2.3
[2018-10-26 11:20:28,637 DEBUG pyvirtualdisplay] version=0.2.1
[2018-10-26 11:20:28,638 DEBUG root] Loading class: 'ServiceStubCaptureHAR' from <module 'bzt.modules.blazemeter' from '/usr/local/Cellar/bzt/1.13.0/libexec/lib/python2.7/site-packages/bzt/modules/blazemeter.pyc'>
[2018-10-26 11:20:28,638 DEBUG Engine] Module config: screenshoter {'class': u'bzt.modules.blazemeter.ServiceStubScreenshoter'}
[2018-10-26 11:20:28,638 DEBUG root] Importing module: bzt.modules.blazemeter
[2018-10-26 11:20:28,638 DEBUG root] Loading class: 'ServiceStubScreenshoter' from <module 'bzt.modules.blazemeter' from '/usr/local/Cellar/bzt/1.13.0/libexec/lib/python2.7/site-packages/bzt/modules/blazemeter.pyc'>
[2018-10-26 11:20:28,638 DEBUG Engine] Module config: local {'class': u'bzt.modules.provisioning.Local'}
[2018-10-26 11:20:28,639 DEBUG root] Importing module: bzt.modules.provisioning
[2018-10-26 11:20:28,639 DEBUG root] Loading class: 'Local' from <module 'bzt.modules.provisioning' from '/usr/local/Cellar/bzt/1.13.0/libexec/lib/python2.7/site-packages/bzt/modules/provisioning.pyc'>
[2018-10-26 11:20:28,639 DEBUG Engine] Module config: selenium {'class': u'bzt.modules.selenium.SeleniumExecutor'}
[2018-10-26 11:20:28,639 DEBUG root] Importing module: bzt.modules.selenium
[2018-10-26 11:20:28,639 DEBUG root] Loading class: 'SeleniumExecutor' from <module 'bzt.modules.selenium' from '/usr/local/Cellar/bzt/1.13.0/libexec/lib/python2.7/site-packages/bzt/modules/selenium.pyc'>
[2018-10-26 11:20:28,639 DEBUG Engine.local] Preparing executor: selenium/4336829840
[2018-10-26 11:20:28,640 DEBUG Engine.selenium] Extract {'script': u'NOP_SC3.py'} into scenarios
[2018-10-26 11:20:28,640 DEBUG Engine.selenium] Detected script type: nose
[2018-10-26 11:20:28,640 DEBUG Engine] Module config: nose {'ignore-unknown-actions': True, 'class': u'bzt.modules.python.ApiritifNoseExecutor'}
[2018-10-26 11:20:28,640 DEBUG root] Importing module: bzt.modules.python
[2018-10-26 11:20:28,653 DEBUG root] Loading class: 'ApiritifNoseExecutor' from <module 'bzt.modules.python' from '/usr/local/Cellar/bzt/1.13.0/libexec/lib/python2.7/site-packages/bzt/modules/python/__init__.pyc'>
[2018-10-26 11:20:28,654 DEBUG Engine.local] Preparing executor: selenium/4362470544
[2018-10-26 11:20:28,654 DEBUG Engine] New artifact filename: /Users/chefe02/Desktop/presales_cert/Artifacts/2018-10-26_11-20-27.910373bz/test_requests.py
[2018-10-26 11:20:28,655 DEBUG Engine] New artifact filename: /Users/chefe02/Desktop/presales_cert/Artifacts/2018-10-26_11-20-27.910373bz/webdriver.log
[2018-10-26 11:20:28,657 DEBUG Engine.nose.SeleniumScriptBuilder] Generating Test Case test methods
[2018-10-26 11:20:28,658 DEBUG Engine.nose.SeleniumScriptBuilder] Generating setUp test method
[2018-10-26 11:20:28,658 DEBUG Engine.nose.SeleniumScriptBuilder] Generating tearDown test method
[2018-10-26 11:20:28,659 DEBUG Engine.nose.SeleniumScriptBuilder] Generating test method test_requests
[2018-10-26 11:20:28,663 DEBUG Engine] Module config: final-stats {'class': u'bzt.modules.reporting.FinalStatus'}
[2018-10-26 11:20:28,663 DEBUG root] Importing module: bzt.modules.reporting
[2018-10-26 11:20:28,664 DEBUG root] Loading class: 'FinalStatus' from <module 'bzt.modules.reporting' from '/usr/local/Cellar/bzt/1.13.0/libexec/lib/python2.7/site-packages/bzt/modules/reporting.pyc'>
[2018-10-26 11:20:28,664 DEBUG Engine] Module config: console {'class': u'bzt.modules.console.ConsoleStatusReporter'}
[2018-10-26 11:20:28,664 DEBUG root] Importing module: bzt.modules.console
[2018-10-26 11:20:28,664 DEBUG root] Loading class: 'ConsoleStatusReporter' from <module 'bzt.modules.console' from '/usr/local/Cellar/bzt/1.13.0/libexec/lib/python2.7/site-packages/bzt/modules/console.pyc'>
[2018-10-26 11:20:28,672 DEBUG Engine.Configuration] Dumping YAML config into /Users/chefe02/Desktop/presales_cert/Artifacts/2018-10-26_11-20-27.910373bz/effective.yml
[2018-10-26 11:20:28,692 DEBUG urllib3.connectionpool] http://gettaurus.org:80 "GET /updates/?version=1.13.0&installID=macos-8c85905fb9f6 HTTP/1.1" 200 59
[2018-10-26 11:20:28,696 DEBUG Engine] Taurus updates info: {u'needsUpgrade': True, u'latest': u'1.13.1'}
[2018-10-26 11:20:28,708 WARNING Engine] There is newer version of Taurus 1.13.1 available, consider upgrading. What's new: http://gettaurus.org/docs/Changelog/
[2018-10-26 11:20:28,712 DEBUG Engine.Configuration] Dumping JSON config into /Users/chefe02/Desktop/presales_cert/Artifacts/2018-10-26_11-20-27.910373bz/effective.json
[2018-10-26 11:20:28,713 INFO Engine] Starting...
[2018-10-26 11:20:28,713 DEBUG Engine] Startup <bzt.modules.monitoring.Monitoring object at 0x10281f950>
[2018-10-26 11:20:28,713 DEBUG Engine] Startup <bzt.modules.blazemeter.ServiceStubCaptureHAR object at 0x103fbc390>
[2018-10-26 11:20:28,713 WARNING Engine.capturehar] Stub for service 'capturehar', use cloud provisioning to have it working
[2018-10-26 11:20:28,713 DEBUG Engine] Startup <bzt.modules.blazemeter.ServiceStubScreenshoter object at 0x104003bd0>
[2018-10-26 11:20:28,713 WARNING Engine.screenshoter] Stub for service 'screenshoter', use cloud provisioning to have it working
[2018-10-26 11:20:28,713 DEBUG Engine] Startup <bzt.modules.blazemeter.ServiceStubCaptureHAR object at 0x104003c50>
[2018-10-26 11:20:28,713 WARNING Engine.capturehar] Stub for service 'capturehar', use cloud provisioning to have it working
[2018-10-26 11:20:28,713 DEBUG Engine] Startup <bzt.modules.blazemeter.ServiceStubScreenshoter object at 0x104003a10>
[2018-10-26 11:20:28,713 WARNING Engine.screenshoter] Stub for service 'screenshoter', use cloud provisioning to have it working
[2018-10-26 11:20:28,714 DEBUG Engine] Startup <bzt.modules.aggregator.ConsolidatingAggregator object at 0x10281f550>
[2018-10-26 11:20:28,714 DEBUG Engine] Startup <bzt.modules.reporting.FinalStatus object at 0x104140a10>
[2018-10-26 11:20:28,714 DEBUG Engine] Startup <bzt.modules.console.ConsoleStatusReporter object at 0x104158890>
[2018-10-26 11:20:28,714 INFO Engine.console] Waiting for results...
[2018-10-26 11:20:28,714 DEBUG Engine] Startup <bzt.modules.provisioning.Local object at 0x1027ec5d0>
[2018-10-26 11:20:28,714 DEBUG Engine.local] Delay setup for selenium/NOP_SC3.py: 0(start-at) + 0(delay) = 0
[2018-10-26 11:20:28,714 DEBUG Engine.local] Delay setup for selenium/NOP_SC3-Selenium: 0(start-at) + 0(delay) = 0
[2018-10-26 11:20:28,716 DEBUG Engine.Configuration] Dumping YAML config into /Users/chefe02/Desktop/presales_cert/Artifacts/2018-10-26_11-20-27.910373bz/effective.yml
[2018-10-26 11:20:28,744 DEBUG Engine.Configuration] Dumping JSON config into /Users/chefe02/Desktop/presales_cert/Artifacts/2018-10-26_11-20-27.910373bz/effective.json
[2018-10-26 11:20:28,745 DEBUG root] Leveling down log file verbosity to INFO, use -v option to have DEBUG messages enabled
[2018-10-26 11:20:28,745 DEBUG root] Leveled up log file verbosity
[2018-10-26 11:20:28,746 DEBUG Engine] New artifact filename: /Users/chefe02/Desktop/presales_cert/Artifacts/2018-10-26_11-20-27.910373bz/apiritif-
[2018-10-26 11:20:28,746 DEBUG Engine] New artifact filename: /Users/chefe02/Desktop/presales_cert/Artifacts/2018-10-26_11-20-27.910373bz/nose.out
[2018-10-26 11:20:28,746 DEBUG Engine] New artifact filename: /Users/chefe02/Desktop/presales_cert/Artifacts/2018-10-26_11-20-27.910373bz/nose.err
[2018-10-26 11:20:28,746 DEBUG bzt.utils] Executing shell: ['/usr/local/Cellar/bzt/1.13.0/libexec/bin/python2.7', '-m', 'apiritif.loadgen', '--result-file-template', '/Users/chefe02/Desktop/presales_cert/Artifacts/2018-10-26_11-20-27.910373bz/apiritif-%s.csv', '--concurrency', '1', '--hold-for', '600.0', u'/Users/chefe02/Desktop/presales_cert/NOP_SC3.py'] at /Users/chefe02/Desktop/presales_cert
[2018-10-26 11:20:28,753 DEBUG root] Leveling down log file verbosity to INFO, use -v option to have DEBUG messages enabled
[2018-10-26 11:20:28,753 DEBUG root] Leveled up log file verbosity
[2018-10-26 11:20:28,753 DEBUG Engine] New artifact filename: /Users/chefe02/Desktop/presales_cert/Artifacts/2018-10-26_11-20-27.910373bz/apiritif--1
[2018-10-26 11:20:28,754 DEBUG Engine] New artifact filename: /Users/chefe02/Desktop/presales_cert/Artifacts/2018-10-26_11-20-27.910373bz/nose-1.out
[2018-10-26 11:20:28,754 DEBUG Engine] New artifact filename: /Users/chefe02/Desktop/presales_cert/Artifacts/2018-10-26_11-20-27.910373bz/nose-1.err
[2018-10-26 11:20:28,755 DEBUG bzt.utils] Executing shell: ['/usr/local/Cellar/bzt/1.13.0/libexec/bin/python2.7', '-m', 'apiritif.loadgen', '--result-file-template', '/Users/chefe02/Desktop/presales_cert/Artifacts/2018-10-26_11-20-27.910373bz/apiritif--1%s.csv', '--concurrency', '1', '--iterations', '1', '/Users/chefe02/Desktop/presales_cert/Artifacts/2018-10-26_11-20-27.910373bz/test_requests.py'] at /Users/chefe02/Desktop/presales_cert
[2018-10-26 11:20:28,761 DEBUG root] Leveling down log file verbosity to INFO, use -v option to have DEBUG messages enabled
[2018-10-26 11:20:28,985 INFO Engine.console] Waiting for finish...
[2018-10-26 11:20:35,335 WARNING Engine] Please wait for graceful shutdown...
[2018-10-26 11:20:35,338 DEBUG root] Leveled up log file verbosity
[2018-10-26 11:20:35,338 INFO Engine] Shutting down...
[2018-10-26 11:20:35,343 DEBUG Engine] Current stop reason: 
[2018-10-26 11:20:35,343 DEBUG Engine.local] Shutdown selenium/NOP_SC3.py
[2018-10-26 11:20:36,347 INFO Engine.nose] Terminating process PID 47484 with signal 15 (59 tries left)
[2018-10-26 11:20:37,356 INFO Engine.nose] Terminating process PID 47484 with signal 15 (58 tries left)
[2018-10-26 11:20:37,362 DEBUG Engine.nose] Failed to terminate process: [Errno 1] Operation not permitted
[2018-10-26 11:20:37,362 DEBUG Engine.selenium] Selenium tests ran for 8.61634397507 seconds
[2018-10-26 11:20:37,362 DEBUG Engine.local] Shutdown selenium/NOP_SC3-Selenium
[2018-10-26 11:20:38,367 INFO Engine.nose] Terminating process PID 47485 with signal 15 (59 tries left)
[2018-10-26 11:20:39,373 INFO Engine.nose] Terminating process PID 47485 with signal 15 (58 tries left)
[2018-10-26 11:20:39,377 DEBUG Engine.nose] Failed to terminate process: [Errno 1] Operation not permitted
[2018-10-26 11:20:39,378 DEBUG Engine.selenium] Selenium tests ran for 10.6241819859 seconds
[2018-10-26 11:20:39,378 DEBUG Engine.console] Restoring logging streams, [<logging.StreamHandler object at 0x1027e3c10>]/{<logging.StreamHandler object at 0x1027e3c10>: <open file '<stdout>', mode 'w' at 0x100f7b150>}
[2018-10-26 11:20:39,382 DEBUG Engine.Configuration] Dumping YAML config into /Users/chefe02/Desktop/presales_cert/Artifacts/2018-10-26_11-20-27.910373bz/effective.yml
[2018-10-26 11:20:39,409 DEBUG Engine.Configuration] Dumping JSON config into /Users/chefe02/Desktop/presales_cert/Artifacts/2018-10-26_11-20-27.910373bz/effective.json
[2018-10-26 11:20:39,410 WARNING root] Keyboard interrupt
[2018-10-26 11:20:39,411 DEBUG root] KeyboardInterrupt: 
Traceback (most recent call last):
  File "/usr/local/Cellar/bzt/1.13.0/libexec/lib/python2.7/site-packages/bzt/cli.py", line 261, in perform
    self.engine.run()
  File "/usr/local/Cellar/bzt/1.13.0/libexec/lib/python2.7/site-packages/bzt/engine.py", line 226, in run
    reraise(exc_info, exc_value)
  File "/usr/local/Cellar/bzt/1.13.0/libexec/lib/python2.7/site-packages/bzt/engine.py", line 206, in run
    self._wait()
  File "/usr/local/Cellar/bzt/1.13.0/libexec/lib/python2.7/site-packages/bzt/engine.py", line 254, in _wait
    time.sleep(delay)
KeyboardInterrupt
[2018-10-26 11:20:39,411 INFO Engine] Post-processing...
[2018-10-26 11:20:39,411 DEBUG Engine.local] Post-process selenium/NOP_SC3.py
[2018-10-26 11:20:39,411 DEBUG Engine.nose.FileReader] Reading: /Users/chefe02/Desktop/presales_cert/Artifacts/2018-10-26_11-20-27.910373bz/nose.out
[2018-10-26 11:20:39,412 DEBUG Engine.nose.FileReader] Reading: /Users/chefe02/Desktop/presales_cert/Artifacts/2018-10-26_11-20-27.910373bz/nose.out
[2018-10-26 11:20:39,844 DEBUG Engine.local] Exception in post_process of SeleniumExecutor: Empty results, most likely NOP_SC3.py (SeleniumExecutor) failed. Actual reason for this can be found in logs under /Users/chefe02/Desktop/presales_cert/Artifacts/2018-10-26_11-20-27.910373bz Traceback (most recent call last):
  File "/usr/local/Cellar/bzt/1.13.0/libexec/lib/python2.7/site-packages/bzt/modules/provisioning.py", line 172, in post_process
    raise ToolError(message, diagnostics)
ToolError: Empty results, most likely NOP_SC3.py (SeleniumExecutor) failed. Actual reason for this can be found in logs under /Users/chefe02/Desktop/presales_cert/Artifacts/2018-10-26_11-20-27.910373bz

[2018-10-26 11:20:39,844 DEBUG Engine.local] Post-process selenium/NOP_SC3-Selenium
[2018-10-26 11:20:39,844 DEBUG Engine.nose.FileReader] Reading: /Users/chefe02/Desktop/presales_cert/Artifacts/2018-10-26_11-20-27.910373bz/nose-1.out
[2018-10-26 11:20:39,844 DEBUG Engine.nose.FileReader] Reading: /Users/chefe02/Desktop/presales_cert/Artifacts/2018-10-26_11-20-27.910373bz/nose-1.out
[2018-10-26 11:20:40,146 DEBUG Engine.local] Exception in post_process of SeleniumExecutor: Empty results, most likely NOP_SC3-Selenium (SeleniumExecutor) failed. Actual reason for this can be found in logs under /Users/chefe02/Desktop/presales_cert/Artifacts/2018-10-26_11-20-27.910373bz Traceback (most recent call last):
  File "/usr/local/Cellar/bzt/1.13.0/libexec/lib/python2.7/site-packages/bzt/modules/provisioning.py", line 172, in post_process
    raise ToolError(message, diagnostics)
ToolError: Empty results, most likely NOP_SC3-Selenium (SeleniumExecutor) failed. Actual reason for this can be found in logs under /Users/chefe02/Desktop/presales_cert/Artifacts/2018-10-26_11-20-27.910373bz

[2018-10-26 11:20:40,146 DEBUG Engine] post_process: Empty results, most likely NOP_SC3.py (SeleniumExecutor) failed. Actual reason for this can be found in logs under /Users/chefe02/Desktop/presales_cert/Artifacts/2018-10-26_11-20-27.910373bz
Traceback (most recent call last):
  File "/usr/local/Cellar/bzt/1.13.0/libexec/lib/python2.7/site-packages/bzt/engine.py", line 296, in post_process
    module.post_process()
  File "/usr/local/Cellar/bzt/1.13.0/libexec/lib/python2.7/site-packages/bzt/modules/provisioning.py", line 181, in post_process
    reraise(exc_info, exc_value)
  File "/usr/local/Cellar/bzt/1.13.0/libexec/lib/python2.7/site-packages/bzt/modules/provisioning.py", line 172, in post_process
    raise ToolError(message, diagnostics)
ToolError: Empty results, most likely NOP_SC3.py (SeleniumExecutor) failed. Actual reason for this can be found in logs under /Users/chefe02/Desktop/presales_cert/Artifacts/2018-10-26_11-20-27.910373bz

[2018-10-26 11:20:40,147 DEBUG Engine.nose.ApiritifLoadReader.JTLReader.IncrementalCSVReader.FileReader] Reading: /Users/chefe02/Desktop/presales_cert/Artifacts/2018-10-26_11-20-27.910373bz/apiritif-0.csv
[2018-10-26 11:20:40,147 DEBUG Engine.nose.ApiritifLoadReader] Buffer len: 0; Known errors count: 0
[2018-10-26 11:20:40,147 DEBUG Engine.nose.ApiritifLoadReader.JTLReader.IncrementalCSVReader.FileReader] Reading: /Users/chefe02/Desktop/presales_cert/Artifacts/2018-10-26_11-20-27.910373bz/apiritif--10.csv
[2018-10-26 11:20:40,147 DEBUG Engine.nose.ApiritifLoadReader] Buffer len: 0; Known errors count: 0
[2018-10-26 11:20:40,147 DEBUG Engine.consolidator] Consolidator buffer[0]: []
[2018-10-26 11:20:40,147 INFO Engine.final-stats] Test duration: 0:00:11
[2018-10-26 11:20:40,147 DEBUG Engine.console] No logger_handler or orig_stream was detected
[2018-10-26 11:20:40,149 DEBUG Engine.Configuration] Dumping YAML config into /Users/chefe02/Desktop/presales_cert/Artifacts/2018-10-26_11-20-27.910373bz/effective.yml
[2018-10-26 11:20:40,175 DEBUG Engine.Configuration] Dumping JSON config into /Users/chefe02/Desktop/presales_cert/Artifacts/2018-10-26_11-20-27.910373bz/effective.json
[2018-10-26 11:20:40,176 DEBUG root] Child Process Error: Empty results, most likely NOP_SC3.py (SeleniumExecutor) failed. Actual reason for this can be found in logs under /Users/chefe02/Desktop/presales_cert/Artifacts/2018-10-26_11-20-27.910373bz
[2018-10-26 11:20:40,176 DEBUG root] ApiritifNoseExecutor STDOUT:
2018-10-26 11:20:29,100:INFO:47484:123145482141696:loadgen:Total workers: 1
2018-10-26 11:20:29,107:INFO:47489:123145482141696:loadgen:Adding worker: idx=0	concurrency=1	results=/Users/chefe02/Desktop/presales_cert/Artifacts/2018-10-26_11-20-27.910373bz/apiritif-0.csv
2018-10-26 11:20:32,681:INFO:47489:123145375764480:apiritif.recorder:Transaction started:: start_time=1540578032.682,name=go to home page
2018-10-26 11:20:33,963:INFO:47489:123145375764480:apiritif.recorder:Transaction ended:: duration=1.282,name=go to home page
2018-10-26 11:20:33,964:INFO:47489:123145375764480:apiritif.recorder:Transaction started:: start_time=1540578033.964,name=search "apple"
[2018-10-26 11:20:40,176 DEBUG root] ToolError: Empty results, most likely NOP_SC3.py (SeleniumExecutor) failed. Actual reason for this can be found in logs under /Users/chefe02/Desktop/presales_cert/Artifacts/2018-10-26_11-20-27.910373bz
Traceback (most recent call last):
  File "/usr/local/Cellar/bzt/1.13.0/libexec/lib/python2.7/site-packages/bzt/cli.py", line 268, in perform
    self.engine.post_process()
  File "/usr/local/Cellar/bzt/1.13.0/libexec/lib/python2.7/site-packages/bzt/engine.py", line 311, in post_process
    reraise(exc_info, exc_value)
  File "/usr/local/Cellar/bzt/1.13.0/libexec/lib/python2.7/site-packages/bzt/engine.py", line 296, in post_process
    module.post_process()
  File "/usr/local/Cellar/bzt/1.13.0/libexec/lib/python2.7/site-packages/bzt/modules/provisioning.py", line 181, in post_process
    reraise(exc_info, exc_value)
  File "/usr/local/Cellar/bzt/1.13.0/libexec/lib/python2.7/site-packages/bzt/modules/provisioning.py", line 172, in post_process
    raise ToolError(message, diagnostics)
ToolError: Empty results, most likely NOP_SC3.py (SeleniumExecutor) failed. Actual reason for this can be found in logs under /Users/chefe02/Desktop/presales_cert/Artifacts/2018-10-26_11-20-27.910373bz
[2018-10-26 11:20:40,176 INFO root] Artifacts dir: /Users/chefe02/Desktop/presales_cert/Artifacts/2018-10-26_11-20-27.910373bz
[2018-10-26 11:20:40,177 WARNING root] Done performing with code: 1
[2018-10-26 11:20:40,177 DEBUG root] Closing log handler: /Users/chefe02/Desktop/presales_cert/Artifacts/2018-10-26_11-20-27.910373bz/bzt.log
