[2018-10-26 11:21:49,247 INFO root] Taurus CLI Tool v1.13.0
[2018-10-26 11:21:49,269 DEBUG root] Command-line options: {'verbose': None, 'no_system_configs': None, 'quiet': None, 'log': '/var/folders/5f/vzk4zj_95sndkt7khp6l85jhnvgy8l/T/bzt_r6aPrs.log', 'option': None, 'aliases': []}
[2018-10-26 11:21:49,270 DEBUG root] Python: CPython 2.7.15
[2018-10-26 11:21:49,270 DEBUG root] OS: ('Darwin', 'chefe02mac947', '17.7.0', 'Darwin Kernel Version 17.7.0: Thu Jun 21 22:53:14 PDT 2018; root:xnu-4570.71.2~1/RELEASE_X86_64', 'x86_64', 'i386')
[2018-10-26 11:21:49,271 INFO root] Starting with configs: ['NOP_SC3-SY.yaml']
[2018-10-26 11:21:49,271 DEBUG root] Using personal config: /Users/chefe02/.bzt-rc
[2018-10-26 11:21:49,271 INFO Engine] Configuring...
[2018-10-26 11:21:49,271 DEBUG Engine] No machine configs dir: /usr/local/Cellar/bzt/1.13.0/libexec/bin/../etc/bzt.d
[2018-10-26 11:21:49,271 DEBUG Engine] Base configs list: ['/usr/local/Cellar/bzt/1.13.0/libexec/lib/python2.7/site-packages/bzt/resources/base-config.yml']
[2018-10-26 11:21:49,272 DEBUG Engine.Configuration] Configs: ['/usr/local/Cellar/bzt/1.13.0/libexec/lib/python2.7/site-packages/bzt/resources/base-config.yml']
[2018-10-26 11:21:49,272 DEBUG Engine.Configuration] Reading /usr/local/Cellar/bzt/1.13.0/libexec/lib/python2.7/site-packages/bzt/resources/base-config.yml as YAML
[2018-10-26 11:21:49,299 DEBUG Engine] User configs list: ['/Users/chefe02/.bzt-rc', 'NOP_SC3-SY.yaml']
[2018-10-26 11:21:49,299 DEBUG Engine.Configuration] Configs: ['/Users/chefe02/.bzt-rc', 'NOP_SC3-SY.yaml']
[2018-10-26 11:21:49,300 DEBUG Engine.Configuration] Reading /Users/chefe02/.bzt-rc as YAML
[2018-10-26 11:21:49,304 DEBUG Engine.Configuration] Reading NOP_SC3-SY.yaml as YAML
[2018-10-26 11:21:49,315 DEBUG Engine.Configuration] Configs: ['/Users/chefe02/.bzt-rc', 'NOP_SC3-SY.yaml']
[2018-10-26 11:21:49,316 DEBUG Engine.Configuration] Reading /Users/chefe02/.bzt-rc as YAML
[2018-10-26 11:21:49,321 DEBUG Engine.Configuration] Reading NOP_SC3-SY.yaml as YAML
[2018-10-26 11:21:49,341 DEBUG Engine] Requesting updates info: http://gettaurus.org/updates/?version=1.13.0&installID=macos-8c85905fb9f6
[2018-10-26 11:21:49,342 INFO Engine] Artifacts dir: /Users/chefe02/Desktop/presales_cert/Artifacts/2018-10-26_11-21-49.342069bz
[2018-10-26 11:21:49,342 DEBUG HTTPClient] Making HTTP request GET http://gettaurus.org/updates/?version=1.13.0&installID=macos-8c85905fb9f6
[2018-10-26 11:21:49,347 DEBUG Engine] New artifact filename: /Users/chefe02/Desktop/presales_cert/Artifacts/2018-10-26_11-21-49.342069bz/effective
[2018-10-26 11:21:49,351 DEBUG urllib3.connectionpool] Starting new HTTP connection (1): gettaurus.org:80
[2018-10-26 11:21:49,351 DEBUG Engine.Configuration] Dumping YAML config into /Users/chefe02/Desktop/presales_cert/Artifacts/2018-10-26_11-21-49.342069bz/effective.yml
[2018-10-26 11:21:49,385 DEBUG Engine.Configuration] Dumping JSON config into /Users/chefe02/Desktop/presales_cert/Artifacts/2018-10-26_11-21-49.342069bz/effective.json
[2018-10-26 11:21:49,386 DEBUG Engine] New artifact filename: /Users/chefe02/Desktop/presales_cert/Artifacts/2018-10-26_11-21-49.342069bz/merged.yml
[2018-10-26 11:21:49,387 DEBUG Engine.Configuration] Dumping YAML config into /Users/chefe02/Desktop/presales_cert/Artifacts/2018-10-26_11-21-49.342069bz/merged.yml
[2018-10-26 11:21:49,405 DEBUG Engine] New artifact filename: /Users/chefe02/Desktop/presales_cert/Artifacts/2018-10-26_11-21-49.342069bz/merged.json
[2018-10-26 11:21:49,406 DEBUG Engine.Configuration] Dumping JSON config into /Users/chefe02/Desktop/presales_cert/Artifacts/2018-10-26_11-21-49.342069bz/merged.json
[2018-10-26 11:21:49,406 DEBUG Engine] Add existing artifact (move=False): NOP_SC3-SY.yaml
[2018-10-26 11:21:49,406 DEBUG Engine] Copying NOP_SC3-SY.yaml to /Users/chefe02/Desktop/presales_cert/Artifacts/2018-10-26_11-21-49.342069bz/NOP_SC3-SY.yaml
[2018-10-26 11:21:49,407 DEBUG Engine.Environment] Replace 'TAURUS_ARTIFACTS_DIR' in environment
[2018-10-26 11:21:49,408 DEBUG root] Closing log handler: /var/folders/5f/vzk4zj_95sndkt7khp6l85jhnvgy8l/T/bzt_r6aPrs.log
[2018-10-26 11:21:50,016 DEBUG root] Switched writing logs to /Users/chefe02/Desktop/presales_cert/Artifacts/2018-10-26_11-21-49.342069bz/bzt.log
[2018-10-26 11:21:50,016 DEBUG root] Linting config
[2018-10-26 11:21:50,021 INFO Engine] Preparing...
[2018-10-26 11:21:50,021 DEBUG Engine] Module config: consolidator {'class': u'bzt.modules.aggregator.ConsolidatingAggregator'}
[2018-10-26 11:21:50,021 DEBUG root] Importing module: bzt.modules.aggregator
[2018-10-26 11:21:50,109 DEBUG urllib3.connectionpool] http://gettaurus.org:80 "GET /updates/?version=1.13.0&installID=macos-8c85905fb9f6 HTTP/1.1" 200 59
[2018-10-26 11:21:50,113 DEBUG root] Loading class: 'ConsolidatingAggregator' from <module 'bzt.modules.aggregator' from '/usr/local/Cellar/bzt/1.13.0/libexec/lib/python2.7/site-packages/bzt/modules/aggregator.pyc'>
[2018-10-26 11:21:50,114 DEBUG Engine] Taurus updates info: {u'needsUpgrade': True, u'latest': u'1.13.1'}
[2018-10-26 11:21:50,114 DEBUG Engine.consolidator] Buffer scaling setup: percentile 95.0 from [0.0, 50.0, 90.0, 95.0, 99.0, 99.9, 100.0] selected
[2018-10-26 11:21:50,114 WARNING Engine] There is newer version of Taurus 1.13.1 available, consider upgrading. What's new: http://gettaurus.org/docs/Changelog/
[2018-10-26 11:21:50,114 DEBUG Engine] Module config: monitoring {'class': u'bzt.modules.monitoring.Monitoring'}
[2018-10-26 11:21:50,115 DEBUG root] Importing module: bzt.modules.monitoring
[2018-10-26 11:21:50,116 DEBUG root] Loading class: 'Monitoring' from <module 'bzt.modules.monitoring' from '/usr/local/Cellar/bzt/1.13.0/libexec/lib/python2.7/site-packages/bzt/modules/monitoring.pyc'>
[2018-10-26 11:21:50,116 DEBUG Engine] Module config: capturehar {'class': u'bzt.modules.blazemeter.ServiceStubCaptureHAR'}
[2018-10-26 11:21:50,116 DEBUG root] Importing module: bzt.modules.blazemeter
[2018-10-26 11:21:50,122 DEBUG easyprocess] version=0.2.3
[2018-10-26 11:21:50,124 DEBUG pyvirtualdisplay] version=0.2.1
[2018-10-26 11:21:50,125 DEBUG root] Loading class: 'ServiceStubCaptureHAR' from <module 'bzt.modules.blazemeter' from '/usr/local/Cellar/bzt/1.13.0/libexec/lib/python2.7/site-packages/bzt/modules/blazemeter.pyc'>
[2018-10-26 11:21:50,125 DEBUG Engine] Module config: screenshoter {'class': u'bzt.modules.blazemeter.ServiceStubScreenshoter'}
[2018-10-26 11:21:50,125 DEBUG root] Importing module: bzt.modules.blazemeter
[2018-10-26 11:21:50,125 DEBUG root] Loading class: 'ServiceStubScreenshoter' from <module 'bzt.modules.blazemeter' from '/usr/local/Cellar/bzt/1.13.0/libexec/lib/python2.7/site-packages/bzt/modules/blazemeter.pyc'>
[2018-10-26 11:21:50,125 DEBUG Engine] Module config: local {'class': u'bzt.modules.provisioning.Local'}
[2018-10-26 11:21:50,125 DEBUG root] Importing module: bzt.modules.provisioning
[2018-10-26 11:21:50,125 DEBUG root] Loading class: 'Local' from <module 'bzt.modules.provisioning' from '/usr/local/Cellar/bzt/1.13.0/libexec/lib/python2.7/site-packages/bzt/modules/provisioning.pyc'>
[2018-10-26 11:21:50,125 DEBUG Engine] Module config: selenium {'class': u'bzt.modules.selenium.SeleniumExecutor'}
[2018-10-26 11:21:50,126 DEBUG root] Importing module: bzt.modules.selenium
[2018-10-26 11:21:50,126 DEBUG root] Loading class: 'SeleniumExecutor' from <module 'bzt.modules.selenium' from '/usr/local/Cellar/bzt/1.13.0/libexec/lib/python2.7/site-packages/bzt/modules/selenium.pyc'>
[2018-10-26 11:21:50,126 DEBUG Engine.local] Preparing executor: selenium/4352087440
[2018-10-26 11:21:50,127 DEBUG Engine] Module config: nose {'class': u'bzt.modules.python.ApiritifNoseExecutor'}
[2018-10-26 11:21:50,127 DEBUG root] Importing module: bzt.modules.python
[2018-10-26 11:21:50,140 DEBUG root] Loading class: 'ApiritifNoseExecutor' from <module 'bzt.modules.python' from '/usr/local/Cellar/bzt/1.13.0/libexec/lib/python2.7/site-packages/bzt/modules/python/__init__.pyc'>
[2018-10-26 11:21:50,140 DEBUG Engine] New artifact filename: /Users/chefe02/Desktop/presales_cert/Artifacts/2018-10-26_11-21-49.342069bz/test_requests.py
[2018-10-26 11:21:50,140 DEBUG Engine] New artifact filename: /Users/chefe02/Desktop/presales_cert/Artifacts/2018-10-26_11-21-49.342069bz/webdriver.log
[2018-10-26 11:21:50,140 DEBUG Engine.nose.SeleniumScriptBuilder] Generating Test Case test methods
[2018-10-26 11:21:50,140 DEBUG Engine.nose.SeleniumScriptBuilder] Generating setUp test method
[2018-10-26 11:21:50,140 DEBUG Engine.nose.SeleniumScriptBuilder] Generating tearDown test method
[2018-10-26 11:21:50,141 DEBUG Engine.nose.SeleniumScriptBuilder] Generating test method test_requests
[2018-10-26 11:21:50,144 DEBUG Engine] Module config: final-stats {'class': u'bzt.modules.reporting.FinalStatus'}
[2018-10-26 11:21:50,144 DEBUG root] Importing module: bzt.modules.reporting
[2018-10-26 11:21:50,145 DEBUG root] Loading class: 'FinalStatus' from <module 'bzt.modules.reporting' from '/usr/local/Cellar/bzt/1.13.0/libexec/lib/python2.7/site-packages/bzt/modules/reporting.pyc'>
[2018-10-26 11:21:50,145 DEBUG Engine] Module config: console {'class': u'bzt.modules.console.ConsoleStatusReporter'}
[2018-10-26 11:21:50,145 DEBUG root] Importing module: bzt.modules.console
[2018-10-26 11:21:50,145 DEBUG root] Loading class: 'ConsoleStatusReporter' from <module 'bzt.modules.console' from '/usr/local/Cellar/bzt/1.13.0/libexec/lib/python2.7/site-packages/bzt/modules/console.pyc'>
[2018-10-26 11:21:50,151 DEBUG Engine.Configuration] Dumping YAML config into /Users/chefe02/Desktop/presales_cert/Artifacts/2018-10-26_11-21-49.342069bz/effective.yml
[2018-10-26 11:21:50,176 DEBUG Engine.Configuration] Dumping JSON config into /Users/chefe02/Desktop/presales_cert/Artifacts/2018-10-26_11-21-49.342069bz/effective.json
[2018-10-26 11:21:50,177 INFO Engine] Starting...
[2018-10-26 11:21:50,177 DEBUG Engine] Startup <bzt.modules.monitoring.Monitoring object at 0x104dc8950>
[2018-10-26 11:21:50,178 DEBUG Engine] Startup <bzt.modules.blazemeter.ServiceStubCaptureHAR object at 0x104e3ff10>
[2018-10-26 11:21:50,178 WARNING Engine.capturehar] Stub for service 'capturehar', use cloud provisioning to have it working
[2018-10-26 11:21:50,178 DEBUG Engine] Startup <bzt.modules.blazemeter.ServiceStubScreenshoter object at 0x104e99790>
[2018-10-26 11:21:50,178 WARNING Engine.screenshoter] Stub for service 'screenshoter', use cloud provisioning to have it working
[2018-10-26 11:21:50,178 DEBUG Engine] Startup <bzt.modules.aggregator.ConsolidatingAggregator object at 0x1036a53d0>
[2018-10-26 11:21:50,178 DEBUG Engine] Startup <bzt.modules.reporting.FinalStatus object at 0x104ef5310>
[2018-10-26 11:21:50,178 DEBUG Engine] Startup <bzt.modules.console.ConsoleStatusReporter object at 0x104feb110>
[2018-10-26 11:21:50,178 INFO Engine.console] Waiting for results...
[2018-10-26 11:21:50,179 DEBUG Engine] Startup <bzt.modules.provisioning.Local object at 0x1036795d0>
[2018-10-26 11:21:50,179 DEBUG Engine.local] Delay setup for selenium/NOP_SC3-Selenium: 0(start-at) + 0(delay) = 0
[2018-10-26 11:21:50,181 DEBUG Engine.Configuration] Dumping YAML config into /Users/chefe02/Desktop/presales_cert/Artifacts/2018-10-26_11-21-49.342069bz/effective.yml
[2018-10-26 11:21:50,205 DEBUG Engine.Configuration] Dumping JSON config into /Users/chefe02/Desktop/presales_cert/Artifacts/2018-10-26_11-21-49.342069bz/effective.json
[2018-10-26 11:21:50,207 DEBUG root] Leveling down log file verbosity to INFO, use -v option to have DEBUG messages enabled
[2018-10-26 11:21:50,207 DEBUG root] Leveled up log file verbosity
[2018-10-26 11:21:50,207 DEBUG Engine] New artifact filename: /Users/chefe02/Desktop/presales_cert/Artifacts/2018-10-26_11-21-49.342069bz/apiritif-
[2018-10-26 11:21:50,207 DEBUG Engine] New artifact filename: /Users/chefe02/Desktop/presales_cert/Artifacts/2018-10-26_11-21-49.342069bz/nose.out
[2018-10-26 11:21:50,207 DEBUG Engine] New artifact filename: /Users/chefe02/Desktop/presales_cert/Artifacts/2018-10-26_11-21-49.342069bz/nose.err
[2018-10-26 11:21:50,208 DEBUG bzt.utils] Executing shell: ['/usr/local/Cellar/bzt/1.13.0/libexec/bin/python2.7', '-m', 'apiritif.loadgen', '--result-file-template', '/Users/chefe02/Desktop/presales_cert/Artifacts/2018-10-26_11-21-49.342069bz/apiritif-%s.csv', '--concurrency', '1', '--iterations', '1', '/Users/chefe02/Desktop/presales_cert/Artifacts/2018-10-26_11-21-49.342069bz/test_requests.py'] at /Users/chefe02/Desktop/presales_cert
[2018-10-26 11:21:50,215 DEBUG root] Leveling down log file verbosity to INFO, use -v option to have DEBUG messages enabled
[2018-10-26 11:21:50,436 INFO Engine.console] Waiting for finish...
[2018-10-26 11:22:50,114 WARNING Engine] Please wait for graceful shutdown...
[2018-10-26 11:22:50,117 DEBUG root] Leveled up log file verbosity
[2018-10-26 11:22:50,117 INFO Engine] Shutting down...
[2018-10-26 11:22:50,120 DEBUG Engine] Current stop reason: 
[2018-10-26 11:22:50,120 DEBUG Engine.local] Shutdown selenium/NOP_SC3-Selenium
[2018-10-26 11:22:51,124 INFO Engine.nose] Terminating process PID 47662 with signal 15 (59 tries left)
[2018-10-26 11:22:52,132 INFO Engine.nose] Terminating process PID 47662 with signal 15 (58 tries left)
[2018-10-26 11:22:52,137 DEBUG Engine.selenium] Selenium tests ran for 61.929847002 seconds
[2018-10-26 11:22:52,137 DEBUG Engine.console] Restoring logging streams, [<logging.StreamHandler object at 0x103670c10>]/{<logging.StreamHandler object at 0x103670c10>: <open file '<stdout>', mode 'w' at 0x101e08150>}
[2018-10-26 11:22:52,140 DEBUG Engine.Configuration] Dumping YAML config into /Users/chefe02/Desktop/presales_cert/Artifacts/2018-10-26_11-21-49.342069bz/effective.yml
[2018-10-26 11:22:52,167 DEBUG Engine.Configuration] Dumping JSON config into /Users/chefe02/Desktop/presales_cert/Artifacts/2018-10-26_11-21-49.342069bz/effective.json
[2018-10-26 11:22:52,168 WARNING root] Keyboard interrupt
[2018-10-26 11:22:52,168 DEBUG root] KeyboardInterrupt: 
Traceback (most recent call last):
  File "/usr/local/Cellar/bzt/1.13.0/libexec/lib/python2.7/site-packages/bzt/cli.py", line 261, in perform
    self.engine.run()
  File "/usr/local/Cellar/bzt/1.13.0/libexec/lib/python2.7/site-packages/bzt/engine.py", line 226, in run
    reraise(exc_info, exc_value)
  File "/usr/local/Cellar/bzt/1.13.0/libexec/lib/python2.7/site-packages/bzt/engine.py", line 206, in run
    self._wait()
  File "/usr/local/Cellar/bzt/1.13.0/libexec/lib/python2.7/site-packages/bzt/engine.py", line 254, in _wait
    time.sleep(delay)
KeyboardInterrupt
[2018-10-26 11:22:52,168 INFO Engine] Post-processing...
[2018-10-26 11:22:52,168 DEBUG Engine.local] Post-process selenium/NOP_SC3-Selenium
[2018-10-26 11:22:52,169 DEBUG Engine.nose.FileReader] Reading: /Users/chefe02/Desktop/presales_cert/Artifacts/2018-10-26_11-21-49.342069bz/nose.out
[2018-10-26 11:22:52,169 DEBUG Engine.nose.FileReader] Reading: /Users/chefe02/Desktop/presales_cert/Artifacts/2018-10-26_11-21-49.342069bz/nose.out
[2018-10-26 11:22:52,524 DEBUG Engine.local] Exception in post_process of SeleniumExecutor: Empty results, most likely NOP_SC3-Selenium (SeleniumExecutor) failed. Actual reason for this can be found in logs under /Users/chefe02/Desktop/presales_cert/Artifacts/2018-10-26_11-21-49.342069bz Traceback (most recent call last):
  File "/usr/local/Cellar/bzt/1.13.0/libexec/lib/python2.7/site-packages/bzt/modules/provisioning.py", line 172, in post_process
    raise ToolError(message, diagnostics)
ToolError: Empty results, most likely NOP_SC3-Selenium (SeleniumExecutor) failed. Actual reason for this can be found in logs under /Users/chefe02/Desktop/presales_cert/Artifacts/2018-10-26_11-21-49.342069bz

[2018-10-26 11:22:52,524 DEBUG Engine] post_process: Empty results, most likely NOP_SC3-Selenium (SeleniumExecutor) failed. Actual reason for this can be found in logs under /Users/chefe02/Desktop/presales_cert/Artifacts/2018-10-26_11-21-49.342069bz
Traceback (most recent call last):
  File "/usr/local/Cellar/bzt/1.13.0/libexec/lib/python2.7/site-packages/bzt/engine.py", line 296, in post_process
    module.post_process()
  File "/usr/local/Cellar/bzt/1.13.0/libexec/lib/python2.7/site-packages/bzt/modules/provisioning.py", line 181, in post_process
    reraise(exc_info, exc_value)
  File "/usr/local/Cellar/bzt/1.13.0/libexec/lib/python2.7/site-packages/bzt/modules/provisioning.py", line 172, in post_process
    raise ToolError(message, diagnostics)
ToolError: Empty results, most likely NOP_SC3-Selenium (SeleniumExecutor) failed. Actual reason for this can be found in logs under /Users/chefe02/Desktop/presales_cert/Artifacts/2018-10-26_11-21-49.342069bz

[2018-10-26 11:22:52,524 DEBUG Engine.nose.ApiritifLoadReader.JTLReader.IncrementalCSVReader.FileReader] Reading: /Users/chefe02/Desktop/presales_cert/Artifacts/2018-10-26_11-21-49.342069bz/apiritif-0.csv
[2018-10-26 11:22:52,524 DEBUG Engine.nose.ApiritifLoadReader] Buffer len: 0; Known errors count: 0
[2018-10-26 11:22:52,524 DEBUG Engine.consolidator] Consolidator buffer[0]: []
[2018-10-26 11:22:52,524 INFO Engine.final-stats] Test duration: 0:01:02
[2018-10-26 11:22:52,525 DEBUG Engine.console] No logger_handler or orig_stream was detected
[2018-10-26 11:22:52,528 DEBUG Engine.Configuration] Dumping YAML config into /Users/chefe02/Desktop/presales_cert/Artifacts/2018-10-26_11-21-49.342069bz/effective.yml
[2018-10-26 11:22:52,554 DEBUG Engine.Configuration] Dumping JSON config into /Users/chefe02/Desktop/presales_cert/Artifacts/2018-10-26_11-21-49.342069bz/effective.json
[2018-10-26 11:22:52,555 DEBUG root] Child Process Error: Empty results, most likely NOP_SC3-Selenium (SeleniumExecutor) failed. Actual reason for this can be found in logs under /Users/chefe02/Desktop/presales_cert/Artifacts/2018-10-26_11-21-49.342069bz
[2018-10-26 11:22:52,555 DEBUG root] ApiritifNoseExecutor STDOUT:
2018-10-26 11:21:50,521:INFO:47662:123145405665280:loadgen:Total workers: 1
2018-10-26 11:21:50,528:INFO:47665:123145405665280:loadgen:Adding worker: idx=0	concurrency=1	results=/Users/chefe02/Desktop/presales_cert/Artifacts/2018-10-26_11-21-49.342069bz/apiritif-0.csv
2018-10-26 11:21:53,902:INFO:47665:123145323692032:apiritif.recorder:Transaction started:: start_time=1540578113.903,name=go to home page
2018-10-26 11:21:55,197:INFO:47665:123145323692032:apiritif.recorder:Transaction ended:: duration=1.294,name=go to home page
2018-10-26 11:21:55,197:INFO:47665:123145323692032:apiritif.recorder:Transaction started:: start_time=1540578115.197,name=search "apple"
2018-10-26 11:21:55,676:INFO:47665:123145323692032:apiritif.recorder:Transaction ended:: duration=0.479,name=search "apple"
2018-10-26 11:21:55,676:INFO:47665:123145323692032:apiritif.recorder:Transaction started:: start_time=1540578115.676,name=click macbook
2018-10-26 11:21:57,078:INFO:47665:123145323692032:apiritif.recorder:Transaction ended:: duration=1.402,name=click macbook
2018-10-26 11:21:57,079:INFO:47665:123145323692032:apiritif.recorder:Transaction started:: start_time=1540578117.079,name=add macbook to cart
2018-10-26 11:21:57,147:INFO:47665:123145323692032:apiritif.recorder:Transaction ended:: duration=0.069,name=add macbook to cart
2018-10-26 11:21:57,148:INFO:47665:123145323692032:apiritif.recorder:Transaction started:: start_time=1540578117.148,name=click "books"
2018-10-26 11:21:57,651:INFO:47665:123145323692032:apiritif.recorder:Transaction ended:: duration=0.504,name=click "books"
2018-10-26 11:21:57,652:INFO:47665:123145323692032:apiritif.recorder:Transaction started:: start_time=1540578117.652,name=add fahrenheit 451 to cart
2018-10-26 11:21:57,711:INFO:47665:123145323692032:apiritif.recorder:Transaction ended:: duration=0.059,name=add fahrenheit 451 to cart
2018-10-26 11:21:57,711:INFO:47665:123145323692032:apiritif.recorder:Transaction started:: start_time=1540578117.712,name=click "accessories"
2018-10-26 11:21:58,682:INFO:47665:123145323692032:apiritif.recorder:Transaction ended:: duration=0.971,name=click "accessories"
2018-10-26 11:21:58,683:INFO:47665:123145323692032:apiritif.recorder:Transaction started:: start_time=1540578118.684,name=add sunglasses to cart
2018-10-26 11:21:58,726:INFO:47665:123145323692032:apiritif.recorder:Transaction ended:: duration=0.043,name=add sunglasses to cart
2018-10-26 11:21:58,727:INFO:47665:123145323692032:apiritif.recorder:Transaction started:: start_time=1540578118.727,name=checkout as guest
[2018-10-26 11:22:52,555 DEBUG root] ToolError: Empty results, most likely NOP_SC3-Selenium (SeleniumExecutor) failed. Actual reason for this can be found in logs under /Users/chefe02/Desktop/presales_cert/Artifacts/2018-10-26_11-21-49.342069bz
Traceback (most recent call last):
  File "/usr/local/Cellar/bzt/1.13.0/libexec/lib/python2.7/site-packages/bzt/cli.py", line 268, in perform
    self.engine.post_process()
  File "/usr/local/Cellar/bzt/1.13.0/libexec/lib/python2.7/site-packages/bzt/engine.py", line 311, in post_process
    reraise(exc_info, exc_value)
  File "/usr/local/Cellar/bzt/1.13.0/libexec/lib/python2.7/site-packages/bzt/engine.py", line 296, in post_process
    module.post_process()
  File "/usr/local/Cellar/bzt/1.13.0/libexec/lib/python2.7/site-packages/bzt/modules/provisioning.py", line 181, in post_process
    reraise(exc_info, exc_value)
  File "/usr/local/Cellar/bzt/1.13.0/libexec/lib/python2.7/site-packages/bzt/modules/provisioning.py", line 172, in post_process
    raise ToolError(message, diagnostics)
ToolError: Empty results, most likely NOP_SC3-Selenium (SeleniumExecutor) failed. Actual reason for this can be found in logs under /Users/chefe02/Desktop/presales_cert/Artifacts/2018-10-26_11-21-49.342069bz
[2018-10-26 11:22:52,555 INFO root] Artifacts dir: /Users/chefe02/Desktop/presales_cert/Artifacts/2018-10-26_11-21-49.342069bz
[2018-10-26 11:22:52,555 WARNING root] Done performing with code: 1
[2018-10-26 11:22:52,555 DEBUG root] Closing log handler: /Users/chefe02/Desktop/presales_cert/Artifacts/2018-10-26_11-21-49.342069bz/bzt.log
