[2018-10-26 11:08:52,622 INFO root] Taurus CLI Tool v1.13.0
[2018-10-26 11:08:52,623 DEBUG root] Command-line options: {'verbose': None, 'no_system_configs': None, 'quiet': None, 'log': '/var/folders/5f/vzk4zj_95sndkt7khp6l85jhnvgy8l/T/bzt_xy4MTc.log', 'option': None, 'aliases': []}
[2018-10-26 11:08:52,623 DEBUG root] Python: CPython 2.7.15
[2018-10-26 11:08:52,623 DEBUG root] OS: ('Darwin', 'chefe02mac947', '17.7.0', 'Darwin Kernel Version 17.7.0: Thu Jun 21 22:53:14 PDT 2018; root:xnu-4570.71.2~1/RELEASE_X86_64', 'x86_64', 'i386')
[2018-10-26 11:08:52,623 INFO root] Starting with configs: ['NOP_SC3_SP.yaml']
[2018-10-26 11:08:52,624 DEBUG root] Using personal config: /Users/chefe02/.bzt-rc
[2018-10-26 11:08:52,624 INFO Engine] Configuring...
[2018-10-26 11:08:52,624 DEBUG Engine] No machine configs dir: /usr/local/Cellar/bzt/1.13.0/libexec/bin/../etc/bzt.d
[2018-10-26 11:08:52,624 DEBUG Engine] Base configs list: ['/usr/local/Cellar/bzt/1.13.0/libexec/lib/python2.7/site-packages/bzt/resources/base-config.yml']
[2018-10-26 11:08:52,624 DEBUG Engine.Configuration] Configs: ['/usr/local/Cellar/bzt/1.13.0/libexec/lib/python2.7/site-packages/bzt/resources/base-config.yml']
[2018-10-26 11:08:52,624 DEBUG Engine.Configuration] Reading /usr/local/Cellar/bzt/1.13.0/libexec/lib/python2.7/site-packages/bzt/resources/base-config.yml as YAML
[2018-10-26 11:08:52,649 DEBUG Engine] User configs list: ['/Users/chefe02/.bzt-rc', 'NOP_SC3_SP.yaml']
[2018-10-26 11:08:52,649 DEBUG Engine.Configuration] Configs: ['/Users/chefe02/.bzt-rc', 'NOP_SC3_SP.yaml']
[2018-10-26 11:08:52,650 DEBUG Engine.Configuration] Reading /Users/chefe02/.bzt-rc as YAML
[2018-10-26 11:08:52,654 DEBUG Engine.Configuration] Reading NOP_SC3_SP.yaml as YAML
[2018-10-26 11:08:52,657 DEBUG Engine.Configuration] Configs: ['/Users/chefe02/.bzt-rc', 'NOP_SC3_SP.yaml']
[2018-10-26 11:08:52,657 DEBUG Engine.Configuration] Reading /Users/chefe02/.bzt-rc as YAML
[2018-10-26 11:08:52,660 DEBUG Engine.Configuration] Reading NOP_SC3_SP.yaml as YAML
[2018-10-26 11:08:52,672 DEBUG Engine] Requesting updates info: http://gettaurus.org/updates/?version=1.13.0&installID=macos-8c85905fb9f6
[2018-10-26 11:08:52,673 INFO Engine] Artifacts dir: /Users/chefe02/Desktop/presales_cert/Artifacts/2018-10-26_11-08-52.673202bz
[2018-10-26 11:08:52,673 DEBUG HTTPClient] Making HTTP request GET http://gettaurus.org/updates/?version=1.13.0&installID=macos-8c85905fb9f6
[2018-10-26 11:08:52,678 DEBUG Engine] New artifact filename: /Users/chefe02/Desktop/presales_cert/Artifacts/2018-10-26_11-08-52.673202bz/effective
[2018-10-26 11:08:52,680 DEBUG urllib3.connectionpool] Starting new HTTP connection (1): gettaurus.org:80
[2018-10-26 11:08:52,680 DEBUG Engine.Configuration] Dumping YAML config into /Users/chefe02/Desktop/presales_cert/Artifacts/2018-10-26_11-08-52.673202bz/effective.yml
[2018-10-26 11:08:52,704 DEBUG Engine.Configuration] Dumping JSON config into /Users/chefe02/Desktop/presales_cert/Artifacts/2018-10-26_11-08-52.673202bz/effective.json
[2018-10-26 11:08:52,705 DEBUG Engine] New artifact filename: /Users/chefe02/Desktop/presales_cert/Artifacts/2018-10-26_11-08-52.673202bz/merged.yml
[2018-10-26 11:08:52,706 DEBUG Engine.Configuration] Dumping YAML config into /Users/chefe02/Desktop/presales_cert/Artifacts/2018-10-26_11-08-52.673202bz/merged.yml
[2018-10-26 11:08:52,708 DEBUG Engine] New artifact filename: /Users/chefe02/Desktop/presales_cert/Artifacts/2018-10-26_11-08-52.673202bz/merged.json
[2018-10-26 11:08:52,708 DEBUG Engine.Configuration] Dumping JSON config into /Users/chefe02/Desktop/presales_cert/Artifacts/2018-10-26_11-08-52.673202bz/merged.json
[2018-10-26 11:08:52,708 DEBUG Engine] Add existing artifact (move=False): NOP_SC3_SP.yaml
[2018-10-26 11:08:52,709 DEBUG Engine] Copying NOP_SC3_SP.yaml to /Users/chefe02/Desktop/presales_cert/Artifacts/2018-10-26_11-08-52.673202bz/NOP_SC3_SP.yaml
[2018-10-26 11:08:52,709 DEBUG Engine.Environment] Replace 'TAURUS_ARTIFACTS_DIR' in environment
[2018-10-26 11:08:52,710 DEBUG root] Closing log handler: /var/folders/5f/vzk4zj_95sndkt7khp6l85jhnvgy8l/T/bzt_xy4MTc.log
[2018-10-26 11:08:53,268 DEBUG root] Switched writing logs to /Users/chefe02/Desktop/presales_cert/Artifacts/2018-10-26_11-08-52.673202bz/bzt.log
[2018-10-26 11:08:53,268 DEBUG root] Linting config
[2018-10-26 11:08:53,271 INFO Engine] Preparing...
[2018-10-26 11:08:53,272 DEBUG Engine] Module config: consolidator {'class': u'bzt.modules.aggregator.ConsolidatingAggregator'}
[2018-10-26 11:08:53,272 DEBUG root] Importing module: bzt.modules.aggregator
[2018-10-26 11:08:53,392 DEBUG root] Loading class: 'ConsolidatingAggregator' from <module 'bzt.modules.aggregator' from '/usr/local/Cellar/bzt/1.13.0/libexec/lib/python2.7/site-packages/bzt/modules/aggregator.pyc'>
[2018-10-26 11:08:53,393 DEBUG Engine.consolidator] Buffer scaling setup: percentile 95.0 from [0.0, 50.0, 90.0, 95.0, 99.0, 99.9, 100.0] selected
[2018-10-26 11:08:53,393 DEBUG Engine] Module config: monitoring {'class': u'bzt.modules.monitoring.Monitoring'}
[2018-10-26 11:08:53,393 DEBUG root] Importing module: bzt.modules.monitoring
[2018-10-26 11:08:53,395 DEBUG root] Loading class: 'Monitoring' from <module 'bzt.modules.monitoring' from '/usr/local/Cellar/bzt/1.13.0/libexec/lib/python2.7/site-packages/bzt/modules/monitoring.pyc'>
[2018-10-26 11:08:53,395 DEBUG Engine] Module config: capturehar {'class': u'bzt.modules.blazemeter.ServiceStubCaptureHAR'}
[2018-10-26 11:08:53,395 DEBUG root] Importing module: bzt.modules.blazemeter
[2018-10-26 11:08:53,402 DEBUG easyprocess] version=0.2.3
[2018-10-26 11:08:53,404 DEBUG pyvirtualdisplay] version=0.2.1
[2018-10-26 11:08:53,405 DEBUG root] Loading class: 'ServiceStubCaptureHAR' from <module 'bzt.modules.blazemeter' from '/usr/local/Cellar/bzt/1.13.0/libexec/lib/python2.7/site-packages/bzt/modules/blazemeter.pyc'>
[2018-10-26 11:08:53,405 DEBUG Engine] Module config: screenshoter {'class': u'bzt.modules.blazemeter.ServiceStubScreenshoter'}
[2018-10-26 11:08:53,406 DEBUG root] Importing module: bzt.modules.blazemeter
[2018-10-26 11:08:53,406 DEBUG root] Loading class: 'ServiceStubScreenshoter' from <module 'bzt.modules.blazemeter' from '/usr/local/Cellar/bzt/1.13.0/libexec/lib/python2.7/site-packages/bzt/modules/blazemeter.pyc'>
[2018-10-26 11:08:53,406 DEBUG Engine] Module config: local {'class': u'bzt.modules.provisioning.Local'}
[2018-10-26 11:08:53,406 DEBUG root] Importing module: bzt.modules.provisioning
[2018-10-26 11:08:53,406 DEBUG root] Loading class: 'Local' from <module 'bzt.modules.provisioning' from '/usr/local/Cellar/bzt/1.13.0/libexec/lib/python2.7/site-packages/bzt/modules/provisioning.pyc'>
[2018-10-26 11:08:53,406 DEBUG Engine] Module config: selenium {'class': u'bzt.modules.selenium.SeleniumExecutor'}
[2018-10-26 11:08:53,406 DEBUG root] Importing module: bzt.modules.selenium
[2018-10-26 11:08:53,407 DEBUG root] Loading class: 'SeleniumExecutor' from <module 'bzt.modules.selenium' from '/usr/local/Cellar/bzt/1.13.0/libexec/lib/python2.7/site-packages/bzt/modules/selenium.pyc'>
[2018-10-26 11:08:53,407 DEBUG Engine.local] Preparing executor: selenium/4414768528
[2018-10-26 11:08:53,408 DEBUG Engine.selenium] Extract {'script': u'NOP_SC3.py'} into scenarios
[2018-10-26 11:08:53,408 DEBUG Engine.selenium] Detected script type: nose
[2018-10-26 11:08:53,408 DEBUG Engine] Module config: nose {'ignore-unknown-actions': True, 'class': u'bzt.modules.python.ApiritifNoseExecutor'}
[2018-10-26 11:08:53,408 DEBUG root] Importing module: bzt.modules.python
[2018-10-26 11:08:53,426 DEBUG root] Loading class: 'ApiritifNoseExecutor' from <module 'bzt.modules.python' from '/usr/local/Cellar/bzt/1.13.0/libexec/lib/python2.7/site-packages/bzt/modules/python/__init__.pyc'>
[2018-10-26 11:08:53,427 DEBUG Engine] Module config: final-stats {'class': u'bzt.modules.reporting.FinalStatus'}
[2018-10-26 11:08:53,427 DEBUG root] Importing module: bzt.modules.reporting
[2018-10-26 11:08:53,427 DEBUG root] Loading class: 'FinalStatus' from <module 'bzt.modules.reporting' from '/usr/local/Cellar/bzt/1.13.0/libexec/lib/python2.7/site-packages/bzt/modules/reporting.pyc'>
[2018-10-26 11:08:53,428 DEBUG Engine] Module config: console {'class': u'bzt.modules.console.ConsoleStatusReporter'}
[2018-10-26 11:08:53,428 DEBUG root] Importing module: bzt.modules.console
[2018-10-26 11:08:53,428 DEBUG root] Loading class: 'ConsoleStatusReporter' from <module 'bzt.modules.console' from '/usr/local/Cellar/bzt/1.13.0/libexec/lib/python2.7/site-packages/bzt/modules/console.pyc'>
[2018-10-26 11:08:53,438 DEBUG urllib3.connectionpool] http://gettaurus.org:80 "GET /updates/?version=1.13.0&installID=macos-8c85905fb9f6 HTTP/1.1" 200 59
[2018-10-26 11:08:53,438 DEBUG Engine.Configuration] Dumping YAML config into /Users/chefe02/Desktop/presales_cert/Artifacts/2018-10-26_11-08-52.673202bz/effective.yml
[2018-10-26 11:08:53,445 DEBUG Engine] Taurus updates info: {u'needsUpgrade': True, u'latest': u'1.13.1'}
[2018-10-26 11:08:53,457 WARNING Engine] There is newer version of Taurus 1.13.1 available, consider upgrading. What's new: http://gettaurus.org/docs/Changelog/
[2018-10-26 11:08:53,475 DEBUG Engine.Configuration] Dumping JSON config into /Users/chefe02/Desktop/presales_cert/Artifacts/2018-10-26_11-08-52.673202bz/effective.json
[2018-10-26 11:08:53,476 INFO Engine] Starting...
[2018-10-26 11:08:53,477 DEBUG Engine] Startup <bzt.modules.monitoring.Monitoring object at 0x1089e0f90>
[2018-10-26 11:08:53,477 DEBUG Engine] Startup <bzt.modules.blazemeter.ServiceStubCaptureHAR object at 0x108a091d0>
[2018-10-26 11:08:53,477 WARNING Engine.capturehar] Stub for service 'capturehar', use cloud provisioning to have it working
[2018-10-26 11:08:53,477 DEBUG Engine] Startup <bzt.modules.blazemeter.ServiceStubScreenshoter object at 0x108a50a10>
[2018-10-26 11:08:53,477 WARNING Engine.screenshoter] Stub for service 'screenshoter', use cloud provisioning to have it working
[2018-10-26 11:08:53,478 DEBUG Engine] Startup <bzt.modules.aggregator.ConsolidatingAggregator object at 0x1072872d0>
[2018-10-26 11:08:53,478 DEBUG Engine] Startup <bzt.modules.reporting.FinalStatus object at 0x108b484d0>
[2018-10-26 11:08:53,478 DEBUG Engine] Startup <bzt.modules.console.ConsoleStatusReporter object at 0x108b96350>
[2018-10-26 11:08:53,478 INFO Engine.console] Waiting for results...
[2018-10-26 11:08:53,478 DEBUG Engine] Startup <bzt.modules.provisioning.Local object at 0x1072405d0>
[2018-10-26 11:08:53,478 DEBUG Engine.local] Delay setup for selenium/NOP_SC3.py: 0(start-at) + 0(delay) = 0
[2018-10-26 11:08:53,480 DEBUG Engine.Configuration] Dumping YAML config into /Users/chefe02/Desktop/presales_cert/Artifacts/2018-10-26_11-08-52.673202bz/effective.yml
[2018-10-26 11:08:53,505 DEBUG Engine.Configuration] Dumping JSON config into /Users/chefe02/Desktop/presales_cert/Artifacts/2018-10-26_11-08-52.673202bz/effective.json
[2018-10-26 11:08:53,506 DEBUG root] Leveling down log file verbosity to INFO, use -v option to have DEBUG messages enabled
[2018-10-26 11:08:53,506 DEBUG root] Leveled up log file verbosity
[2018-10-26 11:08:53,506 DEBUG Engine] New artifact filename: /Users/chefe02/Desktop/presales_cert/Artifacts/2018-10-26_11-08-52.673202bz/apiritif-
[2018-10-26 11:08:53,506 DEBUG Engine] New artifact filename: /Users/chefe02/Desktop/presales_cert/Artifacts/2018-10-26_11-08-52.673202bz/nose.out
[2018-10-26 11:08:53,506 DEBUG Engine] New artifact filename: /Users/chefe02/Desktop/presales_cert/Artifacts/2018-10-26_11-08-52.673202bz/nose.err
[2018-10-26 11:08:53,507 DEBUG bzt.utils] Executing shell: ['/usr/local/Cellar/bzt/1.13.0/libexec/bin/python2.7', '-m', 'apiritif.loadgen', '--result-file-template', '/Users/chefe02/Desktop/presales_cert/Artifacts/2018-10-26_11-08-52.673202bz/apiritif-%s.csv', '--concurrency', '1', '--hold-for', '600.0', u'/Users/chefe02/Desktop/presales_cert/NOP_SC3.py'] at /Users/chefe02/Desktop/presales_cert
[2018-10-26 11:08:53,515 DEBUG root] Leveling down log file verbosity to INFO, use -v option to have DEBUG messages enabled
[2018-10-26 11:08:53,736 INFO Engine.console] Waiting for finish...
[2018-10-26 11:09:23,607 INFO Engine.nose.ApiritifLoadReader] Changed data analysis delay to 13s
[2018-10-26 11:09:57,820 WARNING Engine] Please wait for graceful shutdown...
[2018-10-26 11:09:57,825 DEBUG root] Leveled up log file verbosity
[2018-10-26 11:09:57,825 INFO Engine] Shutting down...
[2018-10-26 11:09:57,829 DEBUG Engine] Current stop reason: 
[2018-10-26 11:09:57,829 DEBUG Engine.local] Shutdown selenium/NOP_SC3.py
[2018-10-26 11:09:58,834 INFO Engine.nose] Terminating process PID 46359 with signal 15 (59 tries left)
[2018-10-26 11:09:59,845 INFO Engine.nose] Terminating process PID 46359 with signal 15 (58 tries left)
[2018-10-26 11:09:59,851 DEBUG Engine.nose] Failed to terminate process: [Errno 1] Operation not permitted
[2018-10-26 11:09:59,851 DEBUG Engine.selenium] Selenium tests ran for 66.3450040817 seconds
[2018-10-26 11:09:59,852 DEBUG Engine.console] Restoring logging streams, [<logging.StreamHandler object at 0x107237c10>]/{<logging.StreamHandler object at 0x107237c10>: <open file '<stdout>', mode 'w' at 0x1059cf150>}
[2018-10-26 11:09:59,855 DEBUG Engine.Configuration] Dumping YAML config into /Users/chefe02/Desktop/presales_cert/Artifacts/2018-10-26_11-08-52.673202bz/effective.yml
[2018-10-26 11:09:59,883 DEBUG Engine.Configuration] Dumping JSON config into /Users/chefe02/Desktop/presales_cert/Artifacts/2018-10-26_11-08-52.673202bz/effective.json
[2018-10-26 11:09:59,884 WARNING root] Keyboard interrupt
[2018-10-26 11:09:59,885 DEBUG root] KeyboardInterrupt: 
Traceback (most recent call last):
  File "/usr/local/Cellar/bzt/1.13.0/libexec/lib/python2.7/site-packages/bzt/cli.py", line 261, in perform
    self.engine.run()
  File "/usr/local/Cellar/bzt/1.13.0/libexec/lib/python2.7/site-packages/bzt/engine.py", line 226, in run
    reraise(exc_info, exc_value)
  File "/usr/local/Cellar/bzt/1.13.0/libexec/lib/python2.7/site-packages/bzt/engine.py", line 206, in run
    self._wait()
  File "/usr/local/Cellar/bzt/1.13.0/libexec/lib/python2.7/site-packages/bzt/engine.py", line 254, in _wait
    time.sleep(delay)
KeyboardInterrupt
[2018-10-26 11:09:59,885 INFO Engine] Post-processing...
[2018-10-26 11:09:59,885 DEBUG Engine.local] Post-process selenium/NOP_SC3.py
[2018-10-26 11:09:59,885 DEBUG Engine.nose.FileReader] Reading: /Users/chefe02/Desktop/presales_cert/Artifacts/2018-10-26_11-08-52.673202bz/nose.out
[2018-10-26 11:09:59,886 DEBUG Engine.nose.FileReader] Reading: /Users/chefe02/Desktop/presales_cert/Artifacts/2018-10-26_11-08-52.673202bz/nose.out
[2018-10-26 11:09:59,886 DEBUG Engine.nose.ApiritifLoadReader.JTLReader.IncrementalCSVReader.FileReader] Reading: /Users/chefe02/Desktop/presales_cert/Artifacts/2018-10-26_11-08-52.673202bz/apiritif-0.csv
[2018-10-26 11:09:59,886 DEBUG Engine.nose.ApiritifLoadReader] Buffer len: 4; Known errors count: 1
[2018-10-26 11:09:59,886 DEBUG Engine.nose.ApiritifLoadReader] Aggregating: 1540577378
[2018-10-26 11:09:59,888 DEBUG Engine.nose.ApiritifLoadReader] Aggregating: 1540577381
[2018-10-26 11:09:59,890 DEBUG Engine.nose.ApiritifLoadReader] Aggregating: 1540577384
[2018-10-26 11:09:59,893 DEBUG Engine.nose.ApiritifLoadReader] Aggregating: 1540577387
[2018-10-26 11:09:59,895 DEBUG Engine.consolidator] Consolidator buffer[5]: [1540577378, 1540577381, 1540577384, 1540577387, 1540577373]
[2018-10-26 11:09:59,895 DEBUG Engine.consolidator] Merging into 1540577373
[2018-10-26 11:09:59,895 DEBUG Engine.consolidator] Merging 1540577373
[2018-10-26 11:09:59,907 DEBUG Engine.consolidator] Processed datapoint: 1540577373/None
[2018-10-26 11:09:59,907 DEBUG Engine.consolidator] Merging into 1540577378
[2018-10-26 11:09:59,907 DEBUG Engine.consolidator] Merging 1540577378
[2018-10-26 11:09:59,922 DEBUG Engine.consolidator] Processed datapoint: 1540577378/None
[2018-10-26 11:09:59,922 DEBUG Engine.consolidator] Merging into 1540577381
[2018-10-26 11:09:59,922 DEBUG Engine.consolidator] Merging 1540577381
[2018-10-26 11:09:59,933 DEBUG Engine.consolidator] Processed datapoint: 1540577381/None
[2018-10-26 11:09:59,933 DEBUG Engine.consolidator] Merging into 1540577384
[2018-10-26 11:09:59,933 DEBUG Engine.consolidator] Merging 1540577384
[2018-10-26 11:09:59,942 DEBUG Engine.consolidator] Processed datapoint: 1540577384/None
[2018-10-26 11:09:59,942 DEBUG Engine.consolidator] Merging into 1540577387
[2018-10-26 11:09:59,942 DEBUG Engine.consolidator] Merging 1540577387
[2018-10-26 11:09:59,952 DEBUG Engine.consolidator] Processed datapoint: 1540577387/None
[2018-10-26 11:09:59,952 INFO Engine.final-stats] Test duration: 0:01:06
[2018-10-26 11:09:59,952 INFO Engine.final-stats] Samples count: 14, 14.29% failures
[2018-10-26 11:09:59,952 INFO Engine.final-stats] Average times: total 3.578, latency 0.000, connect 0.000
[2018-10-26 11:09:59,953 INFO Engine.final-stats] Percentiles:
(0lqqqqqqqqqqqqqqqwqqqqqqqqqqqqqqqk(B
(0x(B Percentile, % (0x(B Resp. Time, s (0x(B
(0tqqqqqqqqqqqqqqqnqqqqqqqqqqqqqqqu(B
(0x(B           0.0 (0x(B         1.208 (0x(B
(0x(B          50.0 (0x(B         3.065 (0x(B
(0x(B          90.0 (0x(B         6.503 (0x(B
(0x(B          95.0 (0x(B         6.503 (0x(B
(0x(B          99.0 (0x(B         6.535 (0x(B
(0x(B          99.9 (0x(B         6.535 (0x(B
(0x(B         100.0 (0x(B         6.535 (0x(B
(0mqqqqqqqqqqqqqqqvqqqqqqqqqqqqqqqj(B
[2018-10-26 11:09:59,956 INFO Engine.final-stats] Request label stats:
(0lqqqqqqqqqqqqqqqqqqqqqqqqqqqqwqqqqqqqqwqqqqqqqqqwqqqqqqqqwqqqqqqqqqqqqqqqqqqqqqqqqqqqqqqqqqqqqqqqqqqqqqqqqqqqqqqqqqqqqqqqqqqqqqqqqqqqqqqqqqqqqqqqqqqqqqqqqqqqqqqqqqqqqqqqqqqqqqqqqqqqqqqqqqqqqqqqqqqqqqqqqqqqqqqqqqqqqqqqqqqqqqqqqqqqqqqqqqqqqqqqqqqqqqqqqqqqk(B
(0x(B label                      (0x(B status (0x(B    succ (0x(B avg_rt (0x(B error                                                                                                                                                                                             (0x(B
(0tqqqqqqqqqqqqqqqqqqqqqqqqqqqqnqqqqqqqqnqqqqqqqqqnqqqqqqqqnqqqqqqqqqqqqqqqqqqqqqqqqqqqqqqqqqqqqqqqqqqqqqqqqqqqqqqqqqqqqqqqqqqqqqqqqqqqqqqqqqqqqqqqqqqqqqqqqqqqqqqqqqqqqqqqqqqqqqqqqqqqqqqqqqqqqqqqqqqqqqqqqqqqqqqqqqqqqqqqqqqqqqqqqqqqqqqqqqqqqqqqqqqqqqqqqqqqu(B
(0x(B add fahrenheit 451 to cart (0x(B   OK   (0x(B 100.00% (0x(B  3.054 (0x(B                                                                                                                                                                                                   (0x(B
(0x(B add macbook to cart        (0x(B   OK   (0x(B 100.00% (0x(B  3.066 (0x(B                                                                                                                                                                                                   (0x(B
(0x(B click "accessories"        (0x(B  FAIL  (0x(B   0.00% (0x(B  3.062 (0x(B WebDriverException: Message: unknown error: Element <a href="/nopCommerce/apparel">...</a> is not clickable at point (474, 15). Other element would receive the click: <p class="content">...</p> (0x(B
(0x(B                            (0x(B        (0x(B         (0x(B        (0x(B   (Session info: chrome=70.0.3538.77)                                                                                                                                                             (0x(B
(0x(B                            (0x(B        (0x(B         (0x(B        (0x(B   (Driver info: chromedriver=2.40.565386 (45a059dc425e08165f9a10324bd1380cc13ca363),platform=Mac OS X 10.13.6 x86_64)                                                                             (0x(B
(0x(B                            (0x(B        (0x(B         (0x(B        (0x(B                                                                                                                                                                                                   (0x(B
(0x(B click "books"              (0x(B   OK   (0x(B 100.00% (0x(B  3.518 (0x(B                                                                                                                                                                                                   (0x(B
(0x(B click macbook              (0x(B   OK   (0x(B 100.00% (0x(B  4.617 (0x(B                                                                                                                                                                                                   (0x(B
(0x(B go to home page            (0x(B   OK   (0x(B 100.00% (0x(B  1.212 (0x(B                                                                                                                                                                                                   (0x(B
(0x(B search "apple"             (0x(B   OK   (0x(B 100.00% (0x(B  6.518 (0x(B                                                                                                                                                                                                   (0x(B
(0mqqqqqqqqqqqqqqqqqqqqqqqqqqqqvqqqqqqqqvqqqqqqqqqvqqqqqqqqvqqqqqqqqqqqqqqqqqqqqqqqqqqqqqqqqqqqqqqqqqqqqqqqqqqqqqqqqqqqqqqqqqqqqqqqqqqqqqqqqqqqqqqqqqqqqqqqqqqqqqqqqqqqqqqqqqqqqqqqqqqqqqqqqqqqqqqqqqqqqqqqqqqqqqqqqqqqqqqqqqqqqqqqqqqqqqqqqqqqqqqqqqqqqqqqqqqqj(B
[2018-10-26 11:09:59,956 DEBUG Engine.console] No logger_handler or orig_stream was detected
[2018-10-26 11:09:59,958 DEBUG Engine.Configuration] Dumping YAML config into /Users/chefe02/Desktop/presales_cert/Artifacts/2018-10-26_11-08-52.673202bz/effective.yml
[2018-10-26 11:09:59,979 DEBUG Engine.Configuration] Dumping JSON config into /Users/chefe02/Desktop/presales_cert/Artifacts/2018-10-26_11-08-52.673202bz/effective.json
[2018-10-26 11:09:59,980 INFO root] Artifacts dir: /Users/chefe02/Desktop/presales_cert/Artifacts/2018-10-26_11-08-52.673202bz
[2018-10-26 11:09:59,980 WARNING root] Done performing with code: 1
[2018-10-26 11:09:59,980 DEBUG root] Closing log handler: /Users/chefe02/Desktop/presales_cert/Artifacts/2018-10-26_11-08-52.673202bz/bzt.log
