[2018-10-26 11:20:47,355 INFO root] Taurus CLI Tool v1.13.0
[2018-10-26 11:20:47,356 DEBUG root] Command-line options: {'verbose': None, 'no_system_configs': None, 'quiet': None, 'log': '/var/folders/5f/vzk4zj_95sndkt7khp6l85jhnvgy8l/T/bzt_adjJBf.log', 'option': None, 'aliases': []}
[2018-10-26 11:20:47,356 DEBUG root] Python: CPython 2.7.15
[2018-10-26 11:20:47,356 DEBUG root] OS: ('Darwin', 'chefe02mac947', '17.7.0', 'Darwin Kernel Version 17.7.0: Thu Jun 21 22:53:14 PDT 2018; root:xnu-4570.71.2~1/RELEASE_X86_64', 'x86_64', 'i386')
[2018-10-26 11:20:47,356 INFO root] Starting with configs: ['NOP_SC3-SY.yaml']
[2018-10-26 11:20:47,357 DEBUG root] Using personal config: /Users/chefe02/.bzt-rc
[2018-10-26 11:20:47,357 INFO Engine] Configuring...
[2018-10-26 11:20:47,357 DEBUG Engine] No machine configs dir: /usr/local/Cellar/bzt/1.13.0/libexec/bin/../etc/bzt.d
[2018-10-26 11:20:47,357 DEBUG Engine] Base configs list: ['/usr/local/Cellar/bzt/1.13.0/libexec/lib/python2.7/site-packages/bzt/resources/base-config.yml']
[2018-10-26 11:20:47,357 DEBUG Engine.Configuration] Configs: ['/usr/local/Cellar/bzt/1.13.0/libexec/lib/python2.7/site-packages/bzt/resources/base-config.yml']
[2018-10-26 11:20:47,357 DEBUG Engine.Configuration] Reading /usr/local/Cellar/bzt/1.13.0/libexec/lib/python2.7/site-packages/bzt/resources/base-config.yml as YAML
[2018-10-26 11:20:47,382 DEBUG Engine] User configs list: ['/Users/chefe02/.bzt-rc', 'NOP_SC3-SY.yaml']
[2018-10-26 11:20:47,383 DEBUG Engine.Configuration] Configs: ['/Users/chefe02/.bzt-rc', 'NOP_SC3-SY.yaml']
[2018-10-26 11:20:47,383 DEBUG Engine.Configuration] Reading /Users/chefe02/.bzt-rc as YAML
[2018-10-26 11:20:47,387 DEBUG Engine.Configuration] Reading NOP_SC3-SY.yaml as YAML
[2018-10-26 11:20:47,397 DEBUG Engine.Configuration] Configs: ['/Users/chefe02/.bzt-rc', 'NOP_SC3-SY.yaml']
[2018-10-26 11:20:47,397 DEBUG Engine.Configuration] Reading /Users/chefe02/.bzt-rc as YAML
[2018-10-26 11:20:47,401 DEBUG Engine.Configuration] Reading NOP_SC3-SY.yaml as YAML
[2018-10-26 11:20:47,422 DEBUG Engine] Requesting updates info: http://gettaurus.org/updates/?version=1.13.0&installID=macos-8c85905fb9f6
[2018-10-26 11:20:47,422 INFO Engine] Artifacts dir: /Users/chefe02/Desktop/presales_cert/Artifacts/2018-10-26_11-20-47.422847bz
[2018-10-26 11:20:47,423 DEBUG HTTPClient] Making HTTP request GET http://gettaurus.org/updates/?version=1.13.0&installID=macos-8c85905fb9f6
[2018-10-26 11:20:47,428 DEBUG Engine] New artifact filename: /Users/chefe02/Desktop/presales_cert/Artifacts/2018-10-26_11-20-47.422847bz/effective
[2018-10-26 11:20:47,431 DEBUG urllib3.connectionpool] Starting new HTTP connection (1): gettaurus.org:80
[2018-10-26 11:20:47,431 DEBUG Engine.Configuration] Dumping YAML config into /Users/chefe02/Desktop/presales_cert/Artifacts/2018-10-26_11-20-47.422847bz/effective.yml
[2018-10-26 11:20:47,459 DEBUG Engine.Configuration] Dumping JSON config into /Users/chefe02/Desktop/presales_cert/Artifacts/2018-10-26_11-20-47.422847bz/effective.json
[2018-10-26 11:20:47,460 DEBUG Engine] New artifact filename: /Users/chefe02/Desktop/presales_cert/Artifacts/2018-10-26_11-20-47.422847bz/merged.yml
[2018-10-26 11:20:47,461 DEBUG Engine.Configuration] Dumping YAML config into /Users/chefe02/Desktop/presales_cert/Artifacts/2018-10-26_11-20-47.422847bz/merged.yml
[2018-10-26 11:20:47,470 DEBUG Engine] New artifact filename: /Users/chefe02/Desktop/presales_cert/Artifacts/2018-10-26_11-20-47.422847bz/merged.json
[2018-10-26 11:20:47,471 DEBUG Engine.Configuration] Dumping JSON config into /Users/chefe02/Desktop/presales_cert/Artifacts/2018-10-26_11-20-47.422847bz/merged.json
[2018-10-26 11:20:47,471 DEBUG Engine] Add existing artifact (move=False): NOP_SC3-SY.yaml
[2018-10-26 11:20:47,471 DEBUG Engine] Copying NOP_SC3-SY.yaml to /Users/chefe02/Desktop/presales_cert/Artifacts/2018-10-26_11-20-47.422847bz/NOP_SC3-SY.yaml
[2018-10-26 11:20:47,472 DEBUG Engine.Environment] Replace 'TAURUS_ARTIFACTS_DIR' in environment
[2018-10-26 11:20:47,473 DEBUG root] Closing log handler: /var/folders/5f/vzk4zj_95sndkt7khp6l85jhnvgy8l/T/bzt_adjJBf.log
[2018-10-26 11:20:48,082 DEBUG root] Switched writing logs to /Users/chefe02/Desktop/presales_cert/Artifacts/2018-10-26_11-20-47.422847bz/bzt.log
[2018-10-26 11:20:48,082 DEBUG root] Linting config
[2018-10-26 11:20:48,086 INFO Engine] Preparing...
[2018-10-26 11:20:48,087 DEBUG Engine] Module config: consolidator {'class': u'bzt.modules.aggregator.ConsolidatingAggregator'}
[2018-10-26 11:20:48,087 DEBUG root] Importing module: bzt.modules.aggregator
[2018-10-26 11:20:48,174 DEBUG urllib3.connectionpool] http://gettaurus.org:80 "GET /updates/?version=1.13.0&installID=macos-8c85905fb9f6 HTTP/1.1" 200 59
[2018-10-26 11:20:48,189 DEBUG root] Loading class: 'ConsolidatingAggregator' from <module 'bzt.modules.aggregator' from '/usr/local/Cellar/bzt/1.13.0/libexec/lib/python2.7/site-packages/bzt/modules/aggregator.pyc'>
[2018-10-26 11:20:48,190 DEBUG Engine] Taurus updates info: {u'needsUpgrade': True, u'latest': u'1.13.1'}
[2018-10-26 11:20:48,190 DEBUG Engine.consolidator] Buffer scaling setup: percentile 95.0 from [0.0, 50.0, 90.0, 95.0, 99.0, 99.9, 100.0] selected
[2018-10-26 11:20:48,191 DEBUG Engine] Module config: monitoring {'class': u'bzt.modules.monitoring.Monitoring'}
[2018-10-26 11:20:48,190 WARNING Engine] There is newer version of Taurus 1.13.1 available, consider upgrading. What's new: http://gettaurus.org/docs/Changelog/
[2018-10-26 11:20:48,191 DEBUG root] Importing module: bzt.modules.monitoring
[2018-10-26 11:20:48,192 DEBUG root] Loading class: 'Monitoring' from <module 'bzt.modules.monitoring' from '/usr/local/Cellar/bzt/1.13.0/libexec/lib/python2.7/site-packages/bzt/modules/monitoring.pyc'>
[2018-10-26 11:20:48,192 DEBUG Engine] Module config: capturehar {'class': u'bzt.modules.blazemeter.ServiceStubCaptureHAR'}
[2018-10-26 11:20:48,192 DEBUG root] Importing module: bzt.modules.blazemeter
[2018-10-26 11:20:48,199 DEBUG easyprocess] version=0.2.3
[2018-10-26 11:20:48,200 DEBUG pyvirtualdisplay] version=0.2.1
[2018-10-26 11:20:48,201 DEBUG root] Loading class: 'ServiceStubCaptureHAR' from <module 'bzt.modules.blazemeter' from '/usr/local/Cellar/bzt/1.13.0/libexec/lib/python2.7/site-packages/bzt/modules/blazemeter.pyc'>
[2018-10-26 11:20:48,202 DEBUG Engine] Module config: screenshoter {'class': u'bzt.modules.blazemeter.ServiceStubScreenshoter'}
[2018-10-26 11:20:48,202 DEBUG root] Importing module: bzt.modules.blazemeter
[2018-10-26 11:20:48,202 DEBUG root] Loading class: 'ServiceStubScreenshoter' from <module 'bzt.modules.blazemeter' from '/usr/local/Cellar/bzt/1.13.0/libexec/lib/python2.7/site-packages/bzt/modules/blazemeter.pyc'>
[2018-10-26 11:20:48,202 DEBUG Engine] Module config: local {'class': u'bzt.modules.provisioning.Local'}
[2018-10-26 11:20:48,202 DEBUG root] Importing module: bzt.modules.provisioning
[2018-10-26 11:20:48,202 DEBUG root] Loading class: 'Local' from <module 'bzt.modules.provisioning' from '/usr/local/Cellar/bzt/1.13.0/libexec/lib/python2.7/site-packages/bzt/modules/provisioning.pyc'>
[2018-10-26 11:20:48,202 DEBUG Engine] Module config: selenium {'class': u'bzt.modules.selenium.SeleniumExecutor'}
[2018-10-26 11:20:48,203 DEBUG root] Importing module: bzt.modules.selenium
[2018-10-26 11:20:48,203 DEBUG root] Loading class: 'SeleniumExecutor' from <module 'bzt.modules.selenium' from '/usr/local/Cellar/bzt/1.13.0/libexec/lib/python2.7/site-packages/bzt/modules/selenium.pyc'>
[2018-10-26 11:20:48,204 DEBUG Engine.local] Preparing executor: selenium/4571968912
[2018-10-26 11:20:48,205 DEBUG Engine] Module config: nose {'class': u'bzt.modules.python.ApiritifNoseExecutor'}
[2018-10-26 11:20:48,205 DEBUG root] Importing module: bzt.modules.python
[2018-10-26 11:20:48,221 DEBUG root] Loading class: 'ApiritifNoseExecutor' from <module 'bzt.modules.python' from '/usr/local/Cellar/bzt/1.13.0/libexec/lib/python2.7/site-packages/bzt/modules/python/__init__.pyc'>
[2018-10-26 11:20:48,222 DEBUG Engine] New artifact filename: /Users/chefe02/Desktop/presales_cert/Artifacts/2018-10-26_11-20-47.422847bz/test_requests.py
[2018-10-26 11:20:48,222 DEBUG Engine] New artifact filename: /Users/chefe02/Desktop/presales_cert/Artifacts/2018-10-26_11-20-47.422847bz/webdriver.log
[2018-10-26 11:20:48,222 DEBUG Engine.nose.SeleniumScriptBuilder] Generating Test Case test methods
[2018-10-26 11:20:48,223 DEBUG Engine.nose.SeleniumScriptBuilder] Generating setUp test method
[2018-10-26 11:20:48,223 DEBUG Engine.nose.SeleniumScriptBuilder] Generating tearDown test method
[2018-10-26 11:20:48,223 DEBUG Engine.nose.SeleniumScriptBuilder] Generating test method test_requests
[2018-10-26 11:20:48,228 DEBUG Engine] Module config: final-stats {'class': u'bzt.modules.reporting.FinalStatus'}
[2018-10-26 11:20:48,228 DEBUG root] Importing module: bzt.modules.reporting
[2018-10-26 11:20:48,229 DEBUG root] Loading class: 'FinalStatus' from <module 'bzt.modules.reporting' from '/usr/local/Cellar/bzt/1.13.0/libexec/lib/python2.7/site-packages/bzt/modules/reporting.pyc'>
[2018-10-26 11:20:48,229 DEBUG Engine] Module config: console {'class': u'bzt.modules.console.ConsoleStatusReporter'}
[2018-10-26 11:20:48,230 DEBUG root] Importing module: bzt.modules.console
[2018-10-26 11:20:48,230 DEBUG root] Loading class: 'ConsoleStatusReporter' from <module 'bzt.modules.console' from '/usr/local/Cellar/bzt/1.13.0/libexec/lib/python2.7/site-packages/bzt/modules/console.pyc'>
[2018-10-26 11:20:48,245 DEBUG Engine.Configuration] Dumping YAML config into /Users/chefe02/Desktop/presales_cert/Artifacts/2018-10-26_11-20-47.422847bz/effective.yml
[2018-10-26 11:20:48,280 DEBUG Engine.Configuration] Dumping JSON config into /Users/chefe02/Desktop/presales_cert/Artifacts/2018-10-26_11-20-47.422847bz/effective.json
[2018-10-26 11:20:48,281 INFO Engine] Starting...
[2018-10-26 11:20:48,282 DEBUG Engine] Startup <bzt.modules.monitoring.Monitoring object at 0x112029090>
[2018-10-26 11:20:48,282 DEBUG Engine] Startup <bzt.modules.blazemeter.ServiceStubCaptureHAR object at 0x111f26310>
[2018-10-26 11:20:48,282 WARNING Engine.capturehar] Stub for service 'capturehar', use cloud provisioning to have it working
[2018-10-26 11:20:48,282 DEBUG Engine] Startup <bzt.modules.blazemeter.ServiceStubScreenshoter object at 0x11204d790>
[2018-10-26 11:20:48,282 WARNING Engine.screenshoter] Stub for service 'screenshoter', use cloud provisioning to have it working
[2018-10-26 11:20:48,282 DEBUG Engine] Startup <bzt.modules.aggregator.ConsolidatingAggregator object at 0x1108573d0>
[2018-10-26 11:20:48,282 DEBUG Engine] Startup <bzt.modules.reporting.FinalStatus object at 0x1120a9310>
[2018-10-26 11:20:48,282 DEBUG Engine] Startup <bzt.modules.console.ConsoleStatusReporter object at 0x11219f110>
[2018-10-26 11:20:48,283 INFO Engine.console] Waiting for results...
[2018-10-26 11:20:48,283 DEBUG Engine] Startup <bzt.modules.provisioning.Local object at 0x11082b5d0>
[2018-10-26 11:20:48,283 DEBUG Engine.local] Delay setup for selenium/NOP_SC3-Selenium: 0(start-at) + 0(delay) = 0
[2018-10-26 11:20:48,287 DEBUG Engine.Configuration] Dumping YAML config into /Users/chefe02/Desktop/presales_cert/Artifacts/2018-10-26_11-20-47.422847bz/effective.yml
[2018-10-26 11:20:48,327 DEBUG Engine.Configuration] Dumping JSON config into /Users/chefe02/Desktop/presales_cert/Artifacts/2018-10-26_11-20-47.422847bz/effective.json
[2018-10-26 11:20:48,329 DEBUG root] Leveling down log file verbosity to INFO, use -v option to have DEBUG messages enabled
[2018-10-26 11:20:48,329 DEBUG root] Leveled up log file verbosity
[2018-10-26 11:20:48,329 DEBUG Engine] New artifact filename: /Users/chefe02/Desktop/presales_cert/Artifacts/2018-10-26_11-20-47.422847bz/apiritif-
[2018-10-26 11:20:48,329 DEBUG Engine] New artifact filename: /Users/chefe02/Desktop/presales_cert/Artifacts/2018-10-26_11-20-47.422847bz/nose.out
[2018-10-26 11:20:48,329 DEBUG Engine] New artifact filename: /Users/chefe02/Desktop/presales_cert/Artifacts/2018-10-26_11-20-47.422847bz/nose.err
[2018-10-26 11:20:48,330 DEBUG bzt.utils] Executing shell: ['/usr/local/Cellar/bzt/1.13.0/libexec/bin/python2.7', '-m', 'apiritif.loadgen', '--result-file-template', '/Users/chefe02/Desktop/presales_cert/Artifacts/2018-10-26_11-20-47.422847bz/apiritif-%s.csv', '--concurrency', '1', '--iterations', '1', '/Users/chefe02/Desktop/presales_cert/Artifacts/2018-10-26_11-20-47.422847bz/test_requests.py'] at /Users/chefe02/Desktop/presales_cert
[2018-10-26 11:20:48,338 DEBUG root] Leveling down log file verbosity to INFO, use -v option to have DEBUG messages enabled
[2018-10-26 11:20:48,557 INFO Engine.console] Waiting for finish...
[2018-10-26 11:21:38,365 WARNING Engine] Please wait for graceful shutdown...
[2018-10-26 11:21:38,369 DEBUG root] Leveled up log file verbosity
[2018-10-26 11:21:38,369 INFO Engine] Shutting down...
[2018-10-26 11:21:38,373 DEBUG Engine] Current stop reason: 
[2018-10-26 11:21:38,374 DEBUG Engine.local] Shutdown selenium/NOP_SC3-Selenium
[2018-10-26 11:21:39,378 INFO Engine.nose] Terminating process PID 47553 with signal 15 (59 tries left)
[2018-10-26 11:21:40,388 INFO Engine.nose] Terminating process PID 47553 with signal 15 (58 tries left)
[2018-10-26 11:21:40,391 DEBUG Engine.nose] Failed to terminate process: [Errno 1] Operation not permitted
[2018-10-26 11:21:40,391 DEBUG Engine.selenium] Selenium tests ran for 52.0627219677 seconds
[2018-10-26 11:21:40,392 DEBUG Engine.console] Restoring logging streams, [<logging.StreamHandler object at 0x110822c10>]/{<logging.StreamHandler object at 0x110822c10>: <open file '<stdout>', mode 'w' at 0x10efba150>}
[2018-10-26 11:21:40,394 DEBUG Engine.Configuration] Dumping YAML config into /Users/chefe02/Desktop/presales_cert/Artifacts/2018-10-26_11-20-47.422847bz/effective.yml
[2018-10-26 11:21:40,423 DEBUG Engine.Configuration] Dumping JSON config into /Users/chefe02/Desktop/presales_cert/Artifacts/2018-10-26_11-20-47.422847bz/effective.json
[2018-10-26 11:21:40,424 WARNING root] Keyboard interrupt
[2018-10-26 11:21:40,424 DEBUG root] KeyboardInterrupt: 
Traceback (most recent call last):
  File "/usr/local/Cellar/bzt/1.13.0/libexec/lib/python2.7/site-packages/bzt/cli.py", line 261, in perform
    self.engine.run()
  File "/usr/local/Cellar/bzt/1.13.0/libexec/lib/python2.7/site-packages/bzt/engine.py", line 226, in run
    reraise(exc_info, exc_value)
  File "/usr/local/Cellar/bzt/1.13.0/libexec/lib/python2.7/site-packages/bzt/engine.py", line 206, in run
    self._wait()
  File "/usr/local/Cellar/bzt/1.13.0/libexec/lib/python2.7/site-packages/bzt/engine.py", line 254, in _wait
    time.sleep(delay)
KeyboardInterrupt
[2018-10-26 11:21:40,424 INFO Engine] Post-processing...
[2018-10-26 11:21:40,424 DEBUG Engine.local] Post-process selenium/NOP_SC3-Selenium
[2018-10-26 11:21:40,424 DEBUG Engine.nose.FileReader] Reading: /Users/chefe02/Desktop/presales_cert/Artifacts/2018-10-26_11-20-47.422847bz/nose.out
[2018-10-26 11:21:40,424 DEBUG Engine.nose.FileReader] Reading: /Users/chefe02/Desktop/presales_cert/Artifacts/2018-10-26_11-20-47.422847bz/nose.out
[2018-10-26 11:21:40,872 DEBUG Engine.local] Exception in post_process of SeleniumExecutor: Empty results, most likely NOP_SC3-Selenium (SeleniumExecutor) failed. Actual reason for this can be found in logs under /Users/chefe02/Desktop/presales_cert/Artifacts/2018-10-26_11-20-47.422847bz Traceback (most recent call last):
  File "/usr/local/Cellar/bzt/1.13.0/libexec/lib/python2.7/site-packages/bzt/modules/provisioning.py", line 172, in post_process
    raise ToolError(message, diagnostics)
ToolError: Empty results, most likely NOP_SC3-Selenium (SeleniumExecutor) failed. Actual reason for this can be found in logs under /Users/chefe02/Desktop/presales_cert/Artifacts/2018-10-26_11-20-47.422847bz

[2018-10-26 11:21:40,872 DEBUG Engine] post_process: Empty results, most likely NOP_SC3-Selenium (SeleniumExecutor) failed. Actual reason for this can be found in logs under /Users/chefe02/Desktop/presales_cert/Artifacts/2018-10-26_11-20-47.422847bz
Traceback (most recent call last):
  File "/usr/local/Cellar/bzt/1.13.0/libexec/lib/python2.7/site-packages/bzt/engine.py", line 296, in post_process
    module.post_process()
  File "/usr/local/Cellar/bzt/1.13.0/libexec/lib/python2.7/site-packages/bzt/modules/provisioning.py", line 181, in post_process
    reraise(exc_info, exc_value)
  File "/usr/local/Cellar/bzt/1.13.0/libexec/lib/python2.7/site-packages/bzt/modules/provisioning.py", line 172, in post_process
    raise ToolError(message, diagnostics)
ToolError: Empty results, most likely NOP_SC3-Selenium (SeleniumExecutor) failed. Actual reason for this can be found in logs under /Users/chefe02/Desktop/presales_cert/Artifacts/2018-10-26_11-20-47.422847bz

[2018-10-26 11:21:40,872 DEBUG Engine.nose.ApiritifLoadReader.JTLReader.IncrementalCSVReader.FileReader] Reading: /Users/chefe02/Desktop/presales_cert/Artifacts/2018-10-26_11-20-47.422847bz/apiritif-0.csv
[2018-10-26 11:21:40,873 DEBUG Engine.nose.ApiritifLoadReader] Buffer len: 0; Known errors count: 0
[2018-10-26 11:21:40,873 DEBUG Engine.consolidator] Consolidator buffer[0]: []
[2018-10-26 11:21:40,873 INFO Engine.final-stats] Test duration: 0:00:52
[2018-10-26 11:21:40,873 DEBUG Engine.console] No logger_handler or orig_stream was detected
[2018-10-26 11:21:40,876 DEBUG Engine.Configuration] Dumping YAML config into /Users/chefe02/Desktop/presales_cert/Artifacts/2018-10-26_11-20-47.422847bz/effective.yml
[2018-10-26 11:21:40,903 DEBUG Engine.Configuration] Dumping JSON config into /Users/chefe02/Desktop/presales_cert/Artifacts/2018-10-26_11-20-47.422847bz/effective.json
[2018-10-26 11:21:40,904 DEBUG root] Child Process Error: Empty results, most likely NOP_SC3-Selenium (SeleniumExecutor) failed. Actual reason for this can be found in logs under /Users/chefe02/Desktop/presales_cert/Artifacts/2018-10-26_11-20-47.422847bz
[2018-10-26 11:21:40,904 DEBUG root] ApiritifNoseExecutor STDOUT:
2018-10-26 11:20:48,692:INFO:47553:123145407016960:loadgen:Total workers: 1
2018-10-26 11:20:48,699:INFO:47556:123145407016960:loadgen:Adding worker: idx=0	concurrency=1	results=/Users/chefe02/Desktop/presales_cert/Artifacts/2018-10-26_11-20-47.422847bz/apiritif-0.csv
2018-10-26 11:20:52,018:INFO:47556:123145522704384:apiritif.recorder:Transaction started:: start_time=1540578052.018,name=go to home page
2018-10-26 11:20:53,510:INFO:47556:123145522704384:apiritif.recorder:Transaction ended:: duration=1.492,name=go to home page
2018-10-26 11:20:53,511:INFO:47556:123145522704384:apiritif.recorder:Transaction started:: start_time=1540578053.511,name=search "apple"
2018-10-26 11:20:54,039:INFO:47556:123145522704384:apiritif.recorder:Transaction ended:: duration=0.528,name=search "apple"
2018-10-26 11:20:54,039:INFO:47556:123145522704384:apiritif.recorder:Transaction started:: start_time=1540578054.040,name=click macbook
2018-10-26 11:20:55,808:INFO:47556:123145522704384:apiritif.recorder:Transaction ended:: duration=1.769,name=click macbook
2018-10-26 11:20:55,809:INFO:47556:123145522704384:apiritif.recorder:Transaction started:: start_time=1540578055.809,name=add macbook to cart
2018-10-26 11:20:55,882:INFO:47556:123145522704384:apiritif.recorder:Transaction ended:: duration=0.074,name=add macbook to cart
2018-10-26 11:20:55,883:INFO:47556:123145522704384:apiritif.recorder:Transaction started:: start_time=1540578055.883,name=click "books"
2018-10-26 11:20:56,434:INFO:47556:123145522704384:apiritif.recorder:Transaction ended:: duration=0.551,name=click "books"
2018-10-26 11:20:56,435:INFO:47556:123145522704384:apiritif.recorder:Transaction started:: start_time=1540578056.435,name=add fahrenheit 451 to cart
2018-10-26 11:20:56,482:INFO:47556:123145522704384:apiritif.recorder:Transaction ended:: duration=0.047,name=add fahrenheit 451 to cart
2018-10-26 11:20:56,482:INFO:47556:123145522704384:apiritif.recorder:Transaction started:: start_time=1540578056.482,name=click "accessories"
2018-10-26 11:20:57,594:INFO:47556:123145522704384:apiritif.recorder:Transaction ended:: duration=1.113,name=click "accessories"
2018-10-26 11:20:57,595:INFO:47556:123145522704384:apiritif.recorder:Transaction started:: start_time=1540578057.595,name=add sunglasses to cart
2018-10-26 11:20:57,645:INFO:47556:123145522704384:apiritif.recorder:Transaction ended:: duration=0.050,name=add sunglasses to cart
2018-10-26 11:20:57,646:INFO:47556:123145522704384:apiritif.recorder:Transaction started:: start_time=1540578057.646,name=checkout as guest
[2018-10-26 11:21:40,904 DEBUG root] ToolError: Empty results, most likely NOP_SC3-Selenium (SeleniumExecutor) failed. Actual reason for this can be found in logs under /Users/chefe02/Desktop/presales_cert/Artifacts/2018-10-26_11-20-47.422847bz
Traceback (most recent call last):
  File "/usr/local/Cellar/bzt/1.13.0/libexec/lib/python2.7/site-packages/bzt/cli.py", line 268, in perform
    self.engine.post_process()
  File "/usr/local/Cellar/bzt/1.13.0/libexec/lib/python2.7/site-packages/bzt/engine.py", line 311, in post_process
    reraise(exc_info, exc_value)
  File "/usr/local/Cellar/bzt/1.13.0/libexec/lib/python2.7/site-packages/bzt/engine.py", line 296, in post_process
    module.post_process()
  File "/usr/local/Cellar/bzt/1.13.0/libexec/lib/python2.7/site-packages/bzt/modules/provisioning.py", line 181, in post_process
    reraise(exc_info, exc_value)
  File "/usr/local/Cellar/bzt/1.13.0/libexec/lib/python2.7/site-packages/bzt/modules/provisioning.py", line 172, in post_process
    raise ToolError(message, diagnostics)
ToolError: Empty results, most likely NOP_SC3-Selenium (SeleniumExecutor) failed. Actual reason for this can be found in logs under /Users/chefe02/Desktop/presales_cert/Artifacts/2018-10-26_11-20-47.422847bz
[2018-10-26 11:21:40,904 INFO root] Artifacts dir: /Users/chefe02/Desktop/presales_cert/Artifacts/2018-10-26_11-20-47.422847bz
[2018-10-26 11:21:40,904 WARNING root] Done performing with code: 1
[2018-10-26 11:21:40,904 DEBUG root] Closing log handler: /Users/chefe02/Desktop/presales_cert/Artifacts/2018-10-26_11-20-47.422847bz/bzt.log
