[2018-10-26 11:01:36,739 INFO root] Taurus CLI Tool v1.13.0
[2018-10-26 11:01:36,740 DEBUG root] Command-line options: {'verbose': None, 'no_system_configs': None, 'quiet': None, 'log': '/var/folders/5f/vzk4zj_95sndkt7khp6l85jhnvgy8l/T/bzt_EeHF7y.log', 'option': None, 'aliases': []}
[2018-10-26 11:01:36,740 DEBUG root] Python: CPython 2.7.15
[2018-10-26 11:01:36,740 DEBUG root] OS: ('Darwin', 'chefe02mac947', '17.7.0', 'Darwin Kernel Version 17.7.0: Thu Jun 21 22:53:14 PDT 2018; root:xnu-4570.71.2~1/RELEASE_X86_64', 'x86_64', 'i386')
[2018-10-26 11:01:36,740 INFO root] Starting with configs: ['NOP_SC3_SP.yaml']
[2018-10-26 11:01:36,741 DEBUG root] Using personal config: /Users/chefe02/.bzt-rc
[2018-10-26 11:01:36,741 INFO Engine] Configuring...
[2018-10-26 11:01:36,741 DEBUG Engine] No machine configs dir: /usr/local/Cellar/bzt/1.13.0/libexec/bin/../etc/bzt.d
[2018-10-26 11:01:36,741 DEBUG Engine] Base configs list: ['/usr/local/Cellar/bzt/1.13.0/libexec/lib/python2.7/site-packages/bzt/resources/base-config.yml']
[2018-10-26 11:01:36,741 DEBUG Engine.Configuration] Configs: ['/usr/local/Cellar/bzt/1.13.0/libexec/lib/python2.7/site-packages/bzt/resources/base-config.yml']
[2018-10-26 11:01:36,748 DEBUG Engine.Configuration] Reading /usr/local/Cellar/bzt/1.13.0/libexec/lib/python2.7/site-packages/bzt/resources/base-config.yml as YAML
[2018-10-26 11:01:36,775 DEBUG Engine] User configs list: ['/Users/chefe02/.bzt-rc', 'NOP_SC3_SP.yaml']
[2018-10-26 11:01:36,775 DEBUG Engine.Configuration] Configs: ['/Users/chefe02/.bzt-rc', 'NOP_SC3_SP.yaml']
[2018-10-26 11:01:36,776 DEBUG Engine.Configuration] Reading /Users/chefe02/.bzt-rc as YAML
[2018-10-26 11:01:36,780 DEBUG Engine.Configuration] Reading NOP_SC3_SP.yaml as YAML
[2018-10-26 11:01:36,783 DEBUG Engine.Configuration] Configs: ['/Users/chefe02/.bzt-rc', 'NOP_SC3_SP.yaml']
[2018-10-26 11:01:36,784 DEBUG Engine.Configuration] Reading /Users/chefe02/.bzt-rc as YAML
[2018-10-26 11:01:36,787 DEBUG Engine.Configuration] Reading NOP_SC3_SP.yaml as YAML
[2018-10-26 11:01:36,801 DEBUG Engine] Requesting updates info: http://gettaurus.org/updates/?version=1.13.0&installID=macos-8c85905fb9f6
[2018-10-26 11:01:36,801 INFO Engine] Artifacts dir: /Users/chefe02/Desktop/presales_cert/Artifacts/2018-10-26_11-01-36.801759bz
[2018-10-26 11:01:36,801 DEBUG HTTPClient] Making HTTP request GET http://gettaurus.org/updates/?version=1.13.0&installID=macos-8c85905fb9f6
[2018-10-26 11:01:36,807 DEBUG Engine] New artifact filename: /Users/chefe02/Desktop/presales_cert/Artifacts/2018-10-26_11-01-36.801759bz/effective
[2018-10-26 11:01:36,810 DEBUG urllib3.connectionpool] Starting new HTTP connection (1): gettaurus.org:80
[2018-10-26 11:01:36,810 DEBUG Engine.Configuration] Dumping YAML config into /Users/chefe02/Desktop/presales_cert/Artifacts/2018-10-26_11-01-36.801759bz/effective.yml
[2018-10-26 11:01:36,839 DEBUG Engine.Configuration] Dumping JSON config into /Users/chefe02/Desktop/presales_cert/Artifacts/2018-10-26_11-01-36.801759bz/effective.json
[2018-10-26 11:01:36,839 DEBUG Engine] New artifact filename: /Users/chefe02/Desktop/presales_cert/Artifacts/2018-10-26_11-01-36.801759bz/merged.yml
[2018-10-26 11:01:36,840 DEBUG Engine.Configuration] Dumping YAML config into /Users/chefe02/Desktop/presales_cert/Artifacts/2018-10-26_11-01-36.801759bz/merged.yml
[2018-10-26 11:01:36,842 DEBUG Engine] New artifact filename: /Users/chefe02/Desktop/presales_cert/Artifacts/2018-10-26_11-01-36.801759bz/merged.json
[2018-10-26 11:01:36,843 DEBUG Engine.Configuration] Dumping JSON config into /Users/chefe02/Desktop/presales_cert/Artifacts/2018-10-26_11-01-36.801759bz/merged.json
[2018-10-26 11:01:36,844 DEBUG Engine] Add existing artifact (move=False): NOP_SC3_SP.yaml
[2018-10-26 11:01:36,844 DEBUG Engine] Copying NOP_SC3_SP.yaml to /Users/chefe02/Desktop/presales_cert/Artifacts/2018-10-26_11-01-36.801759bz/NOP_SC3_SP.yaml
[2018-10-26 11:01:36,844 DEBUG Engine.Environment] Replace 'TAURUS_ARTIFACTS_DIR' in environment
[2018-10-26 11:01:36,845 DEBUG root] Closing log handler: /var/folders/5f/vzk4zj_95sndkt7khp6l85jhnvgy8l/T/bzt_EeHF7y.log
[2018-10-26 11:01:37,381 DEBUG root] Switched writing logs to /Users/chefe02/Desktop/presales_cert/Artifacts/2018-10-26_11-01-36.801759bz/bzt.log
[2018-10-26 11:01:37,381 DEBUG root] Linting config
[2018-10-26 11:01:37,384 INFO Engine] Preparing...
[2018-10-26 11:01:37,385 DEBUG Engine] Module config: consolidator {'class': u'bzt.modules.aggregator.ConsolidatingAggregator'}
[2018-10-26 11:01:37,385 DEBUG root] Importing module: bzt.modules.aggregator
[2018-10-26 11:01:37,598 DEBUG root] Loading class: 'ConsolidatingAggregator' from <module 'bzt.modules.aggregator' from '/usr/local/Cellar/bzt/1.13.0/libexec/lib/python2.7/site-packages/bzt/modules/aggregator.pyc'>
[2018-10-26 11:01:37,599 DEBUG urllib3.connectionpool] http://gettaurus.org:80 "GET /updates/?version=1.13.0&installID=macos-8c85905fb9f6 HTTP/1.1" 200 59
[2018-10-26 11:01:37,599 DEBUG Engine.consolidator] Buffer scaling setup: percentile 95.0 from [0.0, 50.0, 90.0, 95.0, 99.0, 99.9, 100.0] selected
[2018-10-26 11:01:37,600 DEBUG Engine] Taurus updates info: {u'needsUpgrade': True, u'latest': u'1.13.1'}
[2018-10-26 11:01:37,601 DEBUG Engine] Module config: monitoring {'class': u'bzt.modules.monitoring.Monitoring'}
[2018-10-26 11:01:37,601 WARNING Engine] There is newer version of Taurus 1.13.1 available, consider upgrading. What's new: http://gettaurus.org/docs/Changelog/
[2018-10-26 11:01:37,601 DEBUG root] Importing module: bzt.modules.monitoring
[2018-10-26 11:01:37,603 DEBUG root] Loading class: 'Monitoring' from <module 'bzt.modules.monitoring' from '/usr/local/Cellar/bzt/1.13.0/libexec/lib/python2.7/site-packages/bzt/modules/monitoring.pyc'>
[2018-10-26 11:01:37,603 DEBUG Engine] Module config: capturehar {'class': u'bzt.modules.blazemeter.ServiceStubCaptureHAR'}
[2018-10-26 11:01:37,604 DEBUG root] Importing module: bzt.modules.blazemeter
[2018-10-26 11:01:37,618 DEBUG easyprocess] version=0.2.3
[2018-10-26 11:01:37,622 DEBUG pyvirtualdisplay] version=0.2.1
[2018-10-26 11:01:37,623 DEBUG root] Loading class: 'ServiceStubCaptureHAR' from <module 'bzt.modules.blazemeter' from '/usr/local/Cellar/bzt/1.13.0/libexec/lib/python2.7/site-packages/bzt/modules/blazemeter.pyc'>
[2018-10-26 11:01:37,623 DEBUG Engine] Module config: screenshoter {'class': u'bzt.modules.blazemeter.ServiceStubScreenshoter'}
[2018-10-26 11:01:37,624 DEBUG root] Importing module: bzt.modules.blazemeter
[2018-10-26 11:01:37,624 DEBUG root] Loading class: 'ServiceStubScreenshoter' from <module 'bzt.modules.blazemeter' from '/usr/local/Cellar/bzt/1.13.0/libexec/lib/python2.7/site-packages/bzt/modules/blazemeter.pyc'>
[2018-10-26 11:01:37,624 DEBUG Engine] Module config: local {'class': u'bzt.modules.provisioning.Local'}
[2018-10-26 11:01:37,624 DEBUG root] Importing module: bzt.modules.provisioning
[2018-10-26 11:01:37,624 DEBUG root] Loading class: 'Local' from <module 'bzt.modules.provisioning' from '/usr/local/Cellar/bzt/1.13.0/libexec/lib/python2.7/site-packages/bzt/modules/provisioning.pyc'>
[2018-10-26 11:01:37,624 DEBUG Engine] Module config: selenium {'class': u'bzt.modules.selenium.SeleniumExecutor'}
[2018-10-26 11:01:37,624 DEBUG root] Importing module: bzt.modules.selenium
[2018-10-26 11:01:37,626 DEBUG root] Loading class: 'SeleniumExecutor' from <module 'bzt.modules.selenium' from '/usr/local/Cellar/bzt/1.13.0/libexec/lib/python2.7/site-packages/bzt/modules/selenium.pyc'>
[2018-10-26 11:01:37,626 DEBUG Engine.local] Preparing executor: selenium/4345845136
[2018-10-26 11:01:37,626 DEBUG Engine.selenium] Extract {'script': u'NOP_SC3.py'} into scenarios
[2018-10-26 11:01:37,627 DEBUG Engine.selenium] Detected script type: nose
[2018-10-26 11:01:37,627 DEBUG Engine] Module config: nose {'ignore-unknown-actions': True, 'class': u'bzt.modules.python.ApiritifNoseExecutor'}
[2018-10-26 11:01:37,627 DEBUG root] Importing module: bzt.modules.python
[2018-10-26 11:01:37,649 DEBUG root] Loading class: 'ApiritifNoseExecutor' from <module 'bzt.modules.python' from '/usr/local/Cellar/bzt/1.13.0/libexec/lib/python2.7/site-packages/bzt/modules/python/__init__.pyc'>
[2018-10-26 11:01:37,649 DEBUG Engine] Module config: final-stats {'class': u'bzt.modules.reporting.FinalStatus'}
[2018-10-26 11:01:37,650 DEBUG root] Importing module: bzt.modules.reporting
[2018-10-26 11:01:37,651 DEBUG root] Loading class: 'FinalStatus' from <module 'bzt.modules.reporting' from '/usr/local/Cellar/bzt/1.13.0/libexec/lib/python2.7/site-packages/bzt/modules/reporting.pyc'>
[2018-10-26 11:01:37,651 DEBUG Engine] Module config: console {'class': u'bzt.modules.console.ConsoleStatusReporter'}
[2018-10-26 11:01:37,651 DEBUG root] Importing module: bzt.modules.console
[2018-10-26 11:01:37,651 DEBUG root] Loading class: 'ConsoleStatusReporter' from <module 'bzt.modules.console' from '/usr/local/Cellar/bzt/1.13.0/libexec/lib/python2.7/site-packages/bzt/modules/console.pyc'>
[2018-10-26 11:01:37,657 DEBUG Engine.Configuration] Dumping YAML config into /Users/chefe02/Desktop/presales_cert/Artifacts/2018-10-26_11-01-36.801759bz/effective.yml
[2018-10-26 11:01:37,678 DEBUG Engine.Configuration] Dumping JSON config into /Users/chefe02/Desktop/presales_cert/Artifacts/2018-10-26_11-01-36.801759bz/effective.json
[2018-10-26 11:01:37,680 INFO Engine] Starting...
[2018-10-26 11:01:37,680 DEBUG Engine] Startup <bzt.modules.monitoring.Monitoring object at 0x1030cc5d0>
[2018-10-26 11:01:37,680 DEBUG Engine] Startup <bzt.modules.blazemeter.ServiceStubCaptureHAR object at 0x10484ed90>
[2018-10-26 11:01:37,680 WARNING Engine.capturehar] Stub for service 'capturehar', use cloud provisioning to have it working
[2018-10-26 11:01:37,680 DEBUG Engine] Startup <bzt.modules.blazemeter.ServiceStubScreenshoter object at 0x1048a3610>
[2018-10-26 11:01:37,680 WARNING Engine.screenshoter] Stub for service 'screenshoter', use cloud provisioning to have it working
[2018-10-26 11:01:37,680 DEBUG Engine] Startup <bzt.modules.aggregator.ConsolidatingAggregator object at 0x1030cc2d0>
[2018-10-26 11:01:37,680 DEBUG Engine] Startup <bzt.modules.reporting.FinalStatus object at 0x1049e00d0>
[2018-10-26 11:01:37,680 DEBUG Engine] Startup <bzt.modules.console.ConsoleStatusReporter object at 0x1049e0f10>
[2018-10-26 11:01:37,681 INFO Engine.console] Waiting for results...
[2018-10-26 11:01:37,681 DEBUG Engine] Startup <bzt.modules.provisioning.Local object at 0x1030855d0>
[2018-10-26 11:01:37,681 DEBUG Engine.local] Delay setup for selenium/NOP_SC3.py: 0(start-at) + 0(delay) = 0
[2018-10-26 11:01:37,682 DEBUG Engine.Configuration] Dumping YAML config into /Users/chefe02/Desktop/presales_cert/Artifacts/2018-10-26_11-01-36.801759bz/effective.yml
[2018-10-26 11:01:37,703 DEBUG Engine.Configuration] Dumping JSON config into /Users/chefe02/Desktop/presales_cert/Artifacts/2018-10-26_11-01-36.801759bz/effective.json
[2018-10-26 11:01:37,704 DEBUG root] Leveling down log file verbosity to INFO, use -v option to have DEBUG messages enabled
[2018-10-26 11:01:37,704 DEBUG root] Leveled up log file verbosity
[2018-10-26 11:01:37,704 DEBUG Engine] New artifact filename: /Users/chefe02/Desktop/presales_cert/Artifacts/2018-10-26_11-01-36.801759bz/apiritif-
[2018-10-26 11:01:37,704 DEBUG Engine] New artifact filename: /Users/chefe02/Desktop/presales_cert/Artifacts/2018-10-26_11-01-36.801759bz/nose.out
[2018-10-26 11:01:37,704 DEBUG Engine] New artifact filename: /Users/chefe02/Desktop/presales_cert/Artifacts/2018-10-26_11-01-36.801759bz/nose.err
[2018-10-26 11:01:37,705 DEBUG bzt.utils] Executing shell: ['/usr/local/Cellar/bzt/1.13.0/libexec/bin/python2.7', '-m', 'apiritif.loadgen', '--result-file-template', '/Users/chefe02/Desktop/presales_cert/Artifacts/2018-10-26_11-01-36.801759bz/apiritif-%s.csv', '--concurrency', '1', '--hold-for', '600.0', u'/Users/chefe02/Desktop/presales_cert/NOP_SC3.py'] at /Users/chefe02/Desktop/presales_cert
[2018-10-26 11:01:37,711 DEBUG root] Leveling down log file verbosity to INFO, use -v option to have DEBUG messages enabled
[2018-10-26 11:01:37,933 INFO Engine.console] Waiting for finish...
[2018-10-26 11:02:11,805 INFO Engine.nose.ApiritifLoadReader] Changed data analysis delay to 25s
[2018-10-26 11:02:52,509 WARNING Engine] Please wait for graceful shutdown...
[2018-10-26 11:02:52,515 DEBUG root] Leveled up log file verbosity
[2018-10-26 11:02:52,515 INFO Engine] Shutting down...
[2018-10-26 11:02:52,520 DEBUG Engine] Current stop reason: 
[2018-10-26 11:02:52,520 DEBUG Engine.local] Shutdown selenium/NOP_SC3.py
[2018-10-26 11:02:53,524 INFO Engine.nose] Terminating process PID 45527 with signal 15 (59 tries left)
[2018-10-26 11:02:54,534 INFO Engine.nose] Terminating process PID 45527 with signal 15 (58 tries left)
[2018-10-26 11:02:54,539 DEBUG Engine.selenium] Selenium tests ran for 76.8353681564 seconds
[2018-10-26 11:02:54,540 DEBUG Engine.console] Restoring logging streams, [<logging.StreamHandler object at 0x10307cc10>]/{<logging.StreamHandler object at 0x10307cc10>: <open file '<stdout>', mode 'w' at 0x101814150>}
[2018-10-26 11:02:54,548 DEBUG Engine.Configuration] Dumping YAML config into /Users/chefe02/Desktop/presales_cert/Artifacts/2018-10-26_11-01-36.801759bz/effective.yml
[2018-10-26 11:02:54,570 DEBUG Engine.Configuration] Dumping JSON config into /Users/chefe02/Desktop/presales_cert/Artifacts/2018-10-26_11-01-36.801759bz/effective.json
[2018-10-26 11:02:54,570 WARNING root] Keyboard interrupt
[2018-10-26 11:02:54,571 DEBUG root] KeyboardInterrupt: 
Traceback (most recent call last):
  File "/usr/local/Cellar/bzt/1.13.0/libexec/lib/python2.7/site-packages/bzt/cli.py", line 261, in perform
    self.engine.run()
  File "/usr/local/Cellar/bzt/1.13.0/libexec/lib/python2.7/site-packages/bzt/engine.py", line 226, in run
    reraise(exc_info, exc_value)
  File "/usr/local/Cellar/bzt/1.13.0/libexec/lib/python2.7/site-packages/bzt/engine.py", line 206, in run
    self._wait()
  File "/usr/local/Cellar/bzt/1.13.0/libexec/lib/python2.7/site-packages/bzt/engine.py", line 254, in _wait
    time.sleep(delay)
KeyboardInterrupt
[2018-10-26 11:02:54,571 INFO Engine] Post-processing...
[2018-10-26 11:02:54,571 DEBUG Engine.local] Post-process selenium/NOP_SC3.py
[2018-10-26 11:02:54,572 DEBUG Engine.nose.FileReader] Reading: /Users/chefe02/Desktop/presales_cert/Artifacts/2018-10-26_11-01-36.801759bz/nose.out
[2018-10-26 11:02:54,572 DEBUG Engine.nose.FileReader] Reading: /Users/chefe02/Desktop/presales_cert/Artifacts/2018-10-26_11-01-36.801759bz/nose.out
[2018-10-26 11:02:54,572 DEBUG Engine.nose.ApiritifLoadReader.JTLReader.IncrementalCSVReader.FileReader] Reading: /Users/chefe02/Desktop/presales_cert/Artifacts/2018-10-26_11-01-36.801759bz/apiritif-0.csv
[2018-10-26 11:02:54,572 DEBUG Engine.nose.ApiritifLoadReader] Buffer len: 5; Known errors count: 1
[2018-10-26 11:02:54,572 DEBUG Engine.nose.ApiritifLoadReader] Aggregating: 1540576947
[2018-10-26 11:02:54,575 DEBUG Engine.nose.ApiritifLoadReader] Aggregating: 1540576952
[2018-10-26 11:02:54,577 DEBUG Engine.nose.ApiritifLoadReader] Aggregating: 1540576955
[2018-10-26 11:02:54,580 DEBUG Engine.nose.ApiritifLoadReader] Aggregating: 1540576958
[2018-10-26 11:02:54,582 DEBUG Engine.nose.ApiritifLoadReader] Aggregating: 1540576961
[2018-10-26 11:02:54,585 DEBUG Engine.consolidator] Consolidator buffer[7]: [1540576961, 1540576933, 1540576934, 1540576947, 1540576952, 1540576955, 1540576958]
[2018-10-26 11:02:54,585 DEBUG Engine.consolidator] Merging into 1540576933
[2018-10-26 11:02:54,585 DEBUG Engine.consolidator] Merging 1540576933
[2018-10-26 11:02:54,596 DEBUG Engine.consolidator] Processed datapoint: 1540576933/None
[2018-10-26 11:02:54,596 DEBUG Engine.consolidator] Merging into 1540576934
[2018-10-26 11:02:54,596 DEBUG Engine.consolidator] Merging 1540576934
[2018-10-26 11:02:54,609 DEBUG Engine.consolidator] Processed datapoint: 1540576934/None
[2018-10-26 11:02:54,609 DEBUG Engine.consolidator] Merging into 1540576947
[2018-10-26 11:02:54,610 DEBUG Engine.consolidator] Merging 1540576947
[2018-10-26 11:02:54,620 DEBUG Engine.consolidator] Processed datapoint: 1540576947/None
[2018-10-26 11:02:54,620 DEBUG Engine.consolidator] Merging into 1540576952
[2018-10-26 11:02:54,620 DEBUG Engine.consolidator] Merging 1540576952
[2018-10-26 11:02:54,629 DEBUG Engine.consolidator] Processed datapoint: 1540576952/None
[2018-10-26 11:02:54,629 DEBUG Engine.consolidator] Merging into 1540576955
[2018-10-26 11:02:54,629 DEBUG Engine.consolidator] Merging 1540576955
[2018-10-26 11:02:54,638 DEBUG Engine.consolidator] Processed datapoint: 1540576955/None
[2018-10-26 11:02:54,638 DEBUG Engine.consolidator] Merging into 1540576958
[2018-10-26 11:02:54,638 DEBUG Engine.consolidator] Merging 1540576958
[2018-10-26 11:02:54,649 DEBUG Engine.consolidator] Processed datapoint: 1540576958/None
[2018-10-26 11:02:54,649 DEBUG Engine.consolidator] Merging into 1540576961
[2018-10-26 11:02:54,650 DEBUG Engine.consolidator] Merging 1540576961
[2018-10-26 11:02:54,660 DEBUG Engine.consolidator] Processed datapoint: 1540576961/None
[2018-10-26 11:02:54,660 INFO Engine.final-stats] Test duration: 0:01:17
[2018-10-26 11:02:54,661 INFO Engine.final-stats] Samples count: 14, 14.29% failures
[2018-10-26 11:02:54,661 INFO Engine.final-stats] Average times: total 4.053, latency 0.000, connect 0.000
[2018-10-26 11:02:54,664 INFO Engine.final-stats] Percentiles:
(0lqqqqqqqqqqqqqqqwqqqqqqqqqqqqqqqk(B
(0x(B Percentile, % (0x(B Resp. Time, s (0x(B
(0tqqqqqqqqqqqqqqqnqqqqqqqqqqqqqqqu(B
(0x(B           0.0 (0x(B           0.0 (0x(B
(0x(B          50.0 (0x(B         3.065 (0x(B
(0x(B          90.0 (0x(B        12.575 (0x(B
(0x(B          95.0 (0x(B        12.575 (0x(B
(0x(B          99.0 (0x(B        12.647 (0x(B
(0x(B          99.9 (0x(B        12.647 (0x(B
(0x(B         100.0 (0x(B        12.647 (0x(B
(0mqqqqqqqqqqqqqqqvqqqqqqqqqqqqqqqj(B
[2018-10-26 11:02:54,668 INFO Engine.final-stats] Request label stats:
(0lqqqqqqqqqqqqqqqqqqqqqqqqqqqqwqqqqqqqqwqqqqqqqqqwqqqqqqqqwqqqqqqqqqqqqqqqqqqqqqqqqqqqqqqqqqqqqqqqqqqqqqqqk(B
(0x(B label                      (0x(B status (0x(B    succ (0x(B avg_rt (0x(B error                                         (0x(B
(0tqqqqqqqqqqqqqqqqqqqqqqqqqqqqnqqqqqqqqnqqqqqqqqqnqqqqqqqqnqqqqqqqqqqqqqqqqqqqqqqqqqqqqqqqqqqqqqqqqqqqqqqqu(B
(0x(B add fahrenheit 451 to cart (0x(B   OK   (0x(B 100.00% (0x(B  3.058 (0x(B                                               (0x(B
(0x(B add macbook to cart        (0x(B   OK   (0x(B 100.00% (0x(B  3.067 (0x(B                                               (0x(B
(0x(B click "accessories"        (0x(B  FAIL  (0x(B   0.00% (0x(B  0.000 (0x(B NameError: global name 'selff' is not defined (0x(B
(0x(B click "books"              (0x(B   OK   (0x(B 100.00% (0x(B  3.559 (0x(B                                               (0x(B
(0x(B click macbook              (0x(B   OK   (0x(B 100.00% (0x(B  4.831 (0x(B                                               (0x(B
(0x(B go to home page            (0x(B   OK   (0x(B 100.00% (0x(B  1.247 (0x(B                                               (0x(B
(0x(B search "apple"             (0x(B   OK   (0x(B 100.00% (0x(B 12.610 (0x(B                                               (0x(B
(0mqqqqqqqqqqqqqqqqqqqqqqqqqqqqvqqqqqqqqvqqqqqqqqqvqqqqqqqqvqqqqqqqqqqqqqqqqqqqqqqqqqqqqqqqqqqqqqqqqqqqqqqqj(B
[2018-10-26 11:02:54,668 DEBUG Engine.console] No logger_handler or orig_stream was detected
[2018-10-26 11:02:54,670 DEBUG Engine.Configuration] Dumping YAML config into /Users/chefe02/Desktop/presales_cert/Artifacts/2018-10-26_11-01-36.801759bz/effective.yml
[2018-10-26 11:02:54,690 DEBUG Engine.Configuration] Dumping JSON config into /Users/chefe02/Desktop/presales_cert/Artifacts/2018-10-26_11-01-36.801759bz/effective.json
[2018-10-26 11:02:54,690 INFO root] Artifacts dir: /Users/chefe02/Desktop/presales_cert/Artifacts/2018-10-26_11-01-36.801759bz
[2018-10-26 11:02:54,691 WARNING root] Done performing with code: 1
[2018-10-26 11:02:54,691 DEBUG root] Closing log handler: /Users/chefe02/Desktop/presales_cert/Artifacts/2018-10-26_11-01-36.801759bz/bzt.log
