[2018-10-26 11:24:54,977 INFO root] Taurus CLI Tool v1.13.0
[2018-10-26 11:24:54,977 DEBUG root] Command-line options: {'verbose': None, 'no_system_configs': None, 'quiet': None, 'log': '/var/folders/5f/vzk4zj_95sndkt7khp6l85jhnvgy8l/T/bzt_EKewYD.log', 'option': None, 'aliases': []}
[2018-10-26 11:24:54,977 DEBUG root] Python: CPython 2.7.15
[2018-10-26 11:24:54,977 DEBUG root] OS: ('Darwin', 'chefe02mac947', '17.7.0', 'Darwin Kernel Version 17.7.0: Thu Jun 21 22:53:14 PDT 2018; root:xnu-4570.71.2~1/RELEASE_X86_64', 'x86_64', 'i386')
[2018-10-26 11:24:54,978 INFO root] Starting with configs: ['NOP_SC3_SP.yaml']
[2018-10-26 11:24:54,978 DEBUG root] Using personal config: /Users/chefe02/.bzt-rc
[2018-10-26 11:24:54,978 INFO Engine] Configuring...
[2018-10-26 11:24:54,978 DEBUG Engine] No machine configs dir: /usr/local/Cellar/bzt/1.13.0/libexec/bin/../etc/bzt.d
[2018-10-26 11:24:54,978 DEBUG Engine] Base configs list: ['/usr/local/Cellar/bzt/1.13.0/libexec/lib/python2.7/site-packages/bzt/resources/base-config.yml']
[2018-10-26 11:24:54,978 DEBUG Engine.Configuration] Configs: ['/usr/local/Cellar/bzt/1.13.0/libexec/lib/python2.7/site-packages/bzt/resources/base-config.yml']
[2018-10-26 11:24:54,979 DEBUG Engine.Configuration] Reading /usr/local/Cellar/bzt/1.13.0/libexec/lib/python2.7/site-packages/bzt/resources/base-config.yml as YAML
[2018-10-26 11:24:55,009 DEBUG Engine] User configs list: ['/Users/chefe02/.bzt-rc', 'NOP_SC3_SP.yaml']
[2018-10-26 11:24:55,010 DEBUG Engine.Configuration] Configs: ['/Users/chefe02/.bzt-rc', 'NOP_SC3_SP.yaml']
[2018-10-26 11:24:55,011 DEBUG Engine.Configuration] Reading /Users/chefe02/.bzt-rc as YAML
[2018-10-26 11:24:55,017 DEBUG Engine.Configuration] Reading NOP_SC3_SP.yaml as YAML
[2018-10-26 11:24:55,022 DEBUG Engine.Configuration] Configs: ['/Users/chefe02/.bzt-rc', 'NOP_SC3_SP.yaml']
[2018-10-26 11:24:55,023 DEBUG Engine.Configuration] Reading /Users/chefe02/.bzt-rc as YAML
[2018-10-26 11:24:55,029 DEBUG Engine.Configuration] Reading NOP_SC3_SP.yaml as YAML
[2018-10-26 11:24:55,041 DEBUG Engine] Requesting updates info: http://gettaurus.org/updates/?version=1.13.0&installID=macos-8c85905fb9f6
[2018-10-26 11:24:55,041 INFO Engine] Artifacts dir: /Users/chefe02/Desktop/presales_cert/Artifacts/2018-10-26_11-24-55.041628bz
[2018-10-26 11:24:55,041 DEBUG HTTPClient] Making HTTP request GET http://gettaurus.org/updates/?version=1.13.0&installID=macos-8c85905fb9f6
[2018-10-26 11:24:55,043 DEBUG Engine] New artifact filename: /Users/chefe02/Desktop/presales_cert/Artifacts/2018-10-26_11-24-55.041628bz/effective
[2018-10-26 11:24:55,050 DEBUG urllib3.connectionpool] Starting new HTTP connection (1): gettaurus.org:80
[2018-10-26 11:24:55,050 DEBUG Engine.Configuration] Dumping YAML config into /Users/chefe02/Desktop/presales_cert/Artifacts/2018-10-26_11-24-55.041628bz/effective.yml
[2018-10-26 11:24:55,069 DEBUG Engine.Configuration] Dumping JSON config into /Users/chefe02/Desktop/presales_cert/Artifacts/2018-10-26_11-24-55.041628bz/effective.json
[2018-10-26 11:24:55,070 DEBUG Engine] New artifact filename: /Users/chefe02/Desktop/presales_cert/Artifacts/2018-10-26_11-24-55.041628bz/merged.yml
[2018-10-26 11:24:55,070 DEBUG Engine.Configuration] Dumping YAML config into /Users/chefe02/Desktop/presales_cert/Artifacts/2018-10-26_11-24-55.041628bz/merged.yml
[2018-10-26 11:24:55,073 DEBUG Engine] New artifact filename: /Users/chefe02/Desktop/presales_cert/Artifacts/2018-10-26_11-24-55.041628bz/merged.json
[2018-10-26 11:24:55,073 DEBUG Engine.Configuration] Dumping JSON config into /Users/chefe02/Desktop/presales_cert/Artifacts/2018-10-26_11-24-55.041628bz/merged.json
[2018-10-26 11:24:55,073 DEBUG Engine] Add existing artifact (move=False): NOP_SC3_SP.yaml
[2018-10-26 11:24:55,073 DEBUG Engine] Copying NOP_SC3_SP.yaml to /Users/chefe02/Desktop/presales_cert/Artifacts/2018-10-26_11-24-55.041628bz/NOP_SC3_SP.yaml
[2018-10-26 11:24:55,074 DEBUG Engine.Environment] Replace 'TAURUS_ARTIFACTS_DIR' in environment
[2018-10-26 11:24:55,075 DEBUG root] Closing log handler: /var/folders/5f/vzk4zj_95sndkt7khp6l85jhnvgy8l/T/bzt_EKewYD.log
[2018-10-26 11:24:55,666 DEBUG root] Switched writing logs to /Users/chefe02/Desktop/presales_cert/Artifacts/2018-10-26_11-24-55.041628bz/bzt.log
[2018-10-26 11:24:55,666 DEBUG root] Linting config
[2018-10-26 11:24:55,669 INFO Engine] Preparing...
[2018-10-26 11:24:55,669 DEBUG Engine] Module config: consolidator {'class': u'bzt.modules.aggregator.ConsolidatingAggregator'}
[2018-10-26 11:24:55,669 DEBUG root] Importing module: bzt.modules.aggregator
[2018-10-26 11:24:55,764 DEBUG root] Loading class: 'ConsolidatingAggregator' from <module 'bzt.modules.aggregator' from '/usr/local/Cellar/bzt/1.13.0/libexec/lib/python2.7/site-packages/bzt/modules/aggregator.pyc'>
[2018-10-26 11:24:55,764 DEBUG Engine.consolidator] Buffer scaling setup: percentile 95.0 from [0.0, 50.0, 90.0, 95.0, 99.0, 99.9, 100.0] selected
[2018-10-26 11:24:55,764 DEBUG Engine] Module config: monitoring {'class': u'bzt.modules.monitoring.Monitoring'}
[2018-10-26 11:24:55,764 DEBUG root] Importing module: bzt.modules.monitoring
[2018-10-26 11:24:55,766 DEBUG root] Loading class: 'Monitoring' from <module 'bzt.modules.monitoring' from '/usr/local/Cellar/bzt/1.13.0/libexec/lib/python2.7/site-packages/bzt/modules/monitoring.pyc'>
[2018-10-26 11:24:55,766 DEBUG Engine] Module config: capturehar {'class': u'bzt.modules.blazemeter.ServiceStubCaptureHAR'}
[2018-10-26 11:24:55,766 DEBUG root] Importing module: bzt.modules.blazemeter
[2018-10-26 11:24:55,772 DEBUG easyprocess] version=0.2.3
[2018-10-26 11:24:55,774 DEBUG pyvirtualdisplay] version=0.2.1
[2018-10-26 11:24:55,775 DEBUG root] Loading class: 'ServiceStubCaptureHAR' from <module 'bzt.modules.blazemeter' from '/usr/local/Cellar/bzt/1.13.0/libexec/lib/python2.7/site-packages/bzt/modules/blazemeter.pyc'>
[2018-10-26 11:24:55,775 DEBUG Engine] Module config: screenshoter {'class': u'bzt.modules.blazemeter.ServiceStubScreenshoter'}
[2018-10-26 11:24:55,775 DEBUG root] Importing module: bzt.modules.blazemeter
[2018-10-26 11:24:55,775 DEBUG root] Loading class: 'ServiceStubScreenshoter' from <module 'bzt.modules.blazemeter' from '/usr/local/Cellar/bzt/1.13.0/libexec/lib/python2.7/site-packages/bzt/modules/blazemeter.pyc'>
[2018-10-26 11:24:55,775 DEBUG Engine] Module config: local {'class': u'bzt.modules.provisioning.Local'}
[2018-10-26 11:24:55,775 DEBUG root] Importing module: bzt.modules.provisioning
[2018-10-26 11:24:55,775 DEBUG root] Loading class: 'Local' from <module 'bzt.modules.provisioning' from '/usr/local/Cellar/bzt/1.13.0/libexec/lib/python2.7/site-packages/bzt/modules/provisioning.pyc'>
[2018-10-26 11:24:55,775 DEBUG Engine] Module config: selenium {'class': u'bzt.modules.selenium.SeleniumExecutor'}
[2018-10-26 11:24:55,776 DEBUG root] Importing module: bzt.modules.selenium
[2018-10-26 11:24:55,776 DEBUG root] Loading class: 'SeleniumExecutor' from <module 'bzt.modules.selenium' from '/usr/local/Cellar/bzt/1.13.0/libexec/lib/python2.7/site-packages/bzt/modules/selenium.pyc'>
[2018-10-26 11:24:55,776 DEBUG Engine.local] Preparing executor: selenium/4530300304
[2018-10-26 11:24:55,777 DEBUG Engine.selenium] Extract {'script': u'NOP_SC3.py'} into scenarios
[2018-10-26 11:24:55,777 DEBUG Engine.selenium] Detected script type: nose
[2018-10-26 11:24:55,777 DEBUG Engine] Module config: nose {'ignore-unknown-actions': True, 'class': u'bzt.modules.python.ApiritifNoseExecutor'}
[2018-10-26 11:24:55,777 DEBUG root] Importing module: bzt.modules.python
[2018-10-26 11:24:55,790 DEBUG root] Loading class: 'ApiritifNoseExecutor' from <module 'bzt.modules.python' from '/usr/local/Cellar/bzt/1.13.0/libexec/lib/python2.7/site-packages/bzt/modules/python/__init__.pyc'>
[2018-10-26 11:24:55,791 DEBUG Engine] Module config: final-stats {'class': u'bzt.modules.reporting.FinalStatus'}
[2018-10-26 11:24:55,791 DEBUG root] Importing module: bzt.modules.reporting
[2018-10-26 11:24:55,791 DEBUG root] Loading class: 'FinalStatus' from <module 'bzt.modules.reporting' from '/usr/local/Cellar/bzt/1.13.0/libexec/lib/python2.7/site-packages/bzt/modules/reporting.pyc'>
[2018-10-26 11:24:55,791 DEBUG Engine] Module config: console {'class': u'bzt.modules.console.ConsoleStatusReporter'}
[2018-10-26 11:24:55,792 DEBUG root] Importing module: bzt.modules.console
[2018-10-26 11:24:55,792 DEBUG root] Loading class: 'ConsoleStatusReporter' from <module 'bzt.modules.console' from '/usr/local/Cellar/bzt/1.13.0/libexec/lib/python2.7/site-packages/bzt/modules/console.pyc'>
[2018-10-26 11:24:55,797 DEBUG Engine.Configuration] Dumping YAML config into /Users/chefe02/Desktop/presales_cert/Artifacts/2018-10-26_11-24-55.041628bz/effective.yml
[2018-10-26 11:24:55,816 DEBUG Engine.Configuration] Dumping JSON config into /Users/chefe02/Desktop/presales_cert/Artifacts/2018-10-26_11-24-55.041628bz/effective.json
[2018-10-26 11:24:55,817 INFO Engine] Starting...
[2018-10-26 11:24:55,817 DEBUG Engine] Startup <bzt.modules.monitoring.Monitoring object at 0x10f810f90>
[2018-10-26 11:24:55,817 DEBUG Engine] Startup <bzt.modules.blazemeter.ServiceStubCaptureHAR object at 0x10f83c1d0>
[2018-10-26 11:24:55,817 WARNING Engine.capturehar] Stub for service 'capturehar', use cloud provisioning to have it working
[2018-10-26 11:24:55,817 DEBUG Engine] Startup <bzt.modules.blazemeter.ServiceStubScreenshoter object at 0x10f882a10>
[2018-10-26 11:24:55,817 WARNING Engine.screenshoter] Stub for service 'screenshoter', use cloud provisioning to have it working
[2018-10-26 11:24:55,817 DEBUG Engine] Startup <bzt.modules.aggregator.ConsolidatingAggregator object at 0x10e0b52d0>
[2018-10-26 11:24:55,818 DEBUG Engine] Startup <bzt.modules.reporting.FinalStatus object at 0x10f97b4d0>
[2018-10-26 11:24:55,818 DEBUG Engine] Startup <bzt.modules.console.ConsoleStatusReporter object at 0x10f9c9350>
[2018-10-26 11:24:55,818 INFO Engine.console] Waiting for results...
[2018-10-26 11:24:55,818 DEBUG Engine] Startup <bzt.modules.provisioning.Local object at 0x10e06e5d0>
[2018-10-26 11:24:55,818 DEBUG Engine.local] Delay setup for selenium/NOP_SC3.py: 0(start-at) + 0(delay) = 0
[2018-10-26 11:24:55,820 DEBUG Engine.Configuration] Dumping YAML config into /Users/chefe02/Desktop/presales_cert/Artifacts/2018-10-26_11-24-55.041628bz/effective.yml
[2018-10-26 11:24:55,839 DEBUG Engine.Configuration] Dumping JSON config into /Users/chefe02/Desktop/presales_cert/Artifacts/2018-10-26_11-24-55.041628bz/effective.json
[2018-10-26 11:24:55,840 DEBUG root] Leveling down log file verbosity to INFO, use -v option to have DEBUG messages enabled
[2018-10-26 11:24:55,840 DEBUG root] Leveled up log file verbosity
[2018-10-26 11:24:55,840 DEBUG Engine] New artifact filename: /Users/chefe02/Desktop/presales_cert/Artifacts/2018-10-26_11-24-55.041628bz/apiritif-
[2018-10-26 11:24:55,840 DEBUG Engine] New artifact filename: /Users/chefe02/Desktop/presales_cert/Artifacts/2018-10-26_11-24-55.041628bz/nose.out
[2018-10-26 11:24:55,840 DEBUG urllib3.connectionpool] http://gettaurus.org:80 "GET /updates/?version=1.13.0&installID=macos-8c85905fb9f6 HTTP/1.1" 200 59
[2018-10-26 11:24:55,841 DEBUG Engine] New artifact filename: /Users/chefe02/Desktop/presales_cert/Artifacts/2018-10-26_11-24-55.041628bz/nose.err
[2018-10-26 11:24:55,841 DEBUG Engine] Taurus updates info: {u'needsUpgrade': True, u'latest': u'1.13.1'}
[2018-10-26 11:24:55,842 DEBUG bzt.utils] Executing shell: ['/usr/local/Cellar/bzt/1.13.0/libexec/bin/python2.7', '-m', 'apiritif.loadgen', '--result-file-template', '/Users/chefe02/Desktop/presales_cert/Artifacts/2018-10-26_11-24-55.041628bz/apiritif-%s.csv', '--concurrency', '1', '--hold-for', '600.0', u'/Users/chefe02/Desktop/presales_cert/NOP_SC3.py'] at /Users/chefe02/Desktop/presales_cert
[2018-10-26 11:24:55,841 WARNING Engine] There is newer version of Taurus 1.13.1 available, consider upgrading. What's new: http://gettaurus.org/docs/Changelog/
[2018-10-26 11:24:55,848 DEBUG root] Leveling down log file verbosity to INFO, use -v option to have DEBUG messages enabled
[2018-10-26 11:24:56,065 INFO Engine.console] Waiting for finish...
[2018-10-26 11:25:05,559 WARNING Engine] Please wait for graceful shutdown...
[2018-10-26 11:25:05,563 DEBUG root] Leveled up log file verbosity
[2018-10-26 11:25:05,563 INFO Engine] Shutting down...
[2018-10-26 11:25:05,567 DEBUG Engine] Current stop reason: 
[2018-10-26 11:25:05,567 DEBUG Engine.local] Shutdown selenium/NOP_SC3.py
[2018-10-26 11:25:06,568 INFO Engine.nose] Terminating process PID 47936 with signal 15 (59 tries left)
[2018-10-26 11:25:07,574 INFO Engine.nose] Terminating process PID 47936 with signal 15 (58 tries left)
[2018-10-26 11:25:07,580 DEBUG Engine.nose] Failed to terminate process: [Errno 1] Operation not permitted
[2018-10-26 11:25:07,581 DEBUG Engine.selenium] Selenium tests ran for 11.7411360741 seconds
[2018-10-26 11:25:07,581 DEBUG Engine.console] Restoring logging streams, [<logging.StreamHandler object at 0x10e065c10>]/{<logging.StreamHandler object at 0x10e065c10>: <open file '<stdout>', mode 'w' at 0x10c7fd150>}
[2018-10-26 11:25:07,584 DEBUG Engine.Configuration] Dumping YAML config into /Users/chefe02/Desktop/presales_cert/Artifacts/2018-10-26_11-24-55.041628bz/effective.yml
[2018-10-26 11:25:07,609 DEBUG Engine.Configuration] Dumping JSON config into /Users/chefe02/Desktop/presales_cert/Artifacts/2018-10-26_11-24-55.041628bz/effective.json
[2018-10-26 11:25:07,610 WARNING root] Keyboard interrupt
[2018-10-26 11:25:07,611 DEBUG root] KeyboardInterrupt: 
Traceback (most recent call last):
  File "/usr/local/Cellar/bzt/1.13.0/libexec/lib/python2.7/site-packages/bzt/cli.py", line 261, in perform
    self.engine.run()
  File "/usr/local/Cellar/bzt/1.13.0/libexec/lib/python2.7/site-packages/bzt/engine.py", line 226, in run
    reraise(exc_info, exc_value)
  File "/usr/local/Cellar/bzt/1.13.0/libexec/lib/python2.7/site-packages/bzt/engine.py", line 206, in run
    self._wait()
  File "/usr/local/Cellar/bzt/1.13.0/libexec/lib/python2.7/site-packages/bzt/engine.py", line 254, in _wait
    time.sleep(delay)
KeyboardInterrupt
[2018-10-26 11:25:07,611 INFO Engine] Post-processing...
[2018-10-26 11:25:07,611 DEBUG Engine.local] Post-process selenium/NOP_SC3.py
[2018-10-26 11:25:07,611 DEBUG Engine.nose.FileReader] Reading: /Users/chefe02/Desktop/presales_cert/Artifacts/2018-10-26_11-24-55.041628bz/nose.out
[2018-10-26 11:25:07,611 DEBUG Engine.nose.FileReader] Reading: /Users/chefe02/Desktop/presales_cert/Artifacts/2018-10-26_11-24-55.041628bz/nose.out
[2018-10-26 11:25:07,611 DEBUG Engine.nose.ApiritifLoadReader.JTLReader.IncrementalCSVReader.FileReader] Reading: /Users/chefe02/Desktop/presales_cert/Artifacts/2018-10-26_11-24-55.041628bz/apiritif-0.csv
[2018-10-26 11:25:07,616 DEBUG Engine.nose.ApiritifLoadReader.JTLReader.IncrementalCSVReader] Read: 1081 lines / 82156 bytes (at speed 1048576)
[2018-10-26 11:25:07,632 DEBUG Engine.nose.ApiritifLoadReader] Buffer len: 4; Known errors count: 1
[2018-10-26 11:25:07,633 DEBUG Engine.nose.ApiritifLoadReader] Aggregating: 1540578303
[2018-10-26 11:25:07,658 DEBUG Engine.nose.ApiritifLoadReader] Aggregating: 1540578304
[2018-10-26 11:25:07,682 DEBUG Engine.nose.ApiritifLoadReader] Aggregating: 1540578305
[2018-10-26 11:25:07,706 DEBUG Engine.nose.ApiritifLoadReader] Aggregating: 1540578306
[2018-10-26 11:25:07,719 DEBUG Engine.consolidator] Consolidator buffer[6]: [1540578304, 1540578305, 1540578306, 1540578301, 1540578302, 1540578303]
[2018-10-26 11:25:07,719 DEBUG Engine.consolidator] Merging into 1540578301
[2018-10-26 11:25:07,719 DEBUG Engine.consolidator] Merging 1540578301
[2018-10-26 11:25:07,723 DEBUG Engine.consolidator] Processed datapoint: 1540578301/None
[2018-10-26 11:25:07,723 DEBUG Engine.consolidator] Merging into 1540578302
[2018-10-26 11:25:07,723 DEBUG Engine.consolidator] Merging 1540578302
[2018-10-26 11:25:07,726 DEBUG Engine.consolidator] Processed datapoint: 1540578302/None
[2018-10-26 11:25:07,726 DEBUG Engine.consolidator] Merging into 1540578303
[2018-10-26 11:25:07,726 DEBUG Engine.consolidator] Merging 1540578303
[2018-10-26 11:25:07,729 DEBUG Engine.consolidator] Processed datapoint: 1540578303/None
[2018-10-26 11:25:07,729 DEBUG Engine.consolidator] Merging into 1540578304
[2018-10-26 11:25:07,729 DEBUG Engine.consolidator] Merging 1540578304
[2018-10-26 11:25:07,732 DEBUG Engine.consolidator] Processed datapoint: 1540578304/None
[2018-10-26 11:25:07,732 DEBUG Engine.consolidator] Merging into 1540578305
[2018-10-26 11:25:07,733 DEBUG Engine.consolidator] Merging 1540578305
[2018-10-26 11:25:07,736 DEBUG Engine.consolidator] Processed datapoint: 1540578305/None
[2018-10-26 11:25:07,736 DEBUG Engine.consolidator] Merging into 1540578306
[2018-10-26 11:25:07,736 DEBUG Engine.consolidator] Merging 1540578306
[2018-10-26 11:25:07,739 DEBUG Engine.consolidator] Processed datapoint: 1540578306/None
[2018-10-26 11:25:07,739 INFO Engine.final-stats] Test duration: 0:00:12
[2018-10-26 11:25:07,739 INFO Engine.final-stats] Samples count: 6613, 100.00% failures
[2018-10-26 11:25:07,739 INFO Engine.final-stats] Average times: total 0.000, latency 0.000, connect 0.000
[2018-10-26 11:25:07,740 INFO Engine.final-stats] Percentiles:
(0lqqqqqqqqqqqqqqqwqqqqqqqqqqqqqqqk(B
(0x(B Percentile, % (0x(B Resp. Time, s (0x(B
(0tqqqqqqqqqqqqqqqnqqqqqqqqqqqqqqqu(B
(0x(B           0.0 (0x(B           0.0 (0x(B
(0x(B          50.0 (0x(B           0.0 (0x(B
(0x(B          90.0 (0x(B           0.0 (0x(B
(0x(B          95.0 (0x(B           0.0 (0x(B
(0x(B          99.0 (0x(B           0.0 (0x(B
(0x(B          99.9 (0x(B         0.001 (0x(B
(0x(B         100.0 (0x(B         0.002 (0x(B
(0mqqqqqqqqqqqqqqqvqqqqqqqqqqqqqqqj(B
[2018-10-26 11:25:07,741 INFO Engine.final-stats] Request label stats:
(0lqqqqqqqqqwqqqqqqqqwqqqqqqqwqqqqqqqqwqqqqqqqqqqqqqqqqqqqqqqqqqqqqqqqqqqqqqqk(B
(0x(B label   (0x(B status (0x(B  succ (0x(B avg_rt (0x(B error                                (0x(B
(0tqqqqqqqqqnqqqqqqqqnqqqqqqqnqqqqqqqqnqqqqqqqqqqqqqqqqqqqqqqqqqqqqqqqqqqqqqqu(B
(0x(B runTest (0x(B  FAIL  (0x(B 0.00% (0x(B  0.000 (0x(B invalid syntax (NOP_SC3.py, line 79) (0x(B
(0mqqqqqqqqqvqqqqqqqqvqqqqqqqvqqqqqqqqvqqqqqqqqqqqqqqqqqqqqqqqqqqqqqqqqqqqqqqj(B
[2018-10-26 11:25:07,741 DEBUG Engine.console] No logger_handler or orig_stream was detected
[2018-10-26 11:25:07,743 DEBUG Engine.Configuration] Dumping YAML config into /Users/chefe02/Desktop/presales_cert/Artifacts/2018-10-26_11-24-55.041628bz/effective.yml
[2018-10-26 11:25:07,761 DEBUG Engine.Configuration] Dumping JSON config into /Users/chefe02/Desktop/presales_cert/Artifacts/2018-10-26_11-24-55.041628bz/effective.json
[2018-10-26 11:25:07,762 INFO root] Artifacts dir: /Users/chefe02/Desktop/presales_cert/Artifacts/2018-10-26_11-24-55.041628bz
[2018-10-26 11:25:07,762 WARNING root] Done performing with code: 1
[2018-10-26 11:25:07,762 DEBUG root] Closing log handler: /Users/chefe02/Desktop/presales_cert/Artifacts/2018-10-26_11-24-55.041628bz/bzt.log
