[2018-10-24 16:10:43,134 INFO root] Taurus CLI Tool v1.13.0
[2018-10-24 16:10:43,135 DEBUG root] Command-line options: {'verbose': None, 'no_system_configs': None, 'quiet': None, 'log': '/var/folders/5f/vzk4zj_95sndkt7khp6l85jhnvgy8l/T/bzt_o_aQRW.log', 'option': None, 'aliases': []}
[2018-10-24 16:10:43,135 DEBUG root] Python: CPython 2.7.15
[2018-10-24 16:10:43,135 DEBUG root] OS: ('Darwin', 'chefe02mac947', '17.7.0', 'Darwin Kernel Version 17.7.0: Thu Jun 21 22:53:14 PDT 2018; root:xnu-4570.71.2~1/RELEASE_X86_64', 'x86_64', 'i386')
[2018-10-24 16:10:43,136 INFO root] Starting with configs: ['NOP_SC3_SP.yaml']
[2018-10-24 16:10:43,136 DEBUG root] Using personal config: /Users/chefe02/.bzt-rc
[2018-10-24 16:10:43,136 INFO Engine] Configuring...
[2018-10-24 16:10:43,136 DEBUG Engine] No machine configs dir: /usr/local/Cellar/bzt/1.13.0/libexec/bin/../etc/bzt.d
[2018-10-24 16:10:43,137 DEBUG Engine] Base configs list: ['/usr/local/Cellar/bzt/1.13.0/libexec/lib/python2.7/site-packages/bzt/resources/base-config.yml']
[2018-10-24 16:10:43,137 DEBUG Engine.Configuration] Configs: ['/usr/local/Cellar/bzt/1.13.0/libexec/lib/python2.7/site-packages/bzt/resources/base-config.yml']
[2018-10-24 16:10:43,144 DEBUG Engine.Configuration] Reading /usr/local/Cellar/bzt/1.13.0/libexec/lib/python2.7/site-packages/bzt/resources/base-config.yml as YAML
[2018-10-24 16:10:43,170 DEBUG Engine] User configs list: ['/Users/chefe02/.bzt-rc', 'NOP_SC3_SP.yaml']
[2018-10-24 16:10:43,171 DEBUG Engine.Configuration] Configs: ['/Users/chefe02/.bzt-rc', 'NOP_SC3_SP.yaml']
[2018-10-24 16:10:43,172 DEBUG Engine.Configuration] Reading /Users/chefe02/.bzt-rc as YAML
[2018-10-24 16:10:43,176 DEBUG Engine.Configuration] Reading NOP_SC3_SP.yaml as YAML
[2018-10-24 16:10:43,179 DEBUG Engine.Configuration] Configs: ['/Users/chefe02/.bzt-rc', 'NOP_SC3_SP.yaml']
[2018-10-24 16:10:43,179 DEBUG Engine.Configuration] Reading /Users/chefe02/.bzt-rc as YAML
[2018-10-24 16:10:43,183 DEBUG Engine.Configuration] Reading NOP_SC3_SP.yaml as YAML
[2018-10-24 16:10:43,196 DEBUG Engine] Requesting updates info: http://gettaurus.org/updates/?version=1.13.0&installID=macos-8c85905fb9f6
[2018-10-24 16:10:43,197 INFO Engine] Artifacts dir: /Users/chefe02/Desktop/presales_cert/Artifacts/2018-10-24_16-10-43.196964bz
[2018-10-24 16:10:43,197 DEBUG HTTPClient] Making HTTP request GET http://gettaurus.org/updates/?version=1.13.0&installID=macos-8c85905fb9f6
[2018-10-24 16:10:43,201 DEBUG Engine] New artifact filename: /Users/chefe02/Desktop/presales_cert/Artifacts/2018-10-24_16-10-43.196964bz/effective
[2018-10-24 16:10:43,204 DEBUG urllib3.connectionpool] Starting new HTTP connection (1): gettaurus.org:80
[2018-10-24 16:10:43,204 DEBUG Engine.Configuration] Dumping YAML config into /Users/chefe02/Desktop/presales_cert/Artifacts/2018-10-24_16-10-43.196964bz/effective.yml
[2018-10-24 16:10:43,231 DEBUG Engine.Configuration] Dumping JSON config into /Users/chefe02/Desktop/presales_cert/Artifacts/2018-10-24_16-10-43.196964bz/effective.json
[2018-10-24 16:10:43,232 DEBUG Engine] New artifact filename: /Users/chefe02/Desktop/presales_cert/Artifacts/2018-10-24_16-10-43.196964bz/merged.yml
[2018-10-24 16:10:43,233 DEBUG Engine.Configuration] Dumping YAML config into /Users/chefe02/Desktop/presales_cert/Artifacts/2018-10-24_16-10-43.196964bz/merged.yml
[2018-10-24 16:10:43,235 DEBUG Engine] New artifact filename: /Users/chefe02/Desktop/presales_cert/Artifacts/2018-10-24_16-10-43.196964bz/merged.json
[2018-10-24 16:10:43,235 DEBUG Engine.Configuration] Dumping JSON config into /Users/chefe02/Desktop/presales_cert/Artifacts/2018-10-24_16-10-43.196964bz/merged.json
[2018-10-24 16:10:43,235 DEBUG Engine] Add existing artifact (move=False): NOP_SC3_SP.yaml
[2018-10-24 16:10:43,236 DEBUG Engine] Copying NOP_SC3_SP.yaml to /Users/chefe02/Desktop/presales_cert/Artifacts/2018-10-24_16-10-43.196964bz/NOP_SC3_SP.yaml
[2018-10-24 16:10:43,236 DEBUG Engine.Environment] Replace 'TAURUS_ARTIFACTS_DIR' in environment
[2018-10-24 16:10:43,237 DEBUG root] Closing log handler: /var/folders/5f/vzk4zj_95sndkt7khp6l85jhnvgy8l/T/bzt_o_aQRW.log
[2018-10-24 16:10:43,790 DEBUG root] Switched writing logs to /Users/chefe02/Desktop/presales_cert/Artifacts/2018-10-24_16-10-43.196964bz/bzt.log
[2018-10-24 16:10:43,790 DEBUG root] Linting config
[2018-10-24 16:10:43,794 INFO Engine] Preparing...
[2018-10-24 16:10:43,794 DEBUG Engine] Module config: consolidator {'class': u'bzt.modules.aggregator.ConsolidatingAggregator'}
[2018-10-24 16:10:43,795 DEBUG root] Importing module: bzt.modules.aggregator
[2018-10-24 16:10:43,987 DEBUG root] Loading class: 'ConsolidatingAggregator' from <module 'bzt.modules.aggregator' from '/usr/local/Cellar/bzt/1.13.0/libexec/lib/python2.7/site-packages/bzt/modules/aggregator.pyc'>
[2018-10-24 16:10:43,988 DEBUG Engine.consolidator] Buffer scaling setup: percentile 95.0 from [0.0, 50.0, 90.0, 95.0, 99.0, 99.9, 100.0] selected
[2018-10-24 16:10:43,988 DEBUG Engine] Module config: monitoring {'class': u'bzt.modules.monitoring.Monitoring'}
[2018-10-24 16:10:43,988 DEBUG root] Importing module: bzt.modules.monitoring
[2018-10-24 16:10:43,990 DEBUG root] Loading class: 'Monitoring' from <module 'bzt.modules.monitoring' from '/usr/local/Cellar/bzt/1.13.0/libexec/lib/python2.7/site-packages/bzt/modules/monitoring.pyc'>
[2018-10-24 16:10:43,991 DEBUG Engine] Module config: capturehar {'class': u'bzt.modules.blazemeter.ServiceStubCaptureHAR'}
[2018-10-24 16:10:43,991 DEBUG root] Importing module: bzt.modules.blazemeter
[2018-10-24 16:10:44,003 DEBUG easyprocess] version=0.2.3
[2018-10-24 16:10:44,006 DEBUG pyvirtualdisplay] version=0.2.1
[2018-10-24 16:10:44,008 DEBUG root] Loading class: 'ServiceStubCaptureHAR' from <module 'bzt.modules.blazemeter' from '/usr/local/Cellar/bzt/1.13.0/libexec/lib/python2.7/site-packages/bzt/modules/blazemeter.pyc'>
[2018-10-24 16:10:44,008 DEBUG Engine] Module config: screenshoter {'class': u'bzt.modules.blazemeter.ServiceStubScreenshoter'}
[2018-10-24 16:10:44,008 DEBUG root] Importing module: bzt.modules.blazemeter
[2018-10-24 16:10:44,008 DEBUG root] Loading class: 'ServiceStubScreenshoter' from <module 'bzt.modules.blazemeter' from '/usr/local/Cellar/bzt/1.13.0/libexec/lib/python2.7/site-packages/bzt/modules/blazemeter.pyc'>
[2018-10-24 16:10:44,008 DEBUG urllib3.connectionpool] http://gettaurus.org:80 "GET /updates/?version=1.13.0&installID=macos-8c85905fb9f6 HTTP/1.1" 200 60
[2018-10-24 16:10:44,008 DEBUG Engine] Module config: local {'class': u'bzt.modules.provisioning.Local'}
[2018-10-24 16:10:44,009 DEBUG root] Importing module: bzt.modules.provisioning
[2018-10-24 16:10:44,009 DEBUG Engine] Taurus updates info: {u'needsUpgrade': False, u'latest': u'1.13.0'}
[2018-10-24 16:10:44,009 DEBUG root] Loading class: 'Local' from <module 'bzt.modules.provisioning' from '/usr/local/Cellar/bzt/1.13.0/libexec/lib/python2.7/site-packages/bzt/modules/provisioning.pyc'>
[2018-10-24 16:10:44,010 DEBUG Engine] Installation is up-to-date
[2018-10-24 16:10:44,010 DEBUG Engine] Module config: selenium {'class': u'bzt.modules.selenium.SeleniumExecutor'}
[2018-10-24 16:10:44,010 DEBUG root] Importing module: bzt.modules.selenium
[2018-10-24 16:10:44,011 DEBUG root] Loading class: 'SeleniumExecutor' from <module 'bzt.modules.selenium' from '/usr/local/Cellar/bzt/1.13.0/libexec/lib/python2.7/site-packages/bzt/modules/selenium.pyc'>
[2018-10-24 16:10:44,011 DEBUG Engine.local] Preparing executor: selenium/4371368656
[2018-10-24 16:10:44,011 DEBUG Engine.selenium] Extract {'script': u'NOP_SC3.py'} into scenarios
[2018-10-24 16:10:44,012 DEBUG Engine.selenium] Detected script type: nose
[2018-10-24 16:10:44,012 DEBUG Engine] Module config: nose {'ignore-unknown-actions': True, 'class': u'bzt.modules.python.ApiritifNoseExecutor'}
[2018-10-24 16:10:44,012 DEBUG root] Importing module: bzt.modules.python
[2018-10-24 16:10:44,037 DEBUG root] Loading class: 'ApiritifNoseExecutor' from <module 'bzt.modules.python' from '/usr/local/Cellar/bzt/1.13.0/libexec/lib/python2.7/site-packages/bzt/modules/python/__init__.pyc'>
[2018-10-24 16:10:44,038 DEBUG Engine] Module config: final-stats {'class': u'bzt.modules.reporting.FinalStatus'}
[2018-10-24 16:10:44,038 DEBUG root] Importing module: bzt.modules.reporting
[2018-10-24 16:10:44,039 DEBUG root] Loading class: 'FinalStatus' from <module 'bzt.modules.reporting' from '/usr/local/Cellar/bzt/1.13.0/libexec/lib/python2.7/site-packages/bzt/modules/reporting.pyc'>
[2018-10-24 16:10:44,039 DEBUG Engine] Module config: console {'class': u'bzt.modules.console.ConsoleStatusReporter'}
[2018-10-24 16:10:44,039 DEBUG root] Importing module: bzt.modules.console
[2018-10-24 16:10:44,039 DEBUG root] Loading class: 'ConsoleStatusReporter' from <module 'bzt.modules.console' from '/usr/local/Cellar/bzt/1.13.0/libexec/lib/python2.7/site-packages/bzt/modules/console.pyc'>
[2018-10-24 16:10:44,046 DEBUG Engine.Configuration] Dumping YAML config into /Users/chefe02/Desktop/presales_cert/Artifacts/2018-10-24_16-10-43.196964bz/effective.yml
[2018-10-24 16:10:44,066 DEBUG Engine.Configuration] Dumping JSON config into /Users/chefe02/Desktop/presales_cert/Artifacts/2018-10-24_16-10-43.196964bz/effective.json
[2018-10-24 16:10:44,068 INFO Engine] Starting...
[2018-10-24 16:10:44,068 DEBUG Engine] Startup <bzt.modules.monitoring.Monitoring object at 0x10486cf90>
[2018-10-24 16:10:44,069 DEBUG Engine] Startup <bzt.modules.blazemeter.ServiceStubCaptureHAR object at 0x1048961d0>
[2018-10-24 16:10:44,069 WARNING Engine.capturehar] Stub for service 'capturehar', use cloud provisioning to have it working
[2018-10-24 16:10:44,069 DEBUG Engine] Startup <bzt.modules.blazemeter.ServiceStubScreenshoter object at 0x1048dca10>
[2018-10-24 16:10:44,069 WARNING Engine.screenshoter] Stub for service 'screenshoter', use cloud provisioning to have it working
[2018-10-24 16:10:44,069 DEBUG Engine] Startup <bzt.modules.aggregator.ConsolidatingAggregator object at 0x10310f2d0>
[2018-10-24 16:10:44,069 DEBUG Engine] Startup <bzt.modules.reporting.FinalStatus object at 0x104a1e090>
[2018-10-24 16:10:44,070 DEBUG Engine] Startup <bzt.modules.console.ConsoleStatusReporter object at 0x104a1eed0>
[2018-10-24 16:10:44,070 INFO Engine.console] Waiting for results...
[2018-10-24 16:10:44,070 DEBUG Engine] Startup <bzt.modules.provisioning.Local object at 0x1030c85d0>
[2018-10-24 16:10:44,070 DEBUG Engine.local] Delay setup for selenium/NOP_SC3.py: 0(start-at) + 0(delay) = 0
[2018-10-24 16:10:44,072 DEBUG Engine.Configuration] Dumping YAML config into /Users/chefe02/Desktop/presales_cert/Artifacts/2018-10-24_16-10-43.196964bz/effective.yml
[2018-10-24 16:10:44,093 DEBUG Engine.Configuration] Dumping JSON config into /Users/chefe02/Desktop/presales_cert/Artifacts/2018-10-24_16-10-43.196964bz/effective.json
[2018-10-24 16:10:44,093 DEBUG root] Leveling down log file verbosity to INFO, use -v option to have DEBUG messages enabled
[2018-10-24 16:10:44,094 DEBUG root] Leveled up log file verbosity
[2018-10-24 16:10:44,094 DEBUG Engine] New artifact filename: /Users/chefe02/Desktop/presales_cert/Artifacts/2018-10-24_16-10-43.196964bz/apiritif-
[2018-10-24 16:10:44,094 DEBUG Engine] New artifact filename: /Users/chefe02/Desktop/presales_cert/Artifacts/2018-10-24_16-10-43.196964bz/nose.out
[2018-10-24 16:10:44,094 DEBUG Engine] New artifact filename: /Users/chefe02/Desktop/presales_cert/Artifacts/2018-10-24_16-10-43.196964bz/nose.err
[2018-10-24 16:10:44,094 DEBUG bzt.utils] Executing shell: ['/usr/local/Cellar/bzt/1.13.0/libexec/bin/python2.7', '-m', 'apiritif.loadgen', '--result-file-template', '/Users/chefe02/Desktop/presales_cert/Artifacts/2018-10-24_16-10-43.196964bz/apiritif-%s.csv', '--concurrency', '1', '--hold-for', '600.0', u'/Users/chefe02/Desktop/presales_cert/NOP_SC3.py'] at /Users/chefe02/Desktop/presales_cert
[2018-10-24 16:10:44,101 DEBUG root] Leveling down log file verbosity to INFO, use -v option to have DEBUG messages enabled
[2018-10-24 16:10:44,321 INFO Engine.console] Waiting for finish...
[2018-10-24 16:11:35,249 INFO Engine.nose.ApiritifLoadReader] Changed data analysis delay to 26s
[2018-10-24 16:11:43,101 WARNING Engine] Please wait for graceful shutdown...
[2018-10-24 16:11:43,106 DEBUG root] Leveled up log file verbosity
[2018-10-24 16:11:43,106 INFO Engine] Shutting down...
[2018-10-24 16:11:43,111 DEBUG Engine] Current stop reason: 
[2018-10-24 16:11:43,111 DEBUG Engine.local] Shutdown selenium/NOP_SC3.py
[2018-10-24 16:11:44,114 INFO Engine.nose] Terminating process PID 31554 with signal 15 (59 tries left)
[2018-10-24 16:11:45,122 INFO Engine.nose] Terminating process PID 31554 with signal 15 (58 tries left)
[2018-10-24 16:11:45,128 DEBUG Engine.nose] Failed to terminate process: [Errno 1] Operation not permitted
[2018-10-24 16:11:45,128 DEBUG Engine.selenium] Selenium tests ran for 61.0348088741 seconds
[2018-10-24 16:11:45,129 DEBUG Engine.console] Restoring logging streams, [<logging.StreamHandler object at 0x1030bfc10>]/{<logging.StreamHandler object at 0x1030bfc10>: <open file '<stdout>', mode 'w' at 0x1017b9150>}
[2018-10-24 16:11:45,131 DEBUG Engine.Configuration] Dumping YAML config into /Users/chefe02/Desktop/presales_cert/Artifacts/2018-10-24_16-10-43.196964bz/effective.yml
[2018-10-24 16:11:45,151 DEBUG Engine.Configuration] Dumping JSON config into /Users/chefe02/Desktop/presales_cert/Artifacts/2018-10-24_16-10-43.196964bz/effective.json
[2018-10-24 16:11:45,152 WARNING root] Keyboard interrupt
[2018-10-24 16:11:45,152 DEBUG root] KeyboardInterrupt: 
Traceback (most recent call last):
  File "/usr/local/Cellar/bzt/1.13.0/libexec/lib/python2.7/site-packages/bzt/cli.py", line 261, in perform
    self.engine.run()
  File "/usr/local/Cellar/bzt/1.13.0/libexec/lib/python2.7/site-packages/bzt/engine.py", line 226, in run
    reraise(exc_info, exc_value)
  File "/usr/local/Cellar/bzt/1.13.0/libexec/lib/python2.7/site-packages/bzt/engine.py", line 206, in run
    self._wait()
  File "/usr/local/Cellar/bzt/1.13.0/libexec/lib/python2.7/site-packages/bzt/engine.py", line 254, in _wait
    time.sleep(delay)
KeyboardInterrupt
[2018-10-24 16:11:45,153 INFO Engine] Post-processing...
[2018-10-24 16:11:45,153 DEBUG Engine.local] Post-process selenium/NOP_SC3.py
[2018-10-24 16:11:45,153 DEBUG Engine.nose.FileReader] Reading: /Users/chefe02/Desktop/presales_cert/Artifacts/2018-10-24_16-10-43.196964bz/nose.out
[2018-10-24 16:11:45,153 DEBUG Engine.nose.FileReader] Reading: /Users/chefe02/Desktop/presales_cert/Artifacts/2018-10-24_16-10-43.196964bz/nose.out
[2018-10-24 16:11:45,153 DEBUG Engine.nose.ApiritifLoadReader.JTLReader.IncrementalCSVReader.FileReader] Reading: /Users/chefe02/Desktop/presales_cert/Artifacts/2018-10-24_16-10-43.196964bz/apiritif-0.csv
[2018-10-24 16:11:45,153 DEBUG Engine.nose.ApiritifLoadReader] Buffer len: 1; Known errors count: 0
[2018-10-24 16:11:45,153 DEBUG Engine.nose.ApiritifLoadReader] Aggregating: 1540422687
[2018-10-24 16:11:45,156 DEBUG Engine.consolidator] Consolidator buffer[2]: [1540422684, 1540422687]
[2018-10-24 16:11:45,156 DEBUG Engine.consolidator] Merging into 1540422684
[2018-10-24 16:11:45,156 DEBUG Engine.consolidator] Merging 1540422684
[2018-10-24 16:11:45,169 DEBUG Engine.consolidator] Processed datapoint: 1540422684/None
[2018-10-24 16:11:45,169 DEBUG Engine.consolidator] Merging into 1540422687
[2018-10-24 16:11:45,169 DEBUG Engine.consolidator] Merging 1540422687
[2018-10-24 16:11:45,183 DEBUG Engine.consolidator] Processed datapoint: 1540422687/None
[2018-10-24 16:11:45,183 INFO Engine.final-stats] Test duration: 0:01:01
[2018-10-24 16:11:45,183 INFO Engine.final-stats] Samples count: 9, 0.00% failures
[2018-10-24 16:11:45,184 INFO Engine.final-stats] Average times: total 5.064, latency 0.000, connect 0.000
[2018-10-24 16:11:45,185 INFO Engine.final-stats] Percentiles:
(0lqqqqqqqqqqqqqqqwqqqqqqqqqqqqqqqk(B
(0x(B Percentile, % (0x(B Resp. Time, s (0x(B
(0tqqqqqqqqqqqqqqqnqqqqqqqqqqqqqqqu(B
(0x(B           0.0 (0x(B         1.352 (0x(B
(0x(B          50.0 (0x(B         3.575 (0x(B
(0x(B          90.0 (0x(B         7.987 (0x(B
(0x(B          95.0 (0x(B        12.815 (0x(B
(0x(B          99.0 (0x(B        12.815 (0x(B
(0x(B          99.9 (0x(B        12.815 (0x(B
(0x(B         100.0 (0x(B        12.815 (0x(B
(0mqqqqqqqqqqqqqqqvqqqqqqqqqqqqqqqj(B
[2018-10-24 16:11:45,189 INFO Engine.final-stats] Request label stats:
(0lqqqqqqqqqqqqqqqqqqqqqqqqqqqqwqqqqqqqqwqqqqqqqqqwqqqqqqqqwqqqqqqqk(B
(0x(B label                      (0x(B status (0x(B    succ (0x(B avg_rt (0x(B error (0x(B
(0tqqqqqqqqqqqqqqqqqqqqqqqqqqqqnqqqqqqqqnqqqqqqqqqnqqqqqqqqnqqqqqqqu(B
(0x(B add fahrenheit 451 to cart (0x(B   OK   (0x(B 100.00% (0x(B  3.058 (0x(B       (0x(B
(0x(B add macbook to cart        (0x(B   OK   (0x(B 100.00% (0x(B  3.053 (0x(B       (0x(B
(0x(B add sunglasses to cart     (0x(B   OK   (0x(B 100.00% (0x(B  3.081 (0x(B       (0x(B
(0x(B checkout as guest          (0x(B   OK   (0x(B 100.00% (0x(B  5.995 (0x(B       (0x(B
(0x(B click "accessories"        (0x(B   OK   (0x(B 100.00% (0x(B  7.984 (0x(B       (0x(B
(0x(B click "books"              (0x(B   OK   (0x(B 100.00% (0x(B  3.574 (0x(B       (0x(B
(0x(B click macbook              (0x(B   OK   (0x(B 100.00% (0x(B  4.665 (0x(B       (0x(B
(0x(B go to home page            (0x(B   OK   (0x(B 100.00% (0x(B  1.352 (0x(B       (0x(B
(0x(B search "apple"             (0x(B   OK   (0x(B 100.00% (0x(B 12.813 (0x(B       (0x(B
(0mqqqqqqqqqqqqqqqqqqqqqqqqqqqqvqqqqqqqqvqqqqqqqqqvqqqqqqqqvqqqqqqqj(B
[2018-10-24 16:11:45,189 DEBUG Engine.console] No logger_handler or orig_stream was detected
[2018-10-24 16:11:45,192 DEBUG Engine.Configuration] Dumping YAML config into /Users/chefe02/Desktop/presales_cert/Artifacts/2018-10-24_16-10-43.196964bz/effective.yml
[2018-10-24 16:11:45,219 DEBUG Engine.Configuration] Dumping JSON config into /Users/chefe02/Desktop/presales_cert/Artifacts/2018-10-24_16-10-43.196964bz/effective.json
[2018-10-24 16:11:45,221 INFO root] Artifacts dir: /Users/chefe02/Desktop/presales_cert/Artifacts/2018-10-24_16-10-43.196964bz
[2018-10-24 16:11:45,221 WARNING root] Done performing with code: 1
[2018-10-24 16:11:45,221 DEBUG root] Closing log handler: /Users/chefe02/Desktop/presales_cert/Artifacts/2018-10-24_16-10-43.196964bz/bzt.log
