2018-10-24 16:24:20,168 INFO o.a.j.u.JMeterUtils: Setting Locale to en_US
2018-10-24 16:24:20,184 INFO o.a.j.JMeter: Loading user properties from: /Users/chefe02/.bzt/jmeter-taurus/4.0/bin/user.properties
2018-10-24 16:24:20,185 INFO o.a.j.JMeter: Loading system properties from: /Users/chefe02/.bzt/jmeter-taurus/4.0/bin/system.properties
2018-10-24 16:24:20,189 INFO o.a.j.JMeter: Copyright (c) 1998-2018 The Apache Software Foundation
2018-10-24 16:24:20,189 INFO o.a.j.JMeter: Version 4.0 r1823414
2018-10-24 16:24:20,189 INFO o.a.j.JMeter: java.version=1.8.0_151
2018-10-24 16:24:20,189 INFO o.a.j.JMeter: java.vm.name=Java HotSpot(TM) 64-Bit Server VM
2018-10-24 16:24:20,189 INFO o.a.j.JMeter: os.name=Mac OS X
2018-10-24 16:24:20,189 INFO o.a.j.JMeter: os.arch=x86_64
2018-10-24 16:24:20,189 INFO o.a.j.JMeter: os.version=10.13.6
2018-10-24 16:24:20,190 INFO o.a.j.JMeter: file.encoding=UTF-8
2018-10-24 16:24:20,190 INFO o.a.j.JMeter: Max memory     =3817865216
2018-10-24 16:24:20,190 INFO o.a.j.JMeter: Available Processors =8
2018-10-24 16:24:20,193 INFO o.a.j.JMeter: Default Locale=English (United States)
2018-10-24 16:24:20,193 INFO o.a.j.JMeter: JMeter  Locale=English (United States)
2018-10-24 16:24:20,193 INFO o.a.j.JMeter: JMeterHome=/Users/chefe02/.bzt/jmeter-taurus/4.0
2018-10-24 16:24:20,193 INFO o.a.j.JMeter: user.dir  =/Users/chefe02/Desktop/presales_cert
2018-10-24 16:24:20,193 INFO o.a.j.JMeter: PWD       =/Users/chefe02/Desktop/presales_cert
2018-10-24 16:24:20,195 INFO o.a.j.JMeter: IP: 10.137.178.125 Name: chefe02mac947 FullName: chefe02mac947.ca.com
2018-10-24 16:24:20,195 INFO o.a.j.JMeter: user.classpath=/Users/chefe02/Desktop/presales_cert/2018-10-24_16-24-14.034468:/Users/chefe02/Desktop/presales_cert
2018-10-24 16:24:20,195 INFO o.a.j.JMeter: Adding to classpath and loader: /Users/chefe02/Desktop/presales_cert/2018-10-24_16-24-14.034468
2018-10-24 16:24:20,196 INFO o.a.j.JMeter: Adding to classpath and loader: /Users/chefe02/Desktop/presales_cert
2018-10-24 16:24:20,199 INFO o.a.j.s.FileServer: Default base='/Users/chefe02/Desktop/presales_cert'
2018-10-24 16:24:20,202 INFO o.a.j.s.FileServer: Set new base='/Users/chefe02/Desktop/presales_cert'
2018-10-24 16:24:20,309 INFO o.a.j.s.SaveService: Testplan (JMX) version: 2.2. Testlog (JTL) version: 2.2
2018-10-24 16:24:20,325 INFO o.a.j.s.SaveService: Using SaveService properties file encoding UTF-8
2018-10-24 16:24:20,329 INFO o.a.j.s.SaveService: Using SaveService properties version 4.0
2018-10-24 16:24:20,334 INFO o.a.j.s.SaveService: Loading file: /Users/chefe02/Desktop/presales_cert/modified_NOP_SC2.jmx
2018-10-24 16:24:20,394 INFO o.a.j.p.h.c.CookieManager: Settings: Delete null: true Check: true Allow variable: true Save: false Prefix: COOKIE_
2018-10-24 16:24:20,396 INFO o.a.j.p.h.c.CacheManager: Will only cache the following methods: [GET]
2018-10-24 16:24:20,417 INFO o.a.j.p.h.s.HTTPSamplerBase: Parser for text/html is org.apache.jmeter.protocol.http.parser.LagartoBasedHtmlParser
2018-10-24 16:24:20,417 INFO o.a.j.p.h.s.HTTPSamplerBase: Parser for application/xhtml+xml is org.apache.jmeter.protocol.http.parser.LagartoBasedHtmlParser
2018-10-24 16:24:20,417 INFO o.a.j.p.h.s.HTTPSamplerBase: Parser for application/xml is org.apache.jmeter.protocol.http.parser.LagartoBasedHtmlParser
2018-10-24 16:24:20,417 INFO o.a.j.p.h.s.HTTPSamplerBase: Parser for text/xml is org.apache.jmeter.protocol.http.parser.LagartoBasedHtmlParser
2018-10-24 16:24:20,417 INFO o.a.j.p.h.s.HTTPSamplerBase: Parser for text/vnd.wap.wml is org.apache.jmeter.protocol.http.parser.RegexpHTMLParser
2018-10-24 16:24:20,417 INFO o.a.j.p.h.s.HTTPSamplerBase: Parser for text/css is org.apache.jmeter.protocol.http.parser.CssParser
2018-10-24 16:24:20,441 INFO o.a.j.e.StandardJMeterEngine: Running the test!
2018-10-24 16:24:20,441 INFO o.a.j.s.SampleEvent: List of sample_variables: []
2018-10-24 16:24:20,442 INFO o.a.j.s.SampleEvent: List of sample_variables: []
2018-10-24 16:24:20,445 INFO o.a.j.e.u.CompoundVariable: Note: Function class names must contain the string: '.functions.'
2018-10-24 16:24:20,445 INFO o.a.j.e.u.CompoundVariable: Note: Function class names must not contain the string: '.gui.'
2018-10-24 16:24:21,041 INFO o.a.j.JMeter: Running test (1540423461041)
2018-10-24 16:24:21,085 INFO o.a.j.e.StandardJMeterEngine: Starting ThreadGroup: 1 : Thread Group
2018-10-24 16:24:21,086 INFO o.a.j.e.StandardJMeterEngine: Starting 1 threads for group Thread Group.
2018-10-24 16:24:21,086 INFO o.a.j.e.StandardJMeterEngine: Thread will continue on error
2018-10-24 16:24:21,086 INFO o.a.j.t.ThreadGroup: Starting thread group... number=1 threads=1 ramp-up=1 perThread=1000.0 delayedStart=false
2018-10-24 16:24:21,091 INFO o.a.j.t.ThreadGroup: Started thread group number 1
2018-10-24 16:24:21,091 INFO o.a.j.e.StandardJMeterEngine: All thread groups have been started
2018-10-24 16:24:21,093 INFO o.a.j.t.JMeterThread: Thread started: Thread Group 1-1
2018-10-24 16:24:21,112 INFO o.a.j.p.h.s.HTTPHCAbstractImpl: Local host = chefe02mac947
2018-10-24 16:24:21,115 INFO o.a.j.p.h.s.HTTPHC4Impl: HTTP request retry count = 0
2018-10-24 16:24:21,121 INFO o.a.j.s.SampleResult: Note: Sample TimeStamps are START times
2018-10-24 16:24:21,123 INFO o.a.j.s.SampleResult: sampleresult.default.encoding is set to UTF-8
2018-10-24 16:24:21,124 INFO o.a.j.s.SampleResult: sampleresult.useNanoTime=true
2018-10-24 16:24:21,124 INFO o.a.j.s.SampleResult: sampleresult.nanoThreadSleep=5000
2018-10-24 16:24:21,643 INFO o.a.j.p.h.p.BaseParser: Created org.apache.jmeter.protocol.http.parser.LagartoBasedHtmlParser
2018-10-24 16:24:21,723 INFO o.a.j.p.h.s.ResourcesDownloader: Creating ResourcesDownloader with keepalive_inseconds : 60
2018-10-24 16:24:22,029 INFO o.a.j.p.h.p.BaseParser: Created org.apache.jmeter.protocol.http.parser.CssParser
2018-10-24 16:24:25,681 INFO o.a.j.t.JMeterThread: Thread is done: Thread Group 1-1
2018-10-24 16:24:25,681 INFO o.a.j.t.JMeterThread: Thread finished: Thread Group 1-1
2018-10-24 16:24:25,682 INFO o.a.j.e.StandardJMeterEngine: Notifying test listeners of end of test
2018-10-24 16:24:25,683 INFO o.a.j.e.StandardJMeterEngine: Forced JVM shutdown requested at end of test
