2018-10-26 07:52:52.8959: updating taurus
Name: bzt
Version: 1.12.1
Summary: Taurus Tool for Continuous Testing
Home-page: http://gettaurus.org/
Author: Andrey Pokhilko
Author-email: andrey@blazemeter.com
License: Apache 2.0
Location: /usr/local/lib/python2.7/dist-packages
Requires: apiritif, progressbar33, cssselect, pytest, terminaltables, colorlog, hdrpy, urwid, astunparse, Appium-Python-Client, pyvirtualdisplay, lxml, selenium, pyyaml, nose, requests, psutil, ipaddress, colorama
---
Name: bztcloud
Version: 0.3.6
Summary: Taurus Cloud Modules
Home-page: https://github.com/Blazemeter/taurus-cloud/
Author: Andrey Pokhilko
Author-email: andrey@blazemeter.com
License: UNKNOWN
Location: /usr/local/lib/python2.7/dist-packages
Requires: boto3, bzt, pyscreenshot, browsermob-proxy, pillow, cssselect, requests, yq, python-dateutil, pyvirtualdisplay
---
Name: apiritif
Version: 0.6.5
Summary: Python framework for API testing
Home-page: https://github.com/Blazemeter/apiritif
Author: Dmitri Pribysh
Author-email: pribysh@blazemeter.com
License: Apache 2.0
Location: /usr/local/lib/python2.7/dist-packages
Requires: requests, jsonpath-rw, lxml
2018-10-26 07:52:54.8906: getting base configuration from https://a.blazemeter.com/api/v4/taurus/r-v4-5bd2c7a97dbb0/original-config and additional configuration from https://a.blazemeter.com/api/v4/taurus/r-v4-5bd2c7a97dbb0/custom-config
2018-10-26 07:52:56.3058: generating cloud shutdown script
2018-10-26 07:52:56.9671: cloud shutdown script generated
2018-10-26 07:52:56.9736: running bzt
2018-10-26 07:58:40.3583: cloud shutdown
