log_event command: curl 'https://a.blazemeter.com/api/v4/taurus/r-v4-5bd2c7a97dbb0/events' -H 'Content-Type: application/json' -d '{"message": "Jetlag - Starting update.", "token": "ci12NC01YmQyYzdhOTdkYmIwOjE1NDE3NDk5MzY6MDFjNjE4Y2Q1NTRiYzc3Yjc1YmZlODUyMGJkMGU2MDVkMzViNTc4YTY3MDVhM2M5NWVlNTcyMjlhMjgyNzZmMTEyOTNjYTdhZDM3MTU5Mjk0ZWNhOTNiYmQ4ZTU0OWZmY2I1N2NmMGFjNzFlOTI1M2EzNThlNWQzZTY2MzliOTc="}'
  % Total    % Received % Xferd  Average Speed   Time    Time     Time  Current
                                 Dload  Upload   Total   Spent    Left  Speed
  0     0    0     0    0     0      0      0 --:--:-- --:--:-- --:--:--     0100   378  100   113  100   265    584   1371 --:--:-- --:--:-- --:--:--  1373
log event response: {
    "api_version": 4,
    "error": null,
    "result": {
        "message": "Jetlag - Starting update."
    }
}
log_event command: curl 'https://a.blazemeter.com/api/v4/taurus/r-v4-5bd2c7a97dbb0/events' -H 'Content-Type: application/json' -d '{"message": "Jetlag - Timeout set to 180.", "token": "ci12NC01YmQyYzdhOTdkYmIwOjE1NDE3NDk5MzY6MDFjNjE4Y2Q1NTRiYzc3Yjc1YmZlODUyMGJkMGU2MDVkMzViNTc4YTY3MDVhM2M5NWVlNTcyMjlhMjgyNzZmMTEyOTNjYTdhZDM3MTU5Mjk0ZWNhOTNiYmQ4ZTU0OWZmY2I1N2NmMGFjNzFlOTI1M2EzNThlNWQzZTY2MzliOTc="}'
  % Total    % Received % Xferd  Average Speed   Time    Time     Time  Current
                                 Dload  Upload   Total   Spent    Left  Speed
  0     0    0     0    0     0      0      0 --:--:-- --:--:-- --:--:--     0100   384  100   116  100   268    612   1415 --:--:-- --:--:-- --:--:--  1417
log event response: {
    "api_version": 4,
    "error": null,
    "result": {
        "message": "Jetlag - Timeout set to 180."
    }
}
log_event command: curl 'https://a.blazemeter.com/api/v4/taurus/r-v4-5bd2c7a97dbb0/events' -H 'Content-Type: application/json' -d '{"message": "Downloading Jetlag from https://s3.amazonaws.com/blazemeter-jetlag/snapshots/jetlag-1.6.6-2018-08-12-14-47-jar-with-dependencies.jar", "token": "ci12NC01YmQyYzdhOTdkYmIwOjE1NDE3NDk5MzY6MDFjNjE4Y2Q1NTRiYzc3Yjc1YmZlODUyMGJkMGU2MDVkMzViNTc4YTY3MDVhM2M5NWVlNTcyMjlhMjgyNzZmMTEyOTNjYTdhZDM3MTU5Mjk0ZWNhOTNiYmQ4ZTU0OWZmY2I1N2NmMGFjNzFlOTI1M2EzNThlNWQzZTY2MzliOTc="}'
  % Total    % Received % Xferd  Average Speed   Time    Time     Time  Current
                                 Dload  Upload   Total   Spent    Left  Speed
  0     0    0     0    0     0      0      0 --:--:-- --:--:-- --:--:--     0100   592  100   220  100   372   1144   1934 --:--:-- --:--:-- --:--:--  1937
log event response: {
    "api_version": 4,
    "error": null,
    "result": {
        "message": "Downloading Jetlag from https://s3.amazonaws.com/blazemeter-jetlag/snapshots/jetlag-1.6.6-2018-08-12-14-47-jar-with-dependencies.jar"
    }
}
+ download_jetlag
+ wget --no-check-certificate --retry-connrefused --timeout=30 --tries=50 --wait=1 --random-wait -O /root/blazemeter_jetlag.jar https://s3.amazonaws.com/blazemeter-jetlag/snapshots/jetlag-1.6.6-2018-08-12-14-47-jar-with-dependencies.jar
--2018-10-26 07:53:02--  https://s3.amazonaws.com/blazemeter-jetlag/snapshots/jetlag-1.6.6-2018-08-12-14-47-jar-with-dependencies.jar
Resolving s3.amazonaws.com (s3.amazonaws.com)... 52.216.84.35
Connecting to s3.amazonaws.com (s3.amazonaws.com)|52.216.84.35|:443... connected.
HTTP request sent, awaiting response... 200 OK
Length: 8201346 (7.8M) [application/octet-stream]
Saving to: ‘/root/blazemeter_jetlag.jar’

     0K .......... .......... .......... .......... ..........  0% 52.2M 0s
    50K .......... .......... .......... .......... ..........  1% 53.6M 0s
   100K .......... .......... .......... .......... ..........  1% 45.9M 0s
   150K .......... .......... .......... .......... ..........  2% 95.2M 0s
   200K .......... .......... .......... .......... ..........  3%  119M 0s
   250K .......... .......... .......... .......... ..........  3%  116M 0s
   300K .......... .......... .......... .......... ..........  4%  106M 0s
   350K .......... .......... .......... .......... ..........  4%  141M 0s
   400K .......... .......... .......... .......... ..........  5%  146M 0s
   450K .......... .......... .......... .......... ..........  6%  165M 0s
   500K .......... .......... .......... .......... ..........  6%  149M 0s
   550K .......... .......... .......... .......... ..........  7%  140M 0s
   600K .......... .......... .......... .......... ..........  8%  131M 0s
   650K .......... .......... .......... .......... ..........  8%  143M 0s
   700K .......... .......... .......... .......... ..........  9%  120M 0s
   750K .......... .......... .......... .......... ..........  9%  131M 0s
   800K .......... .......... .......... .......... .......... 10%  133M 0s
   850K .......... .......... .......... .......... .......... 11%  149M 0s
   900K .......... .......... .......... .......... .......... 11%  143M 0s
   950K .......... .......... .......... .......... .......... 12%  145M 0s
  1000K .......... .......... .......... .......... .......... 13%  140M 0s
  1050K .......... .......... .......... .......... .......... 13%  142M 0s
  1100K .......... .......... .......... .......... .......... 14%  144M 0s
  1150K .......... .......... .......... .......... .......... 14%  149M 0s
  1200K .......... .......... .......... .......... .......... 15%  148M 0s
  1250K .......... .......... .......... .......... .......... 16%  137M 0s
  1300K .......... .......... .......... .......... .......... 16%  163M 0s
  1350K .......... .......... .......... .......... .......... 17%  145M 0s
  1400K .......... .......... .......... .......... .......... 18%  148M 0s
  1450K .......... .......... .......... .......... .......... 18%  151M 0s
  1500K .......... .......... .......... .......... .......... 19%  131M 0s
  1550K .......... .......... .......... .......... .......... 19%  140M 0s
  1600K .......... .......... .......... .......... .......... 20%  130M 0s
  1650K .......... .......... .......... .......... .......... 21%  137M 0s
  1700K .......... .......... .......... .......... .......... 21%  148M 0s
  1750K .......... .......... .......... .......... .......... 22%  163M 0s
  1800K .......... .......... .......... .......... .......... 23%  153M 0s
  1850K .......... .......... .......... .......... .......... 23%  133M 0s
  1900K .......... .......... .......... .......... .......... 24%  131M 0s
  1950K .......... .......... .......... .......... .......... 24%  126M 0s
  2000K .......... .......... .......... .......... .......... 25%  137M 0s
  2050K .......... .......... .......... .......... .......... 26%  120M 0s
  2100K .......... .......... .......... .......... .......... 26%  125M 0s
  2150K .......... .......... .......... .......... .......... 27%  155M 0s
  2200K .......... .......... .......... .......... .......... 28%  127M 0s
  2250K .......... .......... .......... .......... .......... 28%  135M 0s
  2300K .......... .......... .......... .......... .......... 29%  132M 0s
  2350K .......... .......... .......... .......... .......... 29%  121M 0s
  2400K .......... .......... .......... .......... .......... 30%  144M 0s
  2450K .......... .......... .......... .......... .......... 31%  141M 0s
  2500K .......... .......... .......... .......... .......... 31%  131M 0s
  2550K .......... .......... .......... .......... .......... 32%  146M 0s
  2600K .......... .......... .......... .......... .......... 33%  124M 0s
  2650K .......... .......... .......... .......... .......... 33%  140M 0s
  2700K .......... .......... .......... .......... .......... 34%  123M 0s
  2750K .......... .......... .......... .......... .......... 34%  133M 0s
  2800K .......... .......... .......... .......... .......... 35%  121M 0s
  2850K .......... .......... .......... .......... .......... 36%  129M 0s
  2900K .......... .......... .......... .......... .......... 36%  135M 0s
  2950K .......... .......... .......... .......... .......... 37%  133M 0s
  3000K .......... .......... .......... .......... .......... 38%  136M 0s
  3050K .......... .......... .......... .......... .......... 38%  130M 0s
  3100K .......... .......... .......... .......... .......... 39%  147M 0s
  3150K .......... .......... .......... .......... .......... 39%  120M 0s
  3200K .......... .......... .......... .......... .......... 40%  141M 0s
  3250K .......... .......... .......... .......... .......... 41%  143M 0s
  3300K .......... .......... .......... .......... .......... 41%  135M 0s
  3350K .......... .......... .......... .......... .......... 42%  152M 0s
  3400K .......... .......... .......... .......... .......... 43%  163M 0s
  3450K .......... .......... .......... .......... .......... 43%  134M 0s
  3500K .......... .......... .......... .......... .......... 44%  138M 0s
  3550K .......... .......... .......... .......... .......... 44%  149M 0s
  3600K .......... .......... .......... .......... .......... 45%  156M 0s
  3650K .......... .......... .......... .......... .......... 46%  157M 0s
  3700K .......... .......... .......... .......... .......... 46%  135M 0s
  3750K .......... .......... .......... .......... .......... 47%  122M 0s
  3800K .......... .......... .......... .......... .......... 48%  133M 0s
  3850K .......... .......... .......... .......... .......... 48%  171M 0s
  3900K .......... .......... .......... .......... .......... 49%  159M 0s
  3950K .......... .......... .......... .......... .......... 49% 85.7M 0s
  4000K .......... .......... .......... .......... .......... 50%  146M 0s
  4050K .......... .......... .......... .......... .......... 51%  129M 0s
  4100K .......... .......... .......... .......... .......... 51%  152M 0s
  4150K .......... .......... .......... .......... .......... 52%  141M 0s
  4200K .......... .......... .......... .......... .......... 53%  147M 0s
  4250K .......... .......... .......... .......... .......... 53%  164M 0s
  4300K .......... .......... .......... .......... .......... 54%  150M 0s
  4350K .......... .......... .......... .......... .......... 54%  141M 0s
  4400K .......... .......... .......... .......... .......... 55%  143M 0s
  4450K .......... .......... .......... .......... .......... 56%  130M 0s
  4500K .......... .......... .......... .......... .......... 56% 98.9M 0s
  4550K .......... .......... .......... .......... .......... 57%  138M 0s
  4600K .......... .......... .......... .......... .......... 58%  150M 0s
  4650K .......... .......... .......... .......... .......... 58%  152M 0s
  4700K .......... .......... .......... .......... .......... 59%  138M 0s
  4750K .......... .......... .......... .......... .......... 59%  144M 0s
  4800K .......... .......... .......... .......... .......... 60%  138M 0s
  4850K .......... .......... .......... .......... .......... 61% 86.9M 0s
  4900K .......... .......... .......... .......... .......... 61%  146M 0s
  4950K .......... .......... .......... .......... .......... 62%  142M 0s
  5000K .......... .......... .......... .......... .......... 63%  151M 0s
  5050K .......... .......... .......... .......... .......... 63%  112M 0s
  5100K .......... .......... .......... .......... .......... 64%  149M 0s
  5150K .......... .......... .......... .......... .......... 64%  108M 0s
  5200K .......... .......... .......... .......... .......... 65%  143M 0s
  5250K .......... .......... .......... .......... .......... 66%  152M 0s
  5300K .......... .......... .......... .......... .......... 66%  141M 0s
  5350K .......... .......... .......... .......... .......... 67%  114M 0s
  5400K .......... .......... .......... .......... .......... 68%  148M 0s
  5450K .......... .......... .......... .......... .......... 68%  148M 0s
  5500K .......... .......... .......... .......... .......... 69% 99.9M 0s
  5550K .......... .......... .......... .......... .......... 69%  137M 0s
  5600K .......... .......... .......... .......... .......... 70%  119M 0s
  5650K .......... .......... .......... .......... .......... 71%  144M 0s
  5700K .......... .......... .......... .......... .......... 71%  148M 0s
  5750K .......... .......... .......... .......... .......... 72%  148M 0s
  5800K .......... .......... .......... .......... .......... 73% 99.3M 0s
  5850K .......... .......... .......... .......... .......... 73% 43.4M 0s
  5900K .......... .......... .......... .......... .......... 74%  118M 0s
  5950K .......... .......... .......... .......... .......... 74%  119M 0s
  6000K .......... .......... .......... .......... .......... 75%  148M 0s
  6050K .......... .......... .......... .......... .......... 76%  104M 0s
  6100K .......... .......... .......... .......... .......... 76%  138M 0s
  6150K .......... .......... .......... .......... .......... 77% 60.0M 0s
  6200K .......... .......... .......... .......... .......... 78%  136M 0s
  6250K .......... .......... .......... .......... .......... 78%  123M 0s
  6300K .......... .......... .......... .......... .......... 79%  137M 0s
  6350K .......... .......... .......... .......... .......... 79% 88.3M 0s
  6400K .......... .......... .......... .......... .......... 80%  149M 0s
  6450K .......... .......... .......... .......... .......... 81% 44.5M 0s
  6500K .......... .......... .......... .......... .......... 81%  140M 0s
  6550K .......... .......... .......... .......... .......... 82%  139M 0s
  6600K .......... .......... .......... .......... .......... 83% 82.0M 0s
  6650K .......... .......... .......... .......... .......... 83%  113M 0s
  6700K .......... .......... .......... .......... .......... 84%  140M 0s
  6750K .......... .......... .......... .......... .......... 84% 60.2M 0s
  6800K .......... .......... .......... .......... .......... 85%  143M 0s
  6850K .......... .......... .......... .......... .......... 86%  110M 0s
  6900K .......... .......... .......... .......... .......... 86%  144M 0s
  6950K .......... .......... .......... .......... .......... 87% 81.6M 0s
  7000K .......... .......... .......... .......... .......... 88% 43.2M 0s
  7050K .......... .......... .......... .......... .......... 88%  119M 0s
  7100K .......... .......... .......... .......... .......... 89%  127M 0s
  7150K .......... .......... .......... .......... .......... 89%  138M 0s
  7200K .......... .......... .......... .......... .......... 90% 91.3M 0s
  7250K .......... .......... .......... .......... .......... 91%  132M 0s
  7300K .......... .......... .......... .......... .......... 91%  146M 0s
  7350K .......... .......... .......... .......... .......... 92% 58.3M 0s
  7400K .......... .......... .......... .......... .......... 93% 42.0M 0s
  7450K .......... .......... .......... .......... .......... 93%  132M 0s
  7500K .......... .......... .......... .......... .......... 94%  133M 0s
  7550K .......... .......... .......... .......... .......... 94%  149M 0s
  7600K .......... .......... .......... .......... .......... 95% 58.5M 0s
  7650K .......... .......... .......... .......... .......... 96%  117M 0s
  7700K .......... .......... .......... .......... .......... 96%  141M 0s
  7750K .......... .......... .......... .......... .......... 97%  140M 0s
  7800K .......... .......... .......... .......... .......... 98% 90.0M 0s
  7850K .......... .......... .......... .......... .......... 98% 52.2M 0s
  7900K .......... .......... .......... .......... .......... 99%  140M 0s
  7950K .......... .......... .......... .......... .......... 99%  141M 0s
  8000K .........                                             100% 85.2M=0.07s

2018-10-26 07:53:02 (117 MB/s) - ‘/root/blazemeter_jetlag.jar’ saved [8201346/8201346]

