[2018-10-26 11:23:27,047 INFO root] Taurus CLI Tool v1.13.0
[2018-10-26 11:23:27,048 DEBUG root] Command-line options: {'verbose': None, 'no_system_configs': None, 'quiet': None, 'log': '/var/folders/5f/vzk4zj_95sndkt7khp6l85jhnvgy8l/T/bzt__rEank.log', 'option': None, 'aliases': []}
[2018-10-26 11:23:27,048 DEBUG root] Python: CPython 2.7.15
[2018-10-26 11:23:27,048 DEBUG root] OS: ('Darwin', 'chefe02mac947', '17.7.0', 'Darwin Kernel Version 17.7.0: Thu Jun 21 22:53:14 PDT 2018; root:xnu-4570.71.2~1/RELEASE_X86_64', 'x86_64', 'i386')
[2018-10-26 11:23:27,048 INFO root] Starting with configs: ['NOP_SC3-SY.yaml']
[2018-10-26 11:23:27,049 DEBUG root] Using personal config: /Users/chefe02/.bzt-rc
[2018-10-26 11:23:27,049 INFO Engine] Configuring...
[2018-10-26 11:23:27,049 DEBUG Engine] No machine configs dir: /usr/local/Cellar/bzt/1.13.0/libexec/bin/../etc/bzt.d
[2018-10-26 11:23:27,049 DEBUG Engine] Base configs list: ['/usr/local/Cellar/bzt/1.13.0/libexec/lib/python2.7/site-packages/bzt/resources/base-config.yml']
[2018-10-26 11:23:27,049 DEBUG Engine.Configuration] Configs: ['/usr/local/Cellar/bzt/1.13.0/libexec/lib/python2.7/site-packages/bzt/resources/base-config.yml']
[2018-10-26 11:23:27,049 DEBUG Engine.Configuration] Reading /usr/local/Cellar/bzt/1.13.0/libexec/lib/python2.7/site-packages/bzt/resources/base-config.yml as YAML
[2018-10-26 11:23:27,074 DEBUG Engine] User configs list: ['/Users/chefe02/.bzt-rc', 'NOP_SC3-SY.yaml']
[2018-10-26 11:23:27,074 DEBUG Engine.Configuration] Configs: ['/Users/chefe02/.bzt-rc', 'NOP_SC3-SY.yaml']
[2018-10-26 11:23:27,075 DEBUG Engine.Configuration] Reading /Users/chefe02/.bzt-rc as YAML
[2018-10-26 11:23:27,078 DEBUG Engine.Configuration] Reading NOP_SC3-SY.yaml as YAML
[2018-10-26 11:23:27,090 DEBUG Engine.Configuration] Configs: ['/Users/chefe02/.bzt-rc', 'NOP_SC3-SY.yaml']
[2018-10-26 11:23:27,091 DEBUG Engine.Configuration] Reading /Users/chefe02/.bzt-rc as YAML
[2018-10-26 11:23:27,095 DEBUG Engine.Configuration] Reading NOP_SC3-SY.yaml as YAML
[2018-10-26 11:23:27,113 DEBUG Engine] Requesting updates info: http://gettaurus.org/updates/?version=1.13.0&installID=macos-8c85905fb9f6
[2018-10-26 11:23:27,114 DEBUG HTTPClient] Making HTTP request GET http://gettaurus.org/updates/?version=1.13.0&installID=macos-8c85905fb9f6
[2018-10-26 11:23:27,114 INFO Engine] Artifacts dir: /Users/chefe02/Desktop/presales_cert/Artifacts/2018-10-26_11-23-27.114150bz
[2018-10-26 11:23:27,118 DEBUG Engine] New artifact filename: /Users/chefe02/Desktop/presales_cert/Artifacts/2018-10-26_11-23-27.114150bz/effective
[2018-10-26 11:23:27,121 DEBUG urllib3.connectionpool] Starting new HTTP connection (1): gettaurus.org:80
[2018-10-26 11:23:27,121 DEBUG Engine.Configuration] Dumping YAML config into /Users/chefe02/Desktop/presales_cert/Artifacts/2018-10-26_11-23-27.114150bz/effective.yml
[2018-10-26 11:23:27,157 DEBUG Engine.Configuration] Dumping JSON config into /Users/chefe02/Desktop/presales_cert/Artifacts/2018-10-26_11-23-27.114150bz/effective.json
[2018-10-26 11:23:27,158 DEBUG Engine] New artifact filename: /Users/chefe02/Desktop/presales_cert/Artifacts/2018-10-26_11-23-27.114150bz/merged.yml
[2018-10-26 11:23:27,159 DEBUG Engine.Configuration] Dumping YAML config into /Users/chefe02/Desktop/presales_cert/Artifacts/2018-10-26_11-23-27.114150bz/merged.yml
[2018-10-26 11:23:27,167 DEBUG Engine] New artifact filename: /Users/chefe02/Desktop/presales_cert/Artifacts/2018-10-26_11-23-27.114150bz/merged.json
[2018-10-26 11:23:27,168 DEBUG Engine.Configuration] Dumping JSON config into /Users/chefe02/Desktop/presales_cert/Artifacts/2018-10-26_11-23-27.114150bz/merged.json
[2018-10-26 11:23:27,169 DEBUG Engine] Add existing artifact (move=False): NOP_SC3-SY.yaml
[2018-10-26 11:23:27,169 DEBUG Engine] Copying NOP_SC3-SY.yaml to /Users/chefe02/Desktop/presales_cert/Artifacts/2018-10-26_11-23-27.114150bz/NOP_SC3-SY.yaml
[2018-10-26 11:23:27,169 DEBUG Engine.Environment] Replace 'TAURUS_ARTIFACTS_DIR' in environment
[2018-10-26 11:23:27,170 DEBUG root] Closing log handler: /var/folders/5f/vzk4zj_95sndkt7khp6l85jhnvgy8l/T/bzt__rEank.log
[2018-10-26 11:23:27,743 DEBUG root] Switched writing logs to /Users/chefe02/Desktop/presales_cert/Artifacts/2018-10-26_11-23-27.114150bz/bzt.log
[2018-10-26 11:23:27,744 DEBUG root] Linting config
[2018-10-26 11:23:27,748 INFO Engine] Preparing...
[2018-10-26 11:23:27,749 DEBUG Engine] Module config: consolidator {'class': u'bzt.modules.aggregator.ConsolidatingAggregator'}
[2018-10-26 11:23:27,749 DEBUG root] Importing module: bzt.modules.aggregator
[2018-10-26 11:23:27,841 DEBUG root] Loading class: 'ConsolidatingAggregator' from <module 'bzt.modules.aggregator' from '/usr/local/Cellar/bzt/1.13.0/libexec/lib/python2.7/site-packages/bzt/modules/aggregator.pyc'>
[2018-10-26 11:23:27,842 DEBUG Engine.consolidator] Buffer scaling setup: percentile 95.0 from [0.0, 50.0, 90.0, 95.0, 99.0, 99.9, 100.0] selected
[2018-10-26 11:23:27,842 DEBUG Engine] Module config: monitoring {'class': u'bzt.modules.monitoring.Monitoring'}
[2018-10-26 11:23:27,842 DEBUG root] Importing module: bzt.modules.monitoring
[2018-10-26 11:23:27,843 DEBUG root] Loading class: 'Monitoring' from <module 'bzt.modules.monitoring' from '/usr/local/Cellar/bzt/1.13.0/libexec/lib/python2.7/site-packages/bzt/modules/monitoring.pyc'>
[2018-10-26 11:23:27,843 DEBUG Engine] Module config: capturehar {'class': u'bzt.modules.blazemeter.ServiceStubCaptureHAR'}
[2018-10-26 11:23:27,844 DEBUG root] Importing module: bzt.modules.blazemeter
[2018-10-26 11:23:27,850 DEBUG easyprocess] version=0.2.3
[2018-10-26 11:23:27,851 DEBUG pyvirtualdisplay] version=0.2.1
[2018-10-26 11:23:27,852 DEBUG root] Loading class: 'ServiceStubCaptureHAR' from <module 'bzt.modules.blazemeter' from '/usr/local/Cellar/bzt/1.13.0/libexec/lib/python2.7/site-packages/bzt/modules/blazemeter.pyc'>
[2018-10-26 11:23:27,852 DEBUG Engine] Module config: screenshoter {'class': u'bzt.modules.blazemeter.ServiceStubScreenshoter'}
[2018-10-26 11:23:27,852 DEBUG root] Importing module: bzt.modules.blazemeter
[2018-10-26 11:23:27,852 DEBUG root] Loading class: 'ServiceStubScreenshoter' from <module 'bzt.modules.blazemeter' from '/usr/local/Cellar/bzt/1.13.0/libexec/lib/python2.7/site-packages/bzt/modules/blazemeter.pyc'>
[2018-10-26 11:23:27,852 DEBUG Engine] Module config: local {'class': u'bzt.modules.provisioning.Local'}
[2018-10-26 11:23:27,853 DEBUG root] Importing module: bzt.modules.provisioning
[2018-10-26 11:23:27,853 DEBUG root] Loading class: 'Local' from <module 'bzt.modules.provisioning' from '/usr/local/Cellar/bzt/1.13.0/libexec/lib/python2.7/site-packages/bzt/modules/provisioning.pyc'>
[2018-10-26 11:23:27,853 DEBUG Engine] Module config: selenium {'class': u'bzt.modules.selenium.SeleniumExecutor'}
[2018-10-26 11:23:27,853 DEBUG root] Importing module: bzt.modules.selenium
[2018-10-26 11:23:27,853 DEBUG root] Loading class: 'SeleniumExecutor' from <module 'bzt.modules.selenium' from '/usr/local/Cellar/bzt/1.13.0/libexec/lib/python2.7/site-packages/bzt/modules/selenium.pyc'>
[2018-10-26 11:23:27,853 DEBUG Engine.local] Preparing executor: selenium/4409292176
[2018-10-26 11:23:27,854 DEBUG Engine] Module config: nose {'class': u'bzt.modules.python.ApiritifNoseExecutor'}
[2018-10-26 11:23:27,854 DEBUG root] Importing module: bzt.modules.python
[2018-10-26 11:23:27,867 DEBUG root] Loading class: 'ApiritifNoseExecutor' from <module 'bzt.modules.python' from '/usr/local/Cellar/bzt/1.13.0/libexec/lib/python2.7/site-packages/bzt/modules/python/__init__.pyc'>
[2018-10-26 11:23:27,867 DEBUG Engine] New artifact filename: /Users/chefe02/Desktop/presales_cert/Artifacts/2018-10-26_11-23-27.114150bz/test_requests.py
[2018-10-26 11:23:27,867 DEBUG Engine] New artifact filename: /Users/chefe02/Desktop/presales_cert/Artifacts/2018-10-26_11-23-27.114150bz/webdriver.log
[2018-10-26 11:23:27,867 DEBUG Engine.nose.SeleniumScriptBuilder] Generating Test Case test methods
[2018-10-26 11:23:27,867 DEBUG Engine.nose.SeleniumScriptBuilder] Generating setUp test method
[2018-10-26 11:23:27,868 DEBUG Engine.nose.SeleniumScriptBuilder] Generating tearDown test method
[2018-10-26 11:23:27,868 DEBUG Engine.nose.SeleniumScriptBuilder] Generating test method test_requests
[2018-10-26 11:23:27,871 DEBUG Engine] Module config: final-stats {'class': u'bzt.modules.reporting.FinalStatus'}
[2018-10-26 11:23:27,871 DEBUG root] Importing module: bzt.modules.reporting
[2018-10-26 11:23:27,872 DEBUG root] Loading class: 'FinalStatus' from <module 'bzt.modules.reporting' from '/usr/local/Cellar/bzt/1.13.0/libexec/lib/python2.7/site-packages/bzt/modules/reporting.pyc'>
[2018-10-26 11:23:27,872 DEBUG Engine] Module config: console {'class': u'bzt.modules.console.ConsoleStatusReporter'}
[2018-10-26 11:23:27,872 DEBUG root] Importing module: bzt.modules.console
[2018-10-26 11:23:27,872 DEBUG root] Loading class: 'ConsoleStatusReporter' from <module 'bzt.modules.console' from '/usr/local/Cellar/bzt/1.13.0/libexec/lib/python2.7/site-packages/bzt/modules/console.pyc'>
[2018-10-26 11:23:27,879 DEBUG Engine.Configuration] Dumping YAML config into /Users/chefe02/Desktop/presales_cert/Artifacts/2018-10-26_11-23-27.114150bz/effective.yml
[2018-10-26 11:23:27,903 DEBUG Engine.Configuration] Dumping JSON config into /Users/chefe02/Desktop/presales_cert/Artifacts/2018-10-26_11-23-27.114150bz/effective.json
[2018-10-26 11:23:27,904 INFO Engine] Starting...
[2018-10-26 11:23:27,905 DEBUG Engine] Startup <bzt.modules.monitoring.Monitoring object at 0x106d33190>
[2018-10-26 11:23:27,905 DEBUG Engine] Startup <bzt.modules.blazemeter.ServiceStubCaptureHAR object at 0x1084d9350>
[2018-10-26 11:23:27,905 WARNING Engine.capturehar] Stub for service 'capturehar', use cloud provisioning to have it working
[2018-10-26 11:23:27,905 DEBUG Engine] Startup <bzt.modules.blazemeter.ServiceStubScreenshoter object at 0x10851fb90>
[2018-10-26 11:23:27,905 WARNING Engine.screenshoter] Stub for service 'screenshoter', use cloud provisioning to have it working
[2018-10-26 11:23:27,905 DEBUG Engine] Startup <bzt.modules.aggregator.ConsolidatingAggregator object at 0x106d333d0>
[2018-10-26 11:23:27,905 DEBUG Engine] Startup <bzt.modules.reporting.FinalStatus object at 0x10865c710>
[2018-10-26 11:23:27,905 DEBUG Engine] Startup <bzt.modules.console.ConsoleStatusReporter object at 0x108674510>
[2018-10-26 11:23:27,905 INFO Engine.console] Waiting for results...
[2018-10-26 11:23:27,905 DEBUG Engine] Startup <bzt.modules.provisioning.Local object at 0x106d075d0>
[2018-10-26 11:23:27,906 DEBUG Engine.local] Delay setup for selenium/NOP_SC3-Selenium: 0(start-at) + 0(delay) = 0
[2018-10-26 11:23:27,908 DEBUG Engine.Configuration] Dumping YAML config into /Users/chefe02/Desktop/presales_cert/Artifacts/2018-10-26_11-23-27.114150bz/effective.yml
[2018-10-26 11:23:27,936 DEBUG Engine.Configuration] Dumping JSON config into /Users/chefe02/Desktop/presales_cert/Artifacts/2018-10-26_11-23-27.114150bz/effective.json
[2018-10-26 11:23:27,938 DEBUG root] Leveling down log file verbosity to INFO, use -v option to have DEBUG messages enabled
[2018-10-26 11:23:27,938 DEBUG root] Leveled up log file verbosity
[2018-10-26 11:23:27,938 DEBUG Engine] New artifact filename: /Users/chefe02/Desktop/presales_cert/Artifacts/2018-10-26_11-23-27.114150bz/apiritif-
[2018-10-26 11:23:27,938 DEBUG Engine] New artifact filename: /Users/chefe02/Desktop/presales_cert/Artifacts/2018-10-26_11-23-27.114150bz/nose.out
[2018-10-26 11:23:27,938 DEBUG Engine] New artifact filename: /Users/chefe02/Desktop/presales_cert/Artifacts/2018-10-26_11-23-27.114150bz/nose.err
[2018-10-26 11:23:27,938 DEBUG bzt.utils] Executing shell: ['/usr/local/Cellar/bzt/1.13.0/libexec/bin/python2.7', '-m', 'apiritif.loadgen', '--result-file-template', '/Users/chefe02/Desktop/presales_cert/Artifacts/2018-10-26_11-23-27.114150bz/apiritif-%s.csv', '--concurrency', '1', '--iterations', '1', '/Users/chefe02/Desktop/presales_cert/Artifacts/2018-10-26_11-23-27.114150bz/test_requests.py'] at /Users/chefe02/Desktop/presales_cert
[2018-10-26 11:23:27,946 DEBUG root] Leveling down log file verbosity to INFO, use -v option to have DEBUG messages enabled
[2018-10-26 11:23:27,983 WARNING Engine] There is newer version of Taurus 1.13.1 available, consider upgrading. What's new: http://gettaurus.org/docs/Changelog/
[2018-10-26 11:23:28,165 INFO Engine.console] Waiting for finish...
[2018-10-26 11:24:09,074 INFO Engine.nose.ApiritifLoadReader] Changed data analysis delay to 42s
[2018-10-26 11:24:09,118 WARNING Engine] Please wait for graceful shutdown...
[2018-10-26 11:24:09,122 DEBUG root] Leveled up log file verbosity
[2018-10-26 11:24:09,122 INFO Engine] Shutting down...
[2018-10-26 11:24:09,126 DEBUG Engine] Current stop reason: None
[2018-10-26 11:24:09,127 DEBUG Engine.local] Shutdown selenium/NOP_SC3-Selenium
[2018-10-26 11:24:09,127 DEBUG Engine.selenium] Selenium tests ran for 41.1891870499 seconds
[2018-10-26 11:24:09,127 DEBUG Engine.console] Restoring logging streams, [<logging.StreamHandler object at 0x106cfec10>]/{<logging.StreamHandler object at 0x106cfec10>: <open file '<stdout>', mode 'w' at 0x105496150>}
[2018-10-26 11:24:09,129 DEBUG Engine.Configuration] Dumping YAML config into /Users/chefe02/Desktop/presales_cert/Artifacts/2018-10-26_11-23-27.114150bz/effective.yml
[2018-10-26 11:24:09,154 DEBUG Engine.Configuration] Dumping JSON config into /Users/chefe02/Desktop/presales_cert/Artifacts/2018-10-26_11-23-27.114150bz/effective.json
[2018-10-26 11:24:09,155 INFO Engine] Post-processing...
[2018-10-26 11:24:09,155 DEBUG Engine.local] Post-process selenium/NOP_SC3-Selenium
[2018-10-26 11:24:09,155 DEBUG Engine.nose.FileReader] Reading: /Users/chefe02/Desktop/presales_cert/Artifacts/2018-10-26_11-23-27.114150bz/nose.out
[2018-10-26 11:24:09,155 DEBUG Engine.nose.FileReader] Reading: /Users/chefe02/Desktop/presales_cert/Artifacts/2018-10-26_11-23-27.114150bz/nose.out
[2018-10-26 11:24:09,155 DEBUG Engine.nose.ApiritifLoadReader.JTLReader.IncrementalCSVReader.FileReader] Reading: /Users/chefe02/Desktop/presales_cert/Artifacts/2018-10-26_11-23-27.114150bz/apiritif-0.csv
[2018-10-26 11:24:09,155 DEBUG Engine.nose.ApiritifLoadReader] Buffer len: 2; Known errors count: 0
[2018-10-26 11:24:09,156 DEBUG Engine.nose.ApiritifLoadReader] Aggregating: 1540578237
[2018-10-26 11:24:09,158 DEBUG Engine.nose.ApiritifLoadReader] Aggregating: 1540578238
[2018-10-26 11:24:09,161 DEBUG Engine.consolidator] Consolidator buffer[3]: [1540578236, 1540578237, 1540578238]
[2018-10-26 11:24:09,161 DEBUG Engine.consolidator] Merging into 1540578236
[2018-10-26 11:24:09,161 DEBUG Engine.consolidator] Merging 1540578236
[2018-10-26 11:24:09,171 DEBUG Engine.consolidator] Processed datapoint: 1540578236/None
[2018-10-26 11:24:09,171 DEBUG Engine.consolidator] Merging into 1540578237
[2018-10-26 11:24:09,171 DEBUG Engine.consolidator] Merging 1540578237
[2018-10-26 11:24:09,181 DEBUG Engine.consolidator] Processed datapoint: 1540578237/None
[2018-10-26 11:24:09,181 DEBUG Engine.consolidator] Merging into 1540578238
[2018-10-26 11:24:09,181 DEBUG Engine.consolidator] Merging 1540578238
[2018-10-26 11:24:09,193 DEBUG Engine.consolidator] Processed datapoint: 1540578238/None
[2018-10-26 11:24:09,193 INFO Engine.final-stats] Test duration: 0:00:42
[2018-10-26 11:24:09,193 INFO Engine.final-stats] Samples count: 9, 0.00% failures
[2018-10-26 11:24:09,193 INFO Engine.final-stats] Average times: total 4.007, latency 0.000, connect 0.000
[2018-10-26 11:24:09,194 INFO Engine.final-stats] Percentiles:
(0lqqqqqqqqqqqqqqqwqqqqqqqqqqqqqqqk(B
(0x(B Percentile, % (0x(B Resp. Time, s (0x(B
(0tqqqqqqqqqqqqqqqnqqqqqqqqqqqqqqqu(B
(0x(B           0.0 (0x(B         0.057 (0x(B
(0x(B          50.0 (0x(B         1.139 (0x(B
(0x(B          90.0 (0x(B         8.999 (0x(B
(0x(B          95.0 (0x(B        20.927 (0x(B
(0x(B          99.0 (0x(B        20.927 (0x(B
(0x(B          99.9 (0x(B        20.927 (0x(B
(0x(B         100.0 (0x(B        20.927 (0x(B
(0mqqqqqqqqqqqqqqqvqqqqqqqqqqqqqqqj(B
[2018-10-26 11:24:09,197 INFO Engine.final-stats] Request label stats:
(0lqqqqqqqqqqqqqqqqqqqqqqqqqqqqwqqqqqqqqwqqqqqqqqqwqqqqqqqqwqqqqqqqk(B
(0x(B label                      (0x(B status (0x(B    succ (0x(B avg_rt (0x(B error (0x(B
(0tqqqqqqqqqqqqqqqqqqqqqqqqqqqqnqqqqqqqqnqqqqqqqqqnqqqqqqqqnqqqqqqqu(B
(0x(B add fahrenheit 451 to cart (0x(B   OK   (0x(B 100.00% (0x(B  0.058 (0x(B       (0x(B
(0x(B add macbook to cart        (0x(B   OK   (0x(B 100.00% (0x(B  0.057 (0x(B       (0x(B
(0x(B add sunglasses to cart     (0x(B   OK   (0x(B 100.00% (0x(B  0.059 (0x(B       (0x(B
(0x(B checkout as guest          (0x(B   OK   (0x(B 100.00% (0x(B  8.993 (0x(B       (0x(B
(0x(B click "accessories"        (0x(B   OK   (0x(B 100.00% (0x(B  1.139 (0x(B       (0x(B
(0x(B click "books"              (0x(B   OK   (0x(B 100.00% (0x(B  0.690 (0x(B       (0x(B
(0x(B click macbook              (0x(B   OK   (0x(B 100.00% (0x(B  2.796 (0x(B       (0x(B
(0x(B go to home page            (0x(B   OK   (0x(B 100.00% (0x(B 20.925 (0x(B       (0x(B
(0x(B search "apple"             (0x(B   OK   (0x(B 100.00% (0x(B  1.346 (0x(B       (0x(B
(0mqqqqqqqqqqqqqqqqqqqqqqqqqqqqvqqqqqqqqvqqqqqqqqqvqqqqqqqqvqqqqqqqj(B
[2018-10-26 11:24:09,197 DEBUG Engine.console] No logger_handler or orig_stream was detected
[2018-10-26 11:24:09,200 DEBUG Engine.Configuration] Dumping YAML config into /Users/chefe02/Desktop/presales_cert/Artifacts/2018-10-26_11-23-27.114150bz/effective.yml
[2018-10-26 11:24:09,232 DEBUG Engine.Configuration] Dumping JSON config into /Users/chefe02/Desktop/presales_cert/Artifacts/2018-10-26_11-23-27.114150bz/effective.json
[2018-10-26 11:24:09,234 INFO root] Artifacts dir: /Users/chefe02/Desktop/presales_cert/Artifacts/2018-10-26_11-23-27.114150bz
[2018-10-26 11:24:09,234 INFO root] Done performing with code: 0
[2018-10-26 11:24:09,234 DEBUG root] Closing log handler: /Users/chefe02/Desktop/presales_cert/Artifacts/2018-10-26_11-23-27.114150bz/bzt.log
