[2018-10-24 16:13:52,836 INFO root] Taurus CLI Tool v1.13.0
[2018-10-24 16:13:52,836 DEBUG root] Command-line options: {'verbose': None, 'no_system_configs': None, 'quiet': None, 'log': '/var/folders/5f/vzk4zj_95sndkt7khp6l85jhnvgy8l/T/bzt_F6WoUC.log', 'option': None, 'aliases': []}
[2018-10-24 16:13:52,836 DEBUG root] Python: CPython 2.7.15
[2018-10-24 16:13:52,837 DEBUG root] OS: ('Darwin', 'chefe02mac947', '17.7.0', 'Darwin Kernel Version 17.7.0: Thu Jun 21 22:53:14 PDT 2018; root:xnu-4570.71.2~1/RELEASE_X86_64', 'x86_64', 'i386')
[2018-10-24 16:13:52,837 DEBUG root] Adding JMX shorthand config for: ['NOP_SC2.jmx']
[2018-10-24 16:13:52,837 DEBUG root] Dumping JSON config into /var/folders/5f/vzk4zj_95sndkt7khp6l85jhnvgy8l/T/jmx_k57qRg.json
[2018-10-24 16:13:52,838 INFO root] Starting with configs: ['/var/folders/5f/vzk4zj_95sndkt7khp6l85jhnvgy8l/T/jmx_k57qRg.json']
[2018-10-24 16:13:52,838 DEBUG root] Using personal config: /Users/chefe02/.bzt-rc
[2018-10-24 16:13:52,838 INFO Engine] Configuring...
[2018-10-24 16:13:52,838 DEBUG Engine] No machine configs dir: /usr/local/Cellar/bzt/1.13.0/libexec/bin/../etc/bzt.d
[2018-10-24 16:13:52,838 DEBUG Engine] Base configs list: ['/usr/local/Cellar/bzt/1.13.0/libexec/lib/python2.7/site-packages/bzt/resources/base-config.yml']
[2018-10-24 16:13:52,838 DEBUG Engine.Configuration] Configs: ['/usr/local/Cellar/bzt/1.13.0/libexec/lib/python2.7/site-packages/bzt/resources/base-config.yml']
[2018-10-24 16:13:52,844 DEBUG Engine.Configuration] Reading /usr/local/Cellar/bzt/1.13.0/libexec/lib/python2.7/site-packages/bzt/resources/base-config.yml as YAML
[2018-10-24 16:13:52,869 DEBUG Engine] User configs list: ['/Users/chefe02/.bzt-rc', '/var/folders/5f/vzk4zj_95sndkt7khp6l85jhnvgy8l/T/jmx_k57qRg.json']
[2018-10-24 16:13:52,869 DEBUG Engine.Configuration] Configs: ['/Users/chefe02/.bzt-rc', '/var/folders/5f/vzk4zj_95sndkt7khp6l85jhnvgy8l/T/jmx_k57qRg.json']
[2018-10-24 16:13:52,870 DEBUG Engine.Configuration] Reading /Users/chefe02/.bzt-rc as YAML
[2018-10-24 16:13:53,077 DEBUG Engine.Configuration] Reading /var/folders/5f/vzk4zj_95sndkt7khp6l85jhnvgy8l/T/jmx_k57qRg.json as YAML
[2018-10-24 16:13:53,078 DEBUG Engine.Configuration] Configs: ['/Users/chefe02/.bzt-rc', '/var/folders/5f/vzk4zj_95sndkt7khp6l85jhnvgy8l/T/jmx_k57qRg.json']
[2018-10-24 16:13:53,078 DEBUG Engine.Configuration] Reading /Users/chefe02/.bzt-rc as YAML
[2018-10-24 16:13:53,082 DEBUG Engine.Configuration] Reading /var/folders/5f/vzk4zj_95sndkt7khp6l85jhnvgy8l/T/jmx_k57qRg.json as YAML
[2018-10-24 16:13:53,092 DEBUG Engine] Requesting updates info: http://gettaurus.org/updates/?version=1.13.0&installID=macos-8c85905fb9f6
[2018-10-24 16:13:53,093 DEBUG HTTPClient] Making HTTP request GET http://gettaurus.org/updates/?version=1.13.0&installID=macos-8c85905fb9f6
[2018-10-24 16:13:53,094 INFO Engine] Artifacts dir: /Users/chefe02/Desktop/presales_cert/2018-10-24_16-13-53.093127
[2018-10-24 16:13:53,097 DEBUG Engine] New artifact filename: /Users/chefe02/Desktop/presales_cert/2018-10-24_16-13-53.093127/effective
[2018-10-24 16:13:53,100 DEBUG urllib3.connectionpool] Starting new HTTP connection (1): gettaurus.org:80
[2018-10-24 16:13:53,100 DEBUG Engine.Configuration] Dumping YAML config into /Users/chefe02/Desktop/presales_cert/2018-10-24_16-13-53.093127/effective.yml
[2018-10-24 16:13:53,118 DEBUG Engine.Configuration] Dumping JSON config into /Users/chefe02/Desktop/presales_cert/2018-10-24_16-13-53.093127/effective.json
[2018-10-24 16:13:53,119 DEBUG Engine] New artifact filename: /Users/chefe02/Desktop/presales_cert/2018-10-24_16-13-53.093127/merged.yml
[2018-10-24 16:13:53,120 DEBUG Engine.Configuration] Dumping YAML config into /Users/chefe02/Desktop/presales_cert/2018-10-24_16-13-53.093127/merged.yml
[2018-10-24 16:13:53,121 DEBUG Engine] New artifact filename: /Users/chefe02/Desktop/presales_cert/2018-10-24_16-13-53.093127/merged.json
[2018-10-24 16:13:53,121 DEBUG Engine.Configuration] Dumping JSON config into /Users/chefe02/Desktop/presales_cert/2018-10-24_16-13-53.093127/merged.json
[2018-10-24 16:13:53,121 DEBUG Engine] Add existing artifact (move=False): /var/folders/5f/vzk4zj_95sndkt7khp6l85jhnvgy8l/T/jmx_k57qRg.json
[2018-10-24 16:13:53,121 DEBUG Engine] Copying /var/folders/5f/vzk4zj_95sndkt7khp6l85jhnvgy8l/T/jmx_k57qRg.json to /Users/chefe02/Desktop/presales_cert/2018-10-24_16-13-53.093127/jmx_k57qRg.json
[2018-10-24 16:13:53,122 DEBUG Engine.Environment] Replace 'TAURUS_ARTIFACTS_DIR' in environment
[2018-10-24 16:13:53,122 DEBUG root] Closing log handler: /var/folders/5f/vzk4zj_95sndkt7khp6l85jhnvgy8l/T/bzt_F6WoUC.log
[2018-10-24 16:13:53,474 DEBUG root] Switched writing logs to /Users/chefe02/Desktop/presales_cert/2018-10-24_16-13-53.093127/bzt.log
[2018-10-24 16:13:53,474 DEBUG root] Linting config
[2018-10-24 16:13:53,476 INFO Engine] Preparing...
[2018-10-24 16:13:53,477 DEBUG Engine] Module config: consolidator {'class': u'bzt.modules.aggregator.ConsolidatingAggregator'}
[2018-10-24 16:13:53,477 DEBUG root] Importing module: bzt.modules.aggregator
[2018-10-24 16:13:53,614 DEBUG root] Loading class: 'ConsolidatingAggregator' from <module 'bzt.modules.aggregator' from '/usr/local/Cellar/bzt/1.13.0/libexec/lib/python2.7/site-packages/bzt/modules/aggregator.pyc'>
[2018-10-24 16:13:53,615 DEBUG Engine.consolidator] Buffer scaling setup: percentile 95.0 from [0.0, 50.0, 90.0, 95.0, 99.0, 99.9, 100.0] selected
[2018-10-24 16:13:53,615 DEBUG Engine] Module config: monitoring {'class': u'bzt.modules.monitoring.Monitoring'}
[2018-10-24 16:13:53,615 DEBUG root] Importing module: bzt.modules.monitoring
[2018-10-24 16:13:53,617 DEBUG root] Loading class: 'Monitoring' from <module 'bzt.modules.monitoring' from '/usr/local/Cellar/bzt/1.13.0/libexec/lib/python2.7/site-packages/bzt/modules/monitoring.pyc'>
[2018-10-24 16:13:53,618 DEBUG Engine] Module config: local {'class': u'bzt.modules.provisioning.Local'}
[2018-10-24 16:13:53,618 DEBUG root] Importing module: bzt.modules.provisioning
[2018-10-24 16:13:53,618 DEBUG root] Loading class: 'Local' from <module 'bzt.modules.provisioning' from '/usr/local/Cellar/bzt/1.13.0/libexec/lib/python2.7/site-packages/bzt/modules/provisioning.pyc'>
[2018-10-24 16:13:53,618 DEBUG Engine] Module config: jmeter {'properties': {'jmeter.save.saveservice.autoflush': u'true', 'jmeter.save.saveservice.connect_time': u'true', 'summariser.name': u'', 'jmeterengine.force.system.exit': u'true'}, 'plugins': [u'jpgc-casutg', u'jpgc-dummy', u'jpgc-ffw', u'jpgc-fifo', u'jpgc-functions', u'jpgc-json', u'jpgc-perfmon', u'jpgc-prmctl', u'jpgc-tst'], 'class': u'bzt.modules.jmeter.JMeterExecutor', 'protocol-handlers': {'http': u'bzt.jmx.http.HTTPProtocolHandler'}}
[2018-10-24 16:13:53,618 DEBUG root] Importing module: bzt.modules.jmeter
[2018-10-24 16:13:53,630 DEBUG root] Loading class: 'JMeterExecutor' from <module 'bzt.modules.jmeter' from '/usr/local/Cellar/bzt/1.13.0/libexec/lib/python2.7/site-packages/bzt/modules/jmeter.pyc'>
[2018-10-24 16:13:53,631 DEBUG Engine.local] Preparing executor: jmeter/4413522896
[2018-10-24 16:13:53,631 DEBUG Engine.jmeter] Extract {'script': u'NOP_SC2.jmx'} into scenarios
[2018-10-24 16:13:53,631 DEBUG Engine] New artifact filename: /Users/chefe02/Desktop/presales_cert/2018-10-24_16-13-53.093127/jmeter.log
[2018-10-24 16:13:53,632 DEBUG Engine.jmeter] Checking if port 4445 is free
[2018-10-24 16:13:53,632 DEBUG Engine.jmeter] Port 4445 is free
[2018-10-24 16:13:53,632 DEBUG Engine.jmeter] Using port 4445 for management
[2018-10-24 16:13:53,633 DEBUG Engine.jmeter.JavaVM] Trying JavaVM: ['java', '-version']
[2018-10-24 16:13:53,761 DEBUG Engine.jmeter.JavaVM] JavaVM output: java version "1.8.0_151"
Java(TM) SE Runtime Environment (build 1.8.0_151-b12)
Java HotSpot(TM) 64-Bit Server VM (build 25.151-b12, mixed mode)
[2018-10-24 16:13:53,761 DEBUG Engine.jmeter.TclLibrary] We don't need to check tcl library on this platform
[2018-10-24 16:13:53,762 DEBUG Engine.jmeter.JMeter] Trying jmeter: /Users/chefe02/.bzt/jmeter-taurus/4.0/bin/jmeter.sh
[2018-10-24 16:13:53,762 DEBUG bzt.utils] Executing shell: ['/Users/chefe02/.bzt/jmeter-taurus/4.0/bin/jmeter.sh', '-j', '/var/folders/5f/vzk4zj_95sndkt7khp6l85jhnvgy8l/T/jmeterTvoJXglog', '--version'] at .
[2018-10-24 16:13:53,830 DEBUG urllib3.connectionpool] http://gettaurus.org:80 "GET /updates/?version=1.13.0&installID=macos-8c85905fb9f6 HTTP/1.1" 200 60
[2018-10-24 16:13:53,832 DEBUG Engine] Taurus updates info: {u'needsUpgrade': False, u'latest': u'1.13.0'}
[2018-10-24 16:13:53,833 DEBUG Engine] Installation is up-to-date
[2018-10-24 16:13:58,954 DEBUG Engine.jmeter.JMeter] JMeter check:     _    ____   _    ____ _   _ _____       _ __  __ _____ _____ _____ ____     
   / \  |  _ \ / \  / ___| | | | ____|     | |  \/  | ____|_   _| ____|  _ \   
  / _ \ | |_) / _ \| |   | |_| |  _|    _  | | |\/| |  _|   | | |  _| | |_) | 
 / ___ \|  __/ ___ \ |___|  _  | |___  | |_| | |  | | |___  | | | |___|  _ <  
/_/   \_\_| /_/   \_\____|_| |_|_____|  \___/|_|  |_|_____| |_| |_____|_| \_\ 4.0 r1823414  

Copyright (c) 1999-2018 The Apache Software Foundation

 / None
[2018-10-24 16:13:58,955 DEBUG Engine.jmeter] Load: LoadSpec(concurrency=None, throughput=None, ramp_up=None, hold=0, iterations=None, duration=None, steps=None)
[2018-10-24 16:13:58,967 DEBUG Engine] New artifact filename: /Users/chefe02/Desktop/presales_cert/2018-10-24_16-13-53.093127/kpi.jtl
[2018-10-24 16:13:58,968 DEBUG Engine] New artifact filename: /Users/chefe02/Desktop/presales_cert/2018-10-24_16-13-53.093127/error.jtl
[2018-10-24 16:13:58,970 INFO Engine.jmeter] 1 obsolete CookieManagers are found and fixed
[2018-10-24 16:13:58,970 DEBUG Engine.jmeter.LoadSettingsProcessor] Thread group detection: duration not found, regular ThreadGroup will be used
[2018-10-24 16:13:58,971 DEBUG Engine.jmeter.LoadSettingsProcessor] No iterations/concurrency/duration found, thread group modification is skipped
[2018-10-24 16:13:58,971 DEBUG JMX] Saving JMX to: /Users/chefe02/Desktop/presales_cert/modified_NOP_SC2.jmx
[2018-10-24 16:13:58,973 DEBUG Engine.jmeter] Additional properties: {'jmeter.save.saveservice.autoflush': u'true', 'jmeter.save.saveservice.connect_time': u'true', 'user.classpath': u'/Users/chefe02/Desktop/presales_cert/2018-10-24_16-13-53.093127:/Users/chefe02/Desktop/presales_cert', 'sampleresult.default.encoding': 'UTF-8', 'summariser.name': u'', 'jmeterengine.force.system.exit': u'true', 'jmeter.save.saveservice.timestamp_format': 'ms', 'jmeterengine.nongui.maxport': 4445, 'jmeterengine.nongui.port': 4445}
[2018-10-24 16:13:58,973 DEBUG Engine] New artifact filename: /Users/chefe02/Desktop/presales_cert/2018-10-24_16-13-53.093127/jmeter-bzt.properties
[2018-10-24 16:13:58,974 DEBUG Engine.jmeter.JMeter] Passing JVM_ARGS: ''
[2018-10-24 16:13:58,974 DEBUG bzt.utils] Executing shell: ['/Users/chefe02/.bzt/jmeter-taurus/4.0/bin/PluginsManagerCMD.sh', 'install-for-jmx', u'/Users/chefe02/Desktop/presales_cert/modified_NOP_SC2.jmx'] at .
[2018-10-24 16:14:04,432 DEBUG Engine.jmeter.JMeter] Try to detect plugins for /Users/chefe02/Desktop/presales_cert/modified_NOP_SC2.jmx
16:14:01.220 [main] INFO  org.jmeterplugins.repository.PluginManager - Plugins Status: [jpgc-functions=2.0, jpgc-casutg=2.5, jpgc-dummy=0.2, jpgc-ffw=2.0, bzm-hls=1.2, jpgc-fifo=0.2, jpgc-json=2.6, jpgc-prmctl=0.3, jpgc-perfmon=2.1, jpgc-plugins-manager=0.20, jpgc-tst=2.3, jmeter-core=4.0, jmeter-ftp=4.0, jmeter-http=4.0, jmeter-jdbc=4.0, jmeter-jms=4.0, jmeter-junit=4.0, jmeter-java=4.0, jmeter-ldap=4.0, jmeter-mail=4.0, jmeter-mongodb=4.0, jmeter-native=4.0, jmeter-tcp=4.0, jmeter-components=4.0]
2018-10-24 16:14:01,220 INFO o.j.r.PluginManager: Plugins Status: [jpgc-functions=2.0, jpgc-casutg=2.5, jpgc-dummy=0.2, jpgc-ffw=2.0, bzm-hls=1.2, jpgc-fifo=0.2, jpgc-json=2.6, jpgc-prmctl=0.3, jpgc-perfmon=2.1, jpgc-plugins-manager=0.20, jpgc-tst=2.3, jmeter-core=4.0, jmeter-ftp=4.0, jmeter-http=4.0, jmeter-jdbc=4.0, jmeter-jms=4.0, jmeter-junit=4.0, jmeter-java=4.0, jmeter-ldap=4.0, jmeter-mail=4.0, jmeter-mongodb=4.0, jmeter-native=4.0, jmeter-tcp=4.0, jmeter-components=4.0]
16:14:01.778 [main] INFO  org.apache.jmeter.save.SaveService - Testplan (JMX) version: 2.2. Testlog (JTL) version: 2.2
2018-10-24 16:14:01,778 INFO o.a.j.s.SaveService: Testplan (JMX) version: 2.2. Testlog (JTL) version: 2.2
16:14:02.068 [main] INFO  org.apache.jmeter.save.SaveService - Using SaveService properties file encoding UTF-8
2018-10-24 16:14:02,068 INFO o.a.j.s.SaveService: Using SaveService properties file encoding UTF-8
16:14:02.071 [main] INFO  org.apache.jmeter.save.SaveService - Using SaveService properties version 4.0
2018-10-24 16:14:02,071 INFO o.a.j.s.SaveService: Using SaveService properties version 4.0
16:14:03.454 [main] INFO  org.apache.jmeter.protocol.http.control.CookieManager - Settings: Delete null: true Check: true Allow variable: true Save: false Prefix: COOKIE_
2018-10-24 16:14:03,454 INFO o.a.j.p.h.c.CookieManager: Settings: Delete null: true Check: true Allow variable: true Save: false Prefix: COOKIE_
16:14:03.457 [main] INFO  org.apache.jmeter.protocol.http.control.CacheManager - Will only cache the following methods: [GET]
2018-10-24 16:14:03,457 INFO o.a.j.p.h.c.CacheManager: Will only cache the following methods: [GET]
16:14:03.543 [main] INFO  org.jmeterplugins.repository.PluginManager - Restarting JMeter...
2018-10-24 16:14:03,543 INFO o.j.r.PluginManager: Restarting JMeter...
16:14:03.544 [Thread-3] INFO  org.jmeterplugins.repository.PluginManager - Starting JMeter Plugins modifications
2018-10-24 16:14:03,544 INFO o.j.r.PluginManager: Starting JMeter Plugins modifications

ERROR StatusLogger No log4j2 configuration file found. Using default configuration: logging only errors to the console. Set system property 'log4j2.debug' to show Log4j2 internal initialization logging.

[2018-10-24 16:14:04,433 DEBUG Engine] New artifact filename: /Users/chefe02/Desktop/presales_cert/2018-10-24_16-13-53.093127/jmeter.out
[2018-10-24 16:14:04,433 DEBUG Engine] New artifact filename: /Users/chefe02/Desktop/presales_cert/2018-10-24_16-13-53.093127/jmeter.err
[2018-10-24 16:14:04,434 DEBUG Engine] Module config: final-stats {'class': u'bzt.modules.reporting.FinalStatus'}
[2018-10-24 16:14:04,434 DEBUG root] Importing module: bzt.modules.reporting
[2018-10-24 16:14:04,456 DEBUG easyprocess] version=0.2.3
[2018-10-24 16:14:04,460 DEBUG pyvirtualdisplay] version=0.2.1
[2018-10-24 16:14:04,462 DEBUG root] Loading class: 'FinalStatus' from <module 'bzt.modules.reporting' from '/usr/local/Cellar/bzt/1.13.0/libexec/lib/python2.7/site-packages/bzt/modules/reporting.pyc'>
[2018-10-24 16:14:04,462 DEBUG Engine] Module config: console {'class': u'bzt.modules.console.ConsoleStatusReporter'}
[2018-10-24 16:14:04,462 DEBUG root] Importing module: bzt.modules.console
[2018-10-24 16:14:04,463 DEBUG root] Loading class: 'ConsoleStatusReporter' from <module 'bzt.modules.console' from '/usr/local/Cellar/bzt/1.13.0/libexec/lib/python2.7/site-packages/bzt/modules/console.pyc'>
[2018-10-24 16:14:04,470 DEBUG Engine.Configuration] Dumping YAML config into /Users/chefe02/Desktop/presales_cert/2018-10-24_16-13-53.093127/effective.yml
[2018-10-24 16:14:04,488 DEBUG Engine.Configuration] Dumping JSON config into /Users/chefe02/Desktop/presales_cert/2018-10-24_16-13-53.093127/effective.json
[2018-10-24 16:14:04,489 INFO Engine] Starting...
[2018-10-24 16:14:04,489 DEBUG Engine] Startup <bzt.modules.monitoring.Monitoring object at 0x10709df50>
[2018-10-24 16:14:04,489 DEBUG Engine] Startup <bzt.modules.aggregator.ConsolidatingAggregator object at 0x105942490>
[2018-10-24 16:14:04,489 DEBUG Engine] Startup <bzt.modules.reporting.FinalStatus object at 0x1058fa790>
[2018-10-24 16:14:04,489 DEBUG Engine] Startup <bzt.modules.console.ConsoleStatusReporter object at 0x107191350>
[2018-10-24 16:14:04,490 INFO Engine.console] Waiting for results...
[2018-10-24 16:14:04,490 DEBUG Engine] Startup <bzt.modules.provisioning.Local object at 0x1058fa5d0>
[2018-10-24 16:14:04,490 DEBUG Engine.local] Delay setup for jmeter/NOP_SC2.jmx: 0(start-at) + 0(delay) = 0
[2018-10-24 16:14:04,491 DEBUG Engine.Configuration] Dumping YAML config into /Users/chefe02/Desktop/presales_cert/2018-10-24_16-13-53.093127/effective.yml
[2018-10-24 16:14:04,508 DEBUG Engine.Configuration] Dumping JSON config into /Users/chefe02/Desktop/presales_cert/2018-10-24_16-13-53.093127/effective.json
[2018-10-24 16:14:04,509 DEBUG root] Leveling down log file verbosity to INFO, use -v option to have DEBUG messages enabled
[2018-10-24 16:14:04,509 DEBUG root] Leveled up log file verbosity
[2018-10-24 16:14:04,509 DEBUG bzt.utils] Executing shell: ['/Users/chefe02/.bzt/jmeter-taurus/4.0/bin/jmeter.sh', '-n', '-t', u'/Users/chefe02/Desktop/presales_cert/modified_NOP_SC2.jmx', '-j', '/Users/chefe02/Desktop/presales_cert/2018-10-24_16-13-53.093127/jmeter.log', '-q', '/Users/chefe02/Desktop/presales_cert/2018-10-24_16-13-53.093127/jmeter-bzt.properties'] at /Users/chefe02/Desktop/presales_cert
[2018-10-24 16:14:04,515 DEBUG root] Leveling down log file verbosity to INFO, use -v option to have DEBUG messages enabled
[2018-10-24 16:14:04,734 INFO Engine.console] Waiting for finish...
[2018-10-24 16:14:10,547 INFO Engine.jmeter.JTLReader] Changed data analysis delay to 3s
[2018-10-24 16:14:20,558 INFO Engine.jmeter.JTLReader] Changed data analysis delay to 4s
[2018-10-24 16:14:22,566 INFO Engine.jmeter.JTLReader] Changed data analysis delay to 3s
[2018-10-24 16:14:30,597 INFO Engine.jmeter.JTLReader] Changed data analysis delay to 4s
[2018-10-24 16:14:44,643 INFO Engine.jmeter.JTLReader] Changed data analysis delay to 3s
[2018-10-24 16:15:15,781 WARNING Engine] Please wait for graceful shutdown...
[2018-10-24 16:15:15,786 DEBUG root] Leveled up log file verbosity
[2018-10-24 16:15:15,786 INFO Engine] Shutting down...
[2018-10-24 16:15:15,792 DEBUG Engine] Current stop reason: None
[2018-10-24 16:15:15,792 DEBUG Engine.local] Shutdown jmeter/NOP_SC2.jmx
[2018-10-24 16:15:15,792 DEBUG Engine.console] Restoring logging streams, [<logging.StreamHandler object at 0x1058f1c10>]/{<logging.StreamHandler object at 0x1058f1c10>: <open file '<stdout>', mode 'w' at 0x103fe8150>}
[2018-10-24 16:15:15,794 DEBUG Engine.Configuration] Dumping YAML config into /Users/chefe02/Desktop/presales_cert/2018-10-24_16-13-53.093127/effective.yml
[2018-10-24 16:15:15,814 DEBUG Engine.Configuration] Dumping JSON config into /Users/chefe02/Desktop/presales_cert/2018-10-24_16-13-53.093127/effective.json
[2018-10-24 16:15:15,816 INFO Engine] Post-processing...
[2018-10-24 16:15:15,816 DEBUG Engine.local] Post-process jmeter/NOP_SC2.jmx
[2018-10-24 16:15:15,816 DEBUG Engine] Add existing artifact (move=True): /Users/chefe02/Desktop/presales_cert/modified_NOP_SC2.jmx
[2018-10-24 16:15:15,817 DEBUG Engine] Moving /Users/chefe02/Desktop/presales_cert/modified_NOP_SC2.jmx to /Users/chefe02/Desktop/presales_cert/2018-10-24_16-13-53.093127/modified_NOP_SC2.jmx
[2018-10-24 16:15:15,817 DEBUG Engine.jmeter.JTLErrorsReader.FileReader] Reading: /Users/chefe02/Desktop/presales_cert/2018-10-24_16-13-53.093127/error.jtl
[2018-10-24 16:15:15,817 DEBUG Engine.jmeter.JTLReader.IncrementalCSVReader.FileReader] Reading: /Users/chefe02/Desktop/presales_cert/2018-10-24_16-13-53.093127/kpi.jtl
[2018-10-24 16:15:15,817 DEBUG Engine.jmeter.JTLReader] Buffer len: 3; Known errors count: 1
[2018-10-24 16:15:15,818 DEBUG Engine.jmeter.JTLReader] Aggregating: 1540422904
[2018-10-24 16:15:15,826 DEBUG Engine.jmeter.JTLReader] Aggregating: 1540422905
[2018-10-24 16:15:15,831 DEBUG Engine.jmeter.JTLReader] Aggregating: 1540422906
[2018-10-24 16:15:15,835 DEBUG Engine.consolidator] Consolidator buffer[5]: [1540422902, 1540422903, 1540422904, 1540422905, 1540422906]
[2018-10-24 16:15:15,835 DEBUG Engine.consolidator] Merging into 1540422902
[2018-10-24 16:15:15,835 DEBUG Engine.consolidator] Merging 1540422902
[2018-10-24 16:15:15,852 DEBUG Engine.consolidator] Processed datapoint: 1540422902/None
[2018-10-24 16:15:15,852 DEBUG Engine.consolidator] Merging into 1540422903
[2018-10-24 16:15:15,852 DEBUG Engine.consolidator] Merging 1540422903
[2018-10-24 16:15:15,864 DEBUG Engine.consolidator] Processed datapoint: 1540422903/None
[2018-10-24 16:15:15,864 DEBUG Engine.consolidator] Merging into 1540422904
[2018-10-24 16:15:15,864 DEBUG Engine.consolidator] Merging 1540422904
[2018-10-24 16:15:15,877 DEBUG Engine.consolidator] Processed datapoint: 1540422904/None
[2018-10-24 16:15:15,877 DEBUG Engine.consolidator] Merging into 1540422905
[2018-10-24 16:15:15,877 DEBUG Engine.consolidator] Merging 1540422905
[2018-10-24 16:15:15,888 DEBUG Engine.consolidator] Processed datapoint: 1540422905/None
[2018-10-24 16:15:15,888 DEBUG Engine.consolidator] Merging into 1540422906
[2018-10-24 16:15:15,888 DEBUG Engine.consolidator] Merging 1540422906
[2018-10-24 16:15:15,899 DEBUG Engine.consolidator] Processed datapoint: 1540422906/None
[2018-10-24 16:15:15,899 INFO Engine.final-stats] Test duration: 0:01:11
[2018-10-24 16:15:15,899 INFO Engine.final-stats] Samples count: 1117, 49.69% failures
[2018-10-24 16:15:15,899 INFO Engine.final-stats] Average times: total 1.080, latency 0.669, connect 0.008
[2018-10-24 16:15:15,900 INFO Engine.final-stats] Percentiles:
(0lqqqqqqqqqqqqqqqwqqqqqqqqqqqqqqqk(B
(0x(B Percentile, % (0x(B Resp. Time, s (0x(B
(0tqqqqqqqqqqqqqqqnqqqqqqqqqqqqqqqu(B
(0x(B           0.0 (0x(B         0.131 (0x(B
(0x(B          50.0 (0x(B         1.039 (0x(B
(0x(B          90.0 (0x(B         1.582 (0x(B
(0x(B          95.0 (0x(B         1.709 (0x(B
(0x(B          99.0 (0x(B         2.101 (0x(B
(0x(B          99.9 (0x(B        20.111 (0x(B
(0x(B         100.0 (0x(B        23.487 (0x(B
(0mqqqqqqqqqqqqqqqvqqqqqqqqqqqqqqqj(B
[2018-10-24 16:15:15,903 INFO Engine.final-stats] Request label stats:
(0lqqqqqqqqqqqqqqqqqqqqqqqqwqqqqqqqqwqqqqqqqqqwqqqqqqqqwqqqqqqqqqqqqqqk(B
(0x(B label                  (0x(B status (0x(B    succ (0x(B avg_rt (0x(B error        (0x(B
(0tqqqqqqqqqqqqqqqqqqqqqqqqnqqqqqqqqnqqqqqqqqqnqqqqqqqqnqqqqqqqqqqqqqqu(B
(0x(B add book to cart       (0x(B   OK   (0x(B 100.00% (0x(B  0.634 (0x(B              (0x(B
(0x(B add macbook to cart    (0x(B   OK   (0x(B 100.00% (0x(B  0.653 (0x(B              (0x(B
(0x(B add sunglasses to cart (0x(B   OK   (0x(B 100.00% (0x(B  0.614 (0x(B              (0x(B
(0x(B click macbook          (0x(B  FAIL  (0x(B  20.00% (0x(B  1.087 (0x(B Not Modified (0x(B
(0x(B click on sunglasses    (0x(B  FAIL  (0x(B  19.00% (0x(B  1.113 (0x(B Not Modified (0x(B
(0x(B search "apple"         (0x(B  FAIL  (0x(B  28.00% (0x(B  1.412 (0x(B Not Found    (0x(B
(0x(B search "fahr"          (0x(B  FAIL  (0x(B  19.00% (0x(B  1.628 (0x(B Not Modified (0x(B
(0x(B search sunglasses      (0x(B  FAIL  (0x(B  20.00% (0x(B  1.460 (0x(B Not Modified (0x(B
(0mqqqqqqqqqqqqqqqqqqqqqqqqvqqqqqqqqvqqqqqqqqqvqqqqqqqqvqqqqqqqqqqqqqqj(B
[2018-10-24 16:15:15,903 DEBUG Engine.console] No logger_handler or orig_stream was detected
[2018-10-24 16:15:15,904 DEBUG Engine.Configuration] Dumping YAML config into /Users/chefe02/Desktop/presales_cert/2018-10-24_16-13-53.093127/effective.yml
[2018-10-24 16:15:15,925 DEBUG Engine.Configuration] Dumping JSON config into /Users/chefe02/Desktop/presales_cert/2018-10-24_16-13-53.093127/effective.json
[2018-10-24 16:15:15,926 INFO root] Artifacts dir: /Users/chefe02/Desktop/presales_cert/2018-10-24_16-13-53.093127
[2018-10-24 16:15:15,926 INFO root] Done performing with code: 0
[2018-10-24 16:15:15,926 DEBUG root] Closing log handler: /Users/chefe02/Desktop/presales_cert/2018-10-24_16-13-53.093127/bzt.log
