2018-10-24 16:14:05,398 INFO o.a.j.u.JMeterUtils: Setting Locale to en_US
2018-10-24 16:14:05,414 INFO o.a.j.JMeter: Loading user properties from: /Users/chefe02/.bzt/jmeter-taurus/4.0/bin/user.properties
2018-10-24 16:14:05,414 INFO o.a.j.JMeter: Loading system properties from: /Users/chefe02/.bzt/jmeter-taurus/4.0/bin/system.properties
2018-10-24 16:14:05,419 INFO o.a.j.JMeter: Copyright (c) 1998-2018 The Apache Software Foundation
2018-10-24 16:14:05,419 INFO o.a.j.JMeter: Version 4.0 r1823414
2018-10-24 16:14:05,419 INFO o.a.j.JMeter: java.version=1.8.0_151
2018-10-24 16:14:05,419 INFO o.a.j.JMeter: java.vm.name=Java HotSpot(TM) 64-Bit Server VM
2018-10-24 16:14:05,419 INFO o.a.j.JMeter: os.name=Mac OS X
2018-10-24 16:14:05,419 INFO o.a.j.JMeter: os.arch=x86_64
2018-10-24 16:14:05,419 INFO o.a.j.JMeter: os.version=10.13.6
2018-10-24 16:14:05,419 INFO o.a.j.JMeter: file.encoding=UTF-8
2018-10-24 16:14:05,419 INFO o.a.j.JMeter: Max memory     =3817865216
2018-10-24 16:14:05,419 INFO o.a.j.JMeter: Available Processors =8
2018-10-24 16:14:05,422 INFO o.a.j.JMeter: Default Locale=English (United States)
2018-10-24 16:14:05,423 INFO o.a.j.JMeter: JMeter  Locale=English (United States)
2018-10-24 16:14:05,423 INFO o.a.j.JMeter: JMeterHome=/Users/chefe02/.bzt/jmeter-taurus/4.0
2018-10-24 16:14:05,423 INFO o.a.j.JMeter: user.dir  =/Users/chefe02/Desktop/presales_cert
2018-10-24 16:14:05,423 INFO o.a.j.JMeter: PWD       =/Users/chefe02/Desktop/presales_cert
2018-10-24 16:14:05,425 INFO o.a.j.JMeter: IP: 10.137.178.125 Name: chefe02mac947 FullName: chefe02mac947.ca.com
2018-10-24 16:14:05,425 INFO o.a.j.JMeter: user.classpath=/Users/chefe02/Desktop/presales_cert/2018-10-24_16-13-53.093127:/Users/chefe02/Desktop/presales_cert
2018-10-24 16:14:05,425 INFO o.a.j.JMeter: Adding to classpath and loader: /Users/chefe02/Desktop/presales_cert/2018-10-24_16-13-53.093127
2018-10-24 16:14:05,426 INFO o.a.j.JMeter: Adding to classpath and loader: /Users/chefe02/Desktop/presales_cert
2018-10-24 16:14:05,428 INFO o.a.j.s.FileServer: Default base='/Users/chefe02/Desktop/presales_cert'
2018-10-24 16:14:05,444 INFO o.a.j.s.FileServer: Set new base='/Users/chefe02/Desktop/presales_cert'
2018-10-24 16:14:05,552 INFO o.a.j.s.SaveService: Testplan (JMX) version: 2.2. Testlog (JTL) version: 2.2
2018-10-24 16:14:05,568 INFO o.a.j.s.SaveService: Using SaveService properties file encoding UTF-8
2018-10-24 16:14:05,572 INFO o.a.j.s.SaveService: Using SaveService properties version 4.0
2018-10-24 16:14:05,578 INFO o.a.j.s.SaveService: Loading file: /Users/chefe02/Desktop/presales_cert/modified_NOP_SC2.jmx
2018-10-24 16:14:05,927 INFO o.a.j.p.h.c.CookieManager: Settings: Delete null: true Check: true Allow variable: true Save: false Prefix: COOKIE_
2018-10-24 16:14:05,930 INFO o.a.j.p.h.c.CacheManager: Will only cache the following methods: [GET]
2018-10-24 16:14:05,951 INFO o.a.j.p.h.s.HTTPSamplerBase: Parser for text/html is org.apache.jmeter.protocol.http.parser.LagartoBasedHtmlParser
2018-10-24 16:14:05,951 INFO o.a.j.p.h.s.HTTPSamplerBase: Parser for application/xhtml+xml is org.apache.jmeter.protocol.http.parser.LagartoBasedHtmlParser
2018-10-24 16:14:05,951 INFO o.a.j.p.h.s.HTTPSamplerBase: Parser for application/xml is org.apache.jmeter.protocol.http.parser.LagartoBasedHtmlParser
2018-10-24 16:14:05,951 INFO o.a.j.p.h.s.HTTPSamplerBase: Parser for text/xml is org.apache.jmeter.protocol.http.parser.LagartoBasedHtmlParser
2018-10-24 16:14:05,951 INFO o.a.j.p.h.s.HTTPSamplerBase: Parser for text/vnd.wap.wml is org.apache.jmeter.protocol.http.parser.RegexpHTMLParser
2018-10-24 16:14:05,951 INFO o.a.j.p.h.s.HTTPSamplerBase: Parser for text/css is org.apache.jmeter.protocol.http.parser.CssParser
2018-10-24 16:14:05,981 INFO o.a.j.e.StandardJMeterEngine: Running the test!
2018-10-24 16:14:05,982 INFO o.a.j.s.SampleEvent: List of sample_variables: []
2018-10-24 16:14:05,982 INFO o.a.j.s.SampleEvent: List of sample_variables: []
2018-10-24 16:14:05,985 INFO o.a.j.e.u.CompoundVariable: Note: Function class names must contain the string: '.functions.'
2018-10-24 16:14:05,985 INFO o.a.j.e.u.CompoundVariable: Note: Function class names must not contain the string: '.gui.'
2018-10-24 16:14:06,582 INFO o.a.j.JMeter: Running test (1540422846582)
2018-10-24 16:14:06,635 INFO o.a.j.e.StandardJMeterEngine: Starting ThreadGroup: 1 : Thread Group
2018-10-24 16:14:06,635 INFO o.a.j.e.StandardJMeterEngine: Starting 20 threads for group Thread Group.
2018-10-24 16:14:06,635 INFO o.a.j.e.StandardJMeterEngine: Thread will continue on error
2018-10-24 16:14:06,635 INFO o.a.j.t.ThreadGroup: Starting thread group... number=1 threads=20 ramp-up=1 perThread=50.0 delayedStart=false
2018-10-24 16:14:06,644 INFO o.a.j.t.JMeterThread: Thread started: Thread Group 1-1
2018-10-24 16:14:06,657 INFO o.a.j.t.ThreadGroup: Started thread group number 1
2018-10-24 16:14:06,657 INFO o.a.j.e.StandardJMeterEngine: All thread groups have been started
2018-10-24 16:14:06,664 INFO o.a.j.p.h.s.HTTPHCAbstractImpl: Local host = chefe02mac947
2018-10-24 16:14:06,668 INFO o.a.j.p.h.s.HTTPHC4Impl: HTTP request retry count = 0
2018-10-24 16:14:06,675 INFO o.a.j.s.SampleResult: Note: Sample TimeStamps are START times
2018-10-24 16:14:06,675 INFO o.a.j.s.SampleResult: sampleresult.default.encoding is set to UTF-8
2018-10-24 16:14:06,675 INFO o.a.j.s.SampleResult: sampleresult.useNanoTime=true
2018-10-24 16:14:06,675 INFO o.a.j.s.SampleResult: sampleresult.nanoThreadSleep=5000
2018-10-24 16:14:06,696 INFO o.a.j.t.JMeterThread: Thread started: Thread Group 1-2
2018-10-24 16:14:06,750 INFO o.a.j.t.JMeterThread: Thread started: Thread Group 1-3
2018-10-24 16:14:06,799 INFO o.a.j.t.JMeterThread: Thread started: Thread Group 1-4
2018-10-24 16:14:06,851 INFO o.a.j.t.JMeterThread: Thread started: Thread Group 1-5
2018-10-24 16:14:06,902 INFO o.a.j.t.JMeterThread: Thread started: Thread Group 1-6
2018-10-24 16:14:06,951 INFO o.a.j.t.JMeterThread: Thread started: Thread Group 1-7
2018-10-24 16:14:07,003 INFO o.a.j.t.JMeterThread: Thread started: Thread Group 1-8
2018-10-24 16:14:07,052 INFO o.a.j.t.JMeterThread: Thread started: Thread Group 1-9
2018-10-24 16:14:07,103 INFO o.a.j.t.JMeterThread: Thread started: Thread Group 1-10
2018-10-24 16:14:07,151 INFO o.a.j.t.JMeterThread: Thread started: Thread Group 1-11
2018-10-24 16:14:07,206 INFO o.a.j.t.JMeterThread: Thread started: Thread Group 1-12
2018-10-24 16:14:07,256 INFO o.a.j.t.JMeterThread: Thread started: Thread Group 1-13
2018-10-24 16:14:07,307 INFO o.a.j.t.JMeterThread: Thread started: Thread Group 1-14
2018-10-24 16:14:07,358 INFO o.a.j.t.JMeterThread: Thread started: Thread Group 1-15
2018-10-24 16:14:07,410 INFO o.a.j.t.JMeterThread: Thread started: Thread Group 1-16
2018-10-24 16:14:07,458 INFO o.a.j.t.JMeterThread: Thread started: Thread Group 1-17
2018-10-24 16:14:07,508 INFO o.a.j.t.JMeterThread: Thread started: Thread Group 1-18
2018-10-24 16:14:07,515 INFO o.a.j.p.h.p.BaseParser: Created org.apache.jmeter.protocol.http.parser.LagartoBasedHtmlParser
2018-10-24 16:14:07,560 INFO o.a.j.t.JMeterThread: Thread started: Thread Group 1-19
2018-10-24 16:14:07,580 INFO o.a.j.p.h.s.ResourcesDownloader: Creating ResourcesDownloader with keepalive_inseconds : 60
2018-10-24 16:14:07,609 INFO o.a.j.t.JMeterThread: Thread started: Thread Group 1-20
2018-10-24 16:14:07,693 INFO o.a.j.p.h.p.BaseParser: Created org.apache.jmeter.protocol.http.parser.CssParser
2018-10-24 16:15:06,692 INFO o.a.j.t.JMeterThread: Stopping because end time detected by thread: Thread Group 1-20
2018-10-24 16:15:06,692 INFO o.a.j.t.JMeterThread: Thread finished: Thread Group 1-20
2018-10-24 16:15:06,792 INFO o.a.j.t.JMeterThread: Stopping because end time detected by thread: Thread Group 1-13
2018-10-24 16:15:06,792 INFO o.a.j.t.JMeterThread: Thread finished: Thread Group 1-13
2018-10-24 16:15:06,818 INFO o.a.j.t.JMeterThread: Stopping because end time detected by thread: Thread Group 1-6
2018-10-24 16:15:06,818 INFO o.a.j.t.JMeterThread: Thread finished: Thread Group 1-6
2018-10-24 16:15:06,867 INFO o.a.j.t.JMeterThread: Stopping because end time detected by thread: Thread Group 1-15
2018-10-24 16:15:06,867 INFO o.a.j.t.JMeterThread: Thread finished: Thread Group 1-15
2018-10-24 16:15:06,881 INFO o.a.j.t.JMeterThread: Stopping because end time detected by thread: Thread Group 1-18
2018-10-24 16:15:06,881 INFO o.a.j.t.JMeterThread: Thread finished: Thread Group 1-18
2018-10-24 16:15:06,934 INFO o.a.j.t.JMeterThread: Stopping because end time detected by thread: Thread Group 1-9
2018-10-24 16:15:06,934 INFO o.a.j.t.JMeterThread: Thread finished: Thread Group 1-9
2018-10-24 16:15:07,001 INFO o.a.j.t.JMeterThread: Stopping because end time detected by thread: Thread Group 1-11
2018-10-24 16:15:07,001 INFO o.a.j.t.JMeterThread: Thread finished: Thread Group 1-11
2018-10-24 16:15:07,033 INFO o.a.j.t.JMeterThread: Stopping because end time detected by thread: Thread Group 1-12
2018-10-24 16:15:07,033 INFO o.a.j.t.JMeterThread: Thread finished: Thread Group 1-12
2018-10-24 16:15:07,137 INFO o.a.j.t.JMeterThread: Stopping because end time detected by thread: Thread Group 1-8
2018-10-24 16:15:07,137 INFO o.a.j.t.JMeterThread: Thread finished: Thread Group 1-8
2018-10-24 16:15:07,224 INFO o.a.j.t.JMeterThread: Stopping because end time detected by thread: Thread Group 1-14
2018-10-24 16:15:07,224 INFO o.a.j.t.JMeterThread: Thread finished: Thread Group 1-14
2018-10-24 16:15:07,263 INFO o.a.j.t.JMeterThread: Stopping because end time detected by thread: Thread Group 1-17
2018-10-24 16:15:07,263 INFO o.a.j.t.JMeterThread: Thread finished: Thread Group 1-17
2018-10-24 16:15:07,398 INFO o.a.j.t.JMeterThread: Stopping because end time detected by thread: Thread Group 1-4
2018-10-24 16:15:07,398 INFO o.a.j.t.JMeterThread: Thread finished: Thread Group 1-4
2018-10-24 16:15:07,420 INFO o.a.j.t.JMeterThread: Stopping because end time detected by thread: Thread Group 1-3
2018-10-24 16:15:07,420 INFO o.a.j.t.JMeterThread: Thread finished: Thread Group 1-3
2018-10-24 16:15:07,457 INFO o.a.j.t.JMeterThread: Stopping because end time detected by thread: Thread Group 1-16
2018-10-24 16:15:07,458 INFO o.a.j.t.JMeterThread: Thread finished: Thread Group 1-16
2018-10-24 16:15:07,521 INFO o.a.j.t.JMeterThread: Stopping because end time detected by thread: Thread Group 1-7
2018-10-24 16:15:07,521 INFO o.a.j.t.JMeterThread: Thread finished: Thread Group 1-7
2018-10-24 16:15:07,531 INFO o.a.j.t.JMeterThread: Stopping because end time detected by thread: Thread Group 1-19
2018-10-24 16:15:07,531 INFO o.a.j.t.JMeterThread: Thread finished: Thread Group 1-19
2018-10-24 16:15:07,578 INFO o.a.j.t.JMeterThread: Stopping because end time detected by thread: Thread Group 1-10
2018-10-24 16:15:07,579 INFO o.a.j.t.JMeterThread: Thread finished: Thread Group 1-10
2018-10-24 16:15:07,594 INFO o.a.j.t.JMeterThread: Stopping because end time detected by thread: Thread Group 1-5
2018-10-24 16:15:07,594 INFO o.a.j.t.JMeterThread: Thread finished: Thread Group 1-5
2018-10-24 16:15:07,641 INFO o.a.j.t.JMeterThread: Stopping because end time detected by thread: Thread Group 1-1
2018-10-24 16:15:07,641 INFO o.a.j.t.JMeterThread: Thread finished: Thread Group 1-1
2018-10-24 16:15:14,296 INFO o.a.j.t.JMeterThread: Stopping because end time detected by thread: Thread Group 1-2
2018-10-24 16:15:14,297 INFO o.a.j.t.JMeterThread: Thread finished: Thread Group 1-2
2018-10-24 16:15:14,297 INFO o.a.j.e.StandardJMeterEngine: Notifying test listeners of end of test
2018-10-24 16:15:14,298 INFO o.a.j.e.StandardJMeterEngine: Forced JVM shutdown requested at end of test
