[2018-10-24 16:24:53,020 INFO root] Taurus CLI Tool v1.13.0
[2018-10-24 16:24:53,020 DEBUG root] Command-line options: {'verbose': None, 'no_system_configs': None, 'quiet': None, 'log': '/var/folders/5f/vzk4zj_95sndkt7khp6l85jhnvgy8l/T/bzt_qmDVnb.log', 'option': None, 'aliases': []}
[2018-10-24 16:24:53,021 DEBUG root] Python: CPython 2.7.15
[2018-10-24 16:24:53,021 DEBUG root] OS: ('Darwin', 'chefe02mac947', '17.7.0', 'Darwin Kernel Version 17.7.0: Thu Jun 21 22:53:14 PDT 2018; root:xnu-4570.71.2~1/RELEASE_X86_64', 'x86_64', 'i386')
[2018-10-24 16:24:53,021 DEBUG root] Adding JMX shorthand config for: ['NOP_SC2.jmx']
[2018-10-24 16:24:53,022 DEBUG root] Dumping JSON config into /var/folders/5f/vzk4zj_95sndkt7khp6l85jhnvgy8l/T/jmx_tg3N2i.json
[2018-10-24 16:24:53,022 INFO root] Starting with configs: ['/var/folders/5f/vzk4zj_95sndkt7khp6l85jhnvgy8l/T/jmx_tg3N2i.json']
[2018-10-24 16:24:53,023 DEBUG root] Using personal config: /Users/chefe02/.bzt-rc
[2018-10-24 16:24:53,023 INFO Engine] Configuring...
[2018-10-24 16:24:53,023 DEBUG Engine] No machine configs dir: /usr/local/Cellar/bzt/1.13.0/libexec/bin/../etc/bzt.d
[2018-10-24 16:24:53,023 DEBUG Engine] Base configs list: ['/usr/local/Cellar/bzt/1.13.0/libexec/lib/python2.7/site-packages/bzt/resources/base-config.yml']
[2018-10-24 16:24:53,023 DEBUG Engine.Configuration] Configs: ['/usr/local/Cellar/bzt/1.13.0/libexec/lib/python2.7/site-packages/bzt/resources/base-config.yml']
[2018-10-24 16:24:53,023 DEBUG Engine.Configuration] Reading /usr/local/Cellar/bzt/1.13.0/libexec/lib/python2.7/site-packages/bzt/resources/base-config.yml as YAML
[2018-10-24 16:24:53,050 DEBUG Engine] User configs list: ['/Users/chefe02/.bzt-rc', '/var/folders/5f/vzk4zj_95sndkt7khp6l85jhnvgy8l/T/jmx_tg3N2i.json']
[2018-10-24 16:24:53,050 DEBUG Engine.Configuration] Configs: ['/Users/chefe02/.bzt-rc', '/var/folders/5f/vzk4zj_95sndkt7khp6l85jhnvgy8l/T/jmx_tg3N2i.json']
[2018-10-24 16:24:53,050 DEBUG Engine.Configuration] Reading /Users/chefe02/.bzt-rc as YAML
[2018-10-24 16:24:53,326 DEBUG Engine.Configuration] Reading /var/folders/5f/vzk4zj_95sndkt7khp6l85jhnvgy8l/T/jmx_tg3N2i.json as YAML
[2018-10-24 16:24:53,327 DEBUG Engine.Configuration] Configs: ['/Users/chefe02/.bzt-rc', '/var/folders/5f/vzk4zj_95sndkt7khp6l85jhnvgy8l/T/jmx_tg3N2i.json']
[2018-10-24 16:24:53,328 DEBUG Engine.Configuration] Reading /Users/chefe02/.bzt-rc as YAML
[2018-10-24 16:24:53,332 DEBUG Engine.Configuration] Reading /var/folders/5f/vzk4zj_95sndkt7khp6l85jhnvgy8l/T/jmx_tg3N2i.json as YAML
[2018-10-24 16:24:53,340 DEBUG Engine] Requesting updates info: http://gettaurus.org/updates/?version=1.13.0&installID=macos-8c85905fb9f6
[2018-10-24 16:24:53,341 DEBUG HTTPClient] Making HTTP request GET http://gettaurus.org/updates/?version=1.13.0&installID=macos-8c85905fb9f6
[2018-10-24 16:24:53,341 INFO Engine] Artifacts dir: /Users/chefe02/Desktop/presales_cert/2018-10-24_16-24-53.340945
[2018-10-24 16:24:53,345 DEBUG Engine] New artifact filename: /Users/chefe02/Desktop/presales_cert/2018-10-24_16-24-53.340945/effective
[2018-10-24 16:24:53,347 DEBUG Engine.Configuration] Dumping YAML config into /Users/chefe02/Desktop/presales_cert/2018-10-24_16-24-53.340945/effective.yml
[2018-10-24 16:24:53,347 DEBUG urllib3.connectionpool] Starting new HTTP connection (1): gettaurus.org:80
[2018-10-24 16:24:53,370 DEBUG Engine.Configuration] Dumping JSON config into /Users/chefe02/Desktop/presales_cert/2018-10-24_16-24-53.340945/effective.json
[2018-10-24 16:24:53,371 DEBUG Engine] New artifact filename: /Users/chefe02/Desktop/presales_cert/2018-10-24_16-24-53.340945/merged.yml
[2018-10-24 16:24:53,371 DEBUG Engine.Configuration] Dumping YAML config into /Users/chefe02/Desktop/presales_cert/2018-10-24_16-24-53.340945/merged.yml
[2018-10-24 16:24:53,372 DEBUG Engine] New artifact filename: /Users/chefe02/Desktop/presales_cert/2018-10-24_16-24-53.340945/merged.json
[2018-10-24 16:24:53,373 DEBUG Engine.Configuration] Dumping JSON config into /Users/chefe02/Desktop/presales_cert/2018-10-24_16-24-53.340945/merged.json
[2018-10-24 16:24:53,373 DEBUG Engine] Add existing artifact (move=False): /var/folders/5f/vzk4zj_95sndkt7khp6l85jhnvgy8l/T/jmx_tg3N2i.json
[2018-10-24 16:24:53,373 DEBUG Engine] Copying /var/folders/5f/vzk4zj_95sndkt7khp6l85jhnvgy8l/T/jmx_tg3N2i.json to /Users/chefe02/Desktop/presales_cert/2018-10-24_16-24-53.340945/jmx_tg3N2i.json
[2018-10-24 16:24:53,373 DEBUG Engine.Environment] Replace 'TAURUS_ARTIFACTS_DIR' in environment
[2018-10-24 16:24:53,374 DEBUG root] Closing log handler: /var/folders/5f/vzk4zj_95sndkt7khp6l85jhnvgy8l/T/bzt_qmDVnb.log
[2018-10-24 16:24:53,921 DEBUG root] Switched writing logs to /Users/chefe02/Desktop/presales_cert/2018-10-24_16-24-53.340945/bzt.log
[2018-10-24 16:24:53,921 DEBUG root] Linting config
[2018-10-24 16:24:53,925 INFO Engine] Preparing...
[2018-10-24 16:24:53,925 DEBUG Engine] Module config: consolidator {'class': u'bzt.modules.aggregator.ConsolidatingAggregator'}
[2018-10-24 16:24:53,925 DEBUG root] Importing module: bzt.modules.aggregator
[2018-10-24 16:24:54,023 DEBUG root] Loading class: 'ConsolidatingAggregator' from <module 'bzt.modules.aggregator' from '/usr/local/Cellar/bzt/1.13.0/libexec/lib/python2.7/site-packages/bzt/modules/aggregator.pyc'>
[2018-10-24 16:24:54,024 DEBUG Engine.consolidator] Buffer scaling setup: percentile 95.0 from [0.0, 50.0, 90.0, 95.0, 99.0, 99.9, 100.0] selected
[2018-10-24 16:24:54,024 DEBUG Engine] Module config: monitoring {'class': u'bzt.modules.monitoring.Monitoring'}
[2018-10-24 16:24:54,024 DEBUG root] Importing module: bzt.modules.monitoring
[2018-10-24 16:24:54,025 DEBUG root] Loading class: 'Monitoring' from <module 'bzt.modules.monitoring' from '/usr/local/Cellar/bzt/1.13.0/libexec/lib/python2.7/site-packages/bzt/modules/monitoring.pyc'>
[2018-10-24 16:24:54,026 DEBUG Engine] Module config: local {'class': u'bzt.modules.provisioning.Local'}
[2018-10-24 16:24:54,026 DEBUG root] Importing module: bzt.modules.provisioning
[2018-10-24 16:24:54,026 DEBUG root] Loading class: 'Local' from <module 'bzt.modules.provisioning' from '/usr/local/Cellar/bzt/1.13.0/libexec/lib/python2.7/site-packages/bzt/modules/provisioning.pyc'>
[2018-10-24 16:24:54,026 DEBUG Engine] Module config: jmeter {'properties': {'jmeter.save.saveservice.autoflush': u'true', 'jmeter.save.saveservice.connect_time': u'true', 'summariser.name': u'', 'jmeterengine.force.system.exit': u'true'}, 'plugins': [u'jpgc-casutg', u'jpgc-dummy', u'jpgc-ffw', u'jpgc-fifo', u'jpgc-functions', u'jpgc-json', u'jpgc-perfmon', u'jpgc-prmctl', u'jpgc-tst'], 'class': u'bzt.modules.jmeter.JMeterExecutor', 'protocol-handlers': {'http': u'bzt.jmx.http.HTTPProtocolHandler'}}
[2018-10-24 16:24:54,026 DEBUG root] Importing module: bzt.modules.jmeter
[2018-10-24 16:24:54,033 DEBUG root] Loading class: 'JMeterExecutor' from <module 'bzt.modules.jmeter' from '/usr/local/Cellar/bzt/1.13.0/libexec/lib/python2.7/site-packages/bzt/modules/jmeter.pyc'>
[2018-10-24 16:24:54,034 DEBUG Engine.local] Preparing executor: jmeter/4357243856
[2018-10-24 16:24:54,034 DEBUG Engine.jmeter] Extract {'script': u'NOP_SC2.jmx'} into scenarios
[2018-10-24 16:24:54,034 DEBUG Engine] New artifact filename: /Users/chefe02/Desktop/presales_cert/2018-10-24_16-24-53.340945/jmeter.log
[2018-10-24 16:24:54,034 DEBUG Engine.jmeter] Checking if port 4445 is free
[2018-10-24 16:24:54,035 DEBUG Engine.jmeter] Port 4445 is free
[2018-10-24 16:24:54,035 DEBUG Engine.jmeter] Using port 4445 for management
[2018-10-24 16:24:54,036 DEBUG Engine.jmeter.JavaVM] Trying JavaVM: ['java', '-version']
[2018-10-24 16:24:54,143 DEBUG Engine.jmeter.JavaVM] JavaVM output: java version "1.8.0_151"
Java(TM) SE Runtime Environment (build 1.8.0_151-b12)
Java HotSpot(TM) 64-Bit Server VM (build 25.151-b12, mixed mode)
[2018-10-24 16:24:54,143 DEBUG Engine.jmeter.TclLibrary] We don't need to check tcl library on this platform
[2018-10-24 16:24:54,144 DEBUG Engine.jmeter.JMeter] Trying jmeter: /Users/chefe02/.bzt/jmeter-taurus/4.0/bin/jmeter.sh
[2018-10-24 16:24:54,144 DEBUG bzt.utils] Executing shell: ['/Users/chefe02/.bzt/jmeter-taurus/4.0/bin/jmeter.sh', '-j', '/var/folders/5f/vzk4zj_95sndkt7khp6l85jhnvgy8l/T/jmeterflx4hdlog', '--version'] at .
[2018-10-24 16:24:54,164 DEBUG urllib3.connectionpool] http://gettaurus.org:80 "GET /updates/?version=1.13.0&installID=macos-8c85905fb9f6 HTTP/1.1" 200 60
[2018-10-24 16:24:54,166 DEBUG Engine] Taurus updates info: {u'needsUpgrade': False, u'latest': u'1.13.0'}
[2018-10-24 16:24:54,166 DEBUG Engine] Installation is up-to-date
[2018-10-24 16:24:55,094 DEBUG Engine.jmeter.JMeter] JMeter check:     _    ____   _    ____ _   _ _____       _ __  __ _____ _____ _____ ____     
   / \  |  _ \ / \  / ___| | | | ____|     | |  \/  | ____|_   _| ____|  _ \   
  / _ \ | |_) / _ \| |   | |_| |  _|    _  | | |\/| |  _|   | | |  _| | |_) | 
 / ___ \|  __/ ___ \ |___|  _  | |___  | |_| | |  | | |___  | | | |___|  _ <  
/_/   \_\_| /_/   \_\____|_| |_|_____|  \___/|_|  |_|_____| |_| |_____|_| \_\ 4.0 r1823414  

Copyright (c) 1999-2018 The Apache Software Foundation

 / None
[2018-10-24 16:24:55,095 DEBUG Engine.jmeter] Load: LoadSpec(concurrency=None, throughput=None, ramp_up=None, hold=0, iterations=None, duration=None, steps=None)
[2018-10-24 16:24:55,099 DEBUG Engine] New artifact filename: /Users/chefe02/Desktop/presales_cert/2018-10-24_16-24-53.340945/kpi.jtl
[2018-10-24 16:24:55,099 DEBUG Engine] New artifact filename: /Users/chefe02/Desktop/presales_cert/2018-10-24_16-24-53.340945/error.jtl
[2018-10-24 16:24:55,101 INFO Engine.jmeter] 1 obsolete CookieManagers are found and fixed
[2018-10-24 16:24:55,102 DEBUG Engine.jmeter.LoadSettingsProcessor] Thread group detection: duration not found, regular ThreadGroup will be used
[2018-10-24 16:24:55,102 DEBUG Engine.jmeter.LoadSettingsProcessor] No iterations/concurrency/duration found, thread group modification is skipped
[2018-10-24 16:24:55,102 DEBUG JMX] Saving JMX to: /Users/chefe02/Desktop/presales_cert/modified_NOP_SC2.jmx
[2018-10-24 16:24:55,103 DEBUG Engine.jmeter] Additional properties: {'jmeter.save.saveservice.autoflush': u'true', 'jmeter.save.saveservice.connect_time': u'true', 'user.classpath': u'/Users/chefe02/Desktop/presales_cert/2018-10-24_16-24-53.340945:/Users/chefe02/Desktop/presales_cert', 'sampleresult.default.encoding': 'UTF-8', 'summariser.name': u'', 'jmeterengine.force.system.exit': u'true', 'jmeter.save.saveservice.timestamp_format': 'ms', 'jmeterengine.nongui.maxport': 4445, 'jmeterengine.nongui.port': 4445}
[2018-10-24 16:24:55,103 DEBUG Engine] New artifact filename: /Users/chefe02/Desktop/presales_cert/2018-10-24_16-24-53.340945/jmeter-bzt.properties
[2018-10-24 16:24:55,103 DEBUG Engine.jmeter.JMeter] Passing JVM_ARGS: ''
[2018-10-24 16:24:55,103 DEBUG bzt.utils] Executing shell: ['/Users/chefe02/.bzt/jmeter-taurus/4.0/bin/PluginsManagerCMD.sh', 'install-for-jmx', u'/Users/chefe02/Desktop/presales_cert/modified_NOP_SC2.jmx'] at .
[2018-10-24 16:24:57,793 DEBUG Engine.jmeter.JMeter] Try to detect plugins for /Users/chefe02/Desktop/presales_cert/modified_NOP_SC2.jmx
16:24:56.485 [main] INFO  org.jmeterplugins.repository.PluginManager - Plugins Status: [jpgc-functions=2.0, jpgc-casutg=2.5, jpgc-dummy=0.2, jpgc-ffw=2.0, bzm-hls=1.2, jpgc-fifo=0.2, jpgc-json=2.6, jpgc-prmctl=0.3, jpgc-perfmon=2.1, jpgc-plugins-manager=0.20, jpgc-tst=2.3, jmeter-core=4.0, jmeter-ftp=4.0, jmeter-http=4.0, jmeter-jdbc=4.0, jmeter-jms=4.0, jmeter-junit=4.0, jmeter-java=4.0, jmeter-ldap=4.0, jmeter-mail=4.0, jmeter-mongodb=4.0, jmeter-native=4.0, jmeter-tcp=4.0, jmeter-components=4.0]
2018-10-24 16:24:56,485 INFO o.j.r.PluginManager: Plugins Status: [jpgc-functions=2.0, jpgc-casutg=2.5, jpgc-dummy=0.2, jpgc-ffw=2.0, bzm-hls=1.2, jpgc-fifo=0.2, jpgc-json=2.6, jpgc-prmctl=0.3, jpgc-perfmon=2.1, jpgc-plugins-manager=0.20, jpgc-tst=2.3, jmeter-core=4.0, jmeter-ftp=4.0, jmeter-http=4.0, jmeter-jdbc=4.0, jmeter-jms=4.0, jmeter-junit=4.0, jmeter-java=4.0, jmeter-ldap=4.0, jmeter-mail=4.0, jmeter-mongodb=4.0, jmeter-native=4.0, jmeter-tcp=4.0, jmeter-components=4.0]
16:24:56.783 [main] INFO  org.apache.jmeter.save.SaveService - Testplan (JMX) version: 2.2. Testlog (JTL) version: 2.2
2018-10-24 16:24:56,783 INFO o.a.j.s.SaveService: Testplan (JMX) version: 2.2. Testlog (JTL) version: 2.2
16:24:56.794 [main] INFO  org.apache.jmeter.save.SaveService - Using SaveService properties file encoding UTF-8
2018-10-24 16:24:56,794 INFO o.a.j.s.SaveService: Using SaveService properties file encoding UTF-8
16:24:56.797 [main] INFO  org.apache.jmeter.save.SaveService - Using SaveService properties version 4.0
2018-10-24 16:24:56,797 INFO o.a.j.s.SaveService: Using SaveService properties version 4.0
16:24:56.848 [main] INFO  org.apache.jmeter.protocol.http.control.CookieManager - Settings: Delete null: true Check: true Allow variable: true Save: false Prefix: COOKIE_
2018-10-24 16:24:56,848 INFO o.a.j.p.h.c.CookieManager: Settings: Delete null: true Check: true Allow variable: true Save: false Prefix: COOKIE_
16:24:56.850 [main] INFO  org.apache.jmeter.protocol.http.control.CacheManager - Will only cache the following methods: [GET]
2018-10-24 16:24:56,850 INFO o.a.j.p.h.c.CacheManager: Will only cache the following methods: [GET]
16:24:56.897 [main] INFO  org.jmeterplugins.repository.PluginManager - Restarting JMeter...
2018-10-24 16:24:56,897 INFO o.j.r.PluginManager: Restarting JMeter...
16:24:56.898 [Thread-3] INFO  org.jmeterplugins.repository.PluginManager - Starting JMeter Plugins modifications
2018-10-24 16:24:56,898 INFO o.j.r.PluginManager: Starting JMeter Plugins modifications

ERROR StatusLogger No log4j2 configuration file found. Using default configuration: logging only errors to the console. Set system property 'log4j2.debug' to show Log4j2 internal initialization logging.

[2018-10-24 16:24:57,793 DEBUG Engine] New artifact filename: /Users/chefe02/Desktop/presales_cert/2018-10-24_16-24-53.340945/jmeter.out
[2018-10-24 16:24:57,793 DEBUG Engine] New artifact filename: /Users/chefe02/Desktop/presales_cert/2018-10-24_16-24-53.340945/jmeter.err
[2018-10-24 16:24:57,795 DEBUG Engine] Module config: final-stats {'class': u'bzt.modules.reporting.FinalStatus'}
[2018-10-24 16:24:57,795 DEBUG root] Importing module: bzt.modules.reporting
[2018-10-24 16:24:57,806 DEBUG easyprocess] version=0.2.3
[2018-10-24 16:24:57,807 DEBUG pyvirtualdisplay] version=0.2.1
[2018-10-24 16:24:57,809 DEBUG root] Loading class: 'FinalStatus' from <module 'bzt.modules.reporting' from '/usr/local/Cellar/bzt/1.13.0/libexec/lib/python2.7/site-packages/bzt/modules/reporting.pyc'>
[2018-10-24 16:24:57,809 DEBUG Engine] Module config: console {'class': u'bzt.modules.console.ConsoleStatusReporter'}
[2018-10-24 16:24:57,809 DEBUG root] Importing module: bzt.modules.console
[2018-10-24 16:24:57,810 DEBUG root] Loading class: 'ConsoleStatusReporter' from <module 'bzt.modules.console' from '/usr/local/Cellar/bzt/1.13.0/libexec/lib/python2.7/site-packages/bzt/modules/console.pyc'>
[2018-10-24 16:24:57,819 DEBUG Engine.Configuration] Dumping YAML config into /Users/chefe02/Desktop/presales_cert/2018-10-24_16-24-53.340945/effective.yml
[2018-10-24 16:24:57,838 DEBUG Engine.Configuration] Dumping JSON config into /Users/chefe02/Desktop/presales_cert/2018-10-24_16-24-53.340945/effective.json
[2018-10-24 16:24:57,839 INFO Engine] Starting...
[2018-10-24 16:24:57,839 DEBUG Engine] Startup <bzt.modules.monitoring.Monitoring object at 0x103aedf50>
[2018-10-24 16:24:57,839 DEBUG Engine] Startup <bzt.modules.aggregator.ConsolidatingAggregator object at 0x103399910>
[2018-10-24 16:24:57,839 DEBUG Engine] Startup <bzt.modules.reporting.FinalStatus object at 0x103351790>
[2018-10-24 16:24:57,839 DEBUG Engine] Startup <bzt.modules.console.ConsoleStatusReporter object at 0x103be3350>
[2018-10-24 16:24:57,839 INFO Engine.console] Waiting for results...
[2018-10-24 16:24:57,839 DEBUG Engine] Startup <bzt.modules.provisioning.Local object at 0x1033515d0>
[2018-10-24 16:24:57,840 DEBUG Engine.local] Delay setup for jmeter/NOP_SC2.jmx: 0(start-at) + 0(delay) = 0
[2018-10-24 16:24:57,841 DEBUG Engine.Configuration] Dumping YAML config into /Users/chefe02/Desktop/presales_cert/2018-10-24_16-24-53.340945/effective.yml
[2018-10-24 16:24:57,858 DEBUG Engine.Configuration] Dumping JSON config into /Users/chefe02/Desktop/presales_cert/2018-10-24_16-24-53.340945/effective.json
[2018-10-24 16:24:57,859 DEBUG root] Leveling down log file verbosity to INFO, use -v option to have DEBUG messages enabled
[2018-10-24 16:24:57,859 DEBUG root] Leveled up log file verbosity
[2018-10-24 16:24:57,859 DEBUG bzt.utils] Executing shell: ['/Users/chefe02/.bzt/jmeter-taurus/4.0/bin/jmeter.sh', '-n', '-t', u'/Users/chefe02/Desktop/presales_cert/modified_NOP_SC2.jmx', '-j', '/Users/chefe02/Desktop/presales_cert/2018-10-24_16-24-53.340945/jmeter.log', '-q', '/Users/chefe02/Desktop/presales_cert/2018-10-24_16-24-53.340945/jmeter-bzt.properties'] at /Users/chefe02/Desktop/presales_cert
[2018-10-24 16:24:57,865 DEBUG root] Leveling down log file verbosity to INFO, use -v option to have DEBUG messages enabled
[2018-10-24 16:24:58,089 INFO Engine.console] Waiting for finish...
[2018-10-24 16:25:03,878 INFO Engine.jmeter.JTLReader] Changed data analysis delay to 3s
[2018-10-24 16:25:06,888 INFO Engine.jmeter.JTLReader] Changed data analysis delay to 2s
[2018-10-24 16:25:07,888 INFO Engine.jmeter.JTLReader] Changed data analysis delay to 3s
[2018-10-24 16:26:23,156 WARNING Engine] Please wait for graceful shutdown...
[2018-10-24 16:26:23,160 DEBUG root] Leveled up log file verbosity
[2018-10-24 16:26:23,160 INFO Engine] Shutting down...
[2018-10-24 16:26:23,165 DEBUG Engine] Current stop reason: None
[2018-10-24 16:26:23,165 DEBUG Engine.local] Shutdown jmeter/NOP_SC2.jmx
[2018-10-24 16:26:23,165 DEBUG Engine.console] Restoring logging streams, [<logging.StreamHandler object at 0x103348c10>]/{<logging.StreamHandler object at 0x103348c10>: <open file '<stdout>', mode 'w' at 0x101ae0150>}
[2018-10-24 16:26:23,167 DEBUG Engine.Configuration] Dumping YAML config into /Users/chefe02/Desktop/presales_cert/2018-10-24_16-24-53.340945/effective.yml
[2018-10-24 16:26:23,189 DEBUG Engine.Configuration] Dumping JSON config into /Users/chefe02/Desktop/presales_cert/2018-10-24_16-24-53.340945/effective.json
[2018-10-24 16:26:23,190 INFO Engine] Post-processing...
[2018-10-24 16:26:23,190 DEBUG Engine.local] Post-process jmeter/NOP_SC2.jmx
[2018-10-24 16:26:23,190 DEBUG Engine] Add existing artifact (move=True): /Users/chefe02/Desktop/presales_cert/modified_NOP_SC2.jmx
[2018-10-24 16:26:23,191 DEBUG Engine] Moving /Users/chefe02/Desktop/presales_cert/modified_NOP_SC2.jmx to /Users/chefe02/Desktop/presales_cert/2018-10-24_16-24-53.340945/modified_NOP_SC2.jmx
[2018-10-24 16:26:23,191 DEBUG Engine.jmeter.JTLErrorsReader.FileReader] Reading: /Users/chefe02/Desktop/presales_cert/2018-10-24_16-24-53.340945/error.jtl
[2018-10-24 16:26:23,191 DEBUG Engine.jmeter.JTLReader.IncrementalCSVReader.FileReader] Reading: /Users/chefe02/Desktop/presales_cert/2018-10-24_16-24-53.340945/kpi.jtl
[2018-10-24 16:26:23,191 DEBUG Engine.jmeter.JTLReader] Buffer len: 3; Known errors count: 4
[2018-10-24 16:26:23,191 DEBUG Engine.jmeter.JTLReader] Aggregating: 1540423557
[2018-10-24 16:26:23,195 DEBUG Engine.jmeter.JTLReader] Aggregating: 1540423558
[2018-10-24 16:26:23,199 DEBUG Engine.jmeter.JTLReader] Aggregating: 1540423559
[2018-10-24 16:26:23,203 DEBUG Engine.consolidator] Consolidator buffer[5]: [1540423555, 1540423556, 1540423557, 1540423558, 1540423559]
[2018-10-24 16:26:23,203 DEBUG Engine.consolidator] Merging into 1540423555
[2018-10-24 16:26:23,203 DEBUG Engine.consolidator] Merging 1540423555
[2018-10-24 16:26:23,214 DEBUG Engine.consolidator] Processed datapoint: 1540423555/None
[2018-10-24 16:26:23,214 DEBUG Engine.consolidator] Merging into 1540423556
[2018-10-24 16:26:23,214 DEBUG Engine.consolidator] Merging 1540423556
[2018-10-24 16:26:23,227 DEBUG Engine.consolidator] Processed datapoint: 1540423556/None
[2018-10-24 16:26:23,227 DEBUG Engine.consolidator] Merging into 1540423557
[2018-10-24 16:26:23,227 DEBUG Engine.consolidator] Merging 1540423557
[2018-10-24 16:26:23,244 DEBUG Engine.consolidator] Processed datapoint: 1540423557/None
[2018-10-24 16:26:23,244 DEBUG Engine.consolidator] Merging into 1540423558
[2018-10-24 16:26:23,244 DEBUG Engine.consolidator] Merging 1540423558
[2018-10-24 16:26:23,257 DEBUG Engine.consolidator] Processed datapoint: 1540423558/None
[2018-10-24 16:26:23,257 DEBUG Engine.consolidator] Merging into 1540423559
[2018-10-24 16:26:23,257 DEBUG Engine.consolidator] Merging 1540423559
[2018-10-24 16:26:23,269 DEBUG Engine.consolidator] Processed datapoint: 1540423559/None
[2018-10-24 16:26:23,269 INFO Engine.final-stats] Test duration: 0:01:26
[2018-10-24 16:26:23,270 INFO Engine.final-stats] Samples count: 1128, 0.35% failures
[2018-10-24 16:26:23,270 INFO Engine.final-stats] Average times: total 1.090, latency 0.677, connect 0.030
[2018-10-24 16:26:23,271 INFO Engine.final-stats] Percentiles:
(0lqqqqqqqqqqqqqqqwqqqqqqqqqqqqqqqk(B
(0x(B Percentile, % (0x(B Resp. Time, s (0x(B
(0tqqqqqqqqqqqqqqqnqqqqqqqqqqqqqqqu(B
(0x(B           0.0 (0x(B         0.252 (0x(B
(0x(B          50.0 (0x(B         1.123 (0x(B
(0x(B          90.0 (0x(B         1.434 (0x(B
(0x(B          95.0 (0x(B         1.504 (0x(B
(0x(B          99.0 (0x(B         1.727 (0x(B
(0x(B          99.9 (0x(B        16.367 (0x(B
(0x(B         100.0 (0x(B        26.191 (0x(B
(0mqqqqqqqqqqqqqqqvqqqqqqqqqqqqqqqj(B
[2018-10-24 16:26:23,272 INFO Engine.final-stats] Request label stats:
(0lqqqqqqqqqqqqqqqqqqqqqqqqwqqqqqqqqwqqqqqqqqqwqqqqqqqqwqqqqqqqqqqqqqqqqqqqqqqqqqqqqqqqqqk(B
(0x(B label                  (0x(B status (0x(B    succ (0x(B avg_rt (0x(B error                           (0x(B
(0tqqqqqqqqqqqqqqqqqqqqqqqqnqqqqqqqqnqqqqqqqqqnqqqqqqqqnqqqqqqqqqqqqqqqqqqqqqqqqqqqqqqqqqu(B
(0x(B add book to cart       (0x(B   OK   (0x(B 100.00% (0x(B  0.664 (0x(B                                 (0x(B
(0x(B add macbook to cart    (0x(B   OK   (0x(B 100.00% (0x(B  0.594 (0x(B                                 (0x(B
(0x(B add sunglasses to cart (0x(B   OK   (0x(B 100.00% (0x(B  0.587 (0x(B                                 (0x(B
(0x(B click macbook          (0x(B   OK   (0x(B 100.00% (0x(B  1.299 (0x(B                                 (0x(B
(0x(B click on sunglasses    (0x(B   OK   (0x(B 100.00% (0x(B  1.354 (0x(B                                 (0x(B
(0x(B search "apple"         (0x(B  FAIL  (0x(B  99.00% (0x(B  1.283 (0x(B Non HTTP response message: null (0x(B
(0x(B search "fahr"          (0x(B  FAIL  (0x(B  99.00% (0x(B  1.523 (0x(B Not Modified                    (0x(B
(0x(B search sunglasses      (0x(B  FAIL  (0x(B  98.00% (0x(B  1.381 (0x(B Not Modified                    (0x(B
(0mqqqqqqqqqqqqqqqqqqqqqqqqvqqqqqqqqvqqqqqqqqqvqqqqqqqqvqqqqqqqqqqqqqqqqqqqqqqqqqqqqqqqqqj(B
[2018-10-24 16:26:23,273 DEBUG Engine.console] No logger_handler or orig_stream was detected
[2018-10-24 16:26:23,274 DEBUG Engine.Configuration] Dumping YAML config into /Users/chefe02/Desktop/presales_cert/2018-10-24_16-24-53.340945/effective.yml
[2018-10-24 16:26:23,291 DEBUG Engine.Configuration] Dumping JSON config into /Users/chefe02/Desktop/presales_cert/2018-10-24_16-24-53.340945/effective.json
[2018-10-24 16:26:23,292 INFO root] Artifacts dir: /Users/chefe02/Desktop/presales_cert/2018-10-24_16-24-53.340945
[2018-10-24 16:26:23,292 INFO root] Done performing with code: 0
[2018-10-24 16:26:23,292 DEBUG root] Closing log handler: /Users/chefe02/Desktop/presales_cert/2018-10-24_16-24-53.340945/bzt.log
