2018-10-24 16:24:58,758 INFO o.a.j.u.JMeterUtils: Setting Locale to en_US
2018-10-24 16:24:58,775 INFO o.a.j.JMeter: Loading user properties from: /Users/chefe02/.bzt/jmeter-taurus/4.0/bin/user.properties
2018-10-24 16:24:58,775 INFO o.a.j.JMeter: Loading system properties from: /Users/chefe02/.bzt/jmeter-taurus/4.0/bin/system.properties
2018-10-24 16:24:58,780 INFO o.a.j.JMeter: Copyright (c) 1998-2018 The Apache Software Foundation
2018-10-24 16:24:58,780 INFO o.a.j.JMeter: Version 4.0 r1823414
2018-10-24 16:24:58,780 INFO o.a.j.JMeter: java.version=1.8.0_151
2018-10-24 16:24:58,780 INFO o.a.j.JMeter: java.vm.name=Java HotSpot(TM) 64-Bit Server VM
2018-10-24 16:24:58,780 INFO o.a.j.JMeter: os.name=Mac OS X
2018-10-24 16:24:58,780 INFO o.a.j.JMeter: os.arch=x86_64
2018-10-24 16:24:58,780 INFO o.a.j.JMeter: os.version=10.13.6
2018-10-24 16:24:58,780 INFO o.a.j.JMeter: file.encoding=UTF-8
2018-10-24 16:24:58,780 INFO o.a.j.JMeter: Max memory     =3817865216
2018-10-24 16:24:58,780 INFO o.a.j.JMeter: Available Processors =8
2018-10-24 16:24:58,784 INFO o.a.j.JMeter: Default Locale=English (United States)
2018-10-24 16:24:58,784 INFO o.a.j.JMeter: JMeter  Locale=English (United States)
2018-10-24 16:24:58,784 INFO o.a.j.JMeter: JMeterHome=/Users/chefe02/.bzt/jmeter-taurus/4.0
2018-10-24 16:24:58,784 INFO o.a.j.JMeter: user.dir  =/Users/chefe02/Desktop/presales_cert
2018-10-24 16:24:58,784 INFO o.a.j.JMeter: PWD       =/Users/chefe02/Desktop/presales_cert
2018-10-24 16:24:58,786 INFO o.a.j.JMeter: IP: 10.137.178.125 Name: chefe02mac947 FullName: chefe02mac947.ca.com
2018-10-24 16:24:58,786 INFO o.a.j.JMeter: user.classpath=/Users/chefe02/Desktop/presales_cert/2018-10-24_16-24-53.340945:/Users/chefe02/Desktop/presales_cert
2018-10-24 16:24:58,787 INFO o.a.j.JMeter: Adding to classpath and loader: /Users/chefe02/Desktop/presales_cert/2018-10-24_16-24-53.340945
2018-10-24 16:24:58,787 INFO o.a.j.JMeter: Adding to classpath and loader: /Users/chefe02/Desktop/presales_cert
2018-10-24 16:24:58,790 INFO o.a.j.s.FileServer: Default base='/Users/chefe02/Desktop/presales_cert'
2018-10-24 16:24:58,793 INFO o.a.j.s.FileServer: Set new base='/Users/chefe02/Desktop/presales_cert'
2018-10-24 16:24:58,902 INFO o.a.j.s.SaveService: Testplan (JMX) version: 2.2. Testlog (JTL) version: 2.2
2018-10-24 16:24:58,918 INFO o.a.j.s.SaveService: Using SaveService properties file encoding UTF-8
2018-10-24 16:24:58,922 INFO o.a.j.s.SaveService: Using SaveService properties version 4.0
2018-10-24 16:24:58,927 INFO o.a.j.s.SaveService: Loading file: /Users/chefe02/Desktop/presales_cert/modified_NOP_SC2.jmx
2018-10-24 16:24:58,973 INFO o.a.j.p.h.c.CookieManager: Settings: Delete null: true Check: true Allow variable: true Save: false Prefix: COOKIE_
2018-10-24 16:24:58,975 INFO o.a.j.p.h.c.CacheManager: Will only cache the following methods: [GET]
2018-10-24 16:24:58,994 INFO o.a.j.p.h.s.HTTPSamplerBase: Parser for text/html is org.apache.jmeter.protocol.http.parser.LagartoBasedHtmlParser
2018-10-24 16:24:58,994 INFO o.a.j.p.h.s.HTTPSamplerBase: Parser for application/xhtml+xml is org.apache.jmeter.protocol.http.parser.LagartoBasedHtmlParser
2018-10-24 16:24:58,994 INFO o.a.j.p.h.s.HTTPSamplerBase: Parser for application/xml is org.apache.jmeter.protocol.http.parser.LagartoBasedHtmlParser
2018-10-24 16:24:58,994 INFO o.a.j.p.h.s.HTTPSamplerBase: Parser for text/xml is org.apache.jmeter.protocol.http.parser.LagartoBasedHtmlParser
2018-10-24 16:24:58,994 INFO o.a.j.p.h.s.HTTPSamplerBase: Parser for text/vnd.wap.wml is org.apache.jmeter.protocol.http.parser.RegexpHTMLParser
2018-10-24 16:24:58,995 INFO o.a.j.p.h.s.HTTPSamplerBase: Parser for text/css is org.apache.jmeter.protocol.http.parser.CssParser
2018-10-24 16:24:59,019 INFO o.a.j.e.StandardJMeterEngine: Running the test!
2018-10-24 16:24:59,019 INFO o.a.j.s.SampleEvent: List of sample_variables: []
2018-10-24 16:24:59,019 INFO o.a.j.s.SampleEvent: List of sample_variables: []
2018-10-24 16:24:59,022 INFO o.a.j.e.u.CompoundVariable: Note: Function class names must contain the string: '.functions.'
2018-10-24 16:24:59,022 INFO o.a.j.e.u.CompoundVariable: Note: Function class names must not contain the string: '.gui.'
2018-10-24 16:24:59,613 INFO o.a.j.JMeter: Running test (1540423499613)
2018-10-24 16:24:59,664 INFO o.a.j.e.StandardJMeterEngine: Starting ThreadGroup: 1 : Thread Group
2018-10-24 16:24:59,664 INFO o.a.j.e.StandardJMeterEngine: Starting 20 threads for group Thread Group.
2018-10-24 16:24:59,665 INFO o.a.j.e.StandardJMeterEngine: Thread will continue on error
2018-10-24 16:24:59,665 INFO o.a.j.t.ThreadGroup: Starting thread group... number=1 threads=20 ramp-up=1 perThread=50.0 delayedStart=false
2018-10-24 16:24:59,673 INFO o.a.j.t.JMeterThread: Thread started: Thread Group 1-1
2018-10-24 16:24:59,687 INFO o.a.j.t.ThreadGroup: Started thread group number 1
2018-10-24 16:24:59,687 INFO o.a.j.e.StandardJMeterEngine: All thread groups have been started
2018-10-24 16:24:59,693 INFO o.a.j.p.h.s.HTTPHCAbstractImpl: Local host = chefe02mac947
2018-10-24 16:24:59,697 INFO o.a.j.p.h.s.HTTPHC4Impl: HTTP request retry count = 0
2018-10-24 16:24:59,703 INFO o.a.j.s.SampleResult: Note: Sample TimeStamps are START times
2018-10-24 16:24:59,703 INFO o.a.j.s.SampleResult: sampleresult.default.encoding is set to UTF-8
2018-10-24 16:24:59,703 INFO o.a.j.s.SampleResult: sampleresult.useNanoTime=true
2018-10-24 16:24:59,703 INFO o.a.j.s.SampleResult: sampleresult.nanoThreadSleep=5000
2018-10-24 16:24:59,726 INFO o.a.j.t.JMeterThread: Thread started: Thread Group 1-2
2018-10-24 16:24:59,774 INFO o.a.j.t.JMeterThread: Thread started: Thread Group 1-3
2018-10-24 16:24:59,830 INFO o.a.j.t.JMeterThread: Thread started: Thread Group 1-4
2018-10-24 16:24:59,881 INFO o.a.j.t.JMeterThread: Thread started: Thread Group 1-5
2018-10-24 16:24:59,929 INFO o.a.j.t.JMeterThread: Thread started: Thread Group 1-6
2018-10-24 16:24:59,981 INFO o.a.j.t.JMeterThread: Thread started: Thread Group 1-7
2018-10-24 16:25:00,032 INFO o.a.j.t.JMeterThread: Thread started: Thread Group 1-8
2018-10-24 16:25:00,079 INFO o.a.j.t.JMeterThread: Thread started: Thread Group 1-9
2018-10-24 16:25:00,133 INFO o.a.j.t.JMeterThread: Thread started: Thread Group 1-10
2018-10-24 16:25:00,184 INFO o.a.j.t.JMeterThread: Thread started: Thread Group 1-11
2018-10-24 16:25:00,234 INFO o.a.j.t.JMeterThread: Thread started: Thread Group 1-12
2018-10-24 16:25:00,279 INFO o.a.j.p.h.p.BaseParser: Created org.apache.jmeter.protocol.http.parser.LagartoBasedHtmlParser
2018-10-24 16:25:00,286 INFO o.a.j.t.JMeterThread: Thread started: Thread Group 1-13
2018-10-24 16:25:00,336 INFO o.a.j.t.JMeterThread: Thread started: Thread Group 1-14
2018-10-24 16:25:00,351 INFO o.a.j.p.h.s.ResourcesDownloader: Creating ResourcesDownloader with keepalive_inseconds : 60
2018-10-24 16:25:00,389 INFO o.a.j.t.JMeterThread: Thread started: Thread Group 1-15
2018-10-24 16:25:00,439 INFO o.a.j.t.JMeterThread: Thread started: Thread Group 1-16
2018-10-24 16:25:00,461 INFO o.a.j.p.h.p.BaseParser: Created org.apache.jmeter.protocol.http.parser.CssParser
2018-10-24 16:25:00,461 INFO o.a.j.p.h.p.BaseParser: Created org.apache.jmeter.protocol.http.parser.CssParser
2018-10-24 16:25:00,486 INFO o.a.j.t.JMeterThread: Thread started: Thread Group 1-17
2018-10-24 16:25:00,538 INFO o.a.j.t.JMeterThread: Thread started: Thread Group 1-18
2018-10-24 16:25:00,590 INFO o.a.j.t.JMeterThread: Thread started: Thread Group 1-19
2018-10-24 16:25:00,643 INFO o.a.j.t.JMeterThread: Thread started: Thread Group 1-20
2018-10-24 16:25:59,693 INFO o.a.j.t.JMeterThread: Stopping because end time detected by thread: Thread Group 1-18
2018-10-24 16:25:59,693 INFO o.a.j.t.JMeterThread: Thread finished: Thread Group 1-18
2018-10-24 16:25:59,748 INFO o.a.j.t.JMeterThread: Stopping because end time detected by thread: Thread Group 1-14
2018-10-24 16:25:59,748 INFO o.a.j.t.JMeterThread: Thread finished: Thread Group 1-14
2018-10-24 16:25:59,816 INFO o.a.j.t.JMeterThread: Stopping because end time detected by thread: Thread Group 1-4
2018-10-24 16:25:59,816 INFO o.a.j.t.JMeterThread: Thread finished: Thread Group 1-4
2018-10-24 16:25:59,865 INFO o.a.j.t.JMeterThread: Stopping because end time detected by thread: Thread Group 1-6
2018-10-24 16:25:59,865 INFO o.a.j.t.JMeterThread: Thread finished: Thread Group 1-6
2018-10-24 16:25:59,893 INFO o.a.j.t.JMeterThread: Stopping because end time detected by thread: Thread Group 1-20
2018-10-24 16:25:59,893 INFO o.a.j.t.JMeterThread: Thread finished: Thread Group 1-20
2018-10-24 16:25:59,911 INFO o.a.j.t.JMeterThread: Stopping because end time detected by thread: Thread Group 1-16
2018-10-24 16:25:59,911 INFO o.a.j.t.JMeterThread: Thread finished: Thread Group 1-16
2018-10-24 16:25:59,945 INFO o.a.j.t.JMeterThread: Stopping because end time detected by thread: Thread Group 1-11
2018-10-24 16:25:59,945 INFO o.a.j.t.JMeterThread: Thread finished: Thread Group 1-11
2018-10-24 16:26:00,005 INFO o.a.j.t.JMeterThread: Stopping because end time detected by thread: Thread Group 1-19
2018-10-24 16:26:00,005 INFO o.a.j.t.JMeterThread: Thread finished: Thread Group 1-19
2018-10-24 16:26:00,022 INFO o.a.j.t.JMeterThread: Stopping because end time detected by thread: Thread Group 1-15
2018-10-24 16:26:00,022 INFO o.a.j.t.JMeterThread: Thread finished: Thread Group 1-15
2018-10-24 16:26:00,022 INFO o.a.j.t.JMeterThread: Stopping because end time detected by thread: Thread Group 1-10
2018-10-24 16:26:00,022 INFO o.a.j.t.JMeterThread: Thread finished: Thread Group 1-10
2018-10-24 16:26:00,024 INFO o.a.j.t.JMeterThread: Stopping because end time detected by thread: Thread Group 1-2
2018-10-24 16:26:00,024 INFO o.a.j.t.JMeterThread: Thread finished: Thread Group 1-2
2018-10-24 16:26:00,089 INFO o.a.j.t.JMeterThread: Stopping because end time detected by thread: Thread Group 1-8
2018-10-24 16:26:00,089 INFO o.a.j.t.JMeterThread: Thread finished: Thread Group 1-8
2018-10-24 16:26:00,117 INFO o.a.j.t.JMeterThread: Stopping because end time detected by thread: Thread Group 1-12
2018-10-24 16:26:00,117 INFO o.a.j.t.JMeterThread: Thread finished: Thread Group 1-12
2018-10-24 16:26:00,384 INFO o.a.j.t.JMeterThread: Stopping because end time detected by thread: Thread Group 1-9
2018-10-24 16:26:00,384 INFO o.a.j.t.JMeterThread: Thread finished: Thread Group 1-9
2018-10-24 16:26:00,464 INFO o.a.j.t.JMeterThread: Stopping because end time detected by thread: Thread Group 1-17
2018-10-24 16:26:00,464 INFO o.a.j.t.JMeterThread: Thread finished: Thread Group 1-17
2018-10-24 16:26:00,522 INFO o.a.j.t.JMeterThread: Stopping because end time detected by thread: Thread Group 1-1
2018-10-24 16:26:00,522 INFO o.a.j.t.JMeterThread: Thread finished: Thread Group 1-1
2018-10-24 16:26:00,539 INFO o.a.j.t.JMeterThread: Stopping because end time detected by thread: Thread Group 1-5
2018-10-24 16:26:00,540 INFO o.a.j.t.JMeterThread: Thread finished: Thread Group 1-5
2018-10-24 16:26:01,943 INFO o.a.j.t.JMeterThread: Stopping because end time detected by thread: Thread Group 1-7
2018-10-24 16:26:01,944 INFO o.a.j.t.JMeterThread: Thread finished: Thread Group 1-7
2018-10-24 16:26:08,179 INFO o.a.j.t.JMeterThread: Stopping because end time detected by thread: Thread Group 1-3
2018-10-24 16:26:08,180 INFO o.a.j.t.JMeterThread: Thread finished: Thread Group 1-3
2018-10-24 16:26:22,260 INFO o.a.j.t.JMeterThread: Stopping because end time detected by thread: Thread Group 1-13
2018-10-24 16:26:22,260 INFO o.a.j.t.JMeterThread: Thread finished: Thread Group 1-13
2018-10-24 16:26:22,260 INFO o.a.j.e.StandardJMeterEngine: Notifying test listeners of end of test
2018-10-24 16:26:22,261 INFO o.a.j.e.StandardJMeterEngine: Forced JVM shutdown requested at end of test
