[2018-10-26 11:07:58,479 INFO root] Taurus CLI Tool v1.13.0
[2018-10-26 11:07:58,479 DEBUG root] Command-line options: {'verbose': None, 'no_system_configs': None, 'quiet': None, 'log': '/var/folders/5f/vzk4zj_95sndkt7khp6l85jhnvgy8l/T/bzt_3Zjot6.log', 'option': None, 'aliases': []}
[2018-10-26 11:07:58,480 DEBUG root] Python: CPython 2.7.15
[2018-10-26 11:07:58,480 DEBUG root] OS: ('Darwin', 'chefe02mac947', '17.7.0', 'Darwin Kernel Version 17.7.0: Thu Jun 21 22:53:14 PDT 2018; root:xnu-4570.71.2~1/RELEASE_X86_64', 'x86_64', 'i386')
[2018-10-26 11:07:58,480 INFO root] Starting with configs: ['NOP_SC3_SP.yaml']
[2018-10-26 11:07:58,480 DEBUG root] Using personal config: /Users/chefe02/.bzt-rc
[2018-10-26 11:07:58,480 INFO Engine] Configuring...
[2018-10-26 11:07:58,480 DEBUG Engine] No machine configs dir: /usr/local/Cellar/bzt/1.13.0/libexec/bin/../etc/bzt.d
[2018-10-26 11:07:58,480 DEBUG Engine] Base configs list: ['/usr/local/Cellar/bzt/1.13.0/libexec/lib/python2.7/site-packages/bzt/resources/base-config.yml']
[2018-10-26 11:07:58,481 DEBUG Engine.Configuration] Configs: ['/usr/local/Cellar/bzt/1.13.0/libexec/lib/python2.7/site-packages/bzt/resources/base-config.yml']
[2018-10-26 11:07:58,487 DEBUG Engine.Configuration] Reading /usr/local/Cellar/bzt/1.13.0/libexec/lib/python2.7/site-packages/bzt/resources/base-config.yml as YAML
[2018-10-26 11:07:58,514 DEBUG Engine] User configs list: ['/Users/chefe02/.bzt-rc', 'NOP_SC3_SP.yaml']
[2018-10-26 11:07:58,514 DEBUG Engine.Configuration] Configs: ['/Users/chefe02/.bzt-rc', 'NOP_SC3_SP.yaml']
[2018-10-26 11:07:58,515 DEBUG Engine.Configuration] Reading /Users/chefe02/.bzt-rc as YAML
[2018-10-26 11:07:58,521 DEBUG Engine.Configuration] Reading NOP_SC3_SP.yaml as YAML
[2018-10-26 11:07:58,525 DEBUG Engine.Configuration] Configs: ['/Users/chefe02/.bzt-rc', 'NOP_SC3_SP.yaml']
[2018-10-26 11:07:58,526 DEBUG Engine.Configuration] Reading /Users/chefe02/.bzt-rc as YAML
[2018-10-26 11:07:58,531 DEBUG Engine.Configuration] Reading NOP_SC3_SP.yaml as YAML
[2018-10-26 11:07:58,543 DEBUG Engine] Requesting updates info: http://gettaurus.org/updates/?version=1.13.0&installID=macos-8c85905fb9f6
[2018-10-26 11:07:58,543 INFO Engine] Artifacts dir: /Users/chefe02/Desktop/presales_cert/Artifacts/2018-10-26_11-07-58.543689bz
[2018-10-26 11:07:58,543 DEBUG HTTPClient] Making HTTP request GET http://gettaurus.org/updates/?version=1.13.0&installID=macos-8c85905fb9f6
[2018-10-26 11:07:58,548 DEBUG Engine] New artifact filename: /Users/chefe02/Desktop/presales_cert/Artifacts/2018-10-26_11-07-58.543689bz/effective
[2018-10-26 11:07:58,551 DEBUG urllib3.connectionpool] Starting new HTTP connection (1): gettaurus.org:80
[2018-10-26 11:07:58,551 DEBUG Engine.Configuration] Dumping YAML config into /Users/chefe02/Desktop/presales_cert/Artifacts/2018-10-26_11-07-58.543689bz/effective.yml
[2018-10-26 11:07:58,581 DEBUG Engine.Configuration] Dumping JSON config into /Users/chefe02/Desktop/presales_cert/Artifacts/2018-10-26_11-07-58.543689bz/effective.json
[2018-10-26 11:07:58,582 DEBUG Engine] New artifact filename: /Users/chefe02/Desktop/presales_cert/Artifacts/2018-10-26_11-07-58.543689bz/merged.yml
[2018-10-26 11:07:58,583 DEBUG Engine.Configuration] Dumping YAML config into /Users/chefe02/Desktop/presales_cert/Artifacts/2018-10-26_11-07-58.543689bz/merged.yml
[2018-10-26 11:07:58,585 DEBUG Engine] New artifact filename: /Users/chefe02/Desktop/presales_cert/Artifacts/2018-10-26_11-07-58.543689bz/merged.json
[2018-10-26 11:07:58,585 DEBUG Engine.Configuration] Dumping JSON config into /Users/chefe02/Desktop/presales_cert/Artifacts/2018-10-26_11-07-58.543689bz/merged.json
[2018-10-26 11:07:58,586 DEBUG Engine] Add existing artifact (move=False): NOP_SC3_SP.yaml
[2018-10-26 11:07:58,586 DEBUG Engine] Copying NOP_SC3_SP.yaml to /Users/chefe02/Desktop/presales_cert/Artifacts/2018-10-26_11-07-58.543689bz/NOP_SC3_SP.yaml
[2018-10-26 11:07:58,586 DEBUG Engine.Environment] Replace 'TAURUS_ARTIFACTS_DIR' in environment
[2018-10-26 11:07:58,587 DEBUG root] Closing log handler: /var/folders/5f/vzk4zj_95sndkt7khp6l85jhnvgy8l/T/bzt_3Zjot6.log
[2018-10-26 11:07:58,869 DEBUG root] Switched writing logs to /Users/chefe02/Desktop/presales_cert/Artifacts/2018-10-26_11-07-58.543689bz/bzt.log
[2018-10-26 11:07:58,869 DEBUG root] Linting config
[2018-10-26 11:07:58,873 INFO Engine] Preparing...
[2018-10-26 11:07:58,874 DEBUG Engine] Module config: consolidator {'class': u'bzt.modules.aggregator.ConsolidatingAggregator'}
[2018-10-26 11:07:58,874 DEBUG root] Importing module: bzt.modules.aggregator
[2018-10-26 11:07:59,031 DEBUG root] Loading class: 'ConsolidatingAggregator' from <module 'bzt.modules.aggregator' from '/usr/local/Cellar/bzt/1.13.0/libexec/lib/python2.7/site-packages/bzt/modules/aggregator.pyc'>
[2018-10-26 11:07:59,032 DEBUG Engine.consolidator] Buffer scaling setup: percentile 95.0 from [0.0, 50.0, 90.0, 95.0, 99.0, 99.9, 100.0] selected
[2018-10-26 11:07:59,032 DEBUG Engine] Module config: monitoring {'class': u'bzt.modules.monitoring.Monitoring'}
[2018-10-26 11:07:59,032 DEBUG root] Importing module: bzt.modules.monitoring
[2018-10-26 11:07:59,035 DEBUG root] Loading class: 'Monitoring' from <module 'bzt.modules.monitoring' from '/usr/local/Cellar/bzt/1.13.0/libexec/lib/python2.7/site-packages/bzt/modules/monitoring.pyc'>
[2018-10-26 11:07:59,035 DEBUG Engine] Module config: capturehar {'class': u'bzt.modules.blazemeter.ServiceStubCaptureHAR'}
[2018-10-26 11:07:59,035 DEBUG root] Importing module: bzt.modules.blazemeter
[2018-10-26 11:07:59,047 DEBUG easyprocess] version=0.2.3
[2018-10-26 11:07:59,050 DEBUG pyvirtualdisplay] version=0.2.1
[2018-10-26 11:07:59,052 DEBUG root] Loading class: 'ServiceStubCaptureHAR' from <module 'bzt.modules.blazemeter' from '/usr/local/Cellar/bzt/1.13.0/libexec/lib/python2.7/site-packages/bzt/modules/blazemeter.pyc'>
[2018-10-26 11:07:59,052 DEBUG Engine] Module config: screenshoter {'class': u'bzt.modules.blazemeter.ServiceStubScreenshoter'}
[2018-10-26 11:07:59,052 DEBUG root] Importing module: bzt.modules.blazemeter
[2018-10-26 11:07:59,052 DEBUG root] Loading class: 'ServiceStubScreenshoter' from <module 'bzt.modules.blazemeter' from '/usr/local/Cellar/bzt/1.13.0/libexec/lib/python2.7/site-packages/bzt/modules/blazemeter.pyc'>
[2018-10-26 11:07:59,052 DEBUG Engine] Module config: local {'class': u'bzt.modules.provisioning.Local'}
[2018-10-26 11:07:59,052 DEBUG root] Importing module: bzt.modules.provisioning
[2018-10-26 11:07:59,052 DEBUG root] Loading class: 'Local' from <module 'bzt.modules.provisioning' from '/usr/local/Cellar/bzt/1.13.0/libexec/lib/python2.7/site-packages/bzt/modules/provisioning.pyc'>
[2018-10-26 11:07:59,053 DEBUG Engine] Module config: selenium {'class': u'bzt.modules.selenium.SeleniumExecutor'}
[2018-10-26 11:07:59,053 DEBUG root] Importing module: bzt.modules.selenium
[2018-10-26 11:07:59,054 DEBUG root] Loading class: 'SeleniumExecutor' from <module 'bzt.modules.selenium' from '/usr/local/Cellar/bzt/1.13.0/libexec/lib/python2.7/site-packages/bzt/modules/selenium.pyc'>
[2018-10-26 11:07:59,054 DEBUG Engine.local] Preparing executor: selenium/4561253776
[2018-10-26 11:07:59,055 DEBUG Engine.selenium] Extract {'script': u'NOP_SC3.py'} into scenarios
[2018-10-26 11:07:59,055 DEBUG Engine.selenium] Detected script type: nose
[2018-10-26 11:07:59,055 DEBUG Engine] Module config: nose {'ignore-unknown-actions': True, 'class': u'bzt.modules.python.ApiritifNoseExecutor'}
[2018-10-26 11:07:59,055 DEBUG root] Importing module: bzt.modules.python
[2018-10-26 11:07:59,078 DEBUG root] Loading class: 'ApiritifNoseExecutor' from <module 'bzt.modules.python' from '/usr/local/Cellar/bzt/1.13.0/libexec/lib/python2.7/site-packages/bzt/modules/python/__init__.pyc'>
[2018-10-26 11:07:59,079 DEBUG Engine] Module config: final-stats {'class': u'bzt.modules.reporting.FinalStatus'}
[2018-10-26 11:07:59,079 DEBUG root] Importing module: bzt.modules.reporting
[2018-10-26 11:07:59,080 DEBUG root] Loading class: 'FinalStatus' from <module 'bzt.modules.reporting' from '/usr/local/Cellar/bzt/1.13.0/libexec/lib/python2.7/site-packages/bzt/modules/reporting.pyc'>
[2018-10-26 11:07:59,080 DEBUG Engine] Module config: console {'class': u'bzt.modules.console.ConsoleStatusReporter'}
[2018-10-26 11:07:59,080 DEBUG root] Importing module: bzt.modules.console
[2018-10-26 11:07:59,080 DEBUG root] Loading class: 'ConsoleStatusReporter' from <module 'bzt.modules.console' from '/usr/local/Cellar/bzt/1.13.0/libexec/lib/python2.7/site-packages/bzt/modules/console.pyc'>
[2018-10-26 11:07:59,089 DEBUG Engine.Configuration] Dumping YAML config into /Users/chefe02/Desktop/presales_cert/Artifacts/2018-10-26_11-07-58.543689bz/effective.yml
[2018-10-26 11:07:59,111 DEBUG Engine.Configuration] Dumping JSON config into /Users/chefe02/Desktop/presales_cert/Artifacts/2018-10-26_11-07-58.543689bz/effective.json
[2018-10-26 11:07:59,112 INFO Engine] Starting...
[2018-10-26 11:07:59,112 DEBUG Engine] Startup <bzt.modules.monitoring.Monitoring object at 0x111597f90>
[2018-10-26 11:07:59,112 DEBUG Engine] Startup <bzt.modules.blazemeter.ServiceStubCaptureHAR object at 0x1115c41d0>
[2018-10-26 11:07:59,113 WARNING Engine.capturehar] Stub for service 'capturehar', use cloud provisioning to have it working
[2018-10-26 11:07:59,113 DEBUG Engine] Startup <bzt.modules.blazemeter.ServiceStubScreenshoter object at 0x11160aa10>
[2018-10-26 11:07:59,113 WARNING Engine.screenshoter] Stub for service 'screenshoter', use cloud provisioning to have it working
[2018-10-26 11:07:59,113 DEBUG Engine] Startup <bzt.modules.aggregator.ConsolidatingAggregator object at 0x10fe3a2d0>
[2018-10-26 11:07:59,113 DEBUG Engine] Startup <bzt.modules.reporting.FinalStatus object at 0x1117034d0>
[2018-10-26 11:07:59,113 DEBUG Engine] Startup <bzt.modules.console.ConsoleStatusReporter object at 0x111750350>
[2018-10-26 11:07:59,113 INFO Engine.console] Waiting for results...
[2018-10-26 11:07:59,114 DEBUG Engine] Startup <bzt.modules.provisioning.Local object at 0x10fdf35d0>
[2018-10-26 11:07:59,114 DEBUG Engine.local] Delay setup for selenium/NOP_SC3.py: 0(start-at) + 0(delay) = 0
[2018-10-26 11:07:59,116 DEBUG Engine.Configuration] Dumping YAML config into /Users/chefe02/Desktop/presales_cert/Artifacts/2018-10-26_11-07-58.543689bz/effective.yml
[2018-10-26 11:07:59,142 DEBUG Engine.Configuration] Dumping JSON config into /Users/chefe02/Desktop/presales_cert/Artifacts/2018-10-26_11-07-58.543689bz/effective.json
[2018-10-26 11:07:59,143 DEBUG root] Leveling down log file verbosity to INFO, use -v option to have DEBUG messages enabled
[2018-10-26 11:07:59,143 DEBUG root] Leveled up log file verbosity
[2018-10-26 11:07:59,143 DEBUG Engine] New artifact filename: /Users/chefe02/Desktop/presales_cert/Artifacts/2018-10-26_11-07-58.543689bz/apiritif-
[2018-10-26 11:07:59,143 DEBUG Engine] New artifact filename: /Users/chefe02/Desktop/presales_cert/Artifacts/2018-10-26_11-07-58.543689bz/nose.out
[2018-10-26 11:07:59,143 DEBUG Engine] New artifact filename: /Users/chefe02/Desktop/presales_cert/Artifacts/2018-10-26_11-07-58.543689bz/nose.err
[2018-10-26 11:07:59,144 DEBUG bzt.utils] Executing shell: ['/usr/local/Cellar/bzt/1.13.0/libexec/bin/python2.7', '-m', 'apiritif.loadgen', '--result-file-template', '/Users/chefe02/Desktop/presales_cert/Artifacts/2018-10-26_11-07-58.543689bz/apiritif-%s.csv', '--concurrency', '1', '--hold-for', '600.0', u'/Users/chefe02/Desktop/presales_cert/NOP_SC3.py'] at /Users/chefe02/Desktop/presales_cert
[2018-10-26 11:07:59,151 DEBUG root] Leveling down log file verbosity to INFO, use -v option to have DEBUG messages enabled
[2018-10-26 11:07:59,373 INFO Engine.console] Waiting for finish...
[2018-10-26 11:07:59,554 WARNING Engine] There is newer version of Taurus 1.13.1 available, consider upgrading. What's new: http://gettaurus.org/docs/Changelog/
[2018-10-26 11:08:48,300 WARNING Engine] Please wait for graceful shutdown...
[2018-10-26 11:08:48,305 DEBUG root] Leveled up log file verbosity
[2018-10-26 11:08:48,305 INFO Engine] Shutting down...
[2018-10-26 11:08:48,310 DEBUG Engine] Current stop reason: 
[2018-10-26 11:08:48,310 DEBUG Engine.local] Shutdown selenium/NOP_SC3.py
[2018-10-26 11:08:49,313 INFO Engine.nose] Terminating process PID 46274 with signal 15 (59 tries left)
[2018-10-26 11:08:50,324 INFO Engine.nose] Terminating process PID 46274 with signal 15 (58 tries left)
[2018-10-26 11:08:50,330 DEBUG Engine.selenium] Selenium tests ran for 51.1871058941 seconds
[2018-10-26 11:08:50,330 DEBUG Engine.console] Restoring logging streams, [<logging.StreamHandler object at 0x10fdeac10>]/{<logging.StreamHandler object at 0x10fdeac10>: <open file '<stdout>', mode 'w' at 0x10e582150>}
[2018-10-26 11:08:50,333 DEBUG Engine.Configuration] Dumping YAML config into /Users/chefe02/Desktop/presales_cert/Artifacts/2018-10-26_11-07-58.543689bz/effective.yml
[2018-10-26 11:08:50,352 DEBUG Engine.Configuration] Dumping JSON config into /Users/chefe02/Desktop/presales_cert/Artifacts/2018-10-26_11-07-58.543689bz/effective.json
[2018-10-26 11:08:50,353 WARNING root] Keyboard interrupt
[2018-10-26 11:08:50,354 DEBUG root] KeyboardInterrupt: 
Traceback (most recent call last):
  File "/usr/local/Cellar/bzt/1.13.0/libexec/lib/python2.7/site-packages/bzt/cli.py", line 261, in perform
    self.engine.run()
  File "/usr/local/Cellar/bzt/1.13.0/libexec/lib/python2.7/site-packages/bzt/engine.py", line 226, in run
    reraise(exc_info, exc_value)
  File "/usr/local/Cellar/bzt/1.13.0/libexec/lib/python2.7/site-packages/bzt/engine.py", line 206, in run
    self._wait()
  File "/usr/local/Cellar/bzt/1.13.0/libexec/lib/python2.7/site-packages/bzt/engine.py", line 254, in _wait
    time.sleep(delay)
KeyboardInterrupt
[2018-10-26 11:08:50,354 INFO Engine] Post-processing...
[2018-10-26 11:08:50,354 DEBUG Engine.local] Post-process selenium/NOP_SC3.py
[2018-10-26 11:08:50,355 DEBUG Engine.nose.FileReader] Reading: /Users/chefe02/Desktop/presales_cert/Artifacts/2018-10-26_11-07-58.543689bz/nose.out
[2018-10-26 11:08:50,355 DEBUG Engine.nose.FileReader] Reading: /Users/chefe02/Desktop/presales_cert/Artifacts/2018-10-26_11-07-58.543689bz/nose.out
[2018-10-26 11:08:50,355 DEBUG Engine.nose.ApiritifLoadReader.JTLReader.IncrementalCSVReader.FileReader] Reading: /Users/chefe02/Desktop/presales_cert/Artifacts/2018-10-26_11-07-58.543689bz/apiritif-0.csv
[2018-10-26 11:08:50,355 DEBUG Engine.nose.ApiritifLoadReader] Buffer len: 2; Known errors count: 1
[2018-10-26 11:08:50,355 DEBUG Engine.nose.ApiritifLoadReader] Aggregating: 1540577322
[2018-10-26 11:08:50,384 DEBUG Engine.nose.ApiritifLoadReader] Aggregating: 1540577323
[2018-10-26 11:08:50,387 DEBUG Engine.consolidator] Consolidator buffer[4]: [1540577320, 1540577321, 1540577322, 1540577323]
[2018-10-26 11:08:50,387 DEBUG Engine.consolidator] Merging into 1540577320
[2018-10-26 11:08:50,387 DEBUG Engine.consolidator] Merging 1540577320
[2018-10-26 11:08:50,391 DEBUG Engine.consolidator] Processed datapoint: 1540577320/None
[2018-10-26 11:08:50,391 DEBUG Engine.consolidator] Merging into 1540577321
[2018-10-26 11:08:50,391 DEBUG Engine.consolidator] Merging 1540577321
[2018-10-26 11:08:50,395 DEBUG Engine.consolidator] Processed datapoint: 1540577321/None
[2018-10-26 11:08:50,395 DEBUG Engine.consolidator] Merging into 1540577322
[2018-10-26 11:08:50,395 DEBUG Engine.consolidator] Merging 1540577322
[2018-10-26 11:08:50,398 DEBUG Engine.consolidator] Processed datapoint: 1540577322/None
[2018-10-26 11:08:50,398 DEBUG Engine.consolidator] Merging into 1540577323
[2018-10-26 11:08:50,398 DEBUG Engine.consolidator] Merging 1540577323
[2018-10-26 11:08:50,401 DEBUG Engine.consolidator] Processed datapoint: 1540577323/None
[2018-10-26 11:08:50,401 INFO Engine.final-stats] Test duration: 0:00:51
[2018-10-26 11:08:50,401 INFO Engine.final-stats] Samples count: 27784, 100.00% failures
[2018-10-26 11:08:50,401 INFO Engine.final-stats] Average times: total 0.000, latency 0.000, connect 0.000
[2018-10-26 11:08:50,402 INFO Engine.final-stats] Percentiles:
(0lqqqqqqqqqqqqqqqwqqqqqqqqqqqqqqqk(B
(0x(B Percentile, % (0x(B Resp. Time, s (0x(B
(0tqqqqqqqqqqqqqqqnqqqqqqqqqqqqqqqu(B
(0x(B           0.0 (0x(B           0.0 (0x(B
(0x(B          50.0 (0x(B           0.0 (0x(B
(0x(B          90.0 (0x(B           0.0 (0x(B
(0x(B          95.0 (0x(B           0.0 (0x(B
(0x(B          99.0 (0x(B           0.0 (0x(B
(0x(B          99.9 (0x(B         0.001 (0x(B
(0x(B         100.0 (0x(B         0.009 (0x(B
(0mqqqqqqqqqqqqqqqvqqqqqqqqqqqqqqqj(B
[2018-10-26 11:08:50,404 INFO Engine.final-stats] Request label stats:
(0lqqqqqqqqqwqqqqqqqqwqqqqqqqwqqqqqqqqwqqqqqqqqqqqqqqqqqqqqqqqqqqqqqqqqqqqqqqk(B
(0x(B label   (0x(B status (0x(B  succ (0x(B avg_rt (0x(B error                                (0x(B
(0tqqqqqqqqqnqqqqqqqqnqqqqqqqnqqqqqqqqnqqqqqqqqqqqqqqqqqqqqqqqqqqqqqqqqqqqqqqu(B
(0x(B runTest (0x(B  FAIL  (0x(B 0.00% (0x(B  0.000 (0x(B invalid syntax (NOP_SC3.py, line 80) (0x(B
(0mqqqqqqqqqvqqqqqqqqvqqqqqqqvqqqqqqqqvqqqqqqqqqqqqqqqqqqqqqqqqqqqqqqqqqqqqqqj(B
[2018-10-26 11:08:50,404 DEBUG Engine.console] No logger_handler or orig_stream was detected
[2018-10-26 11:08:50,405 DEBUG Engine.Configuration] Dumping YAML config into /Users/chefe02/Desktop/presales_cert/Artifacts/2018-10-26_11-07-58.543689bz/effective.yml
[2018-10-26 11:08:50,424 DEBUG Engine.Configuration] Dumping JSON config into /Users/chefe02/Desktop/presales_cert/Artifacts/2018-10-26_11-07-58.543689bz/effective.json
[2018-10-26 11:08:50,425 INFO root] Artifacts dir: /Users/chefe02/Desktop/presales_cert/Artifacts/2018-10-26_11-07-58.543689bz
[2018-10-26 11:08:50,425 WARNING root] Done performing with code: 1
[2018-10-26 11:08:50,425 DEBUG root] Closing log handler: /Users/chefe02/Desktop/presales_cert/Artifacts/2018-10-26_11-07-58.543689bz/bzt.log
