[2018-10-26 10:59:59,462 INFO root] Taurus CLI Tool v1.13.0
[2018-10-26 10:59:59,463 DEBUG root] Command-line options: {'verbose': None, 'no_system_configs': None, 'quiet': None, 'log': '/var/folders/5f/vzk4zj_95sndkt7khp6l85jhnvgy8l/T/bzt_nRcmyb.log', 'option': None, 'aliases': []}
[2018-10-26 10:59:59,463 DEBUG root] Python: CPython 2.7.15
[2018-10-26 10:59:59,463 DEBUG root] OS: ('Darwin', 'chefe02mac947', '17.7.0', 'Darwin Kernel Version 17.7.0: Thu Jun 21 22:53:14 PDT 2018; root:xnu-4570.71.2~1/RELEASE_X86_64', 'x86_64', 'i386')
[2018-10-26 10:59:59,463 INFO root] Starting with configs: ['NOP_SC3_SP.yaml']
[2018-10-26 10:59:59,464 DEBUG root] Using personal config: /Users/chefe02/.bzt-rc
[2018-10-26 10:59:59,464 INFO Engine] Configuring...
[2018-10-26 10:59:59,464 DEBUG Engine] No machine configs dir: /usr/local/Cellar/bzt/1.13.0/libexec/bin/../etc/bzt.d
[2018-10-26 10:59:59,464 DEBUG Engine] Base configs list: ['/usr/local/Cellar/bzt/1.13.0/libexec/lib/python2.7/site-packages/bzt/resources/base-config.yml']
[2018-10-26 10:59:59,464 DEBUG Engine.Configuration] Configs: ['/usr/local/Cellar/bzt/1.13.0/libexec/lib/python2.7/site-packages/bzt/resources/base-config.yml']
[2018-10-26 10:59:59,471 DEBUG Engine.Configuration] Reading /usr/local/Cellar/bzt/1.13.0/libexec/lib/python2.7/site-packages/bzt/resources/base-config.yml as YAML
[2018-10-26 10:59:59,497 DEBUG Engine] User configs list: ['/Users/chefe02/.bzt-rc', 'NOP_SC3_SP.yaml']
[2018-10-26 10:59:59,497 DEBUG Engine.Configuration] Configs: ['/Users/chefe02/.bzt-rc', 'NOP_SC3_SP.yaml']
[2018-10-26 10:59:59,499 DEBUG Engine.Configuration] Reading /Users/chefe02/.bzt-rc as YAML
[2018-10-26 10:59:59,503 DEBUG Engine.Configuration] Reading NOP_SC3_SP.yaml as YAML
[2018-10-26 10:59:59,506 DEBUG Engine.Configuration] Configs: ['/Users/chefe02/.bzt-rc', 'NOP_SC3_SP.yaml']
[2018-10-26 10:59:59,506 DEBUG Engine.Configuration] Reading /Users/chefe02/.bzt-rc as YAML
[2018-10-26 10:59:59,510 DEBUG Engine.Configuration] Reading NOP_SC3_SP.yaml as YAML
[2018-10-26 10:59:59,523 DEBUG Engine] Requesting updates info: http://gettaurus.org/updates/?version=1.13.0&installID=macos-8c85905fb9f6
[2018-10-26 10:59:59,523 DEBUG HTTPClient] Making HTTP request GET http://gettaurus.org/updates/?version=1.13.0&installID=macos-8c85905fb9f6
[2018-10-26 10:59:59,523 INFO Engine] Artifacts dir: /Users/chefe02/Desktop/presales_cert/Artifacts/2018-10-26_10-59-59.523249bz
[2018-10-26 10:59:59,529 DEBUG Engine] New artifact filename: /Users/chefe02/Desktop/presales_cert/Artifacts/2018-10-26_10-59-59.523249bz/effective
[2018-10-26 10:59:59,532 DEBUG urllib3.connectionpool] Starting new HTTP connection (1): gettaurus.org:80
[2018-10-26 10:59:59,532 DEBUG Engine.Configuration] Dumping YAML config into /Users/chefe02/Desktop/presales_cert/Artifacts/2018-10-26_10-59-59.523249bz/effective.yml
[2018-10-26 10:59:59,560 DEBUG Engine.Configuration] Dumping JSON config into /Users/chefe02/Desktop/presales_cert/Artifacts/2018-10-26_10-59-59.523249bz/effective.json
[2018-10-26 10:59:59,561 DEBUG Engine] New artifact filename: /Users/chefe02/Desktop/presales_cert/Artifacts/2018-10-26_10-59-59.523249bz/merged.yml
[2018-10-26 10:59:59,561 DEBUG Engine.Configuration] Dumping YAML config into /Users/chefe02/Desktop/presales_cert/Artifacts/2018-10-26_10-59-59.523249bz/merged.yml
[2018-10-26 10:59:59,564 DEBUG Engine] New artifact filename: /Users/chefe02/Desktop/presales_cert/Artifacts/2018-10-26_10-59-59.523249bz/merged.json
[2018-10-26 10:59:59,564 DEBUG Engine.Configuration] Dumping JSON config into /Users/chefe02/Desktop/presales_cert/Artifacts/2018-10-26_10-59-59.523249bz/merged.json
[2018-10-26 10:59:59,565 DEBUG Engine] Add existing artifact (move=False): NOP_SC3_SP.yaml
[2018-10-26 10:59:59,565 DEBUG Engine] Copying NOP_SC3_SP.yaml to /Users/chefe02/Desktop/presales_cert/Artifacts/2018-10-26_10-59-59.523249bz/NOP_SC3_SP.yaml
[2018-10-26 10:59:59,566 DEBUG Engine.Environment] Replace 'TAURUS_ARTIFACTS_DIR' in environment
[2018-10-26 10:59:59,567 DEBUG root] Closing log handler: /var/folders/5f/vzk4zj_95sndkt7khp6l85jhnvgy8l/T/bzt_nRcmyb.log
[2018-10-26 11:00:00,161 DEBUG root] Switched writing logs to /Users/chefe02/Desktop/presales_cert/Artifacts/2018-10-26_10-59-59.523249bz/bzt.log
[2018-10-26 11:00:00,170 DEBUG root] Linting config
[2018-10-26 11:00:00,174 INFO Engine] Preparing...
[2018-10-26 11:00:00,175 DEBUG Engine] Module config: consolidator {'class': u'bzt.modules.aggregator.ConsolidatingAggregator'}
[2018-10-26 11:00:00,175 DEBUG root] Importing module: bzt.modules.aggregator
[2018-10-26 11:00:00,357 DEBUG root] Loading class: 'ConsolidatingAggregator' from <module 'bzt.modules.aggregator' from '/usr/local/Cellar/bzt/1.13.0/libexec/lib/python2.7/site-packages/bzt/modules/aggregator.pyc'>
[2018-10-26 11:00:00,358 DEBUG Engine.consolidator] Buffer scaling setup: percentile 95.0 from [0.0, 50.0, 90.0, 95.0, 99.0, 99.9, 100.0] selected
[2018-10-26 11:00:00,358 DEBUG Engine] Module config: monitoring {'class': u'bzt.modules.monitoring.Monitoring'}
[2018-10-26 11:00:00,358 DEBUG root] Importing module: bzt.modules.monitoring
[2018-10-26 11:00:00,360 DEBUG root] Loading class: 'Monitoring' from <module 'bzt.modules.monitoring' from '/usr/local/Cellar/bzt/1.13.0/libexec/lib/python2.7/site-packages/bzt/modules/monitoring.pyc'>
[2018-10-26 11:00:00,360 DEBUG Engine] Module config: capturehar {'class': u'bzt.modules.blazemeter.ServiceStubCaptureHAR'}
[2018-10-26 11:00:00,360 DEBUG root] Importing module: bzt.modules.blazemeter
[2018-10-26 11:00:00,376 DEBUG easyprocess] version=0.2.3
[2018-10-26 11:00:00,376 DEBUG urllib3.connectionpool] http://gettaurus.org:80 "GET /updates/?version=1.13.0&installID=macos-8c85905fb9f6 HTTP/1.1" 200 59
[2018-10-26 11:00:00,379 DEBUG pyvirtualdisplay] version=0.2.1
[2018-10-26 11:00:00,380 DEBUG Engine] Taurus updates info: {u'needsUpgrade': True, u'latest': u'1.13.1'}
[2018-10-26 11:00:00,381 DEBUG root] Loading class: 'ServiceStubCaptureHAR' from <module 'bzt.modules.blazemeter' from '/usr/local/Cellar/bzt/1.13.0/libexec/lib/python2.7/site-packages/bzt/modules/blazemeter.pyc'>
[2018-10-26 11:00:00,381 WARNING Engine] There is newer version of Taurus 1.13.1 available, consider upgrading. What's new: http://gettaurus.org/docs/Changelog/
[2018-10-26 11:00:00,382 DEBUG Engine] Module config: screenshoter {'class': u'bzt.modules.blazemeter.ServiceStubScreenshoter'}
[2018-10-26 11:00:00,382 DEBUG root] Importing module: bzt.modules.blazemeter
[2018-10-26 11:00:00,382 DEBUG root] Loading class: 'ServiceStubScreenshoter' from <module 'bzt.modules.blazemeter' from '/usr/local/Cellar/bzt/1.13.0/libexec/lib/python2.7/site-packages/bzt/modules/blazemeter.pyc'>
[2018-10-26 11:00:00,382 DEBUG Engine] Module config: local {'class': u'bzt.modules.provisioning.Local'}
[2018-10-26 11:00:00,382 DEBUG root] Importing module: bzt.modules.provisioning
[2018-10-26 11:00:00,382 DEBUG root] Loading class: 'Local' from <module 'bzt.modules.provisioning' from '/usr/local/Cellar/bzt/1.13.0/libexec/lib/python2.7/site-packages/bzt/modules/provisioning.pyc'>
[2018-10-26 11:00:00,382 DEBUG Engine] Module config: selenium {'class': u'bzt.modules.selenium.SeleniumExecutor'}
[2018-10-26 11:00:00,382 DEBUG root] Importing module: bzt.modules.selenium
[2018-10-26 11:00:00,383 DEBUG root] Loading class: 'SeleniumExecutor' from <module 'bzt.modules.selenium' from '/usr/local/Cellar/bzt/1.13.0/libexec/lib/python2.7/site-packages/bzt/modules/selenium.pyc'>
[2018-10-26 11:00:00,384 DEBUG Engine.local] Preparing executor: selenium/4472563472
[2018-10-26 11:00:00,384 DEBUG Engine.selenium] Extract {'script': u'NOP_SC3.py'} into scenarios
[2018-10-26 11:00:00,384 DEBUG Engine.selenium] Detected script type: nose
[2018-10-26 11:00:00,385 DEBUG Engine] Module config: nose {'ignore-unknown-actions': True, 'class': u'bzt.modules.python.ApiritifNoseExecutor'}
[2018-10-26 11:00:00,385 DEBUG root] Importing module: bzt.modules.python
[2018-10-26 11:00:00,404 DEBUG root] Loading class: 'ApiritifNoseExecutor' from <module 'bzt.modules.python' from '/usr/local/Cellar/bzt/1.13.0/libexec/lib/python2.7/site-packages/bzt/modules/python/__init__.pyc'>
[2018-10-26 11:00:00,405 DEBUG Engine] Module config: final-stats {'class': u'bzt.modules.reporting.FinalStatus'}
[2018-10-26 11:00:00,405 DEBUG root] Importing module: bzt.modules.reporting
[2018-10-26 11:00:00,406 DEBUG root] Loading class: 'FinalStatus' from <module 'bzt.modules.reporting' from '/usr/local/Cellar/bzt/1.13.0/libexec/lib/python2.7/site-packages/bzt/modules/reporting.pyc'>
[2018-10-26 11:00:00,406 DEBUG Engine] Module config: console {'class': u'bzt.modules.console.ConsoleStatusReporter'}
[2018-10-26 11:00:00,406 DEBUG root] Importing module: bzt.modules.console
[2018-10-26 11:00:00,406 DEBUG root] Loading class: 'ConsoleStatusReporter' from <module 'bzt.modules.console' from '/usr/local/Cellar/bzt/1.13.0/libexec/lib/python2.7/site-packages/bzt/modules/console.pyc'>
[2018-10-26 11:00:00,413 DEBUG Engine.Configuration] Dumping YAML config into /Users/chefe02/Desktop/presales_cert/Artifacts/2018-10-26_10-59-59.523249bz/effective.yml
[2018-10-26 11:00:00,433 DEBUG Engine.Configuration] Dumping JSON config into /Users/chefe02/Desktop/presales_cert/Artifacts/2018-10-26_10-59-59.523249bz/effective.json
[2018-10-26 11:00:00,434 INFO Engine] Starting...
[2018-10-26 11:00:00,434 DEBUG Engine] Startup <bzt.modules.monitoring.Monitoring object at 0x10c182f90>
[2018-10-26 11:00:00,434 DEBUG Engine] Startup <bzt.modules.blazemeter.ServiceStubCaptureHAR object at 0x10c1a81d0>
[2018-10-26 11:00:00,434 WARNING Engine.capturehar] Stub for service 'capturehar', use cloud provisioning to have it working
[2018-10-26 11:00:00,434 DEBUG Engine] Startup <bzt.modules.blazemeter.ServiceStubScreenshoter object at 0x10c22aad0>
[2018-10-26 11:00:00,434 WARNING Engine.screenshoter] Stub for service 'screenshoter', use cloud provisioning to have it working
[2018-10-26 11:00:00,435 DEBUG Engine] Startup <bzt.modules.aggregator.ConsolidatingAggregator object at 0x10a97f2d0>
[2018-10-26 11:00:00,435 DEBUG Engine] Startup <bzt.modules.reporting.FinalStatus object at 0x10c3310d0>
[2018-10-26 11:00:00,435 DEBUG Engine] Startup <bzt.modules.console.ConsoleStatusReporter object at 0x10c331f10>
[2018-10-26 11:00:00,435 INFO Engine.console] Waiting for results...
[2018-10-26 11:00:00,435 DEBUG Engine] Startup <bzt.modules.provisioning.Local object at 0x10c22a9d0>
[2018-10-26 11:00:00,435 DEBUG Engine.local] Delay setup for selenium/NOP_SC3.py: 0(start-at) + 0(delay) = 0
[2018-10-26 11:00:00,437 DEBUG Engine.Configuration] Dumping YAML config into /Users/chefe02/Desktop/presales_cert/Artifacts/2018-10-26_10-59-59.523249bz/effective.yml
[2018-10-26 11:00:00,459 DEBUG Engine.Configuration] Dumping JSON config into /Users/chefe02/Desktop/presales_cert/Artifacts/2018-10-26_10-59-59.523249bz/effective.json
[2018-10-26 11:00:00,460 DEBUG root] Leveling down log file verbosity to INFO, use -v option to have DEBUG messages enabled
[2018-10-26 11:00:00,460 DEBUG root] Leveled up log file verbosity
[2018-10-26 11:00:00,461 DEBUG Engine] New artifact filename: /Users/chefe02/Desktop/presales_cert/Artifacts/2018-10-26_10-59-59.523249bz/apiritif-
[2018-10-26 11:00:00,461 DEBUG Engine] New artifact filename: /Users/chefe02/Desktop/presales_cert/Artifacts/2018-10-26_10-59-59.523249bz/nose.out
[2018-10-26 11:00:00,461 DEBUG Engine] New artifact filename: /Users/chefe02/Desktop/presales_cert/Artifacts/2018-10-26_10-59-59.523249bz/nose.err
[2018-10-26 11:00:00,461 DEBUG bzt.utils] Executing shell: ['/usr/local/Cellar/bzt/1.13.0/libexec/bin/python2.7', '-m', 'apiritif.loadgen', '--result-file-template', '/Users/chefe02/Desktop/presales_cert/Artifacts/2018-10-26_10-59-59.523249bz/apiritif-%s.csv', '--concurrency', '1', '--hold-for', '600.0', u'/Users/chefe02/Desktop/presales_cert/NOP_SC3.py'] at /Users/chefe02/Desktop/presales_cert
[2018-10-26 11:00:00,468 DEBUG root] Leveling down log file verbosity to INFO, use -v option to have DEBUG messages enabled
[2018-10-26 11:00:00,691 INFO Engine.console] Waiting for finish...
[2018-10-26 11:00:12,525 WARNING Engine] Please wait for graceful shutdown...
[2018-10-26 11:00:12,529 DEBUG root] Leveled up log file verbosity
[2018-10-26 11:00:12,530 INFO Engine] Shutting down...
[2018-10-26 11:00:12,533 DEBUG Engine] Current stop reason: 
[2018-10-26 11:00:12,534 DEBUG Engine.local] Shutdown selenium/NOP_SC3.py
[2018-10-26 11:00:13,536 INFO Engine.nose] Terminating process PID 45482 with signal 15 (59 tries left)
[2018-10-26 11:00:14,544 INFO Engine.nose] Terminating process PID 45482 with signal 15 (58 tries left)
[2018-10-26 11:00:14,551 DEBUG Engine.nose] Failed to terminate process: [Errno 1] Operation not permitted
[2018-10-26 11:00:14,551 DEBUG Engine.selenium] Selenium tests ran for 14.0909259319 seconds
[2018-10-26 11:00:14,552 DEBUG Engine.console] Restoring logging streams, [<logging.StreamHandler object at 0x10a92fc10>]/{<logging.StreamHandler object at 0x10a92fc10>: <open file '<stdout>', mode 'w' at 0x1090c7150>}
[2018-10-26 11:00:14,554 DEBUG Engine.Configuration] Dumping YAML config into /Users/chefe02/Desktop/presales_cert/Artifacts/2018-10-26_10-59-59.523249bz/effective.yml
[2018-10-26 11:00:14,578 DEBUG Engine.Configuration] Dumping JSON config into /Users/chefe02/Desktop/presales_cert/Artifacts/2018-10-26_10-59-59.523249bz/effective.json
[2018-10-26 11:00:14,579 WARNING root] Keyboard interrupt
[2018-10-26 11:00:14,580 DEBUG root] KeyboardInterrupt: 
Traceback (most recent call last):
  File "/usr/local/Cellar/bzt/1.13.0/libexec/lib/python2.7/site-packages/bzt/cli.py", line 261, in perform
    self.engine.run()
  File "/usr/local/Cellar/bzt/1.13.0/libexec/lib/python2.7/site-packages/bzt/engine.py", line 226, in run
    reraise(exc_info, exc_value)
  File "/usr/local/Cellar/bzt/1.13.0/libexec/lib/python2.7/site-packages/bzt/engine.py", line 206, in run
    self._wait()
  File "/usr/local/Cellar/bzt/1.13.0/libexec/lib/python2.7/site-packages/bzt/engine.py", line 247, in _wait
    while not self._check_modules_list():
  File "/usr/local/Cellar/bzt/1.13.0/libexec/lib/python2.7/site-packages/bzt/engine.py", line 234, in _check_modules_list
    finished = bool(module.check())
  File "/usr/local/Cellar/bzt/1.13.0/libexec/lib/python2.7/site-packages/bzt/modules/aggregator.py", line 730, in check
    for point in self.datapoints():
  File "/usr/local/Cellar/bzt/1.13.0/libexec/lib/python2.7/site-packages/bzt/modules/aggregator.py", line 488, in datapoints
    for datapoint in self._calculate_datapoints(final_pass):
  File "/usr/local/Cellar/bzt/1.13.0/libexec/lib/python2.7/site-packages/bzt/modules/aggregator.py", line 759, in _calculate_datapoints
    self._process_underlings(final_pass)
  File "/usr/local/Cellar/bzt/1.13.0/libexec/lib/python2.7/site-packages/bzt/modules/aggregator.py", line 744, in _process_underlings
    for data in underling.datapoints(final_pass):
  File "/usr/local/Cellar/bzt/1.13.0/libexec/lib/python2.7/site-packages/bzt/modules/aggregator.py", line 488, in datapoints
    for datapoint in self._calculate_datapoints(final_pass):
  File "/usr/local/Cellar/bzt/1.13.0/libexec/lib/python2.7/site-packages/bzt/modules/aggregator.py", line 614, in _calculate_datapoints
    self.__aggregate_current(datapoint, samples)
  File "/usr/local/Cellar/bzt/1.13.0/libexec/lib/python2.7/site-packages/bzt/modules/aggregator.py", line 574, in __aggregate_current
    label = current.setdefault(label, KPISet(self.track_percentiles))
  File "/usr/local/Cellar/bzt/1.13.0/libexec/lib/python2.7/site-packages/bzt/modules/aggregator.py", line 138, in __init__
    self[KPISet.RESP_TIMES] = RespTimesCounter(1, 60 * 30 * 1000, 3)  # is maximum value of 30 minutes enough?
  File "/usr/local/Cellar/bzt/1.13.0/libexec/lib/python2.7/site-packages/bzt/modules/aggregator.py", line 42, in __init__
    self.histogram = HdrHistogram(low, high, sign_figures)
  File "/usr/local/Cellar/bzt/1.13.0/libexec/lib/python2.7/site-packages/hdrpy/__init__.py", line 269, in __init__
    self.counts = numpy.zeros(self.counts_len, dtype=numpy.int64)
KeyboardInterrupt
[2018-10-26 11:00:14,580 INFO Engine] Post-processing...
[2018-10-26 11:00:14,580 DEBUG Engine.local] Post-process selenium/NOP_SC3.py
[2018-10-26 11:00:14,581 DEBUG Engine.nose.FileReader] Reading: /Users/chefe02/Desktop/presales_cert/Artifacts/2018-10-26_10-59-59.523249bz/nose.out
[2018-10-26 11:00:14,581 DEBUG Engine.nose.FileReader] Reading: /Users/chefe02/Desktop/presales_cert/Artifacts/2018-10-26_10-59-59.523249bz/nose.out
[2018-10-26 11:00:14,581 DEBUG Engine.nose.ApiritifLoadReader.JTLReader.IncrementalCSVReader.FileReader] Reading: /Users/chefe02/Desktop/presales_cert/Artifacts/2018-10-26_10-59-59.523249bz/apiritif-0.csv
[2018-10-26 11:00:14,584 DEBUG Engine.nose.ApiritifLoadReader.JTLReader.IncrementalCSVReader] Read: 718 lines / 54568 bytes (at speed 1048576)
[2018-10-26 11:00:14,595 DEBUG Engine.nose.ApiritifLoadReader] Buffer len: 3; Known errors count: 1
[2018-10-26 11:00:14,595 DEBUG Engine.nose.ApiritifLoadReader] Aggregating: 1540576811
[2018-10-26 11:00:14,621 DEBUG Engine.nose.ApiritifLoadReader] Aggregating: 1540576812
[2018-10-26 11:00:14,647 DEBUG Engine.nose.ApiritifLoadReader] Aggregating: 1540576813
[2018-10-26 11:00:14,660 DEBUG Engine.consolidator] Consolidator buffer[5]: [1540576808, 1540576809, 1540576811, 1540576812, 1540576813]
[2018-10-26 11:00:14,660 DEBUG Engine.consolidator] Merging into 1540576808
[2018-10-26 11:00:14,660 DEBUG Engine.consolidator] Merging 1540576808
[2018-10-26 11:00:14,663 DEBUG Engine.consolidator] Processed datapoint: 1540576808/None
[2018-10-26 11:00:14,663 DEBUG Engine.consolidator] Merging into 1540576809
[2018-10-26 11:00:14,663 DEBUG Engine.consolidator] Merging 1540576809
[2018-10-26 11:00:14,666 DEBUG Engine.consolidator] Processed datapoint: 1540576809/None
[2018-10-26 11:00:14,666 DEBUG Engine.consolidator] Merging into 1540576811
[2018-10-26 11:00:14,666 DEBUG Engine.consolidator] Merging 1540576811
[2018-10-26 11:00:14,670 DEBUG Engine.consolidator] Processed datapoint: 1540576811/None
[2018-10-26 11:00:14,670 DEBUG Engine.consolidator] Merging into 1540576812
[2018-10-26 11:00:14,670 DEBUG Engine.consolidator] Merging 1540576812
[2018-10-26 11:00:14,673 DEBUG Engine.consolidator] Processed datapoint: 1540576812/None
[2018-10-26 11:00:14,673 DEBUG Engine.consolidator] Merging into 1540576813
[2018-10-26 11:00:14,673 DEBUG Engine.consolidator] Merging 1540576813
[2018-10-26 11:00:14,676 DEBUG Engine.consolidator] Processed datapoint: 1540576813/None
[2018-10-26 11:00:14,676 INFO Engine.final-stats] Test duration: 0:00:14
[2018-10-26 11:00:14,676 INFO Engine.final-stats] Samples count: 7466, 100.00% failures
[2018-10-26 11:00:14,676 INFO Engine.final-stats] Average times: total 0.000, latency 0.000, connect 0.000
[2018-10-26 11:00:14,677 INFO Engine.final-stats] Percentiles:
(0lqqqqqqqqqqqqqqqwqqqqqqqqqqqqqqqk(B
(0x(B Percentile, % (0x(B Resp. Time, s (0x(B
(0tqqqqqqqqqqqqqqqnqqqqqqqqqqqqqqqu(B
(0x(B           0.0 (0x(B           0.0 (0x(B
(0x(B          50.0 (0x(B           0.0 (0x(B
(0x(B          90.0 (0x(B           0.0 (0x(B
(0x(B          95.0 (0x(B           0.0 (0x(B
(0x(B          99.0 (0x(B           0.0 (0x(B
(0x(B          99.9 (0x(B         0.001 (0x(B
(0x(B         100.0 (0x(B         0.008 (0x(B
(0mqqqqqqqqqqqqqqqvqqqqqqqqqqqqqqqj(B
[2018-10-26 11:00:14,679 INFO Engine.final-stats] Request label stats:
(0lqqqqqqqqqwqqqqqqqqwqqqqqqqwqqqqqqqqwqqqqqqqqqqqqqqqqqqqqqqqqqqqqqqqqqqqqqqk(B
(0x(B label   (0x(B status (0x(B  succ (0x(B avg_rt (0x(B error                                (0x(B
(0tqqqqqqqqqnqqqqqqqqnqqqqqqqnqqqqqqqqnqqqqqqqqqqqqqqqqqqqqqqqqqqqqqqqqqqqqqqu(B
(0x(B runTest (0x(B  FAIL  (0x(B 0.00% (0x(B  0.000 (0x(B invalid syntax (NOP_SC3.py, line 72) (0x(B
(0mqqqqqqqqqvqqqqqqqqvqqqqqqqvqqqqqqqqvqqqqqqqqqqqqqqqqqqqqqqqqqqqqqqqqqqqqqqj(B
[2018-10-26 11:00:14,679 DEBUG Engine.console] No logger_handler or orig_stream was detected
[2018-10-26 11:00:14,681 DEBUG Engine.Configuration] Dumping YAML config into /Users/chefe02/Desktop/presales_cert/Artifacts/2018-10-26_10-59-59.523249bz/effective.yml
[2018-10-26 11:00:14,701 DEBUG Engine.Configuration] Dumping JSON config into /Users/chefe02/Desktop/presales_cert/Artifacts/2018-10-26_10-59-59.523249bz/effective.json
[2018-10-26 11:00:14,702 INFO root] Artifacts dir: /Users/chefe02/Desktop/presales_cert/Artifacts/2018-10-26_10-59-59.523249bz
[2018-10-26 11:00:14,702 WARNING root] Done performing with code: 1
[2018-10-26 11:00:14,702 DEBUG root] Closing log handler: /Users/chefe02/Desktop/presales_cert/Artifacts/2018-10-26_10-59-59.523249bz/bzt.log
