[2018-10-26 13:02:19,467 INFO root] Taurus CLI Tool v1.13.0
[2018-10-26 13:02:19,476 DEBUG root] Command-line options: {'verbose': None, 'no_system_configs': None, 'quiet': None, 'log': '/var/folders/5f/vzk4zj_95sndkt7khp6l85jhnvgy8l/T/bzt_KMsen5.log', 'option': None, 'aliases': ['cloud']}
[2018-10-26 13:02:19,476 DEBUG root] Python: CPython 2.7.15
[2018-10-26 13:02:19,476 DEBUG root] OS: ('Darwin', 'chefe02mac947', '17.7.0', 'Darwin Kernel Version 17.7.0: Thu Jun 21 22:53:14 PDT 2018; root:xnu-4570.71.2~1/RELEASE_X86_64', 'x86_64', 'i386')
[2018-10-26 13:02:19,477 INFO root] Starting with configs: ['NOP_SC2_Taurus.yaml']
[2018-10-26 13:02:19,477 DEBUG root] Using personal config: /Users/chefe02/.bzt-rc
[2018-10-26 13:02:19,477 INFO Engine] Configuring...
[2018-10-26 13:02:19,477 DEBUG Engine] No machine configs dir: /usr/local/Cellar/bzt/1.13.0/libexec/bin/../etc/bzt.d
[2018-10-26 13:02:19,477 DEBUG Engine] Base configs list: ['/usr/local/Cellar/bzt/1.13.0/libexec/lib/python2.7/site-packages/bzt/resources/base-config.yml']
[2018-10-26 13:02:19,477 DEBUG Engine.Configuration] Configs: ['/usr/local/Cellar/bzt/1.13.0/libexec/lib/python2.7/site-packages/bzt/resources/base-config.yml']
[2018-10-26 13:02:19,478 DEBUG Engine.Configuration] Reading /usr/local/Cellar/bzt/1.13.0/libexec/lib/python2.7/site-packages/bzt/resources/base-config.yml as YAML
[2018-10-26 13:02:19,504 DEBUG Engine] User configs list: ['/Users/chefe02/.bzt-rc', 'NOP_SC2_Taurus.yaml']
[2018-10-26 13:02:19,505 DEBUG Engine.Configuration] Configs: ['/Users/chefe02/.bzt-rc', 'NOP_SC2_Taurus.yaml']
[2018-10-26 13:02:19,506 DEBUG Engine.Configuration] Reading /Users/chefe02/.bzt-rc as YAML
[2018-10-26 13:02:19,510 DEBUG Engine.Configuration] Reading NOP_SC2_Taurus.yaml as YAML
[2018-10-26 13:02:19,513 DEBUG Engine.Configuration] Configs: ['/Users/chefe02/.bzt-rc', 'NOP_SC2_Taurus.yaml']
[2018-10-26 13:02:19,514 DEBUG Engine.Configuration] Reading /Users/chefe02/.bzt-rc as YAML
[2018-10-26 13:02:19,517 DEBUG Engine.Configuration] Reading NOP_SC2_Taurus.yaml as YAML
[2018-10-26 13:02:19,534 DEBUG Engine] Requesting updates info: http://gettaurus.org/updates/?version=1.13.0&installID=macos-8c85905fb9f6
[2018-10-26 13:02:19,534 INFO Engine] Artifacts dir: /Users/chefe02/Desktop/presales_cert/Artifacts/2018-10-26_13-02-19.534450bz
[2018-10-26 13:02:19,534 DEBUG HTTPClient] Making HTTP request GET http://gettaurus.org/updates/?version=1.13.0&installID=macos-8c85905fb9f6
[2018-10-26 13:02:19,541 DEBUG Engine] New artifact filename: /Users/chefe02/Desktop/presales_cert/Artifacts/2018-10-26_13-02-19.534450bz/effective
[2018-10-26 13:02:19,545 DEBUG urllib3.connectionpool] Starting new HTTP connection (1): gettaurus.org:80
[2018-10-26 13:02:19,545 DEBUG Engine.Configuration] Dumping YAML config into /Users/chefe02/Desktop/presales_cert/Artifacts/2018-10-26_13-02-19.534450bz/effective.yml
[2018-10-26 13:02:19,576 DEBUG Engine.Configuration] Dumping JSON config into /Users/chefe02/Desktop/presales_cert/Artifacts/2018-10-26_13-02-19.534450bz/effective.json
[2018-10-26 13:02:19,578 DEBUG Engine] New artifact filename: /Users/chefe02/Desktop/presales_cert/Artifacts/2018-10-26_13-02-19.534450bz/merged.yml
[2018-10-26 13:02:19,578 DEBUG Engine.Configuration] Dumping YAML config into /Users/chefe02/Desktop/presales_cert/Artifacts/2018-10-26_13-02-19.534450bz/merged.yml
[2018-10-26 13:02:19,581 DEBUG Engine] New artifact filename: /Users/chefe02/Desktop/presales_cert/Artifacts/2018-10-26_13-02-19.534450bz/merged.json
[2018-10-26 13:02:19,582 DEBUG Engine.Configuration] Dumping JSON config into /Users/chefe02/Desktop/presales_cert/Artifacts/2018-10-26_13-02-19.534450bz/merged.json
[2018-10-26 13:02:19,582 DEBUG Engine] Add existing artifact (move=False): NOP_SC2_Taurus.yaml
[2018-10-26 13:02:19,582 DEBUG Engine] Copying NOP_SC2_Taurus.yaml to /Users/chefe02/Desktop/presales_cert/Artifacts/2018-10-26_13-02-19.534450bz/NOP_SC2_Taurus.yaml
[2018-10-26 13:02:19,583 DEBUG Engine.Environment] Replace 'TAURUS_ARTIFACTS_DIR' in environment
[2018-10-26 13:02:19,584 DEBUG root] Closing log handler: /var/folders/5f/vzk4zj_95sndkt7khp6l85jhnvgy8l/T/bzt_KMsen5.log
[2018-10-26 13:02:19,976 DEBUG root] Switched writing logs to /Users/chefe02/Desktop/presales_cert/Artifacts/2018-10-26_13-02-19.534450bz/bzt.log
[2018-10-26 13:02:19,976 DEBUG root] Linting config
[2018-10-26 13:02:19,979 INFO Engine] Preparing...
[2018-10-26 13:02:19,980 DEBUG Engine] Module config: consolidator {'class': u'bzt.modules.aggregator.ConsolidatingAggregator'}
[2018-10-26 13:02:19,980 DEBUG root] Importing module: bzt.modules.aggregator
[2018-10-26 13:02:20,141 DEBUG root] Loading class: 'ConsolidatingAggregator' from <module 'bzt.modules.aggregator' from '/usr/local/Cellar/bzt/1.13.0/libexec/lib/python2.7/site-packages/bzt/modules/aggregator.pyc'>
[2018-10-26 13:02:20,142 DEBUG Engine.consolidator] Buffer scaling setup: percentile 95.0 from [0.0, 50.0, 90.0, 95.0, 99.0, 99.9, 100.0] selected
[2018-10-26 13:02:20,142 DEBUG Engine] Module config: monitoring {'class': u'bzt.modules.monitoring.Monitoring'}
[2018-10-26 13:02:20,142 DEBUG root] Importing module: bzt.modules.monitoring
[2018-10-26 13:02:20,144 DEBUG root] Loading class: 'Monitoring' from <module 'bzt.modules.monitoring' from '/usr/local/Cellar/bzt/1.13.0/libexec/lib/python2.7/site-packages/bzt/modules/monitoring.pyc'>
[2018-10-26 13:02:20,144 DEBUG Engine] Module config: cloud {'class': u'bzt.modules.blazemeter.CloudProvisioning', 'default-location': u'us-central1-a'}
[2018-10-26 13:02:20,144 DEBUG root] Importing module: bzt.modules.blazemeter
[2018-10-26 13:02:20,159 DEBUG easyprocess] version=0.2.3
[2018-10-26 13:02:20,162 DEBUG pyvirtualdisplay] version=0.2.1
[2018-10-26 13:02:20,164 DEBUG root] Loading class: 'CloudProvisioning' from <module 'bzt.modules.blazemeter' from '/usr/local/Cellar/bzt/1.13.0/libexec/lib/python2.7/site-packages/bzt/modules/blazemeter.pyc'>
[2018-10-26 13:02:20,164 DEBUG Engine] Module config: blazemeter {'project': u'presales_cert', 'token': '********', 'workspace': u'litterbox', 'test': u'NOP_SC2 Taurus/Jenkins', 'report-name': u'NOP_SC2_Taurus', 'class': u'bzt.modules.blazemeter.BlazeMeterUploader'}
[2018-10-26 13:02:20,164 DEBUG root] Importing module: bzt.modules.blazemeter
[2018-10-26 13:02:20,164 DEBUG root] Loading class: 'BlazeMeterUploader' from <module 'bzt.modules.blazemeter' from '/usr/local/Cellar/bzt/1.13.0/libexec/lib/python2.7/site-packages/bzt/modules/blazemeter.pyc'>
[2018-10-26 13:02:20,165 DEBUG Engine.cloud] Installing http client
[2018-10-26 13:02:20,165 DEBUG Engine.cloud] Request: GET https://a.blazemeter.com/api/v4/accounts None
[2018-10-26 13:02:20,165 DEBUG HTTPClient] Making HTTP request GET https://a.blazemeter.com/api/v4/accounts
[2018-10-26 13:02:20,231 DEBUG urllib3.connectionpool] Starting new HTTPS connection (1): a.blazemeter.com:443
[2018-10-26 13:02:20,285 DEBUG urllib3.connectionpool] http://gettaurus.org:80 "GET /updates/?version=1.13.0&installID=macos-8c85905fb9f6 HTTP/1.1" 200 59
[2018-10-26 13:02:20,285 DEBUG Engine] Taurus updates info: {u'needsUpgrade': True, u'latest': u'1.13.1'}
[2018-10-26 13:02:20,286 WARNING Engine] There is newer version of Taurus 1.13.1 available, consider upgrading. What's new: http://gettaurus.org/docs/Changelog/
[2018-10-26 13:02:20,742 DEBUG urllib3.connectionpool] https://a.blazemeter.com:443 "GET /api/v4/accounts HTTP/1.1" 200 2183
[2018-10-26 13:02:20,743 DEBUG Engine.cloud] Response [200]: {
    "limit": 10,
    "skip": 0,
    "total": 2,
    "hidden": 0,
    "api_version": 4,
    "error": null,
    "result": [
        {
            "id": 153221,
            "name": "BlazeMeter Demo",
            "thumbnailUrl": "https://www.blazemeter.com/s
[2018-10-26 13:02:20,744 DEBUG Engine.cloud] Request: GET https://a.blazemeter.com/api/v4/workspaces?accountId=153221&enabled=true&limit=100 None
[2018-10-26 13:02:20,745 DEBUG HTTPClient] Making HTTP request GET https://a.blazemeter.com/api/v4/workspaces?accountId=153221&enabled=true&limit=100
[2018-10-26 13:02:20,971 DEBUG urllib3.connectionpool] https://a.blazemeter.com:443 "GET /api/v4/workspaces?accountId=153221&enabled=true&limit=100 HTTP/1.1" 200 2196
[2018-10-26 13:02:20,972 DEBUG Engine.cloud] Response [200]: {
    "limit": 100,
    "skip": 0,
    "total": 3,
    "hidden": 0,
    "api_version": 4,
    "error": null,
    "result": [
        {
            "id": 215524,
            "name": "CD Presales WorkSpace",
            "userId": 358935,
            "created
[2018-10-26 13:02:20,974 DEBUG Engine.cloud] Request: GET https://a.blazemeter.com/api/v4/workspaces?accountId=190324&enabled=true&limit=100 None
[2018-10-26 13:02:20,974 DEBUG HTTPClient] Making HTTP request GET https://a.blazemeter.com/api/v4/workspaces?accountId=190324&enabled=true&limit=100
[2018-10-26 13:02:21,175 DEBUG urllib3.connectionpool] https://a.blazemeter.com:443 "GET /api/v4/workspaces?accountId=190324&enabled=true&limit=100 HTTP/1.1" 200 2190
[2018-10-26 13:02:21,176 DEBUG Engine.cloud] Response [200]: {
    "limit": 100,
    "skip": 0,
    "total": 3,
    "hidden": 0,
    "api_version": 4,
    "error": null,
    "result": [
        {
            "id": 184063,
            "name": "demo workspace",
            "userId": 407077,
            "created": 1513
[2018-10-26 13:02:21,178 DEBUG Engine] Module config: jmeter {'properties': {'jmeter.save.saveservice.autoflush': u'true', 'jmeter.save.saveservice.connect_time': u'true', 'summariser.name': u'', 'jmeterengine.force.system.exit': u'true'}, 'plugins': [u'jpgc-casutg', u'jpgc-dummy', u'jpgc-ffw', u'jpgc-fifo', u'jpgc-functions', u'jpgc-json', u'jpgc-perfmon', u'jpgc-prmctl', u'jpgc-tst'], 'class': u'bzt.modules.jmeter.JMeterExecutor', 'protocol-handlers': {'http': u'bzt.jmx.http.HTTPProtocolHandler'}}
[2018-10-26 13:02:21,178 DEBUG root] Importing module: bzt.modules.jmeter
[2018-10-26 13:02:21,190 DEBUG root] Loading class: 'JMeterExecutor' from <module 'bzt.modules.jmeter' from '/usr/local/Cellar/bzt/1.13.0/libexec/lib/python2.7/site-packages/bzt/modules/jmeter.pyc'>
[2018-10-26 13:02:21,191 DEBUG Engine.cloud.ProjectFinder] Parsed test link: None
[2018-10-26 13:02:21,191 DEBUG Engine.cloud] Request: GET https://a.blazemeter.com/api/v4/user None
[2018-10-26 13:02:21,191 DEBUG HTTPClient] Making HTTP request GET https://a.blazemeter.com/api/v4/user
[2018-10-26 13:02:21,413 DEBUG urllib3.connectionpool] https://a.blazemeter.com:443 "GET /api/v4/user HTTP/1.1" 200 2102
[2018-10-26 13:02:21,414 DEBUG Engine.cloud] Response [200]: {
    "api_version": 4,
    "error": null,
    "result": {
        "id": 407077,
        "email": "felicia.chen@blazemeter.com",
        "access": 1540584141,
        "login": 1538602495,
        "firstName": "felicia",
        "lastName": "chen",
        
[2018-10-26 13:02:21,414 DEBUG Engine.cloud] Request: GET https://a.blazemeter.com/api/v4/accounts None
[2018-10-26 13:02:21,414 DEBUG HTTPClient] Making HTTP request GET https://a.blazemeter.com/api/v4/accounts
[2018-10-26 13:02:21,650 DEBUG urllib3.connectionpool] https://a.blazemeter.com:443 "GET /api/v4/accounts HTTP/1.1" 200 2183
[2018-10-26 13:02:21,651 DEBUG Engine.cloud] Response [200]: {
    "limit": 10,
    "skip": 0,
    "total": 2,
    "hidden": 0,
    "api_version": 4,
    "error": null,
    "result": [
        {
            "id": 153221,
            "name": "BlazeMeter Demo",
            "thumbnailUrl": "https://www.blazemeter.com/s
[2018-10-26 13:02:21,652 DEBUG Engine.cloud.ProjectFinder] Using default account: {u'taurusCloudUrl': None, u'updated': 1535533318, u'migratedToV4': None, u'disclaimerMessage': None, u'appUrl': u'https://a.blazemeter.com', u'owner': {u'displayName': u'felicia chen', u'id': 407077, u'email': u'felicia.chen@blazemeter.com'}, u'membersCount': 2, u'thumbnailUrl': None, u'inviteContactEmail': None, u'apiKeyExpiration': 3650, u'workspacesCount': 3, u'name': u'Default Account', u'created': 1513707945, u'legacyApiKeysDisabled': False, u'totangoId': None, u'id': 190324, u'inviteContactName': None, u'jetLagUrl': u'https://s3.amazonaws.com/blazemeter-jetlag/snapshots/jetlag-1.6.6-2018-08-12-14-47-jar-with-dependencies.jar', u'salesforceId': None, u'sessionDelayedStart': 180}
[2018-10-26 13:02:21,652 DEBUG Engine.cloud] Request: GET https://a.blazemeter.com/api/v4/workspaces?accountId=190324&enabled=true&limit=100 None
[2018-10-26 13:02:21,652 DEBUG HTTPClient] Making HTTP request GET https://a.blazemeter.com/api/v4/workspaces?accountId=190324&enabled=true&limit=100
[2018-10-26 13:02:21,880 DEBUG urllib3.connectionpool] https://a.blazemeter.com:443 "GET /api/v4/workspaces?accountId=190324&enabled=true&limit=100 HTTP/1.1" 200 2190
[2018-10-26 13:02:21,880 DEBUG Engine.cloud] Response [200]: {
    "limit": 100,
    "skip": 0,
    "total": 3,
    "hidden": 0,
    "api_version": 4,
    "error": null,
    "result": [
        {
            "id": 184063,
            "name": "demo workspace",
            "userId": 407077,
            "created": 1513
[2018-10-26 13:02:21,881 DEBUG Engine.cloud] Request: GET https://a.blazemeter.com/api/v4/projects?workspaceId=188407&name=presales_cert None
[2018-10-26 13:02:21,881 DEBUG HTTPClient] Making HTTP request GET https://a.blazemeter.com/api/v4/projects?workspaceId=188407&name=presales_cert
[2018-10-26 13:02:22,075 DEBUG urllib3.connectionpool] https://a.blazemeter.com:443 "GET /api/v4/projects?workspaceId=188407&name=presales_cert HTTP/1.1" 200 408
[2018-10-26 13:02:22,076 DEBUG Engine.cloud] Response [200]: {
    "limit": 10,
    "skip": 0,
    "total": 1,
    "hidden": 0,
    "api_version": 4,
    "error": null,
    "result": [
        {
            "id": 328256,
            "name": "presales_cert",
            "userId": 407077,
            "description": ""
[2018-10-26 13:02:22,077 DEBUG Engine.cloud] Request: GET https://a.blazemeter.com/api/v4/multi-tests?projectId=328256&name=NOP_SC2+Taurus%2FJenkins None
[2018-10-26 13:02:22,077 DEBUG HTTPClient] Making HTTP request GET https://a.blazemeter.com/api/v4/multi-tests?projectId=328256&name=NOP_SC2+Taurus%2FJenkins
[2018-10-26 13:02:22,266 DEBUG urllib3.connectionpool] https://a.blazemeter.com:443 "GET /api/v4/multi-tests?projectId=328256&name=NOP_SC2+Taurus%2FJenkins HTTP/1.1" 200 126
[2018-10-26 13:02:22,268 DEBUG Engine.cloud] Response [200]: {
    "limit": 10,
    "skip": 0,
    "total": 0,
    "hidden": 0,
    "api_version": 4,
    "error": null,
    "result": []
}
[2018-10-26 13:02:22,268 DEBUG Engine.cloud] Request: GET https://a.blazemeter.com/api/v4/tests?projectId=328256&name=NOP_SC2+Taurus%2FJenkins None
[2018-10-26 13:02:22,268 DEBUG HTTPClient] Making HTTP request GET https://a.blazemeter.com/api/v4/tests?projectId=328256&name=NOP_SC2+Taurus%2FJenkins
[2018-10-26 13:02:22,457 DEBUG urllib3.connectionpool] https://a.blazemeter.com:443 "GET /api/v4/tests?projectId=328256&name=NOP_SC2+Taurus%2FJenkins HTTP/1.1" 200 126
[2018-10-26 13:02:22,458 DEBUG Engine.cloud] Response [200]: {
    "limit": 10,
    "skip": 0,
    "total": 0,
    "hidden": 0,
    "api_version": 4,
    "error": null,
    "result": []
}
[2018-10-26 13:02:22,458 DEBUG Engine.cloud.ProjectFinder] Will create standard test
[2018-10-26 13:02:22,458 DEBUG Engine.cloud] Request: GET https://a.blazemeter.com/api/v4/workspaces/188407 None
[2018-10-26 13:02:22,458 DEBUG HTTPClient] Making HTTP request GET https://a.blazemeter.com/api/v4/workspaces/188407
[2018-10-26 13:02:22,737 DEBUG urllib3.connectionpool] https://a.blazemeter.com:443 "GET /api/v4/workspaces/188407 HTTP/1.1" 200 None
[2018-10-26 13:02:22,810 DEBUG Engine.cloud] Response [200]: {
    "api_version": 4,
    "error": null,
    "result": {
        "id": 188407,
        "name": "litterbox",
        "userId": 407077,
        "created": 1515721294,
        "updated": 1522438252,
        "enabled": true,
        "dedicatedIpsEnabled": tr
[2018-10-26 13:02:22,828 DEBUG Engine.jmeter] Extract {'script': u'./NOP_SC2.jmx'} into scenarios
[2018-10-26 13:02:22,839 DEBUG Engine.cloud] All resource files are: [u'/Users/chefe02/Desktop/presales_cert/NOP_SC2.jmx']
[2018-10-26 13:02:22,839 DEBUG Engine.cloud] Replace file names in config: [u'/Users/chefe02/Desktop/presales_cert/NOP_SC2.jmx'] with [u'NOP_SC2.jmx']
[2018-10-26 13:02:22,840 DEBUG Engine.cloud] Replaced /Users/chefe02/Desktop/presales_cert/NOP_SC2.jmx with NOP_SC2.jmx
[2018-10-26 13:02:22,841 DEBUG Engine] New artifact filename: /Users/chefe02/Desktop/presales_cert/Artifacts/2018-10-26_13-02-19.534450bz/cloud
[2018-10-26 13:02:22,842 DEBUG root] Dumping YAML config into /Users/chefe02/Desktop/presales_cert/Artifacts/2018-10-26_13-02-19.534450bz/cloud.yml
[2018-10-26 13:02:22,848 DEBUG root] Dumping JSON config into /Users/chefe02/Desktop/presales_cert/Artifacts/2018-10-26_13-02-19.534450bz/cloud.json
[2018-10-26 13:02:22,848 DEBUG Engine.cloud] Creating new test
[2018-10-26 13:02:22,849 DEBUG Engine.cloud] Request: POST https://a.blazemeter.com/api/v4/tests {
 "projectId": 328256, 
 "configuration": {
  "type": "taurus", 
  "plugins": {
   "taurus": {
    "filename": ""
   }
  }
 }, 
 "name": "NOP_SC2 Taurus/Jenkins"
}
[2018-10-26 13:02:22,849 DEBUG HTTPClient] Making HTTP request POST https://a.blazemeter.com/api/v4/tests
[2018-10-26 13:02:23,058 DEBUG urllib3.connectionpool] https://a.blazemeter.com:443 "POST /api/v4/tests HTTP/1.1" 201 683
[2018-10-26 13:02:23,059 DEBUG Engine.cloud] Response [201]: {
    "api_version": 4,
    "error": null,
    "result": {
        "id": 6384519,
        "name": "NOP_SC2 Taurus/Jenkins",
        "isNewTest": true,
        "userId": 407077,
        "created": 1540584142,
        "updated": 1540584142,
        "creatorC
[2018-10-26 13:02:23,059 DEBUG Engine.cloud] Request: GET https://a.blazemeter.com/api/v4/web/elfinder/6384519?cmd=open&target=s1_Lw None
[2018-10-26 13:02:23,059 DEBUG HTTPClient] Making HTTP request GET https://a.blazemeter.com/api/v4/web/elfinder/6384519?cmd=open&target=s1_Lw
[2018-10-26 13:02:23,529 DEBUG urllib3.connectionpool] https://a.blazemeter.com:443 "GET /api/v4/web/elfinder/6384519?cmd=open&target=s1_Lw HTTP/1.1" 200 1300
[2018-10-26 13:02:23,530 DEBUG Engine.cloud] Response [200]: {"cwd":{"name":"data","size":0,"mime":"directory","read":1,"write":1,"parent_id":"users","hash":"s1_Lw","rootRev":"","options":{"path":"","url":"","tmbUrl":"","disabled":["mkdir","archive","zipdl","extract","chmod"],"separator":"\/","copyOverwrite":1,"uplo
[2018-10-26 13:02:23,531 DEBUG Engine.cloud] Test files: []
[2018-10-26 13:02:23,535 DEBUG Engine.cloud] Uploading files into the test: [u'/Users/chefe02/Desktop/presales_cert/NOP_SC2.jmx']
[2018-10-26 13:02:23,541 DEBUG Engine.cloud] Request: POST https://a.blazemeter.com/api/v4/tests/6384519/files --===============7951349151697486225==
Content-Disposition: file; name="script"; filename="taurus.yml"
Content-Type: application/octet-stream

---
execution:
- concurrency: 20
  executor: jmeter
  hold-for: 2m
  locations:
    us-west-1: 1
  ramp-up: 3
[2018-10-26 13:02:23,541 DEBUG HTTPClient] Making HTTP request POST https://a.blazemeter.com/api/v4/tests/6384519/files
[2018-10-26 13:02:24,381 DEBUG urllib3.connectionpool] https://a.blazemeter.com:443 "POST /api/v4/tests/6384519/files HTTP/1.1" 201 625
[2018-10-26 13:02:24,382 DEBUG Engine.cloud] Response [201]: {
    "api_version": 4,
    "error": null,
    "result": {
        "id": 6384519,
        "isNewTest": true,
        "name": "NOP_SC2 Taurus/Jenkins",
        "userId": 407077,
        "creatorClientId": "Taurus",
        "overrideExecutions": [],
        
[2018-10-26 13:02:24,382 DEBUG Engine.cloud] Request: PATCH https://a.blazemeter.com/api/v4/tests/6384519 {
 "configuration": {
  "executionType": null
 }
}
[2018-10-26 13:02:24,382 DEBUG HTTPClient] Making HTTP request PATCH https://a.blazemeter.com/api/v4/tests/6384519
[2018-10-26 13:02:24,715 DEBUG urllib3.connectionpool] https://a.blazemeter.com:443 "PATCH /api/v4/tests/6384519 HTTP/1.1" 200 1397
[2018-10-26 13:02:24,716 DEBUG Engine.cloud] Response [200]: {
    "api_version": 4,
    "error": null,
    "result": {
        "id": 6384519,
        "isNewTest": true,
        "name": "NOP_SC2 Taurus/Jenkins",
        "userId": 407077,
        "creatorClientId": "Taurus",
        "overrideExecutions": [],
        
[2018-10-26 13:02:24,716 DEBUG Engine.cloud] Request: PATCH https://a.blazemeter.com/api/v4/tests/6384519 {
 "configuration": {
  "plugins": {
   "reportEmail": {
    "enabled": false
   }
  }
 }
}
[2018-10-26 13:02:24,716 DEBUG HTTPClient] Making HTTP request PATCH https://a.blazemeter.com/api/v4/tests/6384519
[2018-10-26 13:02:25,019 DEBUG urllib3.connectionpool] https://a.blazemeter.com:443 "PATCH /api/v4/tests/6384519 HTTP/1.1" 200 1575
[2018-10-26 13:02:25,020 DEBUG Engine.cloud] Response [200]: {
    "api_version": 4,
    "error": null,
    "result": {
        "id": 6384519,
        "isNewTest": true,
        "name": "NOP_SC2 Taurus/Jenkins",
        "userId": 407077,
        "creatorClientId": "Taurus",
        "overrideExecutions": [],
        
[2018-10-26 13:02:25,020 DEBUG Engine] Module config: final-stats {'class': u'bzt.modules.reporting.FinalStatus'}
[2018-10-26 13:02:25,020 DEBUG root] Importing module: bzt.modules.reporting
[2018-10-26 13:02:25,027 DEBUG root] Loading class: 'FinalStatus' from <module 'bzt.modules.reporting' from '/usr/local/Cellar/bzt/1.13.0/libexec/lib/python2.7/site-packages/bzt/modules/reporting.pyc'>
[2018-10-26 13:02:25,028 DEBUG Engine] Module config: console {'class': u'bzt.modules.console.ConsoleStatusReporter'}
[2018-10-26 13:02:25,028 DEBUG root] Importing module: bzt.modules.console
[2018-10-26 13:02:25,028 DEBUG root] Loading class: 'ConsoleStatusReporter' from <module 'bzt.modules.console' from '/usr/local/Cellar/bzt/1.13.0/libexec/lib/python2.7/site-packages/bzt/modules/console.pyc'>
[2018-10-26 13:02:25,035 DEBUG Engine.Configuration] Dumping YAML config into /Users/chefe02/Desktop/presales_cert/Artifacts/2018-10-26_13-02-19.534450bz/effective.yml
[2018-10-26 13:02:25,058 DEBUG Engine.Configuration] Dumping JSON config into /Users/chefe02/Desktop/presales_cert/Artifacts/2018-10-26_13-02-19.534450bz/effective.json
[2018-10-26 13:02:25,059 INFO Engine] Starting...
[2018-10-26 13:02:25,059 DEBUG Engine] Startup <bzt.modules.monitoring.Monitoring object at 0x10ed86f50>
[2018-10-26 13:02:25,059 DEBUG Engine] Startup <bzt.modules.aggregator.ConsolidatingAggregator object at 0x10d62f9d0>
[2018-10-26 13:02:25,059 DEBUG Engine] Startup <bzt.modules.reporting.FinalStatus object at 0x10ef29c90>
[2018-10-26 13:02:25,059 DEBUG Engine] Startup <bzt.modules.console.ConsoleStatusReporter object at 0x10ef06810>
[2018-10-26 13:02:25,059 INFO Engine.console] Waiting for results...
[2018-10-26 13:02:25,060 DEBUG Engine] Startup <bzt.modules.reporting.FinalStatus object at 0x10ef06a10>
[2018-10-26 13:02:25,060 DEBUG Engine] Startup <bzt.modules.blazemeter.CloudProvisioning object at 0x10d5e85d0>
[2018-10-26 13:02:25,060 INFO Engine.cloud.ProjectFinder.CloudTaurusTest] Initiating cloud test with https://a.blazemeter.com ...
[2018-10-26 13:02:25,060 DEBUG Engine.cloud] Request: POST https://a.blazemeter.com/api/v4/tests/6384519/start None
[2018-10-26 13:02:25,060 DEBUG HTTPClient] Making HTTP request POST https://a.blazemeter.com/api/v4/tests/6384519/start
[2018-10-26 13:02:28,956 DEBUG urllib3.connectionpool] https://a.blazemeter.com:443 "POST /api/v4/tests/6384519/start HTTP/1.1" 202 1217
[2018-10-26 13:02:28,957 DEBUG Engine.cloud] Response [202]: {
    "api_version": 4,
    "error": null,
    "result": {
        "id": 18441841,
        "name": "NOP_SC2 Taurus/Jenkins",
        "userId": 407077,
        "runnerUserId": 407077,
        "parallelTestsInWorkspace": 2,
        "parallelTestsInAccount": 
[2018-10-26 13:02:28,957 INFO Engine.cloud] Started cloud test: https://a.blazemeter.com/app/#/masters/18441841
[2018-10-26 13:02:29,095 DEBUG Engine.cloud] Request: PATCH https://a.blazemeter.com/api/v4/masters/18441841 {
 "name": "NOP_SC2_Taurus"
}
[2018-10-26 13:02:29,096 DEBUG HTTPClient] Making HTTP request PATCH https://a.blazemeter.com/api/v4/masters/18441841
[2018-10-26 13:02:29,313 DEBUG urllib3.connectionpool] https://a.blazemeter.com:443 "PATCH /api/v4/masters/18441841 HTTP/1.1" 200 1085
[2018-10-26 13:02:29,314 DEBUG Engine.cloud] Response [200]: {
    "api_version": 4,
    "error": null,
    "result": {
        "id": 18441841,
        "name": "NOP_SC2_Taurus",
        "userId": 407077,
        "runnerUserId": 407077,
        "parallelTestsInWorkspace": 2,
        "parallelTestsInAccount": 2,
     
[2018-10-26 13:02:29,317 DEBUG Engine.Configuration] Dumping YAML config into /Users/chefe02/Desktop/presales_cert/Artifacts/2018-10-26_13-02-19.534450bz/effective.yml
[2018-10-26 13:02:29,353 DEBUG Engine.Configuration] Dumping JSON config into /Users/chefe02/Desktop/presales_cert/Artifacts/2018-10-26_13-02-19.534450bz/effective.json
[2018-10-26 13:02:29,354 DEBUG root] Leveling down log file verbosity to INFO, use -v option to have DEBUG messages enabled
[2018-10-26 13:02:31,148 INFO Engine.cloud] Cloud test status: BOOT_STARTING
[2018-10-26 13:02:31,623 INFO Engine.console] Waiting for finish...
[2018-10-26 13:03:35,190 INFO Engine.cloud] Cloud test status: TAURUS_ENGINE_READY
[2018-10-26 13:04:15,246 INFO Engine.cloud] Cloud test status: DATA_RECEIVED
[2018-10-26 13:04:34,050 WARNING Engine.cloud] Skipping inconsistent data from API for label: click on sunglasses
[2018-10-26 13:04:34,058 WARNING Engine.cloud] Skipping inconsistent data from API for label: add sunglasses to cart
[2018-10-26 13:04:34,066 WARNING Engine.cloud] Skipping inconsistent data from API for label: search "fahr"
[2018-10-26 13:04:34,071 WARNING Engine.cloud] Skipping inconsistent data from API for label: click on sunglasses
[2018-10-26 13:04:34,077 WARNING Engine.cloud] Skipping inconsistent data from API for label: add book to cart
[2018-10-26 13:08:48,023 INFO Engine.cloud] Cloud test status: FINALIZING
[2018-10-26 13:08:48,035 INFO Engine.cloud] Test was stopped in the cloud: FINALIZING
[2018-10-26 13:08:48,757 WARNING Engine] Please wait for graceful shutdown...
[2018-10-26 13:08:48,763 DEBUG root] Leveled up log file verbosity
[2018-10-26 13:08:48,763 INFO Engine] Shutting down...
[2018-10-26 13:08:48,768 DEBUG Engine] Current stop reason: None
[2018-10-26 13:08:48,768 DEBUG Engine.console] Restoring logging streams, [<logging.StreamHandler object at 0x10d5dfc10>]/{<logging.StreamHandler object at 0x10d5dfc10>: <open file '<stdout>', mode 'w' at 0x10bd77150>}
[2018-10-26 13:08:48,770 DEBUG Engine.Configuration] Dumping YAML config into /Users/chefe02/Desktop/presales_cert/Artifacts/2018-10-26_13-02-19.534450bz/effective.yml
[2018-10-26 13:08:48,789 DEBUG Engine.Configuration] Dumping JSON config into /Users/chefe02/Desktop/presales_cert/Artifacts/2018-10-26_13-02-19.534450bz/effective.json
[2018-10-26 13:08:48,790 INFO Engine] Post-processing...
[2018-10-26 13:08:48,790 DEBUG Engine.cloud] Request: GET https://a.blazemeter.com/api/v4/masters/18441841/full None
[2018-10-26 13:08:48,790 DEBUG HTTPClient] Making HTTP request GET https://a.blazemeter.com/api/v4/masters/18441841/full
[2018-10-26 13:08:48,996 DEBUG urllib3.connectionpool] https://a.blazemeter.com:443 "GET /api/v4/masters/18441841/full HTTP/1.1" 200 7369
[2018-10-26 13:08:48,997 DEBUG Engine.cloud] Response [200]: {
    "api_version": 4,
    "error": null,
    "result": {
        "id": 18441841,
        "name": "NOP_SC2_Taurus",
        "userId": 407077,
        "runnerUserId": 407077,
        "created": 1540584148,
        "updated": 1540584149,
        "parallelTe
[2018-10-26 13:08:48,997 DEBUG Engine.cloud] Request: GET https://a.blazemeter.com/api/v4/data/labels?master_id=18441841 None
[2018-10-26 13:08:48,997 DEBUG HTTPClient] Making HTTP request GET https://a.blazemeter.com/api/v4/data/labels?master_id=18441841
[2018-10-26 13:08:49,189 DEBUG urllib3.connectionpool] https://a.blazemeter.com:443 "GET /api/v4/data/labels?master_id=18441841 HTTP/1.1" 200 1760
[2018-10-26 13:08:49,190 DEBUG Engine.cloud] Response [200]: {
    "api_version": 4,
    "error": null,
    "result": [
        {
            "id": "ALL",
            "name": "ALL",
            "sessions": [
                "r-v4-5bd372d4ba9c7"
            ]
        },
        {
            "id": "5e509f7866b3691a4e
[2018-10-26 13:08:49,190 DEBUG Engine.cloud] Request: GET https://a.blazemeter.com/api/v4/data/kpis?interval=1&from=1540584506&master_ids%5B%5D=18441841&kpis%5B%5D=t&kpis%5B%5D=lt&kpis%5B%5D=by&kpis%5B%5D=n&kpis%5B%5D=ec&kpis%5B%5D=ts&kpis%5B%5D=na&labels%5B%5D=ALL&labels%5B%5D=5e509f7866b3691a4ec375003d0715b8&labels%5B%5D=d1047c744d8b89eb2dabb8c39b3d6ea8&labels%5B%5D=4fd62466f8c8377aef26de62f16cec20&labels%5B%5D=4d64ad9b371dad0c476df83f4feb5f36&labels%5B%5D=404ba6f509e3758f4253d729e137c255&labels%5B%5D=b56a291c70c5441594f6afddb5f335b9&labels%5B%5D=99dbd8f418fc8fbaebee44eef520cba2&labels%5B%5D=b23b9bd61f90a07c37a1b60e8e954eae None
[2018-10-26 13:08:49,190 DEBUG HTTPClient] Making HTTP request GET https://a.blazemeter.com/api/v4/data/kpis?interval=1&from=1540584506&master_ids%5B%5D=18441841&kpis%5B%5D=t&kpis%5B%5D=lt&kpis%5B%5D=by&kpis%5B%5D=n&kpis%5B%5D=ec&kpis%5B%5D=ts&kpis%5B%5D=na&labels%5B%5D=ALL&labels%5B%5D=5e509f7866b3691a4ec375003d0715b8&labels%5B%5D=d1047c744d8b89eb2dabb8c39b3d6ea8&labels%5B%5D=4fd62466f8c8377aef26de62f16cec20&labels%5B%5D=4d64ad9b371dad0c476df83f4feb5f36&labels%5B%5D=404ba6f509e3758f4253d729e137c255&labels%5B%5D=b56a291c70c5441594f6afddb5f335b9&labels%5B%5D=99dbd8f418fc8fbaebee44eef520cba2&labels%5B%5D=b23b9bd61f90a07c37a1b60e8e954eae
[2018-10-26 13:08:49,402 DEBUG urllib3.connectionpool] https://a.blazemeter.com:443 "GET /api/v4/data/kpis?interval=1&from=1540584506&master_ids%5B%5D=18441841&kpis%5B%5D=t&kpis%5B%5D=lt&kpis%5B%5D=by&kpis%5B%5D=n&kpis%5B%5D=ec&kpis%5B%5D=ts&kpis%5B%5D=na&labels%5B%5D=ALL&labels%5B%5D=5e509f7866b3691a4ec375003d0715b8&labels%5B%5D=d1047c744d8b89eb2dabb8c39b3d6ea8&labels%5B%5D=4fd62466f8c8377aef26de62f16cec20&labels%5B%5D=4d64ad9b371dad0c476df83f4feb5f36&labels%5B%5D=404ba6f509e3758f4253d729e137c255&labels%5B%5D=b56a291c70c5441594f6afddb5f335b9&labels%5B%5D=99dbd8f418fc8fbaebee44eef520cba2&labels%5B%5D=b23b9bd61f90a07c37a1b60e8e954eae HTTP/1.1" 200 2697
[2018-10-26 13:08:49,402 DEBUG Engine.cloud] Response [200]: {
    "api_version": 4,
    "error": null,
    "result": [
        {
            "labelId": "4fd62466f8c8377aef26de62f16cec20",
            "labelName": "add sunglasses to cart",
            "label": "add sunglasses to cart",
            "kpis": [
        
[2018-10-26 13:08:49,403 DEBUG Engine.cloud] Request: GET https://a.blazemeter.com/api/v4/masters/18441841/reports/aggregatereport/data None
[2018-10-26 13:08:49,403 DEBUG HTTPClient] Making HTTP request GET https://a.blazemeter.com/api/v4/masters/18441841/reports/aggregatereport/data
[2018-10-26 13:08:49,614 DEBUG urllib3.connectionpool] https://a.blazemeter.com:443 "GET /api/v4/masters/18441841/reports/aggregatereport/data HTTP/1.1" 200 6374
[2018-10-26 13:08:49,615 DEBUG Engine.cloud] Response [200]: {
    "api_version": 4,
    "error": null,
    "result": [
        {
            "labelId": "ALL",
            "labelName": "ALL",
            "samples": 738,
            "avgResponseTime": 3362.424,
            "90line": 4107,
            "95line": 4343,

[2018-10-26 13:08:49,616 DEBUG Engine.cloud] Request: GET https://a.blazemeter.com/api/v4/masters/18441841/reports/errorsreport/data?noDataError=false None
[2018-10-26 13:08:49,617 DEBUG HTTPClient] Making HTTP request GET https://a.blazemeter.com/api/v4/masters/18441841/reports/errorsreport/data?noDataError=false
[2018-10-26 13:08:49,839 DEBUG urllib3.connectionpool] https://a.blazemeter.com:443 "GET /api/v4/masters/18441841/reports/errorsreport/data?noDataError=false HTTP/1.1" 200 61
[2018-10-26 13:08:49,840 DEBUG Engine.cloud] Response [200]: {
    "api_version": 4,
    "error": null,
    "result": []
}
[2018-10-26 13:08:49,843 DEBUG Engine.consolidator] Consolidator buffer[3]: [1540584504, 1540584505, 1540584506]
[2018-10-26 13:08:49,844 DEBUG Engine.consolidator] Merging into 1540584504
[2018-10-26 13:08:49,844 DEBUG Engine.consolidator] Merging 1540584504
[2018-10-26 13:08:49,851 DEBUG Engine.consolidator] Processed datapoint: 1540584504/None
[2018-10-26 13:08:49,851 DEBUG Engine.consolidator] Merging into 1540584505
[2018-10-26 13:08:49,851 DEBUG Engine.consolidator] Merging 1540584505
[2018-10-26 13:08:49,857 DEBUG Engine.consolidator] Processed datapoint: 1540584505/None
[2018-10-26 13:08:49,857 DEBUG Engine.consolidator] Merging into 1540584506
[2018-10-26 13:08:49,857 DEBUG Engine.consolidator] Merging 1540584506
[2018-10-26 13:08:49,862 DEBUG Engine.consolidator] Processed datapoint: 1540584506/None
[2018-10-26 13:08:49,863 INFO Engine.final-stats] Test duration: 0:06:23
[2018-10-26 13:08:49,863 INFO Engine.final-stats] Samples count: 738, 0.00% failures
[2018-10-26 13:08:49,863 INFO Engine.final-stats] Average times: total 3.362, latency 2.993, connect 0.000
[2018-10-26 13:08:49,870 INFO Engine.final-stats] Percentiles:
(0lqqqqqqqqqqqqqqqwqqqqqqqqqqqqqqqk(B
(0x(B Percentile, % (0x(B Resp. Time, s (0x(B
(0tqqqqqqqqqqqqqqqnqqqqqqqqqqqqqqqu(B
(0x(B          90.0 (0x(B         2.077 (0x(B
(0x(B          95.0 (0x(B         2.161 (0x(B
(0x(B          99.0 (0x(B         2.161 (0x(B
(0mqqqqqqqqqqqqqqqvqqqqqqqqqqqqqqqj(B
[2018-10-26 13:08:49,877 INFO Engine.final-stats] Request label stats:
(0lqqqqqqqqqqqqqqqqqqqqqqqqwqqqqqqqqwqqqqqqqqqwqqqqqqqqwqqqqqqqk(B
(0x(B label                  (0x(B status (0x(B    succ (0x(B avg_rt (0x(B error (0x(B
(0tqqqqqqqqqqqqqqqqqqqqqqqqnqqqqqqqqnqqqqqqqqqnqqqqqqqqnqqqqqqqu(B
(0x(B add book to cart       (0x(B   OK   (0x(B 100.00% (0x(B  3.057 (0x(B       (0x(B
(0x(B add macbook to cart    (0x(B   OK   (0x(B 100.00% (0x(B  3.066 (0x(B       (0x(B
(0x(B add sunglasses to cart (0x(B   OK   (0x(B 100.00% (0x(B  3.219 (0x(B       (0x(B
(0x(B click macbook          (0x(B   OK   (0x(B 100.00% (0x(B  3.541 (0x(B       (0x(B
(0x(B click on sunglasses    (0x(B   OK   (0x(B 100.00% (0x(B  3.570 (0x(B       (0x(B
(0x(B search "apple"         (0x(B   OK   (0x(B 100.00% (0x(B  3.676 (0x(B       (0x(B
(0x(B search "fahr"          (0x(B   OK   (0x(B 100.00% (0x(B  3.645 (0x(B       (0x(B
(0x(B search sunglasses      (0x(B   OK   (0x(B 100.00% (0x(B  3.603 (0x(B       (0x(B
(0mqqqqqqqqqqqqqqqqqqqqqqqqvqqqqqqqqvqqqqqqqqqvqqqqqqqqvqqqqqqqj(B
[2018-10-26 13:08:49,877 DEBUG Engine.console] No logger_handler or orig_stream was detected
[2018-10-26 13:08:49,877 INFO Engine.final-stats] Test duration: 0:06:23
[2018-10-26 13:08:49,877 INFO Engine.final-stats] Samples count: 738, 0.00% failures
[2018-10-26 13:08:49,877 INFO Engine.final-stats] Average times: total 3.362, latency 2.993, connect 0.000
[2018-10-26 13:08:49,878 INFO Engine.final-stats] Percentiles:
(0lqqqqqqqqqqqqqqqwqqqqqqqqqqqqqqqk(B
(0x(B Percentile, % (0x(B Resp. Time, s (0x(B
(0tqqqqqqqqqqqqqqqnqqqqqqqqqqqqqqqu(B
(0x(B          90.0 (0x(B         2.077 (0x(B
(0x(B          95.0 (0x(B         2.161 (0x(B
(0x(B          99.0 (0x(B         2.161 (0x(B
(0mqqqqqqqqqqqqqqqvqqqqqqqqqqqqqqqj(B
[2018-10-26 13:08:49,879 INFO Engine.final-stats] Request label stats:
(0lqqqqqqqqqqqqqqqqqqqqqqqqwqqqqqqqqwqqqqqqqqqwqqqqqqqqwqqqqqqqk(B
(0x(B label                  (0x(B status (0x(B    succ (0x(B avg_rt (0x(B error (0x(B
(0tqqqqqqqqqqqqqqqqqqqqqqqqnqqqqqqqqnqqqqqqqqqnqqqqqqqqnqqqqqqqu(B
(0x(B add book to cart       (0x(B   OK   (0x(B 100.00% (0x(B  3.057 (0x(B       (0x(B
(0x(B add macbook to cart    (0x(B   OK   (0x(B 100.00% (0x(B  3.066 (0x(B       (0x(B
(0x(B add sunglasses to cart (0x(B   OK   (0x(B 100.00% (0x(B  3.219 (0x(B       (0x(B
(0x(B click macbook          (0x(B   OK   (0x(B 100.00% (0x(B  3.541 (0x(B       (0x(B
(0x(B click on sunglasses    (0x(B   OK   (0x(B 100.00% (0x(B  3.570 (0x(B       (0x(B
(0x(B search "apple"         (0x(B   OK   (0x(B 100.00% (0x(B  3.676 (0x(B       (0x(B
(0x(B search "fahr"          (0x(B   OK   (0x(B 100.00% (0x(B  3.645 (0x(B       (0x(B
(0x(B search sunglasses      (0x(B   OK   (0x(B 100.00% (0x(B  3.603 (0x(B       (0x(B
(0mqqqqqqqqqqqqqqqqqqqqqqqqvqqqqqqqqvqqqqqqqqqvqqqqqqqqvqqqqqqqj(B
[2018-10-26 13:08:49,879 INFO Engine.final-stats] Dumping final status as XML: ./final_stats.xml
[2018-10-26 13:08:49,886 DEBUG Engine.Configuration] Dumping YAML config into /Users/chefe02/Desktop/presales_cert/Artifacts/2018-10-26_13-02-19.534450bz/effective.yml
[2018-10-26 13:08:49,911 DEBUG Engine.Configuration] Dumping JSON config into /Users/chefe02/Desktop/presales_cert/Artifacts/2018-10-26_13-02-19.534450bz/effective.json
[2018-10-26 13:08:49,912 INFO root] Artifacts dir: /Users/chefe02/Desktop/presales_cert/Artifacts/2018-10-26_13-02-19.534450bz
[2018-10-26 13:08:49,913 INFO root] Done performing with code: 0
[2018-10-26 13:08:49,913 DEBUG root] Closing log handler: /Users/chefe02/Desktop/presales_cert/Artifacts/2018-10-26_13-02-19.534450bz/bzt.log
