[2018-10-26 11:26:06,597 INFO root] Taurus CLI Tool v1.13.0
[2018-10-26 11:26:06,597 DEBUG root] Command-line options: {'verbose': None, 'no_system_configs': None, 'quiet': None, 'log': '/var/folders/5f/vzk4zj_95sndkt7khp6l85jhnvgy8l/T/bzt_z3sLqB.log', 'option': None, 'aliases': []}
[2018-10-26 11:26:06,598 DEBUG root] Python: CPython 2.7.15
[2018-10-26 11:26:06,598 DEBUG root] OS: ('Darwin', 'chefe02mac947', '17.7.0', 'Darwin Kernel Version 17.7.0: Thu Jun 21 22:53:14 PDT 2018; root:xnu-4570.71.2~1/RELEASE_X86_64', 'x86_64', 'i386')
[2018-10-26 11:26:06,598 INFO root] Starting with configs: ['NOP_SC3_SP.yaml']
[2018-10-26 11:26:06,598 DEBUG root] Using personal config: /Users/chefe02/.bzt-rc
[2018-10-26 11:26:06,598 INFO Engine] Configuring...
[2018-10-26 11:26:06,599 DEBUG Engine] No machine configs dir: /usr/local/Cellar/bzt/1.13.0/libexec/bin/../etc/bzt.d
[2018-10-26 11:26:06,599 DEBUG Engine] Base configs list: ['/usr/local/Cellar/bzt/1.13.0/libexec/lib/python2.7/site-packages/bzt/resources/base-config.yml']
[2018-10-26 11:26:06,599 DEBUG Engine.Configuration] Configs: ['/usr/local/Cellar/bzt/1.13.0/libexec/lib/python2.7/site-packages/bzt/resources/base-config.yml']
[2018-10-26 11:26:06,599 DEBUG Engine.Configuration] Reading /usr/local/Cellar/bzt/1.13.0/libexec/lib/python2.7/site-packages/bzt/resources/base-config.yml as YAML
[2018-10-26 11:26:06,626 DEBUG Engine] User configs list: ['/Users/chefe02/.bzt-rc', 'NOP_SC3_SP.yaml']
[2018-10-26 11:26:06,626 DEBUG Engine.Configuration] Configs: ['/Users/chefe02/.bzt-rc', 'NOP_SC3_SP.yaml']
[2018-10-26 11:26:06,626 DEBUG Engine.Configuration] Reading /Users/chefe02/.bzt-rc as YAML
[2018-10-26 11:26:06,630 DEBUG Engine.Configuration] Reading NOP_SC3_SP.yaml as YAML
[2018-10-26 11:26:06,633 DEBUG Engine.Configuration] Configs: ['/Users/chefe02/.bzt-rc', 'NOP_SC3_SP.yaml']
[2018-10-26 11:26:06,634 DEBUG Engine.Configuration] Reading /Users/chefe02/.bzt-rc as YAML
[2018-10-26 11:26:06,637 DEBUG Engine.Configuration] Reading NOP_SC3_SP.yaml as YAML
[2018-10-26 11:26:06,647 DEBUG Engine] Requesting updates info: http://gettaurus.org/updates/?version=1.13.0&installID=macos-8c85905fb9f6
[2018-10-26 11:26:06,648 INFO Engine] Artifacts dir: /Users/chefe02/Desktop/presales_cert/Artifacts/2018-10-26_11-26-06.648100bz
[2018-10-26 11:26:06,648 DEBUG HTTPClient] Making HTTP request GET http://gettaurus.org/updates/?version=1.13.0&installID=macos-8c85905fb9f6
[2018-10-26 11:26:06,652 DEBUG Engine] New artifact filename: /Users/chefe02/Desktop/presales_cert/Artifacts/2018-10-26_11-26-06.648100bz/effective
[2018-10-26 11:26:06,655 DEBUG urllib3.connectionpool] Starting new HTTP connection (1): gettaurus.org:80
[2018-10-26 11:26:06,655 DEBUG Engine.Configuration] Dumping YAML config into /Users/chefe02/Desktop/presales_cert/Artifacts/2018-10-26_11-26-06.648100bz/effective.yml
[2018-10-26 11:26:06,675 DEBUG Engine.Configuration] Dumping JSON config into /Users/chefe02/Desktop/presales_cert/Artifacts/2018-10-26_11-26-06.648100bz/effective.json
[2018-10-26 11:26:06,676 DEBUG Engine] New artifact filename: /Users/chefe02/Desktop/presales_cert/Artifacts/2018-10-26_11-26-06.648100bz/merged.yml
[2018-10-26 11:26:06,676 DEBUG Engine.Configuration] Dumping YAML config into /Users/chefe02/Desktop/presales_cert/Artifacts/2018-10-26_11-26-06.648100bz/merged.yml
[2018-10-26 11:26:06,679 DEBUG Engine] New artifact filename: /Users/chefe02/Desktop/presales_cert/Artifacts/2018-10-26_11-26-06.648100bz/merged.json
[2018-10-26 11:26:06,679 DEBUG Engine.Configuration] Dumping JSON config into /Users/chefe02/Desktop/presales_cert/Artifacts/2018-10-26_11-26-06.648100bz/merged.json
[2018-10-26 11:26:06,679 DEBUG Engine] Add existing artifact (move=False): NOP_SC3_SP.yaml
[2018-10-26 11:26:06,680 DEBUG Engine] Copying NOP_SC3_SP.yaml to /Users/chefe02/Desktop/presales_cert/Artifacts/2018-10-26_11-26-06.648100bz/NOP_SC3_SP.yaml
[2018-10-26 11:26:06,680 DEBUG Engine.Environment] Replace 'TAURUS_ARTIFACTS_DIR' in environment
[2018-10-26 11:26:06,681 DEBUG root] Closing log handler: /var/folders/5f/vzk4zj_95sndkt7khp6l85jhnvgy8l/T/bzt_z3sLqB.log
[2018-10-26 11:26:07,246 DEBUG root] Switched writing logs to /Users/chefe02/Desktop/presales_cert/Artifacts/2018-10-26_11-26-06.648100bz/bzt.log
[2018-10-26 11:26:07,246 DEBUG root] Linting config
[2018-10-26 11:26:07,249 INFO Engine] Preparing...
[2018-10-26 11:26:07,250 DEBUG Engine] Module config: consolidator {'class': u'bzt.modules.aggregator.ConsolidatingAggregator'}
[2018-10-26 11:26:07,250 DEBUG root] Importing module: bzt.modules.aggregator
[2018-10-26 11:26:07,368 DEBUG root] Loading class: 'ConsolidatingAggregator' from <module 'bzt.modules.aggregator' from '/usr/local/Cellar/bzt/1.13.0/libexec/lib/python2.7/site-packages/bzt/modules/aggregator.pyc'>
[2018-10-26 11:26:07,369 DEBUG Engine.consolidator] Buffer scaling setup: percentile 95.0 from [0.0, 50.0, 90.0, 95.0, 99.0, 99.9, 100.0] selected
[2018-10-26 11:26:07,369 DEBUG Engine] Module config: monitoring {'class': u'bzt.modules.monitoring.Monitoring'}
[2018-10-26 11:26:07,369 DEBUG root] Importing module: bzt.modules.monitoring
[2018-10-26 11:26:07,371 DEBUG root] Loading class: 'Monitoring' from <module 'bzt.modules.monitoring' from '/usr/local/Cellar/bzt/1.13.0/libexec/lib/python2.7/site-packages/bzt/modules/monitoring.pyc'>
[2018-10-26 11:26:07,371 DEBUG Engine] Module config: capturehar {'class': u'bzt.modules.blazemeter.ServiceStubCaptureHAR'}
[2018-10-26 11:26:07,371 DEBUG root] Importing module: bzt.modules.blazemeter
[2018-10-26 11:26:07,378 DEBUG easyprocess] version=0.2.3
[2018-10-26 11:26:07,380 DEBUG pyvirtualdisplay] version=0.2.1
[2018-10-26 11:26:07,382 DEBUG root] Loading class: 'ServiceStubCaptureHAR' from <module 'bzt.modules.blazemeter' from '/usr/local/Cellar/bzt/1.13.0/libexec/lib/python2.7/site-packages/bzt/modules/blazemeter.pyc'>
[2018-10-26 11:26:07,382 DEBUG Engine] Module config: screenshoter {'class': u'bzt.modules.blazemeter.ServiceStubScreenshoter'}
[2018-10-26 11:26:07,382 DEBUG urllib3.connectionpool] http://gettaurus.org:80 "GET /updates/?version=1.13.0&installID=macos-8c85905fb9f6 HTTP/1.1" 200 59
[2018-10-26 11:26:07,383 DEBUG root] Importing module: bzt.modules.blazemeter
[2018-10-26 11:26:07,384 DEBUG Engine] Taurus updates info: {u'needsUpgrade': True, u'latest': u'1.13.1'}
[2018-10-26 11:26:07,384 DEBUG root] Loading class: 'ServiceStubScreenshoter' from <module 'bzt.modules.blazemeter' from '/usr/local/Cellar/bzt/1.13.0/libexec/lib/python2.7/site-packages/bzt/modules/blazemeter.pyc'>
[2018-10-26 11:26:07,384 WARNING Engine] There is newer version of Taurus 1.13.1 available, consider upgrading. What's new: http://gettaurus.org/docs/Changelog/
[2018-10-26 11:26:07,385 DEBUG Engine] Module config: local {'class': u'bzt.modules.provisioning.Local'}
[2018-10-26 11:26:07,385 DEBUG root] Importing module: bzt.modules.provisioning
[2018-10-26 11:26:07,385 DEBUG root] Loading class: 'Local' from <module 'bzt.modules.provisioning' from '/usr/local/Cellar/bzt/1.13.0/libexec/lib/python2.7/site-packages/bzt/modules/provisioning.pyc'>
[2018-10-26 11:26:07,385 DEBUG Engine] Module config: selenium {'class': u'bzt.modules.selenium.SeleniumExecutor'}
[2018-10-26 11:26:07,385 DEBUG root] Importing module: bzt.modules.selenium
[2018-10-26 11:26:07,386 DEBUG root] Loading class: 'SeleniumExecutor' from <module 'bzt.modules.selenium' from '/usr/local/Cellar/bzt/1.13.0/libexec/lib/python2.7/site-packages/bzt/modules/selenium.pyc'>
[2018-10-26 11:26:07,386 DEBUG Engine.local] Preparing executor: selenium/4390127696
[2018-10-26 11:26:07,387 DEBUG Engine.selenium] Extract {'script': u'NOP_SC3.py'} into scenarios
[2018-10-26 11:26:07,387 DEBUG Engine.selenium] Detected script type: nose
[2018-10-26 11:26:07,387 DEBUG Engine] Module config: nose {'ignore-unknown-actions': True, 'class': u'bzt.modules.python.ApiritifNoseExecutor'}
[2018-10-26 11:26:07,387 DEBUG root] Importing module: bzt.modules.python
[2018-10-26 11:26:07,406 DEBUG root] Loading class: 'ApiritifNoseExecutor' from <module 'bzt.modules.python' from '/usr/local/Cellar/bzt/1.13.0/libexec/lib/python2.7/site-packages/bzt/modules/python/__init__.pyc'>
[2018-10-26 11:26:07,407 DEBUG Engine] Module config: final-stats {'class': u'bzt.modules.reporting.FinalStatus'}
[2018-10-26 11:26:07,407 DEBUG root] Importing module: bzt.modules.reporting
[2018-10-26 11:26:07,408 DEBUG root] Loading class: 'FinalStatus' from <module 'bzt.modules.reporting' from '/usr/local/Cellar/bzt/1.13.0/libexec/lib/python2.7/site-packages/bzt/modules/reporting.pyc'>
[2018-10-26 11:26:07,408 DEBUG Engine] Module config: console {'class': u'bzt.modules.console.ConsoleStatusReporter'}
[2018-10-26 11:26:07,408 DEBUG root] Importing module: bzt.modules.console
[2018-10-26 11:26:07,409 DEBUG root] Loading class: 'ConsoleStatusReporter' from <module 'bzt.modules.console' from '/usr/local/Cellar/bzt/1.13.0/libexec/lib/python2.7/site-packages/bzt/modules/console.pyc'>
[2018-10-26 11:26:07,418 DEBUG Engine.Configuration] Dumping YAML config into /Users/chefe02/Desktop/presales_cert/Artifacts/2018-10-26_11-26-06.648100bz/effective.yml
[2018-10-26 11:26:07,452 DEBUG Engine.Configuration] Dumping JSON config into /Users/chefe02/Desktop/presales_cert/Artifacts/2018-10-26_11-26-06.648100bz/effective.json
[2018-10-26 11:26:07,454 INFO Engine] Starting...
[2018-10-26 11:26:07,454 DEBUG Engine] Startup <bzt.modules.monitoring.Monitoring object at 0x105a47f90>
[2018-10-26 11:26:07,454 DEBUG Engine] Startup <bzt.modules.blazemeter.ServiceStubCaptureHAR object at 0x105a7a1d0>
[2018-10-26 11:26:07,454 WARNING Engine.capturehar] Stub for service 'capturehar', use cloud provisioning to have it working
[2018-10-26 11:26:07,455 DEBUG Engine] Startup <bzt.modules.blazemeter.ServiceStubScreenshoter object at 0x105ab1b10>
[2018-10-26 11:26:07,455 WARNING Engine.screenshoter] Stub for service 'screenshoter', use cloud provisioning to have it working
[2018-10-26 11:26:07,455 DEBUG Engine] Startup <bzt.modules.aggregator.ConsolidatingAggregator object at 0x1042f32d0>
[2018-10-26 11:26:07,455 DEBUG Engine] Startup <bzt.modules.reporting.FinalStatus object at 0x105c05090>
[2018-10-26 11:26:07,455 DEBUG Engine] Startup <bzt.modules.console.ConsoleStatusReporter object at 0x105c05ed0>
[2018-10-26 11:26:07,455 INFO Engine.console] Waiting for results...
[2018-10-26 11:26:07,455 DEBUG Engine] Startup <bzt.modules.provisioning.Local object at 0x105ac0ad0>
[2018-10-26 11:26:07,456 DEBUG Engine.local] Delay setup for selenium/NOP_SC3.py: 0(start-at) + 0(delay) = 0
[2018-10-26 11:26:07,458 DEBUG Engine.Configuration] Dumping YAML config into /Users/chefe02/Desktop/presales_cert/Artifacts/2018-10-26_11-26-06.648100bz/effective.yml
[2018-10-26 11:26:07,483 DEBUG Engine.Configuration] Dumping JSON config into /Users/chefe02/Desktop/presales_cert/Artifacts/2018-10-26_11-26-06.648100bz/effective.json
[2018-10-26 11:26:07,484 DEBUG root] Leveling down log file verbosity to INFO, use -v option to have DEBUG messages enabled
[2018-10-26 11:26:07,484 DEBUG root] Leveled up log file verbosity
[2018-10-26 11:26:07,484 DEBUG Engine] New artifact filename: /Users/chefe02/Desktop/presales_cert/Artifacts/2018-10-26_11-26-06.648100bz/apiritif-
[2018-10-26 11:26:07,484 DEBUG Engine] New artifact filename: /Users/chefe02/Desktop/presales_cert/Artifacts/2018-10-26_11-26-06.648100bz/nose.out
[2018-10-26 11:26:07,484 DEBUG Engine] New artifact filename: /Users/chefe02/Desktop/presales_cert/Artifacts/2018-10-26_11-26-06.648100bz/nose.err
[2018-10-26 11:26:07,485 DEBUG bzt.utils] Executing shell: ['/usr/local/Cellar/bzt/1.13.0/libexec/bin/python2.7', '-m', 'apiritif.loadgen', '--result-file-template', '/Users/chefe02/Desktop/presales_cert/Artifacts/2018-10-26_11-26-06.648100bz/apiritif-%s.csv', '--concurrency', '1', '--hold-for', '600.0', u'/Users/chefe02/Desktop/presales_cert/NOP_SC3.py'] at /Users/chefe02/Desktop/presales_cert
[2018-10-26 11:26:07,493 DEBUG root] Leveling down log file verbosity to INFO, use -v option to have DEBUG messages enabled
[2018-10-26 11:26:07,712 INFO Engine.console] Waiting for finish...
[2018-10-26 11:26:38,579 INFO Engine.nose.ApiritifLoadReader] Changed data analysis delay to 13s
[2018-10-26 11:28:09,232 WARNING Engine] Please wait for graceful shutdown...
[2018-10-26 11:28:09,237 DEBUG root] Leveled up log file verbosity
[2018-10-26 11:28:09,237 INFO Engine] Shutting down...
[2018-10-26 11:28:09,242 DEBUG Engine] Current stop reason: 
[2018-10-26 11:28:09,242 DEBUG Engine.local] Shutdown selenium/NOP_SC3.py
[2018-10-26 11:28:10,247 INFO Engine.nose] Terminating process PID 47973 with signal 15 (59 tries left)
[2018-10-26 11:28:11,260 INFO Engine.nose] Terminating process PID 47973 with signal 15 (58 tries left)
[2018-10-26 11:28:11,267 DEBUG Engine.selenium] Selenium tests ran for 123.783614874 seconds
[2018-10-26 11:28:11,268 DEBUG Engine.console] Restoring logging streams, [<logging.StreamHandler object at 0x1042a3c10>]/{<logging.StreamHandler object at 0x1042a3c10>: <open file '<stdout>', mode 'w' at 0x102a3b150>}
[2018-10-26 11:28:11,273 DEBUG Engine.Configuration] Dumping YAML config into /Users/chefe02/Desktop/presales_cert/Artifacts/2018-10-26_11-26-06.648100bz/effective.yml
[2018-10-26 11:28:11,304 DEBUG Engine.Configuration] Dumping JSON config into /Users/chefe02/Desktop/presales_cert/Artifacts/2018-10-26_11-26-06.648100bz/effective.json
[2018-10-26 11:28:11,305 WARNING root] Keyboard interrupt
[2018-10-26 11:28:11,305 DEBUG root] KeyboardInterrupt: 
Traceback (most recent call last):
  File "/usr/local/Cellar/bzt/1.13.0/libexec/lib/python2.7/site-packages/bzt/cli.py", line 261, in perform
    self.engine.run()
  File "/usr/local/Cellar/bzt/1.13.0/libexec/lib/python2.7/site-packages/bzt/engine.py", line 226, in run
    reraise(exc_info, exc_value)
  File "/usr/local/Cellar/bzt/1.13.0/libexec/lib/python2.7/site-packages/bzt/engine.py", line 206, in run
    self._wait()
  File "/usr/local/Cellar/bzt/1.13.0/libexec/lib/python2.7/site-packages/bzt/engine.py", line 254, in _wait
    time.sleep(delay)
KeyboardInterrupt
[2018-10-26 11:28:11,305 INFO Engine] Post-processing...
[2018-10-26 11:28:11,306 DEBUG Engine.local] Post-process selenium/NOP_SC3.py
[2018-10-26 11:28:11,306 DEBUG Engine.nose.FileReader] Reading: /Users/chefe02/Desktop/presales_cert/Artifacts/2018-10-26_11-26-06.648100bz/nose.out
[2018-10-26 11:28:11,306 DEBUG Engine.nose.FileReader] Reading: /Users/chefe02/Desktop/presales_cert/Artifacts/2018-10-26_11-26-06.648100bz/nose.out
[2018-10-26 11:28:11,306 DEBUG Engine.nose.ApiritifLoadReader.JTLReader.IncrementalCSVReader.FileReader] Reading: /Users/chefe02/Desktop/presales_cert/Artifacts/2018-10-26_11-26-06.648100bz/apiritif-0.csv
[2018-10-26 11:28:11,306 DEBUG Engine.nose.ApiritifLoadReader] Buffer len: 4; Known errors count: 1
[2018-10-26 11:28:11,306 DEBUG Engine.nose.ApiritifLoadReader] Aggregating: 1540578469
[2018-10-26 11:28:11,310 DEBUG Engine.nose.ApiritifLoadReader] Aggregating: 1540578472
[2018-10-26 11:28:11,313 DEBUG Engine.nose.ApiritifLoadReader] Aggregating: 1540578476
[2018-10-26 11:28:11,317 DEBUG Engine.nose.ApiritifLoadReader] Aggregating: 1540578479
[2018-10-26 11:28:11,320 DEBUG Engine.consolidator] Consolidator buffer[5]: [1540578465, 1540578469, 1540578472, 1540578476, 1540578479]
[2018-10-26 11:28:11,321 DEBUG Engine.consolidator] Merging into 1540578465
[2018-10-26 11:28:11,321 DEBUG Engine.consolidator] Merging 1540578465
[2018-10-26 11:28:11,332 DEBUG Engine.consolidator] Processed datapoint: 1540578465/None
[2018-10-26 11:28:11,332 DEBUG Engine.consolidator] Merging into 1540578469
[2018-10-26 11:28:11,332 DEBUG Engine.consolidator] Merging 1540578469
[2018-10-26 11:28:11,344 DEBUG Engine.consolidator] Processed datapoint: 1540578469/None
[2018-10-26 11:28:11,344 DEBUG Engine.consolidator] Merging into 1540578472
[2018-10-26 11:28:11,344 DEBUG Engine.consolidator] Merging 1540578472
[2018-10-26 11:28:11,359 DEBUG Engine.consolidator] Processed datapoint: 1540578472/None
[2018-10-26 11:28:11,359 DEBUG Engine.consolidator] Merging into 1540578476
[2018-10-26 11:28:11,359 DEBUG Engine.consolidator] Merging 1540578476
[2018-10-26 11:28:11,371 DEBUG Engine.consolidator] Processed datapoint: 1540578476/None
[2018-10-26 11:28:11,371 DEBUG Engine.consolidator] Merging into 1540578479
[2018-10-26 11:28:11,371 DEBUG Engine.consolidator] Merging 1540578479
[2018-10-26 11:28:11,380 DEBUG Engine.consolidator] Processed datapoint: 1540578479/None
[2018-10-26 11:28:11,380 INFO Engine.final-stats] Test duration: 0:02:04
[2018-10-26 11:28:11,381 INFO Engine.final-stats] Samples count: 28, 14.29% failures
[2018-10-26 11:28:11,381 INFO Engine.final-stats] Average times: total 3.613, latency 0.000, connect 0.000
[2018-10-26 11:28:11,381 INFO Engine.final-stats] Percentiles:
(0lqqqqqqqqqqqqqqqwqqqqqqqqqqqqqqqk(B
(0x(B Percentile, % (0x(B Resp. Time, s (0x(B
(0tqqqqqqqqqqqqqqqnqqqqqqqqqqqqqqqu(B
(0x(B           0.0 (0x(B         1.114 (0x(B
(0x(B          50.0 (0x(B         3.067 (0x(B
(0x(B          90.0 (0x(B         6.555 (0x(B
(0x(B          95.0 (0x(B         6.571 (0x(B
(0x(B          99.0 (0x(B         6.575 (0x(B
(0x(B          99.9 (0x(B         6.575 (0x(B
(0x(B         100.0 (0x(B         6.575 (0x(B
(0mqqqqqqqqqqqqqqqvqqqqqqqqqqqqqqqj(B
[2018-10-26 11:28:11,387 INFO Engine.final-stats] Request label stats:
(0lqqqqqqqqqqqqqqqqqqqqqqqqqqqqwqqqqqqqqwqqqqqqqqqwqqqqqqqqwqqqqqqqqqqqqqqqqqqqqqqqqqqqqqqqqqqqqqqqqqqqqqqqqqqqqqqqqqqqqqqqqqqqqqqqqqqqqqqqqqqqqqqqqqqqqqqqqqqqqqqqqqqqqqqqqqqqqqqqqqqqqqqqqqqqqqqqqqqqqqqqqqqqqqqqqqqqqqqqqqqqqqqqqqqqqqqqqqqqqqqqqqqqqqqqqqqqk(B
(0x(B label                      (0x(B status (0x(B    succ (0x(B avg_rt (0x(B error                                                                                                                                                                                             (0x(B
(0tqqqqqqqqqqqqqqqqqqqqqqqqqqqqnqqqqqqqqnqqqqqqqqqnqqqqqqqqnqqqqqqqqqqqqqqqqqqqqqqqqqqqqqqqqqqqqqqqqqqqqqqqqqqqqqqqqqqqqqqqqqqqqqqqqqqqqqqqqqqqqqqqqqqqqqqqqqqqqqqqqqqqqqqqqqqqqqqqqqqqqqqqqqqqqqqqqqqqqqqqqqqqqqqqqqqqqqqqqqqqqqqqqqqqqqqqqqqqqqqqqqqqqqqqqqqqu(B
(0x(B add fahrenheit 451 to cart (0x(B   OK   (0x(B 100.00% (0x(B  3.062 (0x(B                                                                                                                                                                                                   (0x(B
(0x(B add macbook to cart        (0x(B   OK   (0x(B 100.00% (0x(B  3.064 (0x(B                                                                                                                                                                                                   (0x(B
(0x(B click "accessories"        (0x(B  FAIL  (0x(B   0.00% (0x(B  3.059 (0x(B WebDriverException: Message: unknown error: Element <a href="/nopCommerce/apparel">...</a> is not clickable at point (474, 15). Other element would receive the click: <p class="content">...</p> (0x(B
(0x(B                            (0x(B        (0x(B         (0x(B        (0x(B   (Session info: chrome=70.0.3538.77)                                                                                                                                                             (0x(B
(0x(B                            (0x(B        (0x(B         (0x(B        (0x(B   (Driver info: chromedriver=2.40.565386 (45a059dc425e08165f9a10324bd1380cc13ca363),platform=Mac OS X 10.13.6 x86_64)                                                                             (0x(B
(0x(B                            (0x(B        (0x(B         (0x(B        (0x(B                                                                                                                                                                                                   (0x(B
(0x(B click "books"              (0x(B   OK   (0x(B 100.00% (0x(B  3.526 (0x(B                                                                                                                                                                                                   (0x(B
(0x(B click macbook              (0x(B   OK   (0x(B 100.00% (0x(B  4.886 (0x(B                                                                                                                                                                                                   (0x(B
(0x(B go to home page            (0x(B   OK   (0x(B 100.00% (0x(B  1.127 (0x(B                                                                                                                                                                                                   (0x(B
(0x(B search "apple"             (0x(B   OK   (0x(B 100.00% (0x(B  6.563 (0x(B                                                                                                                                                                                                   (0x(B
(0mqqqqqqqqqqqqqqqqqqqqqqqqqqqqvqqqqqqqqvqqqqqqqqqvqqqqqqqqvqqqqqqqqqqqqqqqqqqqqqqqqqqqqqqqqqqqqqqqqqqqqqqqqqqqqqqqqqqqqqqqqqqqqqqqqqqqqqqqqqqqqqqqqqqqqqqqqqqqqqqqqqqqqqqqqqqqqqqqqqqqqqqqqqqqqqqqqqqqqqqqqqqqqqqqqqqqqqqqqqqqqqqqqqqqqqqqqqqqqqqqqqqqqqqqqqqqj(B
[2018-10-26 11:28:11,387 DEBUG Engine.console] No logger_handler or orig_stream was detected
[2018-10-26 11:28:11,389 DEBUG Engine.Configuration] Dumping YAML config into /Users/chefe02/Desktop/presales_cert/Artifacts/2018-10-26_11-26-06.648100bz/effective.yml
[2018-10-26 11:28:11,410 DEBUG Engine.Configuration] Dumping JSON config into /Users/chefe02/Desktop/presales_cert/Artifacts/2018-10-26_11-26-06.648100bz/effective.json
[2018-10-26 11:28:11,412 INFO root] Artifacts dir: /Users/chefe02/Desktop/presales_cert/Artifacts/2018-10-26_11-26-06.648100bz
[2018-10-26 11:28:11,412 WARNING root] Done performing with code: 1
[2018-10-26 11:28:11,412 DEBUG root] Closing log handler: /Users/chefe02/Desktop/presales_cert/Artifacts/2018-10-26_11-26-06.648100bz/bzt.log
