[2018-12-31 13:01:21,178 INFO root] Taurus CLI Tool v1.13.0
[2018-12-31 13:01:21,178 DEBUG root] Command-line options: {'verbose': None, 'no_system_configs': None, 'quiet': None, 'log': '/var/folders/5f/vzk4zj_95sndkt7khp6l85jhnvgy8l/T/bzt_VnsIa3.log', 'option': None, 'aliases': ['cloud']}
[2018-12-31 13:01:21,178 DEBUG root] Python: CPython 2.7.15
[2018-12-31 13:01:21,178 DEBUG root] OS: ('Darwin', 'C02VK1ZAHTDF', '17.7.0', 'Darwin Kernel Version 17.7.0: Thu Jun 21 22:53:14 PDT 2018; root:xnu-4570.71.2~1/RELEASE_X86_64', 'x86_64', 'i386')
[2018-12-31 13:01:21,179 INFO root] Starting with configs: ['NOP_SC2_Jenkins.yaml']
[2018-12-31 13:01:21,179 DEBUG root] Using personal config: /Users/chefe02/.bzt-rc
[2018-12-31 13:01:21,179 INFO Engine] Configuring...
[2018-12-31 13:01:21,179 DEBUG Engine] No machine configs dir: /usr/local/Cellar/bzt/1.13.0/libexec/bin/../etc/bzt.d
[2018-12-31 13:01:21,179 DEBUG Engine] Base configs list: ['/usr/local/Cellar/bzt/1.13.0/libexec/lib/python2.7/site-packages/bzt/resources/base-config.yml']
[2018-12-31 13:01:21,179 DEBUG Engine.Configuration] Configs: ['/usr/local/Cellar/bzt/1.13.0/libexec/lib/python2.7/site-packages/bzt/resources/base-config.yml']
[2018-12-31 13:01:21,180 DEBUG Engine.Configuration] Reading /usr/local/Cellar/bzt/1.13.0/libexec/lib/python2.7/site-packages/bzt/resources/base-config.yml as YAML
[2018-12-31 13:01:21,207 DEBUG Engine] User configs list: ['/Users/chefe02/.bzt-rc', 'NOP_SC2_Jenkins.yaml']
[2018-12-31 13:01:21,207 DEBUG Engine.Configuration] Configs: ['/Users/chefe02/.bzt-rc', 'NOP_SC2_Jenkins.yaml']
[2018-12-31 13:01:21,208 DEBUG Engine.Configuration] Reading /Users/chefe02/.bzt-rc as YAML
[2018-12-31 13:01:21,212 DEBUG Engine.Configuration] Reading NOP_SC2_Jenkins.yaml as YAML
[2018-12-31 13:01:21,216 DEBUG Engine.Configuration] Configs: ['/Users/chefe02/.bzt-rc', 'NOP_SC2_Jenkins.yaml']
[2018-12-31 13:01:21,216 DEBUG Engine.Configuration] Reading /Users/chefe02/.bzt-rc as YAML
[2018-12-31 13:01:21,220 DEBUG Engine.Configuration] Reading NOP_SC2_Jenkins.yaml as YAML
[2018-12-31 13:01:21,235 DEBUG Engine] Requesting updates info: http://gettaurus.org/updates/?version=1.13.0&installID=jenkins-8c85905fb9f6
[2018-12-31 13:01:21,236 DEBUG HTTPClient] Making HTTP request GET http://gettaurus.org/updates/?version=1.13.0&installID=jenkins-8c85905fb9f6
[2018-12-31 13:01:21,236 INFO Engine] Artifacts dir: /Users/chefe02/Desktop/presales_cert/Artifacts/2018-12-31_13-01-21.235990bz
[2018-12-31 13:01:21,243 DEBUG urllib3.connectionpool] Starting new HTTP connection (1): gettaurus.org:80
[2018-12-31 13:01:21,243 DEBUG Engine] New artifact filename: /Users/chefe02/Desktop/presales_cert/Artifacts/2018-12-31_13-01-21.235990bz/effective
[2018-12-31 13:01:21,245 DEBUG Engine.Configuration] Dumping YAML config into /Users/chefe02/Desktop/presales_cert/Artifacts/2018-12-31_13-01-21.235990bz/effective.yml
[2018-12-31 13:01:21,265 DEBUG Engine.Configuration] Dumping JSON config into /Users/chefe02/Desktop/presales_cert/Artifacts/2018-12-31_13-01-21.235990bz/effective.json
[2018-12-31 13:01:21,266 DEBUG Engine] New artifact filename: /Users/chefe02/Desktop/presales_cert/Artifacts/2018-12-31_13-01-21.235990bz/merged.yml
[2018-12-31 13:01:21,267 DEBUG Engine.Configuration] Dumping YAML config into /Users/chefe02/Desktop/presales_cert/Artifacts/2018-12-31_13-01-21.235990bz/merged.yml
[2018-12-31 13:01:21,269 DEBUG Engine] New artifact filename: /Users/chefe02/Desktop/presales_cert/Artifacts/2018-12-31_13-01-21.235990bz/merged.json
[2018-12-31 13:01:21,270 DEBUG Engine.Configuration] Dumping JSON config into /Users/chefe02/Desktop/presales_cert/Artifacts/2018-12-31_13-01-21.235990bz/merged.json
[2018-12-31 13:01:21,270 DEBUG Engine] Add existing artifact (move=False): NOP_SC2_Jenkins.yaml
[2018-12-31 13:01:21,270 DEBUG Engine] Copying NOP_SC2_Jenkins.yaml to /Users/chefe02/Desktop/presales_cert/Artifacts/2018-12-31_13-01-21.235990bz/NOP_SC2_Jenkins.yaml
[2018-12-31 13:01:21,270 DEBUG Engine.Environment] Replace 'TAURUS_ARTIFACTS_DIR' in environment
[2018-12-31 13:01:21,271 DEBUG root] Closing log handler: /var/folders/5f/vzk4zj_95sndkt7khp6l85jhnvgy8l/T/bzt_VnsIa3.log
[2018-12-31 13:01:21,271 DEBUG root] Switched writing logs to /Users/chefe02/Desktop/presales_cert/Artifacts/2018-12-31_13-01-21.235990bz/bzt.log
[2018-12-31 13:01:21,272 DEBUG root] Linting config
[2018-12-31 13:01:21,274 INFO Engine] Preparing...
[2018-12-31 13:01:21,275 DEBUG Engine] Module config: consolidator {'class': u'bzt.modules.aggregator.ConsolidatingAggregator'}
[2018-12-31 13:01:21,275 DEBUG root] Importing module: bzt.modules.aggregator
[2018-12-31 13:01:21,456 DEBUG root] Loading class: 'ConsolidatingAggregator' from <module 'bzt.modules.aggregator' from '/usr/local/Cellar/bzt/1.13.0/libexec/lib/python2.7/site-packages/bzt/modules/aggregator.pyc'>
[2018-12-31 13:01:21,457 DEBUG Engine.consolidator] Buffer scaling setup: percentile 95.0 from [0.0, 50.0, 90.0, 95.0, 99.0, 99.9, 100.0] selected
[2018-12-31 13:01:21,457 DEBUG Engine] Module config: monitoring {'class': u'bzt.modules.monitoring.Monitoring'}
[2018-12-31 13:01:21,457 DEBUG root] Importing module: bzt.modules.monitoring
[2018-12-31 13:01:21,459 DEBUG root] Loading class: 'Monitoring' from <module 'bzt.modules.monitoring' from '/usr/local/Cellar/bzt/1.13.0/libexec/lib/python2.7/site-packages/bzt/modules/monitoring.pyc'>
[2018-12-31 13:01:21,459 DEBUG Engine] Module config: cloud {'class': u'bzt.modules.blazemeter.CloudProvisioning', 'default-location': u'us-central1-a'}
[2018-12-31 13:01:21,459 DEBUG root] Importing module: bzt.modules.blazemeter
[2018-12-31 13:01:21,472 DEBUG easyprocess] version=0.2.3
[2018-12-31 13:01:21,474 DEBUG pyvirtualdisplay] version=0.2.1
[2018-12-31 13:01:21,476 DEBUG root] Loading class: 'CloudProvisioning' from <module 'bzt.modules.blazemeter' from '/usr/local/Cellar/bzt/1.13.0/libexec/lib/python2.7/site-packages/bzt/modules/blazemeter.pyc'>
[2018-12-31 13:01:21,476 DEBUG Engine] Module config: blazemeter {'project': u'BlazeDemo', 'token': '********', 'workspace': u'litterbox', 'test': u'NOP_SC2 Taurus/Jenkins', 'report-name': u'NOP_SC2_Jenkins', 'class': u'bzt.modules.blazemeter.BlazeMeterUploader'}
[2018-12-31 13:01:21,476 DEBUG root] Importing module: bzt.modules.blazemeter
[2018-12-31 13:01:21,476 DEBUG root] Loading class: 'BlazeMeterUploader' from <module 'bzt.modules.blazemeter' from '/usr/local/Cellar/bzt/1.13.0/libexec/lib/python2.7/site-packages/bzt/modules/blazemeter.pyc'>
[2018-12-31 13:01:21,476 DEBUG Engine.cloud] Installing http client
[2018-12-31 13:01:21,477 DEBUG Engine.cloud] Request: GET https://a.blazemeter.com/api/v4/accounts None
[2018-12-31 13:01:21,477 DEBUG HTTPClient] Making HTTP request GET https://a.blazemeter.com/api/v4/accounts
[2018-12-31 13:01:21,503 DEBUG urllib3.connectionpool] Starting new HTTPS connection (1): a.blazemeter.com:443
[2018-12-31 13:01:21,676 DEBUG urllib3.connectionpool] http://gettaurus.org:80 "GET /updates/?version=1.13.0&installID=jenkins-8c85905fb9f6 HTTP/1.1" 200 59
[2018-12-31 13:01:21,677 DEBUG Engine] Taurus updates info: {u'needsUpgrade': True, u'latest': u'1.13.2'}
[2018-12-31 13:01:21,677 WARNING Engine] There is newer version of Taurus 1.13.2 available, consider upgrading. What's new: http://gettaurus.org/docs/Changelog/
[2018-12-31 13:01:22,029 DEBUG urllib3.connectionpool] https://a.blazemeter.com:443 "GET /api/v4/accounts HTTP/1.1" 200 2215
[2018-12-31 13:01:22,030 DEBUG Engine.cloud] Response [200]: {
    "limit": 10,
    "skip": 0,
    "total": 2,
    "hidden": 0,
    "api_version": 4,
    "error": null,
    "result": [
        {
            "id": 153221,
            "name": "BlazeMeter Demo",
            "thumbnailUrl": "https://www.blazemeter.com/s
[2018-12-31 13:01:22,031 DEBUG Engine.cloud] Request: GET https://a.blazemeter.com/api/v4/workspaces?accountId=153221&enabled=true&limit=100 None
[2018-12-31 13:01:22,031 DEBUG HTTPClient] Making HTTP request GET https://a.blazemeter.com/api/v4/workspaces?accountId=153221&enabled=true&limit=100
[2018-12-31 13:01:22,239 DEBUG urllib3.connectionpool] https://a.blazemeter.com:443 "GET /api/v4/workspaces?accountId=153221&enabled=true&limit=100 HTTP/1.1" 200 2196
[2018-12-31 13:01:22,240 DEBUG Engine.cloud] Response [200]: {
    "limit": 100,
    "skip": 0,
    "total": 3,
    "hidden": 0,
    "api_version": 4,
    "error": null,
    "result": [
        {
            "id": 215524,
            "name": "CD Presales WorkSpace",
            "userId": 358935,
            "created
[2018-12-31 13:01:22,241 DEBUG Engine.cloud] Request: GET https://a.blazemeter.com/api/v4/workspaces?accountId=190324&enabled=true&limit=100 None
[2018-12-31 13:01:22,241 DEBUG HTTPClient] Making HTTP request GET https://a.blazemeter.com/api/v4/workspaces?accountId=190324&enabled=true&limit=100
[2018-12-31 13:01:22,444 DEBUG urllib3.connectionpool] https://a.blazemeter.com:443 "GET /api/v4/workspaces?accountId=190324&enabled=true&limit=100 HTTP/1.1" 200 2190
[2018-12-31 13:01:22,445 DEBUG Engine.cloud] Response [200]: {
    "limit": 100,
    "skip": 0,
    "total": 3,
    "hidden": 0,
    "api_version": 4,
    "error": null,
    "result": [
        {
            "id": 184063,
            "name": "demo workspace",
            "userId": 407077,
            "created": 1513
[2018-12-31 13:01:22,446 DEBUG Engine] Module config: jmeter {'properties': {'jmeter.save.saveservice.autoflush': u'true', 'jmeter.save.saveservice.connect_time': u'true', 'summariser.name': u'', 'jmeterengine.force.system.exit': u'true'}, 'plugins': [u'jpgc-casutg', u'jpgc-dummy', u'jpgc-ffw', u'jpgc-fifo', u'jpgc-functions', u'jpgc-json', u'jpgc-perfmon', u'jpgc-prmctl', u'jpgc-tst'], 'class': u'bzt.modules.jmeter.JMeterExecutor', 'protocol-handlers': {'http': u'bzt.jmx.http.HTTPProtocolHandler'}}
[2018-12-31 13:01:22,446 DEBUG root] Importing module: bzt.modules.jmeter
[2018-12-31 13:01:22,462 DEBUG root] Loading class: 'JMeterExecutor' from <module 'bzt.modules.jmeter' from '/usr/local/Cellar/bzt/1.13.0/libexec/lib/python2.7/site-packages/bzt/modules/jmeter.pyc'>
[2018-12-31 13:01:22,463 DEBUG Engine.cloud.ProjectFinder] Parsed test link: None
[2018-12-31 13:01:22,463 DEBUG Engine.cloud] Request: GET https://a.blazemeter.com/api/v4/user None
[2018-12-31 13:01:22,463 DEBUG HTTPClient] Making HTTP request GET https://a.blazemeter.com/api/v4/user
[2018-12-31 13:01:22,677 DEBUG urllib3.connectionpool] https://a.blazemeter.com:443 "GET /api/v4/user HTTP/1.1" 200 2138
[2018-12-31 13:01:22,677 DEBUG Engine.cloud] Response [200]: {
    "api_version": 4,
    "error": null,
    "result": {
        "id": 407077,
        "email": "felicia.chen@blazemeter.com",
        "access": 1546290054,
        "login": 1538602495,
        "firstName": "felicia",
        "lastName": "chen",
        
[2018-12-31 13:01:22,678 DEBUG Engine.cloud] Request: GET https://a.blazemeter.com/api/v4/accounts None
[2018-12-31 13:01:22,678 DEBUG HTTPClient] Making HTTP request GET https://a.blazemeter.com/api/v4/accounts
[2018-12-31 13:01:22,897 DEBUG urllib3.connectionpool] https://a.blazemeter.com:443 "GET /api/v4/accounts HTTP/1.1" 200 2215
[2018-12-31 13:01:22,897 DEBUG Engine.cloud] Response [200]: {
    "limit": 10,
    "skip": 0,
    "total": 2,
    "hidden": 0,
    "api_version": 4,
    "error": null,
    "result": [
        {
            "id": 153221,
            "name": "BlazeMeter Demo",
            "thumbnailUrl": "https://www.blazemeter.com/s
[2018-12-31 13:01:22,898 DEBUG Engine.cloud.ProjectFinder] Using default account: {u'taurusCloudUrl': None, u'updated': 1543849580, u'migratedToV4': None, u'disclaimerMessage': None, u'apiKeyExpiration': 3650, u'owner': {u'displayName': u'felicia chen', u'id': 407077, u'email': u'felicia.chen@blazemeter.com'}, u'jetlagJavaPath': None, u'membersCount': 2, u'thumbnailUrl': None, u'underMigration': None, u'id': 190324, u'appUrl': u'https://a.blazemeter.com', u'workspacesCount': 3, u'name': u'Default Account', u'created': 1513707945, u'legacyApiKeysDisabled': False, u'totangoId': None, u'inviteContactEmail': None, u'jmeterPluginsUrl': None, u'inviteContactName': None, u'jetLagUrl': u'default-jetlag', u'salesforceId': None, u'sessionDelayedStart': 180}
[2018-12-31 13:01:22,898 DEBUG Engine.cloud] Request: GET https://a.blazemeter.com/api/v4/workspaces?accountId=190324&enabled=true&limit=100 None
[2018-12-31 13:01:22,898 DEBUG HTTPClient] Making HTTP request GET https://a.blazemeter.com/api/v4/workspaces?accountId=190324&enabled=true&limit=100
[2018-12-31 13:01:23,115 DEBUG urllib3.connectionpool] https://a.blazemeter.com:443 "GET /api/v4/workspaces?accountId=190324&enabled=true&limit=100 HTTP/1.1" 200 2190
[2018-12-31 13:01:23,116 DEBUG Engine.cloud] Response [200]: {
    "limit": 100,
    "skip": 0,
    "total": 3,
    "hidden": 0,
    "api_version": 4,
    "error": null,
    "result": [
        {
            "id": 184063,
            "name": "demo workspace",
            "userId": 407077,
            "created": 1513
[2018-12-31 13:01:23,116 DEBUG Engine.cloud] Request: GET https://a.blazemeter.com/api/v4/projects?workspaceId=188407&name=BlazeDemo None
[2018-12-31 13:01:23,116 DEBUG HTTPClient] Making HTTP request GET https://a.blazemeter.com/api/v4/projects?workspaceId=188407&name=BlazeDemo
[2018-12-31 13:01:23,403 DEBUG urllib3.connectionpool] https://a.blazemeter.com:443 "GET /api/v4/projects?workspaceId=188407&name=BlazeDemo HTTP/1.1" 200 407
[2018-12-31 13:01:23,404 DEBUG Engine.cloud] Response [200]: {
    "limit": 10,
    "skip": 0,
    "total": 1,
    "hidden": 0,
    "api_version": 4,
    "error": null,
    "result": [
        {
            "id": 285643,
            "name": "BlazeDemo",
            "userId": 407077,
            "description": null,

[2018-12-31 13:01:23,405 DEBUG Engine.cloud] Request: GET https://a.blazemeter.com/api/v4/multi-tests?projectId=285643&name=NOP_SC2+Taurus%2FJenkins None
[2018-12-31 13:01:23,405 DEBUG HTTPClient] Making HTTP request GET https://a.blazemeter.com/api/v4/multi-tests?projectId=285643&name=NOP_SC2+Taurus%2FJenkins
[2018-12-31 13:01:23,602 DEBUG urllib3.connectionpool] https://a.blazemeter.com:443 "GET /api/v4/multi-tests?projectId=285643&name=NOP_SC2+Taurus%2FJenkins HTTP/1.1" 200 126
[2018-12-31 13:01:23,602 DEBUG Engine.cloud] Response [200]: {
    "limit": 10,
    "skip": 0,
    "total": 0,
    "hidden": 0,
    "api_version": 4,
    "error": null,
    "result": []
}
[2018-12-31 13:01:23,602 DEBUG Engine.cloud] Request: GET https://a.blazemeter.com/api/v4/tests?projectId=285643&name=NOP_SC2+Taurus%2FJenkins None
[2018-12-31 13:01:23,603 DEBUG HTTPClient] Making HTTP request GET https://a.blazemeter.com/api/v4/tests?projectId=285643&name=NOP_SC2+Taurus%2FJenkins
[2018-12-31 13:01:23,798 DEBUG urllib3.connectionpool] https://a.blazemeter.com:443 "GET /api/v4/tests?projectId=285643&name=NOP_SC2+Taurus%2FJenkins HTTP/1.1" 200 1461
[2018-12-31 13:01:23,799 DEBUG Engine.cloud] Response [200]: {
    "limit": 10,
    "skip": 0,
    "total": 1,
    "hidden": 0,
    "api_version": 4,
    "error": null,
    "result": [
        {
            "id": 6382642,
            "name": "NOP_SC2 Taurus/Jenkins",
            "isNewTest": true,
            "userI
[2018-12-31 13:01:23,804 DEBUG Engine.cloud.ProjectFinder] Detected test type: standard
[2018-12-31 13:01:23,813 DEBUG Engine.cloud] Request: GET https://a.blazemeter.com/api/v4/workspaces/188407 None
[2018-12-31 13:01:23,818 DEBUG HTTPClient] Making HTTP request GET https://a.blazemeter.com/api/v4/workspaces/188407
[2018-12-31 13:01:24,111 DEBUG urllib3.connectionpool] https://a.blazemeter.com:443 "GET /api/v4/workspaces/188407 HTTP/1.1" 200 None
[2018-12-31 13:01:24,191 DEBUG Engine.cloud] Response [200]: {
    "api_version": 4,
    "error": null,
    "result": {
        "id": 188407,
        "name": "litterbox",
        "userId": 407077,
        "created": 1515721294,
        "updated": 1522438252,
        "enabled": true,
        "dedicatedIpsEnabled": tr
[2018-12-31 13:01:24,218 DEBUG Engine.jmeter] Extract {'script': u'./NOP_SC2.jmx'} into scenarios
[2018-12-31 13:01:24,223 DEBUG Engine.cloud] All resource files are: [u'/Users/chefe02/.jenkins/workspace/presales_cert/NopComm BZM Taurus/NOP_SC2.jmx']
[2018-12-31 13:01:24,223 DEBUG Engine.cloud] Replace file names in config: [u'/Users/chefe02/.jenkins/workspace/presales_cert/NopComm BZM Taurus/NOP_SC2.jmx'] with [u'NOP_SC2.jmx']
[2018-12-31 13:01:24,223 DEBUG Engine.cloud] Replaced /Users/chefe02/.jenkins/workspace/presales_cert/NopComm BZM Taurus/NOP_SC2.jmx with NOP_SC2.jmx
[2018-12-31 13:01:24,225 DEBUG Engine] New artifact filename: /Users/chefe02/Desktop/presales_cert/Artifacts/2018-12-31_13-01-21.235990bz/cloud
[2018-12-31 13:01:24,225 DEBUG root] Dumping YAML config into /Users/chefe02/Desktop/presales_cert/Artifacts/2018-12-31_13-01-21.235990bz/cloud.yml
[2018-12-31 13:01:24,230 DEBUG root] Dumping JSON config into /Users/chefe02/Desktop/presales_cert/Artifacts/2018-12-31_13-01-21.235990bz/cloud.json
[2018-12-31 13:01:24,230 DEBUG Engine.cloud] Request: GET https://a.blazemeter.com/api/v4/web/elfinder/6382642?cmd=open&target=s1_Lw None
[2018-12-31 13:01:24,230 DEBUG HTTPClient] Making HTTP request GET https://a.blazemeter.com/api/v4/web/elfinder/6382642?cmd=open&target=s1_Lw
[2018-12-31 13:01:24,631 DEBUG urllib3.connectionpool] https://a.blazemeter.com:443 "GET /api/v4/web/elfinder/6382642?cmd=open&target=s1_Lw HTTP/1.1" 200 1654
[2018-12-31 13:01:24,632 DEBUG Engine.cloud] Response [200]: {"cwd":{"name":"data","size":0,"mime":"directory","read":1,"write":1,"parent_id":"users","hash":"s1_Lw","rootRev":"","options":{"path":"","url":"","tmbUrl":"","disabled":["mkdir","archive","zipdl","extract","chmod"],"separator":"\/","copyOverwrite":1,"uplo
[2018-12-31 13:01:24,632 DEBUG Engine.cloud] Test files: [u'NOP_SC2.jmx', u'taurus.yml']
[2018-12-31 13:01:24,632 DEBUG Engine.cloud] Request: GET https://a.blazemeter.com/api/v4/web/elfinder/6382642?cmd=rm&targets[]=s1_Tk9QX1NDMi5qbXg&targets[]=s1_dGF1cnVzLnltbA None
[2018-12-31 13:01:24,633 DEBUG HTTPClient] Making HTTP request GET https://a.blazemeter.com/api/v4/web/elfinder/6382642?cmd=rm&targets[]=s1_Tk9QX1NDMi5qbXg&targets[]=s1_dGF1cnVzLnltbA
[2018-12-31 13:01:25,042 DEBUG urllib3.connectionpool] https://a.blazemeter.com:443 "GET /api/v4/web/elfinder/6382642?cmd=rm&targets[]=s1_Tk9QX1NDMi5qbXg&targets[]=s1_dGF1cnVzLnltbA HTTP/1.1" 200 801
[2018-12-31 13:01:25,043 DEBUG Engine.cloud] Response [200]: {"removed":["s1_Tk9QX1NDMi5qbXg","s1_dGF1cnVzLnltbA"],"changed":[{"name":"data","size":0,"mime":"directory","read":1,"write":1,"parent_id":"users","hash":"s1_Lw","rootRev":"","options":{"path":"","url":"","tmbUrl":"","disabled":["mkdir","archive","zipdl","
[2018-12-31 13:01:25,044 DEBUG Engine.cloud] Successfully deleted 2 test files
[2018-12-31 13:01:25,049 DEBUG Engine.cloud] Uploading files into the test: [u'/Users/chefe02/.jenkins/workspace/presales_cert/NopComm BZM Taurus/NOP_SC2.jmx']
[2018-12-31 13:01:25,063 DEBUG Engine.cloud] Request: POST https://a.blazemeter.com/api/v4/tests/6382642/files --===============1557734231119173783==
Content-Disposition: file; name="script"; filename="taurus.yml"
Content-Type: application/octet-stream

---
execution:
- concurrency: 20
  executor: jmeter
  hold-for: 2m
  locations:
    us-west-1: 1
  ramp-up: 3
[2018-12-31 13:01:25,063 DEBUG HTTPClient] Making HTTP request POST https://a.blazemeter.com/api/v4/tests/6382642/files
[2018-12-31 13:01:25,774 DEBUG urllib3.connectionpool] https://a.blazemeter.com:443 "POST /api/v4/tests/6382642/files HTTP/1.1" 201 1124
[2018-12-31 13:01:25,775 DEBUG Engine.cloud] Response [201]: {
    "api_version": 4,
    "error": null,
    "result": {
        "id": 6382642,
        "isNewTest": true,
        "lastRunTime": 1540585345,
        "name": "NOP_SC2 Taurus/Jenkins",
        "userId": 407077,
        "creatorClientId": "Taurus",
       
[2018-12-31 13:01:25,775 DEBUG Engine.cloud] Request: PATCH https://a.blazemeter.com/api/v4/tests/6382642 {
 "configuration": {
  "executionType": null
 }
}
[2018-12-31 13:01:25,776 DEBUG HTTPClient] Making HTTP request PATCH https://a.blazemeter.com/api/v4/tests/6382642
[2018-12-31 13:01:26,270 DEBUG urllib3.connectionpool] https://a.blazemeter.com:443 "PATCH /api/v4/tests/6382642 HTTP/1.1" 200 1645
[2018-12-31 13:01:26,271 DEBUG Engine.cloud] Response [200]: {
    "api_version": 4,
    "error": null,
    "result": {
        "id": 6382642,
        "isNewTest": true,
        "lastRunTime": 1540585345,
        "name": "NOP_SC2 Taurus/Jenkins",
        "userId": 407077,
        "creatorClientId": "Taurus",
       
[2018-12-31 13:01:26,272 DEBUG Engine.cloud] Request: PATCH https://a.blazemeter.com/api/v4/tests/6382642 {
 "configuration": {
  "plugins": {
   "reportEmail": {
    "enabled": false
   }
  }
 }
}
[2018-12-31 13:01:26,272 DEBUG HTTPClient] Making HTTP request PATCH https://a.blazemeter.com/api/v4/tests/6382642
[2018-12-31 13:01:26,555 DEBUG urllib3.connectionpool] https://a.blazemeter.com:443 "PATCH /api/v4/tests/6382642 HTTP/1.1" 200 1645
[2018-12-31 13:01:26,556 DEBUG Engine.cloud] Response [200]: {
    "api_version": 4,
    "error": null,
    "result": {
        "id": 6382642,
        "isNewTest": true,
        "lastRunTime": 1540585345,
        "name": "NOP_SC2 Taurus/Jenkins",
        "userId": 407077,
        "creatorClientId": "Taurus",
       
[2018-12-31 13:01:26,556 DEBUG Engine] Module config: final-stats {'class': u'bzt.modules.reporting.FinalStatus'}
[2018-12-31 13:01:26,557 DEBUG root] Importing module: bzt.modules.reporting
[2018-12-31 13:01:26,558 DEBUG root] Loading class: 'FinalStatus' from <module 'bzt.modules.reporting' from '/usr/local/Cellar/bzt/1.13.0/libexec/lib/python2.7/site-packages/bzt/modules/reporting.pyc'>
[2018-12-31 13:01:26,558 DEBUG Engine] Module config: console {'class': u'bzt.modules.console.ConsoleStatusReporter'}
[2018-12-31 13:01:26,558 DEBUG root] Importing module: bzt.modules.console
[2018-12-31 13:01:26,559 DEBUG root] Loading class: 'ConsoleStatusReporter' from <module 'bzt.modules.console' from '/usr/local/Cellar/bzt/1.13.0/libexec/lib/python2.7/site-packages/bzt/modules/console.pyc'>
[2018-12-31 13:01:26,561 DEBUG Engine.Configuration] Dumping YAML config into /Users/chefe02/Desktop/presales_cert/Artifacts/2018-12-31_13-01-21.235990bz/effective.yml
[2018-12-31 13:01:26,582 DEBUG Engine.Configuration] Dumping JSON config into /Users/chefe02/Desktop/presales_cert/Artifacts/2018-12-31_13-01-21.235990bz/effective.json
[2018-12-31 13:01:26,583 INFO Engine] Starting...
[2018-12-31 13:01:26,583 DEBUG Engine] Startup <bzt.modules.monitoring.Monitoring object at 0x109eb2390>
[2018-12-31 13:01:26,584 DEBUG Engine] Startup <bzt.modules.aggregator.ConsolidatingAggregator object at 0x109eb26d0>
[2018-12-31 13:01:26,584 DEBUG Engine] Startup <bzt.modules.reporting.FinalStatus object at 0x10b7ace90>
[2018-12-31 13:01:26,584 DEBUG Engine] Startup <bzt.modules.console.ConsoleStatusReporter object at 0x10b791bd0>
[2018-12-31 13:01:26,584 INFO Engine.console] Waiting for results...
[2018-12-31 13:01:26,584 DEBUG Engine] Startup <bzt.modules.reporting.FinalStatus object at 0x10b791d90>
[2018-12-31 13:01:26,584 DEBUG Engine] Startup <bzt.modules.blazemeter.CloudProvisioning object at 0x109e67950>
[2018-12-31 13:01:26,584 INFO Engine.cloud.ProjectFinder.CloudTaurusTest] Initiating cloud test with https://a.blazemeter.com ...
[2018-12-31 13:01:26,584 DEBUG Engine.cloud] Request: POST https://a.blazemeter.com/api/v4/tests/6382642/start None
[2018-12-31 13:01:26,584 DEBUG HTTPClient] Making HTTP request POST https://a.blazemeter.com/api/v4/tests/6382642/start
[2018-12-31 13:01:35,282 DEBUG urllib3.connectionpool] https://a.blazemeter.com:443 "POST /api/v4/tests/6382642/start HTTP/1.1" 202 1638
[2018-12-31 13:01:35,282 DEBUG Engine.cloud] Response [202]: {
    "api_version": 4,
    "error": null,
    "result": {
        "id": 18765786,
        "name": "NOP_SC2 Taurus/Jenkins",
        "userId": 407077,
        "runnerUserId": 407077,
        "parallelTestsInWorkspace": 1,
        "parallelTestsInAccount": 
[2018-12-31 13:01:35,283 INFO Engine.cloud] Started cloud test: https://a.blazemeter.com/app/#/masters/18765786
[2018-12-31 13:01:35,434 DEBUG Engine.cloud] Request: PATCH https://a.blazemeter.com/api/v4/masters/18765786 {
 "name": "NOP_SC2_Jenkins"
}
[2018-12-31 13:01:35,434 DEBUG HTTPClient] Making HTTP request PATCH https://a.blazemeter.com/api/v4/masters/18765786
[2018-12-31 13:01:35,659 DEBUG urllib3.connectionpool] https://a.blazemeter.com:443 "PATCH /api/v4/masters/18765786 HTTP/1.1" 200 1507
[2018-12-31 13:01:35,660 DEBUG Engine.cloud] Response [200]: {
    "api_version": 4,
    "error": null,
    "result": {
        "id": 18765786,
        "name": "NOP_SC2_Jenkins",
        "userId": 407077,
        "runnerUserId": 407077,
        "parallelTestsInWorkspace": 1,
        "parallelTestsInAccount": 1,
    
[2018-12-31 13:01:35,662 DEBUG Engine.Configuration] Dumping YAML config into /Users/chefe02/Desktop/presales_cert/Artifacts/2018-12-31_13-01-21.235990bz/effective.yml
[2018-12-31 13:01:35,683 DEBUG Engine.Configuration] Dumping JSON config into /Users/chefe02/Desktop/presales_cert/Artifacts/2018-12-31_13-01-21.235990bz/effective.json
[2018-12-31 13:01:35,684 DEBUG root] Leveling down log file verbosity to INFO, use -v option to have DEBUG messages enabled
[2018-12-31 13:01:35,884 INFO Engine.cloud] Cloud test status: CREATE
[2018-12-31 13:01:40,915 INFO Engine.cloud] Cloud test status: BOOT_STARTING
[2018-12-31 13:02:56,133 INFO Engine.cloud] Cloud test status: INIT_SCRIPT
[2018-12-31 13:03:36,251 INFO Engine.cloud] Cloud test status: TAURUS_ENGINE_READY
[2018-12-31 13:04:11,345 INFO Engine.cloud] Cloud test status: DATA_RECEIVED
[2018-12-31 13:05:10,236 WARNING Engine] Please wait for graceful shutdown...
[2018-12-31 13:05:10,236 DEBUG root] Leveled up log file verbosity
[2018-12-31 13:05:10,237 INFO Engine] Shutting down...
[2018-12-31 13:05:10,237 DEBUG Engine] Current stop reason: 'ec'
[2018-12-31 13:05:10,240 DEBUG Engine.Configuration] Dumping YAML config into /Users/chefe02/Desktop/presales_cert/Artifacts/2018-12-31_13-01-21.235990bz/effective.yml
[2018-12-31 13:05:10,263 DEBUG Engine.Configuration] Dumping JSON config into /Users/chefe02/Desktop/presales_cert/Artifacts/2018-12-31_13-01-21.235990bz/effective.json
[2018-12-31 13:05:10,265 ERROR root] KeyError: 'ec'
Traceback (most recent call last):
  File "/usr/local/Cellar/bzt/1.13.0/libexec/lib/python2.7/site-packages/bzt/cli.py", line 261, in perform
    self.engine.run()
  File "/usr/local/Cellar/bzt/1.13.0/libexec/lib/python2.7/site-packages/bzt/engine.py", line 226, in run
    reraise(exc_info, exc_value)
  File "/usr/local/Cellar/bzt/1.13.0/libexec/lib/python2.7/site-packages/bzt/engine.py", line 206, in run
    self._wait()
  File "/usr/local/Cellar/bzt/1.13.0/libexec/lib/python2.7/site-packages/bzt/engine.py", line 247, in _wait
    while not self._check_modules_list():
  File "/usr/local/Cellar/bzt/1.13.0/libexec/lib/python2.7/site-packages/bzt/engine.py", line 234, in _check_modules_list
    finished = bool(module.check())
  File "/usr/local/Cellar/bzt/1.13.0/libexec/lib/python2.7/site-packages/bzt/modules/aggregator.py", line 730, in check
    for point in self.datapoints():
  File "/usr/local/Cellar/bzt/1.13.0/libexec/lib/python2.7/site-packages/bzt/modules/aggregator.py", line 488, in datapoints
    for datapoint in self._calculate_datapoints(final_pass):
  File "/usr/local/Cellar/bzt/1.13.0/libexec/lib/python2.7/site-packages/bzt/modules/aggregator.py", line 759, in _calculate_datapoints
    self._process_underlings(final_pass)
  File "/usr/local/Cellar/bzt/1.13.0/libexec/lib/python2.7/site-packages/bzt/modules/aggregator.py", line 744, in _process_underlings
    for data in underling.datapoints(final_pass):
  File "/usr/local/Cellar/bzt/1.13.0/libexec/lib/python2.7/site-packages/bzt/modules/aggregator.py", line 488, in datapoints
    for datapoint in self._calculate_datapoints(final_pass):
  File "/usr/local/Cellar/bzt/1.13.0/libexec/lib/python2.7/site-packages/bzt/modules/blazemeter.py", line 1826, in _calculate_datapoints
    kpiset = self.__get_kpiset(aggr, kpi, label_str)
  File "/usr/local/Cellar/bzt/1.13.0/libexec/lib/python2.7/site-packages/bzt/modules/blazemeter.py", line 1890, in __get_kpiset
    kpiset[KPISet.FAILURES] = kpi['ec']
KeyError: 'ec'
[2018-12-31 13:05:10,265 INFO Engine] Post-processing...
[2018-12-31 13:05:10,265 INFO Engine.cloud.ProjectFinder.CloudTaurusTest] Ending cloud test...
[2018-12-31 13:05:10,265 DEBUG Engine.cloud] Request: POST https://a.blazemeter.com/api/v4/masters/18765786/stop None
[2018-12-31 13:05:10,265 DEBUG HTTPClient] Making HTTP request POST https://a.blazemeter.com/api/v4/masters/18765786/stop
[2018-12-31 13:05:10,489 DEBUG urllib3.connectionpool] https://a.blazemeter.com:443 "POST /api/v4/masters/18765786/stop HTTP/1.1" 202 167
[2018-12-31 13:05:10,490 DEBUG Engine.cloud] Response [202]: {
    "api_version": 4,
    "error": null,
    "result": [
        {
            "session_id": "r-v4-5c2a83af26823",
            "result": "Stopping"
        }
    ]
}
[2018-12-31 13:05:10,490 DEBUG Engine.cloud] Request: GET https://a.blazemeter.com/api/v4/masters/18765786/full None
[2018-12-31 13:05:10,490 DEBUG HTTPClient] Making HTTP request GET https://a.blazemeter.com/api/v4/masters/18765786/full
[2018-12-31 13:05:10,724 DEBUG urllib3.connectionpool] https://a.blazemeter.com:443 "GET /api/v4/masters/18765786/full HTTP/1.1" 200 6909
[2018-12-31 13:05:10,725 DEBUG Engine.cloud] Response [200]: {
    "api_version": 4,
    "error": null,
    "result": {
        "id": 18765786,
        "name": "NOP_SC2_Jenkins",
        "userId": 407077,
        "runnerUserId": 407077,
        "created": 1546290094,
        "updated": 1546290310,
        "parallelT
[2018-12-31 13:05:10,725 DEBUG Engine.cloud] Request: GET https://a.blazemeter.com/api/v4/data/labels?master_id=18765786 None
[2018-12-31 13:05:10,725 DEBUG HTTPClient] Making HTTP request GET https://a.blazemeter.com/api/v4/data/labels?master_id=18765786
[2018-12-31 13:05:11,064 DEBUG urllib3.connectionpool] https://a.blazemeter.com:443 "GET /api/v4/data/labels?master_id=18765786 HTTP/1.1" 200 1760
[2018-12-31 13:05:11,065 DEBUG Engine.cloud] Response [200]: {
    "api_version": 4,
    "error": null,
    "result": [
        {
            "id": "ALL",
            "name": "ALL",
            "sessions": [
                "r-v4-5c2a83af26823"
            ]
        },
        {
            "id": "5e509f7866b3691a4e
[2018-12-31 13:05:11,065 DEBUG Engine.cloud] Request: GET https://a.blazemeter.com/api/v4/data/kpis?interval=1&from=0&master_ids%5B%5D=18765786&kpis%5B%5D=t&kpis%5B%5D=lt&kpis%5B%5D=by&kpis%5B%5D=n&kpis%5B%5D=ec&kpis%5B%5D=ts&kpis%5B%5D=na&labels%5B%5D=ALL&labels%5B%5D=5e509f7866b3691a4ec375003d0715b8&labels%5B%5D=d1047c744d8b89eb2dabb8c39b3d6ea8&labels%5B%5D=4fd62466f8c8377aef26de62f16cec20&labels%5B%5D=4d64ad9b371dad0c476df83f4feb5f36&labels%5B%5D=404ba6f509e3758f4253d729e137c255&labels%5B%5D=b56a291c70c5441594f6afddb5f335b9&labels%5B%5D=99dbd8f418fc8fbaebee44eef520cba2&labels%5B%5D=b23b9bd61f90a07c37a1b60e8e954eae None
[2018-12-31 13:05:11,065 DEBUG HTTPClient] Making HTTP request GET https://a.blazemeter.com/api/v4/data/kpis?interval=1&from=0&master_ids%5B%5D=18765786&kpis%5B%5D=t&kpis%5B%5D=lt&kpis%5B%5D=by&kpis%5B%5D=n&kpis%5B%5D=ec&kpis%5B%5D=ts&kpis%5B%5D=na&labels%5B%5D=ALL&labels%5B%5D=5e509f7866b3691a4ec375003d0715b8&labels%5B%5D=d1047c744d8b89eb2dabb8c39b3d6ea8&labels%5B%5D=4fd62466f8c8377aef26de62f16cec20&labels%5B%5D=4d64ad9b371dad0c476df83f4feb5f36&labels%5B%5D=404ba6f509e3758f4253d729e137c255&labels%5B%5D=b56a291c70c5441594f6afddb5f335b9&labels%5B%5D=99dbd8f418fc8fbaebee44eef520cba2&labels%5B%5D=b23b9bd61f90a07c37a1b60e8e954eae
[2018-12-31 13:05:11,436 DEBUG urllib3.connectionpool] https://a.blazemeter.com:443 "GET /api/v4/data/kpis?interval=1&from=0&master_ids%5B%5D=18765786&kpis%5B%5D=t&kpis%5B%5D=lt&kpis%5B%5D=by&kpis%5B%5D=n&kpis%5B%5D=ec&kpis%5B%5D=ts&kpis%5B%5D=na&labels%5B%5D=ALL&labels%5B%5D=5e509f7866b3691a4ec375003d0715b8&labels%5B%5D=d1047c744d8b89eb2dabb8c39b3d6ea8&labels%5B%5D=4fd62466f8c8377aef26de62f16cec20&labels%5B%5D=4d64ad9b371dad0c476df83f4feb5f36&labels%5B%5D=404ba6f509e3758f4253d729e137c255&labels%5B%5D=b56a291c70c5441594f6afddb5f335b9&labels%5B%5D=99dbd8f418fc8fbaebee44eef520cba2&labels%5B%5D=b23b9bd61f90a07c37a1b60e8e954eae HTTP/1.1" 200 1960
[2018-12-31 13:05:11,437 DEBUG Engine.cloud] Response [200]: {
    "api_version": 4,
    "error": null,
    "result": [
        {
            "labelId": "b5c7aed7cd2a308523e7d2847b7815909e864b2fd9c4ea88b00d35adb2ecdfd7",
            "labelName": "ALL",
            "label": "ALL",
            "kpis": [
              
[2018-12-31 13:05:11,437 DEBUG Engine.cloud] Request: GET https://a.blazemeter.com/api/v4/masters/18765786/reports/aggregatereport/data None
[2018-12-31 13:05:11,438 DEBUG HTTPClient] Making HTTP request GET https://a.blazemeter.com/api/v4/masters/18765786/reports/aggregatereport/data
[2018-12-31 13:05:11,634 DEBUG urllib3.connectionpool] https://a.blazemeter.com:443 "GET /api/v4/masters/18765786/reports/aggregatereport/data HTTP/1.1" 200 1506
[2018-12-31 13:05:11,634 DEBUG Engine.cloud] Response [200]: {
    "api_version": 4,
    "error": null,
    "result": [
        {
            "labelId": "8df89a0d796dd597588f119b49fa616a7c879b92d108a9fdb4edae0d16e4f0b6",
            "labelName": "search \"apple\"",
            "samples": 1,
            "avgResponseT
[2018-12-31 13:05:11,635 DEBUG Engine] post_process: 'ec'
Traceback (most recent call last):
  File "/usr/local/Cellar/bzt/1.13.0/libexec/lib/python2.7/site-packages/bzt/engine.py", line 296, in post_process
    module.post_process()
  File "/usr/local/Cellar/bzt/1.13.0/libexec/lib/python2.7/site-packages/bzt/modules/aggregator.py", line 739, in post_process
    for point in self.datapoints(True):
  File "/usr/local/Cellar/bzt/1.13.0/libexec/lib/python2.7/site-packages/bzt/modules/aggregator.py", line 488, in datapoints
    for datapoint in self._calculate_datapoints(final_pass):
  File "/usr/local/Cellar/bzt/1.13.0/libexec/lib/python2.7/site-packages/bzt/modules/aggregator.py", line 759, in _calculate_datapoints
    self._process_underlings(final_pass)
  File "/usr/local/Cellar/bzt/1.13.0/libexec/lib/python2.7/site-packages/bzt/modules/aggregator.py", line 744, in _process_underlings
    for data in underling.datapoints(final_pass):
  File "/usr/local/Cellar/bzt/1.13.0/libexec/lib/python2.7/site-packages/bzt/modules/aggregator.py", line 488, in datapoints
    for datapoint in self._calculate_datapoints(final_pass):
  File "/usr/local/Cellar/bzt/1.13.0/libexec/lib/python2.7/site-packages/bzt/modules/blazemeter.py", line 1826, in _calculate_datapoints
    kpiset = self.__get_kpiset(aggr, kpi, label_str)
  File "/usr/local/Cellar/bzt/1.13.0/libexec/lib/python2.7/site-packages/bzt/modules/blazemeter.py", line 1890, in __get_kpiset
    kpiset[KPISet.FAILURES] = kpi['ec']
KeyError: 'ec'

[2018-12-31 13:05:11,635 INFO Engine.final-stats] Test duration: 0:03:44
[2018-12-31 13:05:11,636 DEBUG Engine.console] No logger_handler or orig_stream was detected
[2018-12-31 13:05:11,636 INFO Engine.final-stats] Test duration: 0:03:44
[2018-12-31 13:05:11,638 DEBUG Engine.Configuration] Dumping YAML config into /Users/chefe02/Desktop/presales_cert/Artifacts/2018-12-31_13-01-21.235990bz/effective.yml
[2018-12-31 13:05:11,658 DEBUG Engine.Configuration] Dumping JSON config into /Users/chefe02/Desktop/presales_cert/Artifacts/2018-12-31_13-01-21.235990bz/effective.json
[2018-12-31 13:05:11,659 DEBUG root] KeyError: 'ec'
Traceback (most recent call last):
  File "/usr/local/Cellar/bzt/1.13.0/libexec/lib/python2.7/site-packages/bzt/cli.py", line 268, in perform
    self.engine.post_process()
  File "/usr/local/Cellar/bzt/1.13.0/libexec/lib/python2.7/site-packages/bzt/engine.py", line 311, in post_process
    reraise(exc_info, exc_value)
  File "/usr/local/Cellar/bzt/1.13.0/libexec/lib/python2.7/site-packages/bzt/engine.py", line 296, in post_process
    module.post_process()
  File "/usr/local/Cellar/bzt/1.13.0/libexec/lib/python2.7/site-packages/bzt/modules/aggregator.py", line 739, in post_process
    for point in self.datapoints(True):
  File "/usr/local/Cellar/bzt/1.13.0/libexec/lib/python2.7/site-packages/bzt/modules/aggregator.py", line 488, in datapoints
    for datapoint in self._calculate_datapoints(final_pass):
  File "/usr/local/Cellar/bzt/1.13.0/libexec/lib/python2.7/site-packages/bzt/modules/aggregator.py", line 759, in _calculate_datapoints
    self._process_underlings(final_pass)
  File "/usr/local/Cellar/bzt/1.13.0/libexec/lib/python2.7/site-packages/bzt/modules/aggregator.py", line 744, in _process_underlings
    for data in underling.datapoints(final_pass):
  File "/usr/local/Cellar/bzt/1.13.0/libexec/lib/python2.7/site-packages/bzt/modules/aggregator.py", line 488, in datapoints
    for datapoint in self._calculate_datapoints(final_pass):
  File "/usr/local/Cellar/bzt/1.13.0/libexec/lib/python2.7/site-packages/bzt/modules/blazemeter.py", line 1826, in _calculate_datapoints
    kpiset = self.__get_kpiset(aggr, kpi, label_str)
  File "/usr/local/Cellar/bzt/1.13.0/libexec/lib/python2.7/site-packages/bzt/modules/blazemeter.py", line 1890, in __get_kpiset
    kpiset[KPISet.FAILURES] = kpi['ec']
KeyError: 'ec'
[2018-12-31 13:05:11,659 INFO root] Artifacts dir: /Users/chefe02/Desktop/presales_cert/Artifacts/2018-12-31_13-01-21.235990bz
[2018-12-31 13:05:11,659 WARNING root] Done performing with code: 1
[2018-12-31 13:05:11,659 DEBUG root] Closing log handler: /Users/chefe02/Desktop/presales_cert/Artifacts/2018-12-31_13-01-21.235990bz/bzt.log
