[2018-10-26 10:45:32,731 INFO root] Taurus CLI Tool v1.13.0
[2018-10-26 10:45:32,731 DEBUG root] Command-line options: {'verbose': None, 'no_system_configs': None, 'quiet': None, 'log': '/var/folders/5f/vzk4zj_95sndkt7khp6l85jhnvgy8l/T/bzt_Nv0eQt.log', 'option': None, 'aliases': []}
[2018-10-26 10:45:32,731 DEBUG root] Python: CPython 2.7.15
[2018-10-26 10:45:32,731 DEBUG root] OS: ('Darwin', 'chefe02mac947', '17.7.0', 'Darwin Kernel Version 17.7.0: Thu Jun 21 22:53:14 PDT 2018; root:xnu-4570.71.2~1/RELEASE_X86_64', 'x86_64', 'i386')
[2018-10-26 10:45:32,732 INFO root] Starting with configs: ['NOP_SC3_SP.yaml']
[2018-10-26 10:45:32,732 DEBUG root] Using personal config: /Users/chefe02/.bzt-rc
[2018-10-26 10:45:32,732 INFO Engine] Configuring...
[2018-10-26 10:45:32,732 DEBUG Engine] No machine configs dir: /usr/local/Cellar/bzt/1.13.0/libexec/bin/../etc/bzt.d
[2018-10-26 10:45:32,733 DEBUG Engine] Base configs list: ['/usr/local/Cellar/bzt/1.13.0/libexec/lib/python2.7/site-packages/bzt/resources/base-config.yml']
[2018-10-26 10:45:32,733 DEBUG Engine.Configuration] Configs: ['/usr/local/Cellar/bzt/1.13.0/libexec/lib/python2.7/site-packages/bzt/resources/base-config.yml']
[2018-10-26 10:45:32,733 DEBUG Engine.Configuration] Reading /usr/local/Cellar/bzt/1.13.0/libexec/lib/python2.7/site-packages/bzt/resources/base-config.yml as YAML
[2018-10-26 10:45:32,759 DEBUG Engine] User configs list: ['/Users/chefe02/.bzt-rc', 'NOP_SC3_SP.yaml']
[2018-10-26 10:45:32,759 DEBUG Engine.Configuration] Configs: ['/Users/chefe02/.bzt-rc', 'NOP_SC3_SP.yaml']
[2018-10-26 10:45:32,760 DEBUG Engine.Configuration] Reading /Users/chefe02/.bzt-rc as YAML
[2018-10-26 10:45:32,770 DEBUG Engine.Configuration] Reading NOP_SC3_SP.yaml as YAML
[2018-10-26 10:45:32,773 DEBUG Engine.Configuration] Configs: ['/Users/chefe02/.bzt-rc', 'NOP_SC3_SP.yaml']
[2018-10-26 10:45:32,774 DEBUG Engine.Configuration] Reading /Users/chefe02/.bzt-rc as YAML
[2018-10-26 10:45:32,778 DEBUG Engine.Configuration] Reading NOP_SC3_SP.yaml as YAML
[2018-10-26 10:45:32,793 DEBUG Engine] Requesting updates info: http://gettaurus.org/updates/?version=1.13.0&installID=macos-8c85905fb9f6
[2018-10-26 10:45:32,794 DEBUG HTTPClient] Making HTTP request GET http://gettaurus.org/updates/?version=1.13.0&installID=macos-8c85905fb9f6
[2018-10-26 10:45:32,794 INFO Engine] Artifacts dir: /Users/chefe02/Desktop/presales_cert/Artifacts/2018-10-26_10-45-32.794095bz
[2018-10-26 10:45:32,799 DEBUG Engine] New artifact filename: /Users/chefe02/Desktop/presales_cert/Artifacts/2018-10-26_10-45-32.794095bz/effective
[2018-10-26 10:45:32,801 DEBUG Engine.Configuration] Dumping YAML config into /Users/chefe02/Desktop/presales_cert/Artifacts/2018-10-26_10-45-32.794095bz/effective.yml
[2018-10-26 10:45:32,824 DEBUG Engine.Configuration] Dumping JSON config into /Users/chefe02/Desktop/presales_cert/Artifacts/2018-10-26_10-45-32.794095bz/effective.json
[2018-10-26 10:45:32,825 DEBUG Engine] New artifact filename: /Users/chefe02/Desktop/presales_cert/Artifacts/2018-10-26_10-45-32.794095bz/merged.yml
[2018-10-26 10:45:32,826 DEBUG Engine.Configuration] Dumping YAML config into /Users/chefe02/Desktop/presales_cert/Artifacts/2018-10-26_10-45-32.794095bz/merged.yml
[2018-10-26 10:45:32,828 DEBUG Engine] New artifact filename: /Users/chefe02/Desktop/presales_cert/Artifacts/2018-10-26_10-45-32.794095bz/merged.json
[2018-10-26 10:45:32,829 DEBUG Engine.Configuration] Dumping JSON config into /Users/chefe02/Desktop/presales_cert/Artifacts/2018-10-26_10-45-32.794095bz/merged.json
[2018-10-26 10:45:32,829 DEBUG Engine] Add existing artifact (move=False): NOP_SC3_SP.yaml
[2018-10-26 10:45:32,829 DEBUG Engine] Copying NOP_SC3_SP.yaml to /Users/chefe02/Desktop/presales_cert/Artifacts/2018-10-26_10-45-32.794095bz/NOP_SC3_SP.yaml
[2018-10-26 10:45:32,830 DEBUG Engine.Environment] Replace 'TAURUS_ARTIFACTS_DIR' in environment
[2018-10-26 10:45:32,831 DEBUG root] Closing log handler: /var/folders/5f/vzk4zj_95sndkt7khp6l85jhnvgy8l/T/bzt_Nv0eQt.log
[2018-10-26 10:45:33,377 DEBUG root] Switched writing logs to /Users/chefe02/Desktop/presales_cert/Artifacts/2018-10-26_10-45-32.794095bz/bzt.log
[2018-10-26 10:45:33,377 DEBUG root] Linting config
[2018-10-26 10:45:33,381 INFO Engine] Preparing...
[2018-10-26 10:45:33,381 DEBUG Engine] Module config: consolidator {'class': u'bzt.modules.aggregator.ConsolidatingAggregator'}
[2018-10-26 10:45:33,382 DEBUG root] Importing module: bzt.modules.aggregator
[2018-10-26 10:45:33,582 DEBUG root] Loading class: 'ConsolidatingAggregator' from <module 'bzt.modules.aggregator' from '/usr/local/Cellar/bzt/1.13.0/libexec/lib/python2.7/site-packages/bzt/modules/aggregator.pyc'>
[2018-10-26 10:45:33,582 DEBUG Engine.consolidator] Buffer scaling setup: percentile 95.0 from [0.0, 50.0, 90.0, 95.0, 99.0, 99.9, 100.0] selected
[2018-10-26 10:45:33,582 DEBUG Engine] Module config: monitoring {'class': u'bzt.modules.monitoring.Monitoring'}
[2018-10-26 10:45:33,583 DEBUG root] Importing module: bzt.modules.monitoring
[2018-10-26 10:45:33,585 DEBUG root] Loading class: 'Monitoring' from <module 'bzt.modules.monitoring' from '/usr/local/Cellar/bzt/1.13.0/libexec/lib/python2.7/site-packages/bzt/modules/monitoring.pyc'>
[2018-10-26 10:45:33,585 DEBUG Engine] Module config: capturehar {'class': u'bzt.modules.blazemeter.ServiceStubCaptureHAR'}
[2018-10-26 10:45:33,585 DEBUG root] Importing module: bzt.modules.blazemeter
[2018-10-26 10:45:33,600 DEBUG easyprocess] version=0.2.3
[2018-10-26 10:45:33,604 DEBUG pyvirtualdisplay] version=0.2.1
[2018-10-26 10:45:33,605 DEBUG root] Loading class: 'ServiceStubCaptureHAR' from <module 'bzt.modules.blazemeter' from '/usr/local/Cellar/bzt/1.13.0/libexec/lib/python2.7/site-packages/bzt/modules/blazemeter.pyc'>
[2018-10-26 10:45:33,606 DEBUG Engine] Module config: screenshoter {'class': u'bzt.modules.blazemeter.ServiceStubScreenshoter'}
[2018-10-26 10:45:33,606 DEBUG root] Importing module: bzt.modules.blazemeter
[2018-10-26 10:45:33,606 DEBUG root] Loading class: 'ServiceStubScreenshoter' from <module 'bzt.modules.blazemeter' from '/usr/local/Cellar/bzt/1.13.0/libexec/lib/python2.7/site-packages/bzt/modules/blazemeter.pyc'>
[2018-10-26 10:45:33,606 DEBUG Engine] Module config: local {'class': u'bzt.modules.provisioning.Local'}
[2018-10-26 10:45:33,607 DEBUG root] Importing module: bzt.modules.provisioning
[2018-10-26 10:45:33,607 DEBUG root] Loading class: 'Local' from <module 'bzt.modules.provisioning' from '/usr/local/Cellar/bzt/1.13.0/libexec/lib/python2.7/site-packages/bzt/modules/provisioning.pyc'>
[2018-10-26 10:45:33,607 DEBUG Engine] Module config: selenium {'class': u'bzt.modules.selenium.SeleniumExecutor'}
[2018-10-26 10:45:33,607 DEBUG root] Importing module: bzt.modules.selenium
[2018-10-26 10:45:34,257 DEBUG root] Loading class: 'SeleniumExecutor' from <module 'bzt.modules.selenium' from '/usr/local/Cellar/bzt/1.13.0/libexec/lib/python2.7/site-packages/bzt/modules/selenium.pyc'>
[2018-10-26 10:45:34,258 DEBUG urllib3.connectionpool] http://gettaurus.org:80 "GET /updates/?version=1.13.0&installID=macos-8c85905fb9f6 HTTP/1.1" 200 59
[2018-10-26 10:45:34,258 DEBUG Engine.local] Preparing executor: selenium/4547163536
[2018-10-26 10:45:34,259 DEBUG Engine] Taurus updates info: {u'needsUpgrade': True, u'latest': u'1.13.1'}
[2018-10-26 10:45:34,260 WARNING Engine] There is newer version of Taurus 1.13.1 available, consider upgrading. What's new: http://gettaurus.org/docs/Changelog/
[2018-10-26 10:45:34,260 DEBUG Engine.selenium] Extract {'script': u'NOP_SC3.py'} into scenarios
[2018-10-26 10:45:34,261 DEBUG Engine.selenium] Detected script type: nose
[2018-10-26 10:45:34,261 DEBUG Engine] Module config: nose {'ignore-unknown-actions': True, 'class': u'bzt.modules.python.ApiritifNoseExecutor'}
[2018-10-26 10:45:34,261 DEBUG root] Importing module: bzt.modules.python
[2018-10-26 10:45:40,038 DEBUG root] Loading class: 'ApiritifNoseExecutor' from <module 'bzt.modules.python' from '/usr/local/Cellar/bzt/1.13.0/libexec/lib/python2.7/site-packages/bzt/modules/python/__init__.pyc'>
[2018-10-26 10:45:40,038 DEBUG Engine] Module config: final-stats {'class': u'bzt.modules.reporting.FinalStatus'}
[2018-10-26 10:45:40,038 DEBUG root] Importing module: bzt.modules.reporting
[2018-10-26 10:45:40,046 DEBUG root] Loading class: 'FinalStatus' from <module 'bzt.modules.reporting' from '/usr/local/Cellar/bzt/1.13.0/libexec/lib/python2.7/site-packages/bzt/modules/reporting.pyc'>
[2018-10-26 10:45:40,046 DEBUG Engine] Module config: console {'class': u'bzt.modules.console.ConsoleStatusReporter'}
[2018-10-26 10:45:40,046 DEBUG root] Importing module: bzt.modules.console
[2018-10-26 10:45:40,046 DEBUG root] Loading class: 'ConsoleStatusReporter' from <module 'bzt.modules.console' from '/usr/local/Cellar/bzt/1.13.0/libexec/lib/python2.7/site-packages/bzt/modules/console.pyc'>
[2018-10-26 10:45:40,055 DEBUG Engine.Configuration] Dumping YAML config into /Users/chefe02/Desktop/presales_cert/Artifacts/2018-10-26_10-45-32.794095bz/effective.yml
[2018-10-26 10:45:40,074 DEBUG Engine.Configuration] Dumping JSON config into /Users/chefe02/Desktop/presales_cert/Artifacts/2018-10-26_10-45-32.794095bz/effective.json
[2018-10-26 10:45:40,075 INFO Engine] Starting...
[2018-10-26 10:45:40,075 DEBUG Engine] Startup <bzt.modules.monitoring.Monitoring object at 0x110817f90>
[2018-10-26 10:45:40,076 DEBUG Engine] Startup <bzt.modules.blazemeter.ServiceStubCaptureHAR object at 0x11084a1d0>
[2018-10-26 10:45:40,076 WARNING Engine.capturehar] Stub for service 'capturehar', use cloud provisioning to have it working
[2018-10-26 10:45:40,076 DEBUG Engine] Startup <bzt.modules.blazemeter.ServiceStubScreenshoter object at 0x110891a10>
[2018-10-26 10:45:40,076 WARNING Engine.screenshoter] Stub for service 'screenshoter', use cloud provisioning to have it working
[2018-10-26 10:45:40,076 DEBUG Engine] Startup <bzt.modules.aggregator.ConsolidatingAggregator object at 0x10f0ca610>
[2018-10-26 10:45:40,076 DEBUG Engine] Startup <bzt.modules.reporting.FinalStatus object at 0x1109d5090>
[2018-10-26 10:45:40,076 DEBUG Engine] Startup <bzt.modules.console.ConsoleStatusReporter object at 0x1109d5ed0>
[2018-10-26 10:45:40,077 INFO Engine.console] Waiting for results...
[2018-10-26 10:45:40,077 DEBUG Engine] Startup <bzt.modules.provisioning.Local object at 0x10f0835d0>
[2018-10-26 10:45:40,077 DEBUG Engine.local] Delay setup for selenium/NOP_SC3.py: 0(start-at) + 0(delay) = 0
[2018-10-26 10:45:40,078 DEBUG Engine.Configuration] Dumping YAML config into /Users/chefe02/Desktop/presales_cert/Artifacts/2018-10-26_10-45-32.794095bz/effective.yml
[2018-10-26 10:45:40,097 DEBUG Engine.Configuration] Dumping JSON config into /Users/chefe02/Desktop/presales_cert/Artifacts/2018-10-26_10-45-32.794095bz/effective.json
[2018-10-26 10:45:40,098 DEBUG root] Leveling down log file verbosity to INFO, use -v option to have DEBUG messages enabled
[2018-10-26 10:45:40,098 DEBUG root] Leveled up log file verbosity
[2018-10-26 10:45:40,098 DEBUG Engine] New artifact filename: /Users/chefe02/Desktop/presales_cert/Artifacts/2018-10-26_10-45-32.794095bz/apiritif-
[2018-10-26 10:45:40,099 DEBUG Engine] New artifact filename: /Users/chefe02/Desktop/presales_cert/Artifacts/2018-10-26_10-45-32.794095bz/nose.out
[2018-10-26 10:45:40,099 DEBUG Engine] New artifact filename: /Users/chefe02/Desktop/presales_cert/Artifacts/2018-10-26_10-45-32.794095bz/nose.err
[2018-10-26 10:45:40,099 DEBUG bzt.utils] Executing shell: ['/usr/local/Cellar/bzt/1.13.0/libexec/bin/python2.7', '-m', 'apiritif.loadgen', '--result-file-template', '/Users/chefe02/Desktop/presales_cert/Artifacts/2018-10-26_10-45-32.794095bz/apiritif-%s.csv', '--concurrency', '1', '--hold-for', '600.0', u'/Users/chefe02/Desktop/presales_cert/NOP_SC3.py'] at /Users/chefe02/Desktop/presales_cert
[2018-10-26 10:45:40,105 DEBUG root] Leveling down log file verbosity to INFO, use -v option to have DEBUG messages enabled
[2018-10-26 10:45:40,368 INFO Engine.console] Waiting for finish...
[2018-10-26 10:47:11,622 WARNING Engine] Please wait for graceful shutdown...
[2018-10-26 10:47:11,626 DEBUG root] Leveled up log file verbosity
[2018-10-26 10:47:11,626 INFO Engine] Shutting down...
[2018-10-26 10:47:11,630 DEBUG Engine] Current stop reason: 
[2018-10-26 10:47:11,630 DEBUG Engine.local] Shutdown selenium/NOP_SC3.py
[2018-10-26 10:47:12,631 INFO Engine.nose] Terminating process PID 44644 with signal 15 (59 tries left)
[2018-10-26 10:47:13,638 INFO Engine.nose] Terminating process PID 44644 with signal 15 (58 tries left)
[2018-10-26 10:47:13,645 DEBUG Engine.nose] Failed to terminate process: [Errno 1] Operation not permitted
[2018-10-26 10:47:13,648 DEBUG Engine.selenium] Selenium tests ran for 93.5496311188 seconds
[2018-10-26 10:47:13,649 DEBUG Engine.console] Restoring logging streams, [<logging.StreamHandler object at 0x10f07ac10>]/{<logging.StreamHandler object at 0x10f07ac10>: <open file '<stdout>', mode 'w' at 0x10d812150>}
[2018-10-26 10:47:13,651 DEBUG Engine.Configuration] Dumping YAML config into /Users/chefe02/Desktop/presales_cert/Artifacts/2018-10-26_10-45-32.794095bz/effective.yml
[2018-10-26 10:47:13,670 DEBUG Engine.Configuration] Dumping JSON config into /Users/chefe02/Desktop/presales_cert/Artifacts/2018-10-26_10-45-32.794095bz/effective.json
[2018-10-26 10:47:13,671 WARNING root] Keyboard interrupt
[2018-10-26 10:47:13,671 DEBUG root] KeyboardInterrupt: 
Traceback (most recent call last):
  File "/usr/local/Cellar/bzt/1.13.0/libexec/lib/python2.7/site-packages/bzt/cli.py", line 261, in perform
    self.engine.run()
  File "/usr/local/Cellar/bzt/1.13.0/libexec/lib/python2.7/site-packages/bzt/engine.py", line 226, in run
    reraise(exc_info, exc_value)
  File "/usr/local/Cellar/bzt/1.13.0/libexec/lib/python2.7/site-packages/bzt/engine.py", line 206, in run
    self._wait()
  File "/usr/local/Cellar/bzt/1.13.0/libexec/lib/python2.7/site-packages/bzt/engine.py", line 254, in _wait
    time.sleep(delay)
KeyboardInterrupt
[2018-10-26 10:47:13,671 INFO Engine] Post-processing...
[2018-10-26 10:47:13,671 DEBUG Engine.local] Post-process selenium/NOP_SC3.py
[2018-10-26 10:47:13,672 DEBUG Engine.nose.FileReader] Reading: /Users/chefe02/Desktop/presales_cert/Artifacts/2018-10-26_10-45-32.794095bz/nose.out
[2018-10-26 10:47:13,672 DEBUG Engine.nose.FileReader] Reading: /Users/chefe02/Desktop/presales_cert/Artifacts/2018-10-26_10-45-32.794095bz/nose.out
[2018-10-26 10:47:13,672 DEBUG Engine.nose.ApiritifLoadReader.JTLReader.IncrementalCSVReader.FileReader] Reading: /Users/chefe02/Desktop/presales_cert/Artifacts/2018-10-26_10-45-32.794095bz/apiritif-0.csv
[2018-10-26 10:47:13,675 DEBUG Engine.nose.ApiritifLoadReader.JTLReader.IncrementalCSVReader] Read: 808 lines / 61408 bytes (at speed 1048576)
[2018-10-26 10:47:13,689 DEBUG Engine.nose.ApiritifLoadReader] Buffer len: 3; Known errors count: 1
[2018-10-26 10:47:13,689 DEBUG Engine.nose.ApiritifLoadReader] Aggregating: 1540576030
[2018-10-26 10:47:13,710 DEBUG Engine.nose.ApiritifLoadReader] Aggregating: 1540576031
[2018-10-26 10:47:13,735 DEBUG Engine.nose.ApiritifLoadReader] Aggregating: 1540576032
[2018-10-26 10:47:13,748 DEBUG Engine.consolidator] Consolidator buffer[5]: [1540576032, 1540576028, 1540576029, 1540576030, 1540576031]
[2018-10-26 10:47:13,748 DEBUG Engine.consolidator] Merging into 1540576028
[2018-10-26 10:47:13,748 DEBUG Engine.consolidator] Merging 1540576028
[2018-10-26 10:47:13,751 DEBUG Engine.consolidator] Processed datapoint: 1540576028/None
[2018-10-26 10:47:13,751 DEBUG Engine.consolidator] Merging into 1540576029
[2018-10-26 10:47:13,751 DEBUG Engine.consolidator] Merging 1540576029
[2018-10-26 10:47:13,754 DEBUG Engine.consolidator] Processed datapoint: 1540576029/None
[2018-10-26 10:47:13,754 DEBUG Engine.consolidator] Merging into 1540576030
[2018-10-26 10:47:13,754 DEBUG Engine.consolidator] Merging 1540576030
[2018-10-26 10:47:13,757 DEBUG Engine.consolidator] Processed datapoint: 1540576030/None
[2018-10-26 10:47:13,757 DEBUG Engine.consolidator] Merging into 1540576031
[2018-10-26 10:47:13,757 DEBUG Engine.consolidator] Merging 1540576031
[2018-10-26 10:47:13,760 DEBUG Engine.consolidator] Processed datapoint: 1540576031/None
[2018-10-26 10:47:13,760 DEBUG Engine.consolidator] Merging into 1540576032
[2018-10-26 10:47:13,760 DEBUG Engine.consolidator] Merging 1540576032
[2018-10-26 10:47:13,763 DEBUG Engine.consolidator] Processed datapoint: 1540576032/None
[2018-10-26 10:47:13,763 INFO Engine.final-stats] Test duration: 0:01:33
[2018-10-26 10:47:13,763 INFO Engine.final-stats] Samples count: 39176, 100.00% failures
[2018-10-26 10:47:13,763 INFO Engine.final-stats] Average times: total 0.000, latency 0.000, connect 0.000
[2018-10-26 10:47:13,764 INFO Engine.final-stats] Percentiles:
(0lqqqqqqqqqqqqqqqwqqqqqqqqqqqqqqqk(B
(0x(B Percentile, % (0x(B Resp. Time, s (0x(B
(0tqqqqqqqqqqqqqqqnqqqqqqqqqqqqqqqu(B
(0x(B           0.0 (0x(B           0.0 (0x(B
(0x(B          50.0 (0x(B           0.0 (0x(B
(0x(B          90.0 (0x(B           0.0 (0x(B
(0x(B          95.0 (0x(B           0.0 (0x(B
(0x(B          99.0 (0x(B           0.0 (0x(B
(0x(B          99.9 (0x(B         0.001 (0x(B
(0x(B         100.0 (0x(B         0.006 (0x(B
(0mqqqqqqqqqqqqqqqvqqqqqqqqqqqqqqqj(B
[2018-10-26 10:47:13,767 INFO Engine.final-stats] Request label stats:
(0lqqqqqqqqqwqqqqqqqqwqqqqqqqwqqqqqqqqwqqqqqqqqqqqqqqqqqqqqqqqqqqqqqqqqqqqqqqk(B
(0x(B label   (0x(B status (0x(B  succ (0x(B avg_rt (0x(B error                                (0x(B
(0tqqqqqqqqqnqqqqqqqqnqqqqqqqnqqqqqqqqnqqqqqqqqqqqqqqqqqqqqqqqqqqqqqqqqqqqqqqu(B
(0x(B runTest (0x(B  FAIL  (0x(B 0.00% (0x(B  0.000 (0x(B invalid syntax (NOP_SC3.py, line 72) (0x(B
(0mqqqqqqqqqvqqqqqqqqvqqqqqqqvqqqqqqqqvqqqqqqqqqqqqqqqqqqqqqqqqqqqqqqqqqqqqqqj(B
[2018-10-26 10:47:13,767 DEBUG Engine.console] No logger_handler or orig_stream was detected
[2018-10-26 10:47:13,769 DEBUG Engine.Configuration] Dumping YAML config into /Users/chefe02/Desktop/presales_cert/Artifacts/2018-10-26_10-45-32.794095bz/effective.yml
[2018-10-26 10:47:13,788 DEBUG Engine.Configuration] Dumping JSON config into /Users/chefe02/Desktop/presales_cert/Artifacts/2018-10-26_10-45-32.794095bz/effective.json
[2018-10-26 10:47:13,789 INFO root] Artifacts dir: /Users/chefe02/Desktop/presales_cert/Artifacts/2018-10-26_10-45-32.794095bz
[2018-10-26 10:47:13,789 WARNING root] Done performing with code: 1
[2018-10-26 10:47:13,789 DEBUG root] Closing log handler: /Users/chefe02/Desktop/presales_cert/Artifacts/2018-10-26_10-45-32.794095bz/bzt.log
